[0.023s] Invoking command in '/home/edgard/Desktop/AITEAM/nav/build/zed_components': CMAKE_PREFIX_PATH=/opt/ros/humble CONDA_PROMPT_MODIFIER=(base) /usr/bin/cmake /home/edgard/Desktop/AITEAM/nav/src/isaac/src/zed-ros2-wrapper/zed_components -DAMENT_CMAKE_SYMLINK_INSTALL=1 -DCMAKE_INSTALL_PREFIX=/home/edgard/Desktop/AITEAM/nav/install/zed_components
[0.234s] -- Found CUDA: /usr/local/cuda (found suitable version "13.0", minimum required is "13") 
[0.234s] -- Found CUDA: /usr/local/cuda (found version "13.0") 
[0.234s] -- Found ament_cmake_auto: 1.3.14 (/opt/ros/humble/share/ament_cmake_auto/cmake)
[0.234s] -- Override CMake install command with custom implementation using symlinks instead of copying resources
[0.325s] -- Found rosidl_generator_c: 3.1.8 (/opt/ros/humble/share/rosidl_generator_c/cmake)
[0.327s] -- Found rosidl_adapter: 3.1.8 (/opt/ros/humble/share/rosidl_adapter/cmake)
[0.330s] -- Found rosidl_generator_cpp: 3.1.8 (/opt/ros/humble/share/rosidl_generator_cpp/cmake)
[0.339s] -- Using all available rosidl_typesupport_c: rosidl_typesupport_fastrtps_c;rosidl_typesupport_introspection_c
[0.348s] -- Using all available rosidl_typesupport_cpp: rosidl_typesupport_fastrtps_cpp;rosidl_typesupport_introspection_cpp
[0.426s] -- Found rmw_implementation_cmake: 6.1.2 (/opt/ros/humble/share/rmw_implementation_cmake/cmake)
[0.427s] -- Found rmw_fastrtps_cpp: 6.2.10 (/opt/ros/humble/share/rmw_fastrtps_cpp/cmake)
[0.518s] -- Using RMW implementation 'rmw_fastrtps_cpp' as default
[0.708s] -- Found eigen3_cmake_module: 0.1.1 (/opt/ros/humble/share/eigen3_cmake_module/cmake)
[0.709s] -- Ensuring Eigen3 include directory is part of orocos-kdl CMake target
[0.808s] -- Found ament_lint_auto: 0.12.15 (/opt/ros/humble/share/ament_lint_auto/cmake)
[0.845s] -- Added test 'copyright' to check source files copyright and LICENSE
[0.845s] -- Added test 'cppcheck' to perform static code analysis on C / C++ code
[0.845s] -- Configured cppcheck include dirs: /home/edgard/Desktop/AITEAM/nav/src/isaac/src/zed-ros2-wrapper/zed_components/src/include;/home/edgard/Desktop/AITEAM/nav/src/isaac/src/zed-ros2-wrapper/zed_components/src/zed_camera/include;/home/edgard/Desktop/AITEAM/nav/src/isaac/src/zed-ros2-wrapper/zed_components/src/tools/include
[0.845s] -- Configured cppcheck exclude dirs and/or files: 
[0.845s] -- Added test 'lint_cmake' to check CMake code style
[0.845s] -- Added test 'uncrustify' to check C / C++ code style
[0.845s] -- Configured uncrustify additional arguments: 
[0.845s] -- Added test 'xmllint' to check XML markup files
[0.846s] -- Configuring done
[0.869s] -- Generating done
[0.876s] -- Build files have been written to: /home/edgard/Desktop/AITEAM/nav/build/zed_components
[1.324s] Invoked command in '/home/edgard/Desktop/AITEAM/nav/build/zed_components' returned '0': CMAKE_PREFIX_PATH=/opt/ros/humble CONDA_PROMPT_MODIFIER=(base) /usr/bin/cmake /home/edgard/Desktop/AITEAM/nav/src/isaac/src/zed-ros2-wrapper/zed_components -DAMENT_CMAKE_SYMLINK_INSTALL=1 -DCMAKE_INSTALL_PREFIX=/home/edgard/Desktop/AITEAM/nav/install/zed_components
[1.324s] Invoking command in '/home/edgard/Desktop/AITEAM/nav/build/zed_components': CMAKE_PREFIX_PATH=/opt/ros/humble CONDA_PROMPT_MODIFIER=(base) /usr/bin/cmake --build /home/edgard/Desktop/AITEAM/nav/build/zed_components -- -j24 -l24
[1.550s] [ 10%] [32mBuilding CXX object CMakeFiles/zed_camera_component.dir/src/tools/src/gnss_replay.cpp.o[0m
[1.550s] [ 30%] [32mBuilding CXX object CMakeFiles/zed_camera_component.dir/src/zed_camera/src/zed_camera_component.cpp.o[0m
[1.550s] [ 30%] [32mBuilding CXX object CMakeFiles/zed_camera_one_component.dir/src/tools/src/sl_tools.cpp.o[0m
[1.550s] [ 40%] [32mBuilding CXX object CMakeFiles/zed_camera_one_component.dir/src/zed_camera/src/zed_camera_one_component.cpp.o[0m
[1.550s] [ 60%] [32mBuilding CXX object CMakeFiles/zed_camera_component.dir/src/tools/src/sl_tools.cpp.o[0m
[1.550s] [ 60%] [32mBuilding CXX object CMakeFiles/zed_camera_one_component.dir/src/tools/src/sl_win_avg.cpp.o[0m
[1.550s] [ 70%] [32mBuilding CXX object CMakeFiles/zed_camera_component.dir/src/tools/src/sl_win_avg.cpp.o[0m
[1.551s] [ 80%] [32mBuilding CXX object CMakeFiles/zed_camera_one_component.dir/src/tools/src/gnss_replay.cpp.o[0m
[5.541s] [01m[K/home/edgard/Desktop/AITEAM/nav/src/isaac/src/zed-ros2-wrapper/zed_components/src/zed_camera/src/zed_camera_one_component.cpp:[m[K In member function ‘[01m[Kbool stereolabs::ZedCameraOne::startCamera()[m[K’:
[5.541s] [01m[K/home/edgard/Desktop/AITEAM/nav/src/isaac/src/zed-ros2-wrapper/zed_components/src/zed_camera/src/zed_camera_one_component.cpp:686:44:[m[K [01;31m[Kerror: [m[Kno matching function for call to ‘[01m[Ksl::InputType::setFromSerialNumber(int&, sl::BUS_TYPE)[m[K’
[5.542s]   686 |       [01;31m[K_initParams.input.setFromSerialNumber(_camSerialNumber, sl::BUS_TYPE::GMSL)[m[K;
[5.542s]       |       [01;31m[K~~~~~~~~~~~~~~~~~~~~~~~~~~~~~~~~~~~~~^~~~~~~~~~~~~~~~~~~~~~~~~~~~~~~~~~~~~~[m[K
[5.543s] In file included from [01m[K/usr/local/zed/include/sl/CameraOne.hpp:76[m[K,
[5.543s]                  from [01m[K/home/edgard/Desktop/AITEAM/nav/src/isaac/src/zed-ros2-wrapper/zed_components/src/zed_camera/include/zed_camera_one_component.hpp:23[m[K,
[5.543s]                  from [01m[K/home/edgard/Desktop/AITEAM/nav/src/isaac/src/zed-ros2-wrapper/zed_components/src/zed_camera/src/zed_camera_one_component.cpp:15[m[K:
[5.543s] [01m[K/usr/local/zed/include/sl/Camera.hpp:1085:14:[m[K [01;36m[Knote: [m[Kcandidate: ‘[01m[Kvoid sl::InputType::setFromSerialNumber(unsigned int)[m[K’
[5.543s]  1085 |         void [01;36m[KsetFromSerialNumber[m[K(unsigned int camera_serial_number);
[5.543s]       |              [01;36m[K^~~~~~~~~~~~~~~~~~~[m[K
[5.543s] [01m[K/usr/local/zed/include/sl/Camera.hpp:1085:14:[m[K [01;36m[Knote: [m[K  candidate expects 1 argument, 2 provided
[5.543s] [01m[K/usr/local/zed/include/sl/Camera.hpp:1095:14:[m[K [01;36m[Knote: [m[Kcandidate: ‘[01m[Kvoid sl::InputType::setFromSerialNumber(sl::String)[m[K’
[5.543s]  1095 |         void [01;36m[KsetFromSerialNumber[m[K(sl::String serial_number);
[5.543s]       |              [01;36m[K^~~~~~~~~~~~~~~~~~~[m[K
[5.543s] [01m[K/usr/local/zed/include/sl/Camera.hpp:1095:14:[m[K [01;36m[Knote: [m[K  candidate expects 1 argument, 2 provided
[5.543s] [01m[K/home/edgard/Desktop/AITEAM/nav/src/isaac/src/zed-ros2-wrapper/zed_components/src/zed_camera/src/zed_camera_one_component.cpp:688:73:[m[K [01;31m[Kerror: [m[K‘[01m[Ksl::CAMERA_TYPE[m[K’ has not been declared
[5.543s]   688 |       _initParams.input.setFromCameraID(_camId, sl::BUS_TYPE::GMSL, sl::[01;31m[KCAMERA_TYPE[m[K::MONO);
[5.543s]       |                                                                         [01;31m[K^~~~~~~~~~~[m[K
[8.036s] gmake[2]: *** [CMakeFiles/zed_camera_one_component.dir/build.make:118: CMakeFiles/zed_camera_one_component.dir/src/zed_camera/src/zed_camera_one_component.cpp.o] Error 1
[8.036s] gmake[1]: *** [CMakeFiles/Makefile2:192: CMakeFiles/zed_camera_one_component.dir/all] Error 2
[8.036s] gmake[1]: *** Waiting for unfinished jobs....
[56.110s] [ 90%] [32m[1mLinking CXX shared library libzed_camera_component.so[0m
[56.654s] [ 90%] Built target zed_camera_component
[56.655s] gmake: *** [Makefile:146: all] Error 2
