[0.010s] Invoking command in '/home/edgard/Desktop/AITEAM/nav/build/zed_ros2': AMENT_PREFIX_PATH=/home/edgard/Desktop/AITEAM/nav/install/zed_wrapper:/home/edgard/Desktop/AITEAM/nav/install/zed_components:${AMENT_PREFIX_PATH} CMAKE_PREFIX_PATH=/home/edgard/Desktop/AITEAM/nav/install/zed_wrapper:/home/edgard/Desktop/AITEAM/nav/install/zed_components:/opt/ros/humble CONDA_PROMPT_MODIFIER=(base) LD_LIBRARY_PATH=/home/edgard/Desktop/AITEAM/nav/install/zed_components/lib:/opt/ros/humble/opt/rviz_ogre_vendor/lib:/opt/ros/humble/lib/x86_64-linux-gnu:/opt/ros/humble/lib:/home/edgard/Downloads/TensorRT-10.13.2.6/lib /usr/bin/cmake /home/edgard/Desktop/AITEAM/nav/src/isaac/src/zed-ros2-wrapper/zed_ros2 -DAMENT_CMAKE_SYMLINK_INSTALL=1 -DCMAKE_INSTALL_PREFIX=/home/edgard/Desktop/AITEAM/nav/install/zed_ros2
[0.024s] -- Found ament_cmake_auto: 1.3.14 (/opt/ros/humble/share/ament_cmake_auto/cmake)
[0.196s] -- Found Python3: /usr/bin/python3 (found version "3.10.12") found components: Interpreter 
[0.250s] -- Override CMake install command with custom implementation using symlinks instead of copying resources
[0.351s] -- Found ament_lint_auto: 0.12.15 (/opt/ros/humble/share/ament_lint_auto/cmake)
[0.363s] -- Added test 'copyright' to check source files copyright and LICENSE
[0.363s] -- Added test 'lint_cmake' to check CMake code style
[0.363s] -- Added test 'xmllint' to check XML markup files
[0.365s] -- Configuring done
[0.366s] -- Generating done
[0.367s] -- Build files have been written to: /home/edgard/Desktop/AITEAM/nav/build/zed_ros2
[0.370s] Invoked command in '/home/edgard/Desktop/AITEAM/nav/build/zed_ros2' returned '0': AMENT_PREFIX_PATH=/home/edgard/Desktop/AITEAM/nav/install/zed_wrapper:/home/edgard/Desktop/AITEAM/nav/install/zed_components:${AMENT_PREFIX_PATH} CMAKE_PREFIX_PATH=/home/edgard/Desktop/AITEAM/nav/install/zed_wrapper:/home/edgard/Desktop/AITEAM/nav/install/zed_components:/opt/ros/humble CONDA_PROMPT_MODIFIER=(base) LD_LIBRARY_PATH=/home/edgard/Desktop/AITEAM/nav/install/zed_components/lib:/opt/ros/humble/opt/rviz_ogre_vendor/lib:/opt/ros/humble/lib/x86_64-linux-gnu:/opt/ros/humble/lib:/home/edgard/Downloads/TensorRT-10.13.2.6/lib /usr/bin/cmake /home/edgard/Desktop/AITEAM/nav/src/isaac/src/zed-ros2-wrapper/zed_ros2 -DAMENT_CMAKE_SYMLINK_INSTALL=1 -DCMAKE_INSTALL_PREFIX=/home/edgard/Desktop/AITEAM/nav/install/zed_ros2
[0.371s] Invoking command in '/home/edgard/Desktop/AITEAM/nav/build/zed_ros2': AMENT_PREFIX_PATH=/home/edgard/Desktop/AITEAM/nav/install/zed_wrapper:/home/edgard/Desktop/AITEAM/nav/install/zed_components:${AMENT_PREFIX_PATH} CMAKE_PREFIX_PATH=/home/edgard/Desktop/AITEAM/nav/install/zed_wrapper:/home/edgard/Desktop/AITEAM/nav/install/zed_components:/opt/ros/humble CONDA_PROMPT_MODIFIER=(base) LD_LIBRARY_PATH=/home/edgard/Desktop/AITEAM/nav/install/zed_components/lib:/opt/ros/humble/opt/rviz_ogre_vendor/lib:/opt/ros/humble/lib/x86_64-linux-gnu:/opt/ros/humble/lib:/home/edgard/Downloads/TensorRT-10.13.2.6/lib /usr/bin/cmake --build /home/edgard/Desktop/AITEAM/nav/build/zed_ros2 -- -j24 -l24
[0.408s] Invoked command in '/home/edgard/Desktop/AITEAM/nav/build/zed_ros2' returned '0': AMENT_PREFIX_PATH=/home/edgard/Desktop/AITEAM/nav/install/zed_wrapper:/home/edgard/Desktop/AITEAM/nav/install/zed_components:${AMENT_PREFIX_PATH} CMAKE_PREFIX_PATH=/home/edgard/Desktop/AITEAM/nav/install/zed_wrapper:/home/edgard/Desktop/AITEAM/nav/install/zed_components:/opt/ros/humble CONDA_PROMPT_MODIFIER=(base) LD_LIBRARY_PATH=/home/edgard/Desktop/AITEAM/nav/install/zed_components/lib:/opt/ros/humble/opt/rviz_ogre_vendor/lib:/opt/ros/humble/lib/x86_64-linux-gnu:/opt/ros/humble/lib:/home/edgard/Downloads/TensorRT-10.13.2.6/lib /usr/bin/cmake --build /home/edgard/Desktop/AITEAM/nav/build/zed_ros2 -- -j24 -l24
[0.411s] Invoking command in '/home/edgard/Desktop/AITEAM/nav/build/zed_ros2': AMENT_PREFIX_PATH=/home/edgard/Desktop/AITEAM/nav/install/zed_wrapper:/home/edgard/Desktop/AITEAM/nav/install/zed_components:${AMENT_PREFIX_PATH} CMAKE_PREFIX_PATH=/home/edgard/Desktop/AITEAM/nav/install/zed_wrapper:/home/edgard/Desktop/AITEAM/nav/install/zed_components:/opt/ros/humble CONDA_PROMPT_MODIFIER=(base) LD_LIBRARY_PATH=/home/edgard/Desktop/AITEAM/nav/install/zed_components/lib:/opt/ros/humble/opt/rviz_ogre_vendor/lib:/opt/ros/humble/lib/x86_64-linux-gnu:/opt/ros/humble/lib:/home/edgard/Downloads/TensorRT-10.13.2.6/lib /usr/bin/cmake --install /home/edgard/Desktop/AITEAM/nav/build/zed_ros2
[0.415s] -- Install configuration: ""
[0.416s] -- Execute custom install script
[0.417s] -- Symlinking: /home/edgard/Desktop/AITEAM/nav/install/zed_ros2/share/ament_index/resource_index/package_run_dependencies/zed_ros2
[0.424s] -- Symlinking: /home/edgard/Desktop/AITEAM/nav/install/zed_ros2/share/ament_index/resource_index/parent_prefix_path/zed_ros2
[0.432s] -- Symlinking: /home/edgard/Desktop/AITEAM/nav/install/zed_ros2/share/zed_ros2/environment/ament_prefix_path.sh
[0.440s] -- Symlinking: /home/edgard/Desktop/AITEAM/nav/install/zed_ros2/share/zed_ros2/environment/ament_prefix_path.dsv
[0.448s] -- Symlinking: /home/edgard/Desktop/AITEAM/nav/install/zed_ros2/share/zed_ros2/environment/path.sh
[0.456s] -- Symlinking: /home/edgard/Desktop/AITEAM/nav/install/zed_ros2/share/zed_ros2/environment/path.dsv
[0.464s] -- Symlinking: /home/edgard/Desktop/AITEAM/nav/install/zed_ros2/share/zed_ros2/local_setup.bash
[0.471s] -- Symlinking: /home/edgard/Desktop/AITEAM/nav/install/zed_ros2/share/zed_ros2/local_setup.sh
[0.480s] -- Symlinking: /home/edgard/Desktop/AITEAM/nav/install/zed_ros2/share/zed_ros2/local_setup.zsh
[0.487s] -- Symlinking: /home/edgard/Desktop/AITEAM/nav/install/zed_ros2/share/zed_ros2/local_setup.dsv
[0.495s] -- Symlinking: /home/edgard/Desktop/AITEAM/nav/install/zed_ros2/share/zed_ros2/package.dsv
[0.501s] -- Symlinking: /home/edgard/Desktop/AITEAM/nav/install/zed_ros2/share/ament_index/resource_index/packages/zed_ros2
[0.507s] -- Symlinking: /home/edgard/Desktop/AITEAM/nav/install/zed_ros2/share/zed_ros2/cmake/zed_ros2Config.cmake
[0.513s] -- Symlinking: /home/edgard/Desktop/AITEAM/nav/install/zed_ros2/share/zed_ros2/cmake/zed_ros2Config-version.cmake
[0.521s] -- Symlinking: /home/edgard/Desktop/AITEAM/nav/install/zed_ros2/share/zed_ros2/package.xml
[0.531s] Invoked command in '/home/edgard/Desktop/AITEAM/nav/build/zed_ros2' returned '0': AMENT_PREFIX_PATH=/home/edgard/Desktop/AITEAM/nav/install/zed_wrapper:/home/edgard/Desktop/AITEAM/nav/install/zed_components:${AMENT_PREFIX_PATH} CMAKE_PREFIX_PATH=/home/edgard/Desktop/AITEAM/nav/install/zed_wrapper:/home/edgard/Desktop/AITEAM/nav/install/zed_components:/opt/ros/humble CONDA_PROMPT_MODIFIER=(base) LD_LIBRARY_PATH=/home/edgard/Desktop/AITEAM/nav/install/zed_components/lib:/opt/ros/humble/opt/rviz_ogre_vendor/lib:/opt/ros/humble/lib/x86_64-linux-gnu:/opt/ros/humble/lib:/home/edgard/Downloads/TensorRT-10.13.2.6/lib /usr/bin/cmake --install /home/edgard/Desktop/AITEAM/nav/build/zed_ros2
