[0.528s] Invoking command in '/home/edgard/Desktop/AITEAM/nav/build/isaac_ros_apriltag_interfaces': AMENT_PREFIX_PATH=/home/edgard/Desktop/AITEAM/nav/install/isaac_ros_common:${AMENT_PREFIX_PATH} CMAKE_PREFIX_PATH=/home/edgard/Desktop/AITEAM/nav/install/isaac_ros_common:/opt/ros/humble CONDA_PROMPT_MODIFIER=(base) LD_LIBRARY_PATH=/home/edgard/Desktop/AITEAM/nav/install/isaac_ros_common/lib:/opt/ros/humble/opt/rviz_ogre_vendor/lib:/opt/ros/humble/lib/x86_64-linux-gnu:/opt/ros/humble/lib:/home/edgard/Downloads/TensorRT-10.13.2.6/lib PATH=/home/edgard/Desktop/AITEAM/nav/install/isaac_ros_common/bin:${PATH} PYTHONPATH=/home/edgard/Desktop/AITEAM/nav/install/isaac_ros_common/local/lib/python3.10/dist-packages:${PYTHONPATH} /usr/bin/cmake --build /home/edgard/Desktop/AITEAM/nav/build/isaac_ros_apriltag_interfaces -- -j24 -l24
[0.764s] [  2%] Built target isaac_ros_apriltag_interfaces__cpp
[0.764s] [  4%] Built target isaac_ros_apriltag_interfaces__rs
[0.764s] [ 14%] Built target generate_version_info_target_isaac_ros_apriltag_interfaces
[0.764s] [ 17%] Built target isaac_ros_apriltag_interfaces__rosidl_generator_c
[0.764s] [ 17%] Built target ament_cmake_python_symlink_isaac_ros_apriltag_interfaces
[0.764s] [ 26%] Built target isaac_ros_apriltag_interfaces__rosidl_typesupport_introspection_c
[0.764s] [ 36%] Built target isaac_ros_apriltag_interfaces__rosidl_typesupport_cpp
[0.765s] [ 46%] Built target isaac_ros_apriltag_interfaces__rosidl_typesupport_fastrtps_cpp
[0.765s] [ 65%] Built target isaac_ros_apriltag_interfaces__rosidl_typesupport_fastrtps_c
[0.765s] [ 65%] Built target isaac_ros_apriltag_interfaces__rosidl_typesupport_c
[0.765s] [ 75%] Built target isaac_ros_apriltag_interfaces__rosidl_typesupport_introspection_cpp
[0.765s] [ 75%] Built target isaac_ros_apriltag_interfaces
[0.765s] [ 78%] Built target isaac_ros_apriltag_interfaces__py
[0.765s] [ 85%] Built target isaac_ros_apriltag_interfaces__rosidl_generator_py
[0.765s] [ 90%] Built target isaac_ros_apriltag_interfaces__rosidl_typesupport_fastrtps_c__pyext
[0.765s] [ 95%] Built target isaac_ros_apriltag_interfaces__rosidl_typesupport_introspection_c__pyext
[0.765s] [100%] Built target isaac_ros_apriltag_interfaces__rosidl_typesupport_c__pyext
[0.790s] running egg_info
[0.790s] writing isaac_ros_apriltag_interfaces.egg-info/PKG-INFO
[0.790s] writing dependency_links to isaac_ros_apriltag_interfaces.egg-info/dependency_links.txt
[0.790s] writing top-level names to isaac_ros_apriltag_interfaces.egg-info/top_level.txt
[0.790s] reading manifest file 'isaac_ros_apriltag_interfaces.egg-info/SOURCES.txt'
[0.790s] writing manifest file 'isaac_ros_apriltag_interfaces.egg-info/SOURCES.txt'
[0.813s] [100%] Built target ament_cmake_python_build_isaac_ros_apriltag_interfaces_egg
[1.008s] Invoked command in '/home/edgard/Desktop/AITEAM/nav/build/isaac_ros_apriltag_interfaces' returned '0': AMENT_PREFIX_PATH=/home/edgard/Desktop/AITEAM/nav/install/isaac_ros_common:${AMENT_PREFIX_PATH} CMAKE_PREFIX_PATH=/home/edgard/Desktop/AITEAM/nav/install/isaac_ros_common:/opt/ros/humble CONDA_PROMPT_MODIFIER=(base) LD_LIBRARY_PATH=/home/edgard/Desktop/AITEAM/nav/install/isaac_ros_common/lib:/opt/ros/humble/opt/rviz_ogre_vendor/lib:/opt/ros/humble/lib/x86_64-linux-gnu:/opt/ros/humble/lib:/home/edgard/Downloads/TensorRT-10.13.2.6/lib PATH=/home/edgard/Desktop/AITEAM/nav/install/isaac_ros_common/bin:${PATH} PYTHONPATH=/home/edgard/Desktop/AITEAM/nav/install/isaac_ros_common/local/lib/python3.10/dist-packages:${PYTHONPATH} /usr/bin/cmake --build /home/edgard/Desktop/AITEAM/nav/build/isaac_ros_apriltag_interfaces -- -j24 -l24
[1.009s] Invoking command in '/home/edgard/Desktop/AITEAM/nav/build/isaac_ros_apriltag_interfaces': AMENT_PREFIX_PATH=/home/edgard/Desktop/AITEAM/nav/install/isaac_ros_common:${AMENT_PREFIX_PATH} CMAKE_PREFIX_PATH=/home/edgard/Desktop/AITEAM/nav/install/isaac_ros_common:/opt/ros/humble CONDA_PROMPT_MODIFIER=(base) LD_LIBRARY_PATH=/home/edgard/Desktop/AITEAM/nav/install/isaac_ros_common/lib:/opt/ros/humble/opt/rviz_ogre_vendor/lib:/opt/ros/humble/lib/x86_64-linux-gnu:/opt/ros/humble/lib:/home/edgard/Downloads/TensorRT-10.13.2.6/lib PATH=/home/edgard/Desktop/AITEAM/nav/install/isaac_ros_common/bin:${PATH} PYTHONPATH=/home/edgard/Desktop/AITEAM/nav/install/isaac_ros_common/local/lib/python3.10/dist-packages:${PYTHONPATH} /usr/bin/cmake --install /home/edgard/Desktop/AITEAM/nav/build/isaac_ros_apriltag_interfaces
[1.042s] -- Install configuration: "Release"
[1.042s] -- Execute custom install script
[1.042s] -- Up-to-date symlink: /home/edgard/Desktop/AITEAM/nav/install/isaac_ros_apriltag_interfaces/share/ament_index/resource_index/rosidl_interfaces/isaac_ros_apriltag_interfaces
[1.042s] -- Up-to-date symlink: /home/edgard/Desktop/AITEAM/nav/install/isaac_ros_apriltag_interfaces/include/isaac_ros_apriltag_interfaces/isaac_ros_apriltag_interfaces/msg/april_tag_detection.h
[1.042s] -- Up-to-date symlink: /home/edgard/Desktop/AITEAM/nav/install/isaac_ros_apriltag_interfaces/include/isaac_ros_apriltag_interfaces/isaac_ros_apriltag_interfaces/msg/april_tag_detection_array.h
[1.043s] -- Up-to-date symlink: /home/edgard/Desktop/AITEAM/nav/install/isaac_ros_apriltag_interfaces/include/isaac_ros_apriltag_interfaces/isaac_ros_apriltag_interfaces/msg/detail/april_tag_detection__functions.h
[1.043s] -- Up-to-date symlink: /home/edgard/Desktop/AITEAM/nav/install/isaac_ros_apriltag_interfaces/include/isaac_ros_apriltag_interfaces/isaac_ros_apriltag_interfaces/msg/detail/april_tag_detection__struct.h
[1.043s] -- Up-to-date symlink: /home/edgard/Desktop/AITEAM/nav/install/isaac_ros_apriltag_interfaces/include/isaac_ros_apriltag_interfaces/isaac_ros_apriltag_interfaces/msg/detail/april_tag_detection__type_support.h
[1.044s] -- Up-to-date symlink: /home/edgard/Desktop/AITEAM/nav/install/isaac_ros_apriltag_interfaces/include/isaac_ros_apriltag_interfaces/isaac_ros_apriltag_interfaces/msg/detail/april_tag_detection_array__functions.h
[1.044s] -- Up-to-date symlink: /home/edgard/Desktop/AITEAM/nav/install/isaac_ros_apriltag_interfaces/include/isaac_ros_apriltag_interfaces/isaac_ros_apriltag_interfaces/msg/detail/april_tag_detection_array__struct.h
[1.044s] -- Up-to-date symlink: /home/edgard/Desktop/AITEAM/nav/install/isaac_ros_apriltag_interfaces/include/isaac_ros_apriltag_interfaces/isaac_ros_apriltag_interfaces/msg/detail/april_tag_detection_array__type_support.h
[1.044s] -- Up-to-date symlink: /home/edgard/Desktop/AITEAM/nav/install/isaac_ros_apriltag_interfaces/include/isaac_ros_apriltag_interfaces/isaac_ros_apriltag_interfaces/msg/rosidl_generator_c__visibility_control.h
[1.044s] -- Up-to-date symlink: /home/edgard/Desktop/AITEAM/nav/install/isaac_ros_apriltag_interfaces/share/isaac_ros_apriltag_interfaces/environment/library_path.sh
[1.044s] -- Up-to-date symlink: /home/edgard/Desktop/AITEAM/nav/install/isaac_ros_apriltag_interfaces/share/isaac_ros_apriltag_interfaces/environment/library_path.dsv
[1.044s] -- Up-to-date symlink: /home/edgard/Desktop/AITEAM/nav/install/isaac_ros_apriltag_interfaces/include/isaac_ros_apriltag_interfaces/isaac_ros_apriltag_interfaces/msg/detail/april_tag_detection__rosidl_typesupport_fastrtps_c.h
[1.044s] -- Up-to-date symlink: /home/edgard/Desktop/AITEAM/nav/install/isaac_ros_apriltag_interfaces/include/isaac_ros_apriltag_interfaces/isaac_ros_apriltag_interfaces/msg/detail/april_tag_detection_array__rosidl_typesupport_fastrtps_c.h
[1.045s] -- Up-to-date symlink: /home/edgard/Desktop/AITEAM/nav/install/isaac_ros_apriltag_interfaces/include/isaac_ros_apriltag_interfaces/isaac_ros_apriltag_interfaces/msg/rosidl_typesupport_fastrtps_c__visibility_control.h
[1.045s] -- Up-to-date symlink: /home/edgard/Desktop/AITEAM/nav/install/isaac_ros_apriltag_interfaces/include/isaac_ros_apriltag_interfaces/isaac_ros_apriltag_interfaces/msg/detail/april_tag_detection__rosidl_typesupport_introspection_c.h
[1.045s] -- Up-to-date symlink: /home/edgard/Desktop/AITEAM/nav/install/isaac_ros_apriltag_interfaces/include/isaac_ros_apriltag_interfaces/isaac_ros_apriltag_interfaces/msg/detail/april_tag_detection_array__rosidl_typesupport_introspection_c.h
[1.045s] -- Up-to-date symlink: /home/edgard/Desktop/AITEAM/nav/install/isaac_ros_apriltag_interfaces/include/isaac_ros_apriltag_interfaces/isaac_ros_apriltag_interfaces/msg/rosidl_typesupport_introspection_c__visibility_control.h
[1.045s] -- Up-to-date symlink: /home/edgard/Desktop/AITEAM/nav/install/isaac_ros_apriltag_interfaces/include/isaac_ros_apriltag_interfaces/isaac_ros_apriltag_interfaces/msg/april_tag_detection.hpp
[1.045s] -- Up-to-date symlink: /home/edgard/Desktop/AITEAM/nav/install/isaac_ros_apriltag_interfaces/include/isaac_ros_apriltag_interfaces/isaac_ros_apriltag_interfaces/msg/april_tag_detection_array.hpp
[1.045s] -- Up-to-date symlink: /home/edgard/Desktop/AITEAM/nav/install/isaac_ros_apriltag_interfaces/include/isaac_ros_apriltag_interfaces/isaac_ros_apriltag_interfaces/msg/detail/april_tag_detection__builder.hpp
[1.045s] -- Up-to-date symlink: /home/edgard/Desktop/AITEAM/nav/install/isaac_ros_apriltag_interfaces/include/isaac_ros_apriltag_interfaces/isaac_ros_apriltag_interfaces/msg/detail/april_tag_detection__struct.hpp
[1.045s] -- Up-to-date symlink: /home/edgard/Desktop/AITEAM/nav/install/isaac_ros_apriltag_interfaces/include/isaac_ros_apriltag_interfaces/isaac_ros_apriltag_interfaces/msg/detail/april_tag_detection__traits.hpp
[1.046s] -- Up-to-date symlink: /home/edgard/Desktop/AITEAM/nav/install/isaac_ros_apriltag_interfaces/include/isaac_ros_apriltag_interfaces/isaac_ros_apriltag_interfaces/msg/detail/april_tag_detection__type_support.hpp
[1.046s] -- Up-to-date symlink: /home/edgard/Desktop/AITEAM/nav/install/isaac_ros_apriltag_interfaces/include/isaac_ros_apriltag_interfaces/isaac_ros_apriltag_interfaces/msg/detail/april_tag_detection_array__builder.hpp
[1.046s] -- Up-to-date symlink: /home/edgard/Desktop/AITEAM/nav/install/isaac_ros_apriltag_interfaces/include/isaac_ros_apriltag_interfaces/isaac_ros_apriltag_interfaces/msg/detail/april_tag_detection_array__struct.hpp
[1.046s] -- Up-to-date symlink: /home/edgard/Desktop/AITEAM/nav/install/isaac_ros_apriltag_interfaces/include/isaac_ros_apriltag_interfaces/isaac_ros_apriltag_interfaces/msg/detail/april_tag_detection_array__traits.hpp
[1.046s] -- Up-to-date symlink: /home/edgard/Desktop/AITEAM/nav/install/isaac_ros_apriltag_interfaces/include/isaac_ros_apriltag_interfaces/isaac_ros_apriltag_interfaces/msg/detail/april_tag_detection_array__type_support.hpp
[1.046s] -- Up-to-date symlink: /home/edgard/Desktop/AITEAM/nav/install/isaac_ros_apriltag_interfaces/include/isaac_ros_apriltag_interfaces/isaac_ros_apriltag_interfaces/msg/rosidl_generator_cpp__visibility_control.hpp
[1.046s] -- Up-to-date symlink: /home/edgard/Desktop/AITEAM/nav/install/isaac_ros_apriltag_interfaces/include/isaac_ros_apriltag_interfaces/isaac_ros_apriltag_interfaces/msg/detail/april_tag_detection__rosidl_typesupport_fastrtps_cpp.hpp
[1.047s] -- Up-to-date symlink: /home/edgard/Desktop/AITEAM/nav/install/isaac_ros_apriltag_interfaces/include/isaac_ros_apriltag_interfaces/isaac_ros_apriltag_interfaces/msg/detail/april_tag_detection_array__rosidl_typesupport_fastrtps_cpp.hpp
[1.048s] -- Up-to-date symlink: /home/edgard/Desktop/AITEAM/nav/install/isaac_ros_apriltag_interfaces/include/isaac_ros_apriltag_interfaces/isaac_ros_apriltag_interfaces/msg/rosidl_typesupport_fastrtps_cpp__visibility_control.h
[1.048s] -- Up-to-date symlink: /home/edgard/Desktop/AITEAM/nav/install/isaac_ros_apriltag_interfaces/include/isaac_ros_apriltag_interfaces/isaac_ros_apriltag_interfaces/msg/detail/april_tag_detection__rosidl_typesupport_introspection_cpp.hpp
[1.048s] -- Up-to-date symlink: /home/edgard/Desktop/AITEAM/nav/install/isaac_ros_apriltag_interfaces/include/isaac_ros_apriltag_interfaces/isaac_ros_apriltag_interfaces/msg/detail/april_tag_detection_array__rosidl_typesupport_introspection_cpp.hpp
[1.048s] -- Up-to-date symlink: /home/edgard/Desktop/AITEAM/nav/install/isaac_ros_apriltag_interfaces/share/isaac_ros_apriltag_interfaces/environment/pythonpath.sh
[1.048s] -- Up-to-date symlink: /home/edgard/Desktop/AITEAM/nav/install/isaac_ros_apriltag_interfaces/share/isaac_ros_apriltag_interfaces/environment/pythonpath.dsv
[1.048s] -- Up-to-date symlink: /home/edgard/Desktop/AITEAM/nav/install/isaac_ros_apriltag_interfaces/local/lib/python3.10/dist-packages/isaac_ros_apriltag_interfaces-3.2.5-py3.10.egg-info/PKG-INFO
[1.048s] -- Up-to-date symlink: /home/edgard/Desktop/AITEAM/nav/install/isaac_ros_apriltag_interfaces/local/lib/python3.10/dist-packages/isaac_ros_apriltag_interfaces-3.2.5-py3.10.egg-info/SOURCES.txt
[1.048s] -- Up-to-date symlink: /home/edgard/Desktop/AITEAM/nav/install/isaac_ros_apriltag_interfaces/local/lib/python3.10/dist-packages/isaac_ros_apriltag_interfaces-3.2.5-py3.10.egg-info/dependency_links.txt
[1.048s] -- Up-to-date symlink: /home/edgard/Desktop/AITEAM/nav/install/isaac_ros_apriltag_interfaces/local/lib/python3.10/dist-packages/isaac_ros_apriltag_interfaces-3.2.5-py3.10.egg-info/top_level.txt
[1.049s] -- Up-to-date symlink: /home/edgard/Desktop/AITEAM/nav/install/isaac_ros_apriltag_interfaces/local/lib/python3.10/dist-packages/isaac_ros_apriltag_interfaces/__init__.py
[1.049s] -- Up-to-date symlink: /home/edgard/Desktop/AITEAM/nav/install/isaac_ros_apriltag_interfaces/local/lib/python3.10/dist-packages/isaac_ros_apriltag_interfaces/_isaac_ros_apriltag_interfaces_s.ep.rosidl_typesupport_c.c
[1.049s] -- Up-to-date symlink: /home/edgard/Desktop/AITEAM/nav/install/isaac_ros_apriltag_interfaces/local/lib/python3.10/dist-packages/isaac_ros_apriltag_interfaces/_isaac_ros_apriltag_interfaces_s.ep.rosidl_typesupport_fastrtps_c.c
[1.049s] -- Up-to-date symlink: /home/edgard/Desktop/AITEAM/nav/install/isaac_ros_apriltag_interfaces/local/lib/python3.10/dist-packages/isaac_ros_apriltag_interfaces/_isaac_ros_apriltag_interfaces_s.ep.rosidl_typesupport_introspection_c.c
[1.049s] -- Up-to-date symlink: /home/edgard/Desktop/AITEAM/nav/install/isaac_ros_apriltag_interfaces/local/lib/python3.10/dist-packages/isaac_ros_apriltag_interfaces/isaac_ros_apriltag_interfaces_s__rosidl_typesupport_c.cpython-310-x86_64-linux-gnu.so
[1.050s] -- Up-to-date symlink: /home/edgard/Desktop/AITEAM/nav/install/isaac_ros_apriltag_interfaces/local/lib/python3.10/dist-packages/isaac_ros_apriltag_interfaces/isaac_ros_apriltag_interfaces_s__rosidl_typesupport_fastrtps_c.cpython-310-x86_64-linux-gnu.so
[1.050s] -- Up-to-date symlink: /home/edgard/Desktop/AITEAM/nav/install/isaac_ros_apriltag_interfaces/local/lib/python3.10/dist-packages/isaac_ros_apriltag_interfaces/isaac_ros_apriltag_interfaces_s__rosidl_typesupport_introspection_c.cpython-310-x86_64-linux-gnu.so
[1.050s] -- Up-to-date symlink: /home/edgard/Desktop/AITEAM/nav/install/isaac_ros_apriltag_interfaces/local/lib/python3.10/dist-packages/isaac_ros_apriltag_interfaces/libisaac_ros_apriltag_interfaces__rosidl_generator_py.so
[1.050s] -- Up-to-date symlink: /home/edgard/Desktop/AITEAM/nav/install/isaac_ros_apriltag_interfaces/local/lib/python3.10/dist-packages/isaac_ros_apriltag_interfaces/msg/__init__.py
[1.050s] -- Up-to-date symlink: /home/edgard/Desktop/AITEAM/nav/install/isaac_ros_apriltag_interfaces/local/lib/python3.10/dist-packages/isaac_ros_apriltag_interfaces/msg/_april_tag_detection.py
[1.050s] -- Up-to-date symlink: /home/edgard/Desktop/AITEAM/nav/install/isaac_ros_apriltag_interfaces/local/lib/python3.10/dist-packages/isaac_ros_apriltag_interfaces/msg/_april_tag_detection_array.py
[1.050s] -- Up-to-date symlink: /home/edgard/Desktop/AITEAM/nav/install/isaac_ros_apriltag_interfaces/local/lib/python3.10/dist-packages/isaac_ros_apriltag_interfaces/msg/_april_tag_detection_array_s.c
[1.050s] -- Up-to-date symlink: /home/edgard/Desktop/AITEAM/nav/install/isaac_ros_apriltag_interfaces/local/lib/python3.10/dist-packages/isaac_ros_apriltag_interfaces/msg/_april_tag_detection_s.c
[1.050s] -- Up-to-date symlink: /home/edgard/Desktop/AITEAM/nav/install/isaac_ros_apriltag_interfaces/local/lib/python3.10/dist-packages/isaac_ros_apriltag_interfaces/isaac_ros_apriltag_interfaces_s__rosidl_typesupport_fastrtps_c.cpython-310-x86_64-linux-gnu.so
[1.050s] -- Up-to-date symlink: /home/edgard/Desktop/AITEAM/nav/install/isaac_ros_apriltag_interfaces/local/lib/python3.10/dist-packages/isaac_ros_apriltag_interfaces/isaac_ros_apriltag_interfaces_s__rosidl_typesupport_introspection_c.cpython-310-x86_64-linux-gnu.so
[1.051s] -- Up-to-date symlink: /home/edgard/Desktop/AITEAM/nav/install/isaac_ros_apriltag_interfaces/local/lib/python3.10/dist-packages/isaac_ros_apriltag_interfaces/isaac_ros_apriltag_interfaces_s__rosidl_typesupport_c.cpython-310-x86_64-linux-gnu.so
[1.051s] -- Up-to-date symlink: /home/edgard/Desktop/AITEAM/nav/install/isaac_ros_apriltag_interfaces/share/ament_index/resource_index/rust_packages/isaac_ros_apriltag_interfaces
[1.051s] -- Up-to-date symlink: /home/edgard/Desktop/AITEAM/nav/install/isaac_ros_apriltag_interfaces/share/isaac_ros_apriltag_interfaces/rust/Cargo.toml
[1.051s] -- Up-to-date symlink: /home/edgard/Desktop/AITEAM/nav/install/isaac_ros_apriltag_interfaces/share/isaac_ros_apriltag_interfaces/rust/build.rs
[1.058s] -- Up-to-date symlink: /home/edgard/Desktop/AITEAM/nav/install/isaac_ros_apriltag_interfaces/share/isaac_ros_apriltag_interfaces/rust/src/lib.rs
[1.058s] -- Up-to-date symlink: /home/edgard/Desktop/AITEAM/nav/install/isaac_ros_apriltag_interfaces/share/isaac_ros_apriltag_interfaces/rust/src/msg.rs
[1.058s] -- Up-to-date symlink: /home/edgard/Desktop/AITEAM/nav/install/isaac_ros_apriltag_interfaces/share/isaac_ros_apriltag_interfaces/rust/src/msg/rmw.rs
[1.058s] -- Up-to-date symlink: /home/edgard/Desktop/AITEAM/nav/install/isaac_ros_apriltag_interfaces/share/isaac_ros_apriltag_interfaces/msg/AprilTagDetection.idl
[1.058s] -- Up-to-date symlink: /home/edgard/Desktop/AITEAM/nav/install/isaac_ros_apriltag_interfaces/share/isaac_ros_apriltag_interfaces/msg/AprilTagDetectionArray.idl
[1.058s] -- Up-to-date symlink: /home/edgard/Desktop/AITEAM/nav/install/isaac_ros_apriltag_interfaces/share/isaac_ros_apriltag_interfaces/msg/AprilTagDetection.msg
[1.058s] -- Up-to-date symlink: /home/edgard/Desktop/AITEAM/nav/install/isaac_ros_apriltag_interfaces/share/isaac_ros_apriltag_interfaces/msg/AprilTagDetectionArray.msg
[1.058s] -- Up-to-date symlink: /home/edgard/Desktop/AITEAM/nav/install/isaac_ros_apriltag_interfaces/share/isaac_ros_apriltag_interfaces/version_info.yaml
[1.058s] -- Up-to-date symlink: /home/edgard/Desktop/AITEAM/nav/install/isaac_ros_apriltag_interfaces/share/ament_index/resource_index/package_run_dependencies/isaac_ros_apriltag_interfaces
[1.058s] -- Up-to-date symlink: /home/edgard/Desktop/AITEAM/nav/install/isaac_ros_apriltag_interfaces/share/ament_index/resource_index/parent_prefix_path/isaac_ros_apriltag_interfaces
[1.058s] -- Up-to-date symlink: /home/edgard/Desktop/AITEAM/nav/install/isaac_ros_apriltag_interfaces/share/isaac_ros_apriltag_interfaces/environment/ament_prefix_path.sh
[1.058s] -- Up-to-date symlink: /home/edgard/Desktop/AITEAM/nav/install/isaac_ros_apriltag_interfaces/share/isaac_ros_apriltag_interfaces/environment/ament_prefix_path.dsv
[1.058s] -- Up-to-date symlink: /home/edgard/Desktop/AITEAM/nav/install/isaac_ros_apriltag_interfaces/share/isaac_ros_apriltag_interfaces/environment/path.sh
[1.059s] -- Up-to-date symlink: /home/edgard/Desktop/AITEAM/nav/install/isaac_ros_apriltag_interfaces/share/isaac_ros_apriltag_interfaces/environment/path.dsv
[1.059s] -- Up-to-date symlink: /home/edgard/Desktop/AITEAM/nav/install/isaac_ros_apriltag_interfaces/share/isaac_ros_apriltag_interfaces/local_setup.bash
[1.059s] -- Up-to-date symlink: /home/edgard/Desktop/AITEAM/nav/install/isaac_ros_apriltag_interfaces/share/isaac_ros_apriltag_interfaces/local_setup.sh
[1.060s] -- Up-to-date symlink: /home/edgard/Desktop/AITEAM/nav/install/isaac_ros_apriltag_interfaces/share/isaac_ros_apriltag_interfaces/local_setup.zsh
[1.060s] -- Up-to-date symlink: /home/edgard/Desktop/AITEAM/nav/install/isaac_ros_apriltag_interfaces/share/isaac_ros_apriltag_interfaces/local_setup.dsv
[1.060s] -- Symlinking: /home/edgard/Desktop/AITEAM/nav/install/isaac_ros_apriltag_interfaces/share/isaac_ros_apriltag_interfaces/package.dsv
[1.064s] -- Up-to-date symlink: /home/edgard/Desktop/AITEAM/nav/install/isaac_ros_apriltag_interfaces/share/ament_index/resource_index/packages/isaac_ros_apriltag_interfaces
[1.072s] -- Up-to-date symlink: /home/edgard/Desktop/AITEAM/nav/install/isaac_ros_apriltag_interfaces/share/isaac_ros_apriltag_interfaces/cmake/rosidl_cmake-extras.cmake
[1.079s] -- Up-to-date symlink: /home/edgard/Desktop/AITEAM/nav/install/isaac_ros_apriltag_interfaces/share/isaac_ros_apriltag_interfaces/cmake/ament_cmake_export_dependencies-extras.cmake
[1.080s] -- Up-to-date symlink: /home/edgard/Desktop/AITEAM/nav/install/isaac_ros_apriltag_interfaces/share/isaac_ros_apriltag_interfaces/cmake/ament_cmake_export_include_directories-extras.cmake
[1.081s] -- Up-to-date symlink: /home/edgard/Desktop/AITEAM/nav/install/isaac_ros_apriltag_interfaces/share/isaac_ros_apriltag_interfaces/cmake/ament_cmake_export_libraries-extras.cmake
[1.082s] -- Up-to-date symlink: /home/edgard/Desktop/AITEAM/nav/install/isaac_ros_apriltag_interfaces/share/isaac_ros_apriltag_interfaces/cmake/ament_cmake_export_targets-extras.cmake
[1.082s] -- Up-to-date symlink: /home/edgard/Desktop/AITEAM/nav/install/isaac_ros_apriltag_interfaces/share/isaac_ros_apriltag_interfaces/cmake/rosidl_cmake_export_typesupport_targets-extras.cmake
[1.083s] -- Up-to-date symlink: /home/edgard/Desktop/AITEAM/nav/install/isaac_ros_apriltag_interfaces/share/isaac_ros_apriltag_interfaces/cmake/rosidl_cmake_export_typesupport_libraries-extras.cmake
[1.084s] -- Up-to-date symlink: /home/edgard/Desktop/AITEAM/nav/install/isaac_ros_apriltag_interfaces/share/isaac_ros_apriltag_interfaces/cmake/isaac_ros_apriltag_interfacesConfig.cmake
[1.084s] -- Up-to-date symlink: /home/edgard/Desktop/AITEAM/nav/install/isaac_ros_apriltag_interfaces/share/isaac_ros_apriltag_interfaces/cmake/isaac_ros_apriltag_interfacesConfig-version.cmake
[1.084s] -- Up-to-date symlink: /home/edgard/Desktop/AITEAM/nav/install/isaac_ros_apriltag_interfaces/share/isaac_ros_apriltag_interfaces/package.xml
[1.085s] -- Up-to-date: /home/edgard/Desktop/AITEAM/nav/install/isaac_ros_apriltag_interfaces/lib/libisaac_ros_apriltag_interfaces__rosidl_generator_c.so
[1.087s] -- Up-to-date: /home/edgard/Desktop/AITEAM/nav/install/isaac_ros_apriltag_interfaces/lib/libisaac_ros_apriltag_interfaces__rosidl_typesupport_fastrtps_c.so
[1.088s] -- Up-to-date: /home/edgard/Desktop/AITEAM/nav/install/isaac_ros_apriltag_interfaces/lib/libisaac_ros_apriltag_interfaces__rosidl_typesupport_introspection_c.so
[1.088s] -- Up-to-date: /home/edgard/Desktop/AITEAM/nav/install/isaac_ros_apriltag_interfaces/lib/libisaac_ros_apriltag_interfaces__rosidl_typesupport_c.so
[1.089s] -- Up-to-date: /home/edgard/Desktop/AITEAM/nav/install/isaac_ros_apriltag_interfaces/lib/libisaac_ros_apriltag_interfaces__rosidl_typesupport_fastrtps_cpp.so
[1.089s] -- Up-to-date: /home/edgard/Desktop/AITEAM/nav/install/isaac_ros_apriltag_interfaces/lib/libisaac_ros_apriltag_interfaces__rosidl_typesupport_introspection_cpp.so
[1.089s] -- Up-to-date: /home/edgard/Desktop/AITEAM/nav/install/isaac_ros_apriltag_interfaces/lib/libisaac_ros_apriltag_interfaces__rosidl_typesupport_cpp.so
[1.114s] Listing '/home/edgard/Desktop/AITEAM/nav/install/isaac_ros_apriltag_interfaces/local/lib/python3.10/dist-packages/isaac_ros_apriltag_interfaces'...
[1.114s] Listing '/home/edgard/Desktop/AITEAM/nav/install/isaac_ros_apriltag_interfaces/local/lib/python3.10/dist-packages/isaac_ros_apriltag_interfaces/msg'...
[1.116s] -- Up-to-date: /home/edgard/Desktop/AITEAM/nav/install/isaac_ros_apriltag_interfaces/lib/libisaac_ros_apriltag_interfaces__rosidl_generator_py.so
[1.116s] -- Up-to-date: /home/edgard/Desktop/AITEAM/nav/install/isaac_ros_apriltag_interfaces/share/isaac_ros_apriltag_interfaces/cmake/export_isaac_ros_apriltag_interfaces__rosidl_generator_cExport.cmake
[1.116s] -- Up-to-date: /home/edgard/Desktop/AITEAM/nav/install/isaac_ros_apriltag_interfaces/share/isaac_ros_apriltag_interfaces/cmake/export_isaac_ros_apriltag_interfaces__rosidl_generator_cExport-release.cmake
[1.116s] -- Up-to-date: /home/edgard/Desktop/AITEAM/nav/install/isaac_ros_apriltag_interfaces/share/isaac_ros_apriltag_interfaces/cmake/export_isaac_ros_apriltag_interfaces__rosidl_typesupport_fastrtps_cExport.cmake
[1.116s] -- Up-to-date: /home/edgard/Desktop/AITEAM/nav/install/isaac_ros_apriltag_interfaces/share/isaac_ros_apriltag_interfaces/cmake/export_isaac_ros_apriltag_interfaces__rosidl_typesupport_fastrtps_cExport-release.cmake
[1.117s] -- Up-to-date: /home/edgard/Desktop/AITEAM/nav/install/isaac_ros_apriltag_interfaces/share/isaac_ros_apriltag_interfaces/cmake/isaac_ros_apriltag_interfaces__rosidl_typesupport_introspection_cExport.cmake
[1.117s] -- Up-to-date: /home/edgard/Desktop/AITEAM/nav/install/isaac_ros_apriltag_interfaces/share/isaac_ros_apriltag_interfaces/cmake/isaac_ros_apriltag_interfaces__rosidl_typesupport_introspection_cExport-release.cmake
[1.117s] -- Up-to-date: /home/edgard/Desktop/AITEAM/nav/install/isaac_ros_apriltag_interfaces/share/isaac_ros_apriltag_interfaces/cmake/isaac_ros_apriltag_interfaces__rosidl_typesupport_cExport.cmake
[1.117s] -- Up-to-date: /home/edgard/Desktop/AITEAM/nav/install/isaac_ros_apriltag_interfaces/share/isaac_ros_apriltag_interfaces/cmake/isaac_ros_apriltag_interfaces__rosidl_typesupport_cExport-release.cmake
[1.117s] -- Up-to-date: /home/edgard/Desktop/AITEAM/nav/install/isaac_ros_apriltag_interfaces/share/isaac_ros_apriltag_interfaces/cmake/export_isaac_ros_apriltag_interfaces__rosidl_generator_cppExport.cmake
[1.117s] -- Up-to-date: /home/edgard/Desktop/AITEAM/nav/install/isaac_ros_apriltag_interfaces/share/isaac_ros_apriltag_interfaces/cmake/export_isaac_ros_apriltag_interfaces__rosidl_typesupport_fastrtps_cppExport.cmake
[1.117s] -- Up-to-date: /home/edgard/Desktop/AITEAM/nav/install/isaac_ros_apriltag_interfaces/share/isaac_ros_apriltag_interfaces/cmake/export_isaac_ros_apriltag_interfaces__rosidl_typesupport_fastrtps_cppExport-release.cmake
[1.117s] -- Up-to-date: /home/edgard/Desktop/AITEAM/nav/install/isaac_ros_apriltag_interfaces/share/isaac_ros_apriltag_interfaces/cmake/isaac_ros_apriltag_interfaces__rosidl_typesupport_introspection_cppExport.cmake
[1.117s] -- Up-to-date: /home/edgard/Desktop/AITEAM/nav/install/isaac_ros_apriltag_interfaces/share/isaac_ros_apriltag_interfaces/cmake/isaac_ros_apriltag_interfaces__rosidl_typesupport_introspection_cppExport-release.cmake
[1.117s] -- Up-to-date: /home/edgard/Desktop/AITEAM/nav/install/isaac_ros_apriltag_interfaces/share/isaac_ros_apriltag_interfaces/cmake/isaac_ros_apriltag_interfaces__rosidl_typesupport_cppExport.cmake
[1.117s] -- Up-to-date: /home/edgard/Desktop/AITEAM/nav/install/isaac_ros_apriltag_interfaces/share/isaac_ros_apriltag_interfaces/cmake/isaac_ros_apriltag_interfaces__rosidl_typesupport_cppExport-release.cmake
[1.117s] -- Up-to-date: /home/edgard/Desktop/AITEAM/nav/install/isaac_ros_apriltag_interfaces/share/isaac_ros_apriltag_interfaces/cmake/export_isaac_ros_apriltag_interfaces__rosidl_generator_pyExport.cmake
[1.118s] -- Up-to-date: /home/edgard/Desktop/AITEAM/nav/install/isaac_ros_apriltag_interfaces/share/isaac_ros_apriltag_interfaces/cmake/export_isaac_ros_apriltag_interfaces__rosidl_generator_pyExport-release.cmake
[1.177s] Invoked command in '/home/edgard/Desktop/AITEAM/nav/build/isaac_ros_apriltag_interfaces' returned '0': AMENT_PREFIX_PATH=/home/edgard/Desktop/AITEAM/nav/install/isaac_ros_common:${AMENT_PREFIX_PATH} CMAKE_PREFIX_PATH=/home/edgard/Desktop/AITEAM/nav/install/isaac_ros_common:/opt/ros/humble CONDA_PROMPT_MODIFIER=(base) LD_LIBRARY_PATH=/home/edgard/Desktop/AITEAM/nav/install/isaac_ros_common/lib:/opt/ros/humble/opt/rviz_ogre_vendor/lib:/opt/ros/humble/lib/x86_64-linux-gnu:/opt/ros/humble/lib:/home/edgard/Downloads/TensorRT-10.13.2.6/lib PATH=/home/edgard/Desktop/AITEAM/nav/install/isaac_ros_common/bin:${PATH} PYTHONPATH=/home/edgard/Desktop/AITEAM/nav/install/isaac_ros_common/local/lib/python3.10/dist-packages:${PYTHONPATH} /usr/bin/cmake --install /home/edgard/Desktop/AITEAM/nav/build/isaac_ros_apriltag_interfaces
