[  2%] Built target mina_interfaces__rs
[ 12%] Built target mina_interfaces__rosidl_generator_c
[ 15%] Built target mina_interfaces__cpp
[ 15%] Built target ament_cmake_python_symlink_mina_interfaces
[ 25%] Built target mina_interfaces__rosidl_typesupport_c
[ 35%] Built target mina_interfaces__rosidl_typesupport_cpp
[ 45%] Built target mina_interfaces__rosidl_typesupport_fastrtps_c
[ 55%] Built target mina_interfaces__rosidl_typesupport_introspection_c
[ 65%] Built target mina_interfaces__rosidl_typesupport_fastrtps_cpp
[ 75%] Built target mina_interfaces__rosidl_typesupport_introspection_cpp
[ 75%] Built target mina_interfaces
[ 77%] Built target mina_interfaces__py
[ 85%] Built target mina_interfaces__rosidl_generator_py
[ 92%] Built target mina_interfaces__rosidl_typesupport_fastrtps_c__pyext
[ 95%] Built target mina_interfaces__rosidl_typesupport_introspection_c__pyext
[100%] Built target mina_interfaces__rosidl_typesupport_c__pyext
running egg_info
writing mina_interfaces.egg-info/PKG-INFO
writing dependency_links to mina_interfaces.egg-info/dependency_links.txt
writing top-level names to mina_interfaces.egg-info/top_level.txt
reading manifest file 'mina_interfaces.egg-info/SOURCES.txt'
writing manifest file 'mina_interfaces.egg-info/SOURCES.txt'
[100%] Built target ament_cmake_python_build_mina_interfaces_egg
-- Install configuration: ""
-- Execute custom install script
-- Up-to-date symlink: /home/edgard/Desktop/AITEAM/nav/install/mina_interfaces/share/ament_index/resource_index/rosidl_interfaces/mina_interfaces
-- Up-to-date symlink: /home/edgard/Desktop/AITEAM/nav/install/mina_interfaces/include/mina_interfaces/mina_interfaces/msg/detail/example__functions.h
-- Up-to-date symlink: /home/edgard/Desktop/AITEAM/nav/install/mina_interfaces/include/mina_interfaces/mina_interfaces/msg/detail/example__struct.h
-- Up-to-date symlink: /home/edgard/Desktop/AITEAM/nav/install/mina_interfaces/include/mina_interfaces/mina_interfaces/msg/detail/example__type_support.h
-- Up-to-date symlink: /home/edgard/Desktop/AITEAM/nav/install/mina_interfaces/include/mina_interfaces/mina_interfaces/msg/example.h
-- Up-to-date symlink: /home/edgard/Desktop/AITEAM/nav/install/mina_interfaces/include/mina_interfaces/mina_interfaces/msg/rosidl_generator_c__visibility_control.h
-- Up-to-date symlink: /home/edgard/Desktop/AITEAM/nav/install/mina_interfaces/include/mina_interfaces/mina_interfaces/srv/detail/switch_control__functions.h
-- Up-to-date symlink: /home/edgard/Desktop/AITEAM/nav/install/mina_interfaces/include/mina_interfaces/mina_interfaces/srv/detail/switch_control__struct.h
-- Up-to-date symlink: /home/edgard/Desktop/AITEAM/nav/install/mina_interfaces/include/mina_interfaces/mina_interfaces/srv/detail/switch_control__type_support.h
-- Up-to-date symlink: /home/edgard/Desktop/AITEAM/nav/install/mina_interfaces/include/mina_interfaces/mina_interfaces/srv/switch_control.h
-- Up-to-date symlink: /home/edgard/Desktop/AITEAM/nav/install/mina_interfaces/share/mina_interfaces/environment/library_path.sh
-- Up-to-date symlink: /home/edgard/Desktop/AITEAM/nav/install/mina_interfaces/share/mina_interfaces/environment/library_path.dsv
-- Up-to-date symlink: /home/edgard/Desktop/AITEAM/nav/install/mina_interfaces/include/mina_interfaces/mina_interfaces/msg/detail/example__rosidl_typesupport_fastrtps_c.h
-- Up-to-date symlink: /home/edgard/Desktop/AITEAM/nav/install/mina_interfaces/include/mina_interfaces/mina_interfaces/msg/rosidl_typesupport_fastrtps_c__visibility_control.h
-- Up-to-date symlink: /home/edgard/Desktop/AITEAM/nav/install/mina_interfaces/include/mina_interfaces/mina_interfaces/srv/detail/switch_control__rosidl_typesupport_fastrtps_c.h
-- Up-to-date symlink: /home/edgard/Desktop/AITEAM/nav/install/mina_interfaces/include/mina_interfaces/mina_interfaces/msg/detail/example__rosidl_typesupport_introspection_c.h
-- Up-to-date symlink: /home/edgard/Desktop/AITEAM/nav/install/mina_interfaces/include/mina_interfaces/mina_interfaces/msg/rosidl_typesupport_introspection_c__visibility_control.h
-- Up-to-date symlink: /home/edgard/Desktop/AITEAM/nav/install/mina_interfaces/include/mina_interfaces/mina_interfaces/srv/detail/switch_control__rosidl_typesupport_introspection_c.h
-- Up-to-date symlink: /home/edgard/Desktop/AITEAM/nav/install/mina_interfaces/include/mina_interfaces/mina_interfaces/msg/detail/example__builder.hpp
-- Up-to-date symlink: /home/edgard/Desktop/AITEAM/nav/install/mina_interfaces/include/mina_interfaces/mina_interfaces/msg/detail/example__struct.hpp
-- Up-to-date symlink: /home/edgard/Desktop/AITEAM/nav/install/mina_interfaces/include/mina_interfaces/mina_interfaces/msg/detail/example__traits.hpp
-- Up-to-date symlink: /home/edgard/Desktop/AITEAM/nav/install/mina_interfaces/include/mina_interfaces/mina_interfaces/msg/detail/example__type_support.hpp
-- Up-to-date symlink: /home/edgard/Desktop/AITEAM/nav/install/mina_interfaces/include/mina_interfaces/mina_interfaces/msg/example.hpp
-- Up-to-date symlink: /home/edgard/Desktop/AITEAM/nav/install/mina_interfaces/include/mina_interfaces/mina_interfaces/msg/rosidl_generator_cpp__visibility_control.hpp
-- Up-to-date symlink: /home/edgard/Desktop/AITEAM/nav/install/mina_interfaces/include/mina_interfaces/mina_interfaces/srv/detail/switch_control__builder.hpp
-- Up-to-date symlink: /home/edgard/Desktop/AITEAM/nav/install/mina_interfaces/include/mina_interfaces/mina_interfaces/srv/detail/switch_control__struct.hpp
-- Up-to-date symlink: /home/edgard/Desktop/AITEAM/nav/install/mina_interfaces/include/mina_interfaces/mina_interfaces/srv/detail/switch_control__traits.hpp
-- Up-to-date symlink: /home/edgard/Desktop/AITEAM/nav/install/mina_interfaces/include/mina_interfaces/mina_interfaces/srv/detail/switch_control__type_support.hpp
-- Up-to-date symlink: /home/edgard/Desktop/AITEAM/nav/install/mina_interfaces/include/mina_interfaces/mina_interfaces/srv/switch_control.hpp
-- Up-to-date symlink: /home/edgard/Desktop/AITEAM/nav/install/mina_interfaces/include/mina_interfaces/mina_interfaces/msg/detail/example__rosidl_typesupport_fastrtps_cpp.hpp
-- Up-to-date symlink: /home/edgard/Desktop/AITEAM/nav/install/mina_interfaces/include/mina_interfaces/mina_interfaces/msg/rosidl_typesupport_fastrtps_cpp__visibility_control.h
-- Up-to-date symlink: /home/edgard/Desktop/AITEAM/nav/install/mina_interfaces/include/mina_interfaces/mina_interfaces/srv/detail/switch_control__rosidl_typesupport_fastrtps_cpp.hpp
-- Up-to-date symlink: /home/edgard/Desktop/AITEAM/nav/install/mina_interfaces/include/mina_interfaces/mina_interfaces/msg/detail/example__rosidl_typesupport_introspection_cpp.hpp
-- Up-to-date symlink: /home/edgard/Desktop/AITEAM/nav/install/mina_interfaces/include/mina_interfaces/mina_interfaces/srv/detail/switch_control__rosidl_typesupport_introspection_cpp.hpp
-- Up-to-date symlink: /home/edgard/Desktop/AITEAM/nav/install/mina_interfaces/share/mina_interfaces/environment/pythonpath.sh
-- Up-to-date symlink: /home/edgard/Desktop/AITEAM/nav/install/mina_interfaces/share/mina_interfaces/environment/pythonpath.dsv
-- Up-to-date symlink: /home/edgard/Desktop/AITEAM/nav/install/mina_interfaces/local/lib/python3.10/dist-packages/mina_interfaces-0.0.0-py3.10.egg-info/PKG-INFO
-- Up-to-date symlink: /home/edgard/Desktop/AITEAM/nav/install/mina_interfaces/local/lib/python3.10/dist-packages/mina_interfaces-0.0.0-py3.10.egg-info/SOURCES.txt
-- Up-to-date symlink: /home/edgard/Desktop/AITEAM/nav/install/mina_interfaces/local/lib/python3.10/dist-packages/mina_interfaces-0.0.0-py3.10.egg-info/dependency_links.txt
-- Up-to-date symlink: /home/edgard/Desktop/AITEAM/nav/install/mina_interfaces/local/lib/python3.10/dist-packages/mina_interfaces-0.0.0-py3.10.egg-info/top_level.txt
-- Up-to-date symlink: /home/edgard/Desktop/AITEAM/nav/install/mina_interfaces/local/lib/python3.10/dist-packages/mina_interfaces/__init__.py
-- Up-to-date symlink: /home/edgard/Desktop/AITEAM/nav/install/mina_interfaces/local/lib/python3.10/dist-packages/mina_interfaces/_mina_interfaces_s.ep.rosidl_typesupport_c.c
-- Up-to-date symlink: /home/edgard/Desktop/AITEAM/nav/install/mina_interfaces/local/lib/python3.10/dist-packages/mina_interfaces/_mina_interfaces_s.ep.rosidl_typesupport_fastrtps_c.c
-- Up-to-date symlink: /home/edgard/Desktop/AITEAM/nav/install/mina_interfaces/local/lib/python3.10/dist-packages/mina_interfaces/_mina_interfaces_s.ep.rosidl_typesupport_introspection_c.c
-- Up-to-date symlink: /home/edgard/Desktop/AITEAM/nav/install/mina_interfaces/local/lib/python3.10/dist-packages/mina_interfaces/libmina_interfaces__rosidl_generator_py.so
-- Up-to-date symlink: /home/edgard/Desktop/AITEAM/nav/install/mina_interfaces/local/lib/python3.10/dist-packages/mina_interfaces/mina_interfaces_s__rosidl_typesupport_c.cpython-310-x86_64-linux-gnu.so
-- Up-to-date symlink: /home/edgard/Desktop/AITEAM/nav/install/mina_interfaces/local/lib/python3.10/dist-packages/mina_interfaces/mina_interfaces_s__rosidl_typesupport_fastrtps_c.cpython-310-x86_64-linux-gnu.so
-- Up-to-date symlink: /home/edgard/Desktop/AITEAM/nav/install/mina_interfaces/local/lib/python3.10/dist-packages/mina_interfaces/mina_interfaces_s__rosidl_typesupport_introspection_c.cpython-310-x86_64-linux-gnu.so
-- Up-to-date symlink: /home/edgard/Desktop/AITEAM/nav/install/mina_interfaces/local/lib/python3.10/dist-packages/mina_interfaces/msg/__init__.py
-- Up-to-date symlink: /home/edgard/Desktop/AITEAM/nav/install/mina_interfaces/local/lib/python3.10/dist-packages/mina_interfaces/msg/_example.py
-- Up-to-date symlink: /home/edgard/Desktop/AITEAM/nav/install/mina_interfaces/local/lib/python3.10/dist-packages/mina_interfaces/msg/_example_s.c
-- Up-to-date symlink: /home/edgard/Desktop/AITEAM/nav/install/mina_interfaces/local/lib/python3.10/dist-packages/mina_interfaces/srv/__init__.py
-- Up-to-date symlink: /home/edgard/Desktop/AITEAM/nav/install/mina_interfaces/local/lib/python3.10/dist-packages/mina_interfaces/srv/_switch_control.py
-- Up-to-date symlink: /home/edgard/Desktop/AITEAM/nav/install/mina_interfaces/local/lib/python3.10/dist-packages/mina_interfaces/srv/_switch_control_s.c
-- Up-to-date symlink: /home/edgard/Desktop/AITEAM/nav/install/mina_interfaces/local/lib/python3.10/dist-packages/mina_interfaces/mina_interfaces_s__rosidl_typesupport_fastrtps_c.cpython-310-x86_64-linux-gnu.so
-- Up-to-date symlink: /home/edgard/Desktop/AITEAM/nav/install/mina_interfaces/local/lib/python3.10/dist-packages/mina_interfaces/mina_interfaces_s__rosidl_typesupport_introspection_c.cpython-310-x86_64-linux-gnu.so
-- Up-to-date symlink: /home/edgard/Desktop/AITEAM/nav/install/mina_interfaces/local/lib/python3.10/dist-packages/mina_interfaces/mina_interfaces_s__rosidl_typesupport_c.cpython-310-x86_64-linux-gnu.so
-- Up-to-date symlink: /home/edgard/Desktop/AITEAM/nav/install/mina_interfaces/share/ament_index/resource_index/rust_packages/mina_interfaces
-- Up-to-date symlink: /home/edgard/Desktop/AITEAM/nav/install/mina_interfaces/share/mina_interfaces/rust/Cargo.toml
-- Up-to-date symlink: /home/edgard/Desktop/AITEAM/nav/install/mina_interfaces/share/mina_interfaces/rust/build.rs
-- Up-to-date symlink: /home/edgard/Desktop/AITEAM/nav/install/mina_interfaces/share/mina_interfaces/rust/src/lib.rs
-- Up-to-date symlink: /home/edgard/Desktop/AITEAM/nav/install/mina_interfaces/share/mina_interfaces/rust/src/msg.rs
-- Up-to-date symlink: /home/edgard/Desktop/AITEAM/nav/install/mina_interfaces/share/mina_interfaces/rust/src/msg/rmw.rs
-- Up-to-date symlink: /home/edgard/Desktop/AITEAM/nav/install/mina_interfaces/share/mina_interfaces/rust/src/srv.rs
-- Up-to-date symlink: /home/edgard/Desktop/AITEAM/nav/install/mina_interfaces/share/mina_interfaces/rust/src/srv/rmw.rs
-- Up-to-date symlink: /home/edgard/Desktop/AITEAM/nav/install/mina_interfaces/share/mina_interfaces/msg/Example.idl
-- Up-to-date symlink: /home/edgard/Desktop/AITEAM/nav/install/mina_interfaces/share/mina_interfaces/srv/SwitchControl.idl
-- Up-to-date symlink: /home/edgard/Desktop/AITEAM/nav/install/mina_interfaces/share/mina_interfaces/msg/Example.msg
-- Up-to-date symlink: /home/edgard/Desktop/AITEAM/nav/install/mina_interfaces/share/mina_interfaces/srv/SwitchControl.srv
-- Up-to-date symlink: /home/edgard/Desktop/AITEAM/nav/install/mina_interfaces/share/mina_interfaces/srv/SwitchControl_Request.msg
-- Up-to-date symlink: /home/edgard/Desktop/AITEAM/nav/install/mina_interfaces/share/mina_interfaces/srv/SwitchControl_Response.msg
-- Up-to-date symlink: /home/edgard/Desktop/AITEAM/nav/install/mina_interfaces/share/ament_index/resource_index/package_run_dependencies/mina_interfaces
-- Up-to-date symlink: /home/edgard/Desktop/AITEAM/nav/install/mina_interfaces/share/ament_index/resource_index/parent_prefix_path/mina_interfaces
-- Up-to-date symlink: /home/edgard/Desktop/AITEAM/nav/install/mina_interfaces/share/mina_interfaces/environment/ament_prefix_path.sh
-- Up-to-date symlink: /home/edgard/Desktop/AITEAM/nav/install/mina_interfaces/share/mina_interfaces/environment/ament_prefix_path.dsv
-- Up-to-date symlink: /home/edgard/Desktop/AITEAM/nav/install/mina_interfaces/share/mina_interfaces/environment/path.sh
-- Up-to-date symlink: /home/edgard/Desktop/AITEAM/nav/install/mina_interfaces/share/mina_interfaces/environment/path.dsv
-- Up-to-date symlink: /home/edgard/Desktop/AITEAM/nav/install/mina_interfaces/share/mina_interfaces/local_setup.bash
-- Up-to-date symlink: /home/edgard/Desktop/AITEAM/nav/install/mina_interfaces/share/mina_interfaces/local_setup.sh
-- Up-to-date symlink: /home/edgard/Desktop/AITEAM/nav/install/mina_interfaces/share/mina_interfaces/local_setup.zsh
-- Up-to-date symlink: /home/edgard/Desktop/AITEAM/nav/install/mina_interfaces/share/mina_interfaces/local_setup.dsv
-- Symlinking: /home/edgard/Desktop/AITEAM/nav/install/mina_interfaces/share/mina_interfaces/package.dsv
-- Up-to-date symlink: /home/edgard/Desktop/AITEAM/nav/install/mina_interfaces/share/ament_index/resource_index/packages/mina_interfaces
-- Up-to-date symlink: /home/edgard/Desktop/AITEAM/nav/install/mina_interfaces/share/mina_interfaces/cmake/rosidl_cmake-extras.cmake
-- Up-to-date symlink: /home/edgard/Desktop/AITEAM/nav/install/mina_interfaces/share/mina_interfaces/cmake/ament_cmake_export_include_directories-extras.cmake
-- Up-to-date symlink: /home/edgard/Desktop/AITEAM/nav/install/mina_interfaces/share/mina_interfaces/cmake/ament_cmake_export_libraries-extras.cmake
-- Up-to-date symlink: /home/edgard/Desktop/AITEAM/nav/install/mina_interfaces/share/mina_interfaces/cmake/ament_cmake_export_targets-extras.cmake
-- Up-to-date symlink: /home/edgard/Desktop/AITEAM/nav/install/mina_interfaces/share/mina_interfaces/cmake/rosidl_cmake_export_typesupport_targets-extras.cmake
-- Up-to-date symlink: /home/edgard/Desktop/AITEAM/nav/install/mina_interfaces/share/mina_interfaces/cmake/ament_cmake_export_dependencies-extras.cmake
-- Up-to-date symlink: /home/edgard/Desktop/AITEAM/nav/install/mina_interfaces/share/mina_interfaces/cmake/rosidl_cmake_export_typesupport_libraries-extras.cmake
-- Up-to-date symlink: /home/edgard/Desktop/AITEAM/nav/install/mina_interfaces/share/mina_interfaces/cmake/mina_interfacesConfig.cmake
-- Up-to-date symlink: /home/edgard/Desktop/AITEAM/nav/install/mina_interfaces/share/mina_interfaces/cmake/mina_interfacesConfig-version.cmake
-- Up-to-date symlink: /home/edgard/Desktop/AITEAM/nav/install/mina_interfaces/share/mina_interfaces/package.xml
-- Up-to-date: /home/edgard/Desktop/AITEAM/nav/install/mina_interfaces/lib/libmina_interfaces__rosidl_generator_c.so
-- Up-to-date: /home/edgard/Desktop/AITEAM/nav/install/mina_interfaces/lib/libmina_interfaces__rosidl_typesupport_fastrtps_c.so
-- Up-to-date: /home/edgard/Desktop/AITEAM/nav/install/mina_interfaces/lib/libmina_interfaces__rosidl_typesupport_introspection_c.so
-- Up-to-date: /home/edgard/Desktop/AITEAM/nav/install/mina_interfaces/lib/libmina_interfaces__rosidl_typesupport_c.so
-- Up-to-date: /home/edgard/Desktop/AITEAM/nav/install/mina_interfaces/lib/libmina_interfaces__rosidl_typesupport_fastrtps_cpp.so
-- Up-to-date: /home/edgard/Desktop/AITEAM/nav/install/mina_interfaces/lib/libmina_interfaces__rosidl_typesupport_introspection_cpp.so
-- Up-to-date: /home/edgard/Desktop/AITEAM/nav/install/mina_interfaces/lib/libmina_interfaces__rosidl_typesupport_cpp.so
Listing '/home/edgard/Desktop/AITEAM/nav/install/mina_interfaces/local/lib/python3.10/dist-packages/mina_interfaces'...
Listing '/home/edgard/Desktop/AITEAM/nav/install/mina_interfaces/local/lib/python3.10/dist-packages/mina_interfaces/msg'...
Listing '/home/edgard/Desktop/AITEAM/nav/install/mina_interfaces/local/lib/python3.10/dist-packages/mina_interfaces/srv'...
-- Up-to-date: /home/edgard/Desktop/AITEAM/nav/install/mina_interfaces/lib/libmina_interfaces__rosidl_generator_py.so
-- Up-to-date: /home/edgard/Desktop/AITEAM/nav/install/mina_interfaces/share/mina_interfaces/cmake/export_mina_interfaces__rosidl_generator_cExport.cmake
-- Up-to-date: /home/edgard/Desktop/AITEAM/nav/install/mina_interfaces/share/mina_interfaces/cmake/export_mina_interfaces__rosidl_generator_cExport-noconfig.cmake
-- Up-to-date: /home/edgard/Desktop/AITEAM/nav/install/mina_interfaces/share/mina_interfaces/cmake/export_mina_interfaces__rosidl_typesupport_fastrtps_cExport.cmake
-- Up-to-date: /home/edgard/Desktop/AITEAM/nav/install/mina_interfaces/share/mina_interfaces/cmake/export_mina_interfaces__rosidl_typesupport_fastrtps_cExport-noconfig.cmake
-- Up-to-date: /home/edgard/Desktop/AITEAM/nav/install/mina_interfaces/share/mina_interfaces/cmake/mina_interfaces__rosidl_typesupport_introspection_cExport.cmake
-- Up-to-date: /home/edgard/Desktop/AITEAM/nav/install/mina_interfaces/share/mina_interfaces/cmake/mina_interfaces__rosidl_typesupport_introspection_cExport-noconfig.cmake
-- Up-to-date: /home/edgard/Desktop/AITEAM/nav/install/mina_interfaces/share/mina_interfaces/cmake/mina_interfaces__rosidl_typesupport_cExport.cmake
-- Up-to-date: /home/edgard/Desktop/AITEAM/nav/install/mina_interfaces/share/mina_interfaces/cmake/mina_interfaces__rosidl_typesupport_cExport-noconfig.cmake
-- Up-to-date: /home/edgard/Desktop/AITEAM/nav/install/mina_interfaces/share/mina_interfaces/cmake/export_mina_interfaces__rosidl_generator_cppExport.cmake
-- Up-to-date: /home/edgard/Desktop/AITEAM/nav/install/mina_interfaces/share/mina_interfaces/cmake/export_mina_interfaces__rosidl_typesupport_fastrtps_cppExport.cmake
-- Up-to-date: /home/edgard/Desktop/AITEAM/nav/install/mina_interfaces/share/mina_interfaces/cmake/export_mina_interfaces__rosidl_typesupport_fastrtps_cppExport-noconfig.cmake
-- Up-to-date: /home/edgard/Desktop/AITEAM/nav/install/mina_interfaces/share/mina_interfaces/cmake/mina_interfaces__rosidl_typesupport_introspection_cppExport.cmake
-- Up-to-date: /home/edgard/Desktop/AITEAM/nav/install/mina_interfaces/share/mina_interfaces/cmake/mina_interfaces__rosidl_typesupport_introspection_cppExport-noconfig.cmake
-- Up-to-date: /home/edgard/Desktop/AITEAM/nav/install/mina_interfaces/share/mina_interfaces/cmake/mina_interfaces__rosidl_typesupport_cppExport.cmake
-- Up-to-date: /home/edgard/Desktop/AITEAM/nav/install/mina_interfaces/share/mina_interfaces/cmake/mina_interfaces__rosidl_typesupport_cppExport-noconfig.cmake
-- Up-to-date: /home/edgard/Desktop/AITEAM/nav/install/mina_interfaces/share/mina_interfaces/cmake/export_mina_interfaces__rosidl_generator_pyExport.cmake
-- Up-to-date: /home/edgard/Desktop/AITEAM/nav/install/mina_interfaces/share/mina_interfaces/cmake/export_mina_interfaces__rosidl_generator_pyExport-noconfig.cmake
