[1.656s] Invoking command in '/home/edgard/Desktop/AITEAM/nav/build/isaac_common_py': AMENT_PREFIX_PATH=/home/edgard/Desktop/AITEAM/nav/install/isaac_ros_common:${AMENT_PREFIX_PATH} CMAKE_PREFIX_PATH=/home/edgard/Desktop/AITEAM/nav/install/isaac_ros_common CONDA_PROMPT_MODIFIER=(base) LD_LIBRARY_PATH=/home/edgard/Desktop/AITEAM/nav/install/isaac_ros_common/lib:/opt/ros/humble/opt/rviz_ogre_vendor/lib:/opt/ros/humble/lib/x86_64-linux-gnu:/opt/ros/humble/lib:/home/edgard/Downloads/TensorRT-10.13.2.6/lib PATH=/home/edgard/Desktop/AITEAM/nav/install/isaac_ros_common/bin:${PATH} PYTHONPATH=/home/edgard/Desktop/AITEAM/nav/build/isaac_common_py/prefix_override:/usr/lib/python3/dist-packages/colcon_core/task/python/colcon_distutils_commands:/home/edgard/Desktop/AITEAM/nav/install/isaac_common_py/lib/python3.10/site-packages:/home/edgard/Desktop/AITEAM/nav/install/isaac_ros_common/local/lib/python3.10/dist-packages:${PYTHONPATH} /usr/bin/python3 -W ignore:setup.py install is deprecated -W ignore:easy_install command is deprecated setup.py develop --editable --build-directory /home/edgard/Desktop/AITEAM/nav/build/isaac_common_py/build --no-deps symlink_data
[1.937s] running develop
[2.150s] running egg_info
[2.150s] creating isaac_common_py.egg-info
[2.150s] writing isaac_common_py.egg-info/PKG-INFO
[2.151s] writing dependency_links to isaac_common_py.egg-info/dependency_links.txt
[2.151s] writing requirements to isaac_common_py.egg-info/requires.txt
[2.151s] writing top-level names to isaac_common_py.egg-info/top_level.txt
[2.151s] writing manifest file 'isaac_common_py.egg-info/SOURCES.txt'
[2.151s] reading manifest file 'isaac_common_py.egg-info/SOURCES.txt'
[2.152s] writing manifest file 'isaac_common_py.egg-info/SOURCES.txt'
[2.211s] running build_ext
[2.211s] Creating /home/edgard/Desktop/AITEAM/nav/install/isaac_common_py/lib/python3.10/site-packages/isaac-common-py.egg-link (link to .)
[2.216s] 
[2.216s] Installed /home/edgard/Desktop/AITEAM/nav/build/isaac_common_py
[2.216s] running symlink_data
[2.216s] creating /home/edgard/Desktop/AITEAM/nav/install/isaac_common_py/share/ament_index
[2.217s] creating /home/edgard/Desktop/AITEAM/nav/install/isaac_common_py/share/ament_index/resource_index
[2.217s] creating /home/edgard/Desktop/AITEAM/nav/install/isaac_common_py/share/ament_index/resource_index/packages
[2.217s] symbolically linking /home/edgard/Desktop/AITEAM/nav/build/isaac_common_py/resource/isaac_common_py -> /home/edgard/Desktop/AITEAM/nav/install/isaac_common_py/share/ament_index/resource_index/packages
[2.217s] symbolically linking /home/edgard/Desktop/AITEAM/nav/build/isaac_common_py/package.xml -> /home/edgard/Desktop/AITEAM/nav/install/isaac_common_py/share/isaac_common_py
[2.317s] Invoked command in '/home/edgard/Desktop/AITEAM/nav/build/isaac_common_py' returned '0': AMENT_PREFIX_PATH=/home/edgard/Desktop/AITEAM/nav/install/isaac_ros_common:${AMENT_PREFIX_PATH} CMAKE_PREFIX_PATH=/home/edgard/Desktop/AITEAM/nav/install/isaac_ros_common CONDA_PROMPT_MODIFIER=(base) LD_LIBRARY_PATH=/home/edgard/Desktop/AITEAM/nav/install/isaac_ros_common/lib:/opt/ros/humble/opt/rviz_ogre_vendor/lib:/opt/ros/humble/lib/x86_64-linux-gnu:/opt/ros/humble/lib:/home/edgard/Downloads/TensorRT-10.13.2.6/lib PATH=/home/edgard/Desktop/AITEAM/nav/install/isaac_ros_common/bin:${PATH} PYTHONPATH=/home/edgard/Desktop/AITEAM/nav/build/isaac_common_py/prefix_override:/usr/lib/python3/dist-packages/colcon_core/task/python/colcon_distutils_commands:/home/edgard/Desktop/AITEAM/nav/install/isaac_common_py/lib/python3.10/site-packages:/home/edgard/Desktop/AITEAM/nav/install/isaac_ros_common/local/lib/python3.10/dist-packages:${PYTHONPATH} /usr/bin/python3 -W ignore:setup.py install is deprecated -W ignore:easy_install command is deprecated setup.py develop --editable --build-directory /home/edgard/Desktop/AITEAM/nav/build/isaac_common_py/build --no-deps symlink_data
