[0.018s] Invoking command in '/home/edgard/Desktop/AITEAM/nav/build/zed_wrapper': AMENT_PREFIX_PATH=/home/edgard/Desktop/AITEAM/nav/install/zed_components:${AMENT_PREFIX_PATH} CMAKE_PREFIX_PATH=/home/edgard/Desktop/AITEAM/nav/install/zed_components:/opt/ros/humble CONDA_PROMPT_MODIFIER=(base) LD_LIBRARY_PATH=/home/edgard/Desktop/AITEAM/nav/install/zed_components/lib:/opt/ros/humble/opt/rviz_ogre_vendor/lib:/opt/ros/humble/lib/x86_64-linux-gnu:/opt/ros/humble/lib:/home/edgard/Downloads/TensorRT-10.13.2.6/lib /usr/bin/cmake /home/edgard/Desktop/AITEAM/nav/src/isaac/src/zed-ros2-wrapper/zed_wrapper -DAMENT_CMAKE_SYMLINK_INSTALL=1 -DCMAKE_INSTALL_PREFIX=/home/edgard/Desktop/AITEAM/nav/install/zed_wrapper
[0.071s] -- The C compiler identification is GNU 11.4.0
[0.177s] -- The CXX compiler identification is GNU 11.4.0
[0.186s] -- Detecting C compiler ABI info
[0.299s] -- Detecting C compiler ABI info - done
[0.304s] -- Check for working C compiler: /usr/bin/cc - skipped
[0.304s] -- Detecting C compile features
[0.305s] -- Detecting C compile features - done
[0.308s] -- Detecting CXX compiler ABI info
[0.395s] -- Detecting CXX compiler ABI info - done
[0.402s] -- Check for working CXX compiler: /usr/bin/c++ - skipped
[0.402s] -- Detecting CXX compile features
[0.402s] -- Detecting CXX compile features - done
[0.404s] -- Found ament_cmake_auto: 1.3.14 (/opt/ros/humble/share/ament_cmake_auto/cmake)
[0.546s] -- Found Python3: /usr/bin/python3 (found version "3.10.12") found components: Interpreter 
[0.603s] -- Override CMake install command with custom implementation using symlinks instead of copying resources
[0.732s] -- Found rosidl_generator_c: 3.1.8 (/opt/ros/humble/share/rosidl_generator_c/cmake)
[0.736s] -- Found rosidl_adapter: 3.1.8 (/opt/ros/humble/share/rosidl_adapter/cmake)
[0.742s] -- Found rosidl_generator_cpp: 3.1.8 (/opt/ros/humble/share/rosidl_generator_cpp/cmake)
[0.751s] -- Using all available rosidl_typesupport_c: rosidl_typesupport_fastrtps_c;rosidl_typesupport_introspection_c
[0.763s] -- Using all available rosidl_typesupport_cpp: rosidl_typesupport_fastrtps_cpp;rosidl_typesupport_introspection_cpp
[0.796s] -- Found rmw_implementation_cmake: 6.1.2 (/opt/ros/humble/share/rmw_implementation_cmake/cmake)
[0.798s] -- Found rmw_fastrtps_cpp: 6.2.10 (/opt/ros/humble/share/rmw_fastrtps_cpp/cmake)
[0.877s] -- Found OpenSSL: /usr/lib/x86_64-linux-gnu/libcrypto.so (found version "3.0.2")  
[0.900s] -- Found FastRTPS: /opt/ros/humble/include  
[0.935s] -- Using RMW implementation 'rmw_fastrtps_cpp' as default
[0.941s] -- Looking for pthread.h
[1.011s] -- Looking for pthread.h - found
[1.012s] -- Performing Test CMAKE_HAVE_LIBC_PTHREAD
[1.088s] -- Performing Test CMAKE_HAVE_LIBC_PTHREAD - Success
[1.088s] -- Found Threads: TRUE  
[1.258s] -- Found eigen3_cmake_module: 0.1.1 (/opt/ros/humble/share/eigen3_cmake_module/cmake)
[1.258s] -- Found Eigen3: TRUE (found version "3.4.0") 
[1.258s] -- Ensuring Eigen3 include directory is part of orocos-kdl CMake target
[1.422s] -- Configuring done
[1.424s] -- Generating done
[1.426s] -- Build files have been written to: /home/edgard/Desktop/AITEAM/nav/build/zed_wrapper
[1.439s] Invoked command in '/home/edgard/Desktop/AITEAM/nav/build/zed_wrapper' returned '0': AMENT_PREFIX_PATH=/home/edgard/Desktop/AITEAM/nav/install/zed_components:${AMENT_PREFIX_PATH} CMAKE_PREFIX_PATH=/home/edgard/Desktop/AITEAM/nav/install/zed_components:/opt/ros/humble CONDA_PROMPT_MODIFIER=(base) LD_LIBRARY_PATH=/home/edgard/Desktop/AITEAM/nav/install/zed_components/lib:/opt/ros/humble/opt/rviz_ogre_vendor/lib:/opt/ros/humble/lib/x86_64-linux-gnu:/opt/ros/humble/lib:/home/edgard/Downloads/TensorRT-10.13.2.6/lib /usr/bin/cmake /home/edgard/Desktop/AITEAM/nav/src/isaac/src/zed-ros2-wrapper/zed_wrapper -DAMENT_CMAKE_SYMLINK_INSTALL=1 -DCMAKE_INSTALL_PREFIX=/home/edgard/Desktop/AITEAM/nav/install/zed_wrapper
[1.440s] Invoking command in '/home/edgard/Desktop/AITEAM/nav/build/zed_wrapper': AMENT_PREFIX_PATH=/home/edgard/Desktop/AITEAM/nav/install/zed_components:${AMENT_PREFIX_PATH} CMAKE_PREFIX_PATH=/home/edgard/Desktop/AITEAM/nav/install/zed_components:/opt/ros/humble CONDA_PROMPT_MODIFIER=(base) LD_LIBRARY_PATH=/home/edgard/Desktop/AITEAM/nav/install/zed_components/lib:/opt/ros/humble/opt/rviz_ogre_vendor/lib:/opt/ros/humble/lib/x86_64-linux-gnu:/opt/ros/humble/lib:/home/edgard/Downloads/TensorRT-10.13.2.6/lib /usr/bin/cmake --build /home/edgard/Desktop/AITEAM/nav/build/zed_wrapper -- -j24 -l24
[1.474s] Invoked command in '/home/edgard/Desktop/AITEAM/nav/build/zed_wrapper' returned '0': AMENT_PREFIX_PATH=/home/edgard/Desktop/AITEAM/nav/install/zed_components:${AMENT_PREFIX_PATH} CMAKE_PREFIX_PATH=/home/edgard/Desktop/AITEAM/nav/install/zed_components:/opt/ros/humble CONDA_PROMPT_MODIFIER=(base) LD_LIBRARY_PATH=/home/edgard/Desktop/AITEAM/nav/install/zed_components/lib:/opt/ros/humble/opt/rviz_ogre_vendor/lib:/opt/ros/humble/lib/x86_64-linux-gnu:/opt/ros/humble/lib:/home/edgard/Downloads/TensorRT-10.13.2.6/lib /usr/bin/cmake --build /home/edgard/Desktop/AITEAM/nav/build/zed_wrapper -- -j24 -l24
[1.475s] Invoking command in '/home/edgard/Desktop/AITEAM/nav/build/zed_wrapper': AMENT_PREFIX_PATH=/home/edgard/Desktop/AITEAM/nav/install/zed_components:${AMENT_PREFIX_PATH} CMAKE_PREFIX_PATH=/home/edgard/Desktop/AITEAM/nav/install/zed_components:/opt/ros/humble CONDA_PROMPT_MODIFIER=(base) LD_LIBRARY_PATH=/home/edgard/Desktop/AITEAM/nav/install/zed_components/lib:/opt/ros/humble/opt/rviz_ogre_vendor/lib:/opt/ros/humble/lib/x86_64-linux-gnu:/opt/ros/humble/lib:/home/edgard/Downloads/TensorRT-10.13.2.6/lib /usr/bin/cmake --install /home/edgard/Desktop/AITEAM/nav/build/zed_wrapper
[1.482s] -- Install configuration: ""
[1.482s] -- Execute custom install script
[1.483s] -- Symlinking: /home/edgard/Desktop/AITEAM/nav/install/zed_wrapper/share/zed_wrapper/config/common_mono.yaml
[1.490s] -- Symlinking: /home/edgard/Desktop/AITEAM/nav/install/zed_wrapper/share/zed_wrapper/config/common_stereo.yaml
[1.498s] -- Symlinking: /home/edgard/Desktop/AITEAM/nav/install/zed_wrapper/share/zed_wrapper/config/ffmpeg.yaml
[1.505s] -- Symlinking: /home/edgard/Desktop/AITEAM/nav/install/zed_wrapper/share/zed_wrapper/config/virtual.yaml
[1.513s] -- Symlinking: /home/edgard/Desktop/AITEAM/nav/install/zed_wrapper/share/zed_wrapper/config/zed.yaml
[1.520s] -- Symlinking: /home/edgard/Desktop/AITEAM/nav/install/zed_wrapper/share/zed_wrapper/config/zed2.yaml
[1.528s] -- Symlinking: /home/edgard/Desktop/AITEAM/nav/install/zed_wrapper/share/zed_wrapper/config/zed2i.yaml
[1.535s] -- Symlinking: /home/edgard/Desktop/AITEAM/nav/install/zed_wrapper/share/zed_wrapper/config/zedm.yaml
[1.543s] -- Symlinking: /home/edgard/Desktop/AITEAM/nav/install/zed_wrapper/share/zed_wrapper/config/zedx.yaml
[1.550s] -- Symlinking: /home/edgard/Desktop/AITEAM/nav/install/zed_wrapper/share/zed_wrapper/config/zedxm.yaml
[1.557s] -- Symlinking: /home/edgard/Desktop/AITEAM/nav/install/zed_wrapper/share/zed_wrapper/config/zedxone4k.yaml
[1.565s] -- Symlinking: /home/edgard/Desktop/AITEAM/nav/install/zed_wrapper/share/zed_wrapper/config/zedxonegs.yaml
[1.573s] -- Symlinking: /home/edgard/Desktop/AITEAM/nav/install/zed_wrapper/share/zed_wrapper/urdf/include/materials.urdf.xacro
[1.581s] -- Symlinking: /home/edgard/Desktop/AITEAM/nav/install/zed_wrapper/share/zed_wrapper/urdf/zed_descr.urdf.xacro
[1.589s] -- Symlinking: /home/edgard/Desktop/AITEAM/nav/install/zed_wrapper/share/zed_wrapper/urdf/zed_macro.urdf.xacro
[1.597s] -- Symlinking: /home/edgard/Desktop/AITEAM/nav/install/zed_wrapper/share/zed_wrapper/launch/zed_camera.launch.py
[1.605s] -- Symlinking: /home/edgard/Desktop/AITEAM/nav/install/zed_wrapper/share/ament_index/resource_index/package_run_dependencies/zed_wrapper
[1.612s] -- Symlinking: /home/edgard/Desktop/AITEAM/nav/install/zed_wrapper/share/ament_index/resource_index/parent_prefix_path/zed_wrapper
[1.620s] -- Symlinking: /home/edgard/Desktop/AITEAM/nav/install/zed_wrapper/share/zed_wrapper/environment/ament_prefix_path.sh
[1.628s] -- Symlinking: /home/edgard/Desktop/AITEAM/nav/install/zed_wrapper/share/zed_wrapper/environment/ament_prefix_path.dsv
[1.635s] -- Symlinking: /home/edgard/Desktop/AITEAM/nav/install/zed_wrapper/share/zed_wrapper/environment/path.sh
[1.642s] -- Symlinking: /home/edgard/Desktop/AITEAM/nav/install/zed_wrapper/share/zed_wrapper/environment/path.dsv
[1.650s] -- Symlinking: /home/edgard/Desktop/AITEAM/nav/install/zed_wrapper/share/zed_wrapper/local_setup.bash
[1.658s] -- Symlinking: /home/edgard/Desktop/AITEAM/nav/install/zed_wrapper/share/zed_wrapper/local_setup.sh
[1.665s] -- Symlinking: /home/edgard/Desktop/AITEAM/nav/install/zed_wrapper/share/zed_wrapper/local_setup.zsh
[1.673s] -- Symlinking: /home/edgard/Desktop/AITEAM/nav/install/zed_wrapper/share/zed_wrapper/local_setup.dsv
[1.680s] -- Symlinking: /home/edgard/Desktop/AITEAM/nav/install/zed_wrapper/share/zed_wrapper/package.dsv
[1.688s] -- Symlinking: /home/edgard/Desktop/AITEAM/nav/install/zed_wrapper/share/ament_index/resource_index/packages/zed_wrapper
[1.696s] -- Symlinking: /home/edgard/Desktop/AITEAM/nav/install/zed_wrapper/share/zed_wrapper/cmake/zed_wrapperConfig.cmake
[1.703s] -- Symlinking: /home/edgard/Desktop/AITEAM/nav/install/zed_wrapper/share/zed_wrapper/cmake/zed_wrapperConfig-version.cmake
[1.712s] -- Symlinking: /home/edgard/Desktop/AITEAM/nav/install/zed_wrapper/share/zed_wrapper/package.xml
[1.722s] Invoked command in '/home/edgard/Desktop/AITEAM/nav/build/zed_wrapper' returned '0': AMENT_PREFIX_PATH=/home/edgard/Desktop/AITEAM/nav/install/zed_components:${AMENT_PREFIX_PATH} CMAKE_PREFIX_PATH=/home/edgard/Desktop/AITEAM/nav/install/zed_components:/opt/ros/humble CONDA_PROMPT_MODIFIER=(base) LD_LIBRARY_PATH=/home/edgard/Desktop/AITEAM/nav/install/zed_components/lib:/opt/ros/humble/opt/rviz_ogre_vendor/lib:/opt/ros/humble/lib/x86_64-linux-gnu:/opt/ros/humble/lib:/home/edgard/Downloads/TensorRT-10.13.2.6/lib /usr/bin/cmake --install /home/edgard/Desktop/AITEAM/nav/build/zed_wrapper
