-- Found ament_cmake_auto: 1.3.14 (/opt/ros/humble/share/ament_cmake_auto/cmake)
-- Override CMake install command with custom implementation using symlinks instead of copying resources
-- Found rosidl_generator_c: 3.1.8 (/opt/ros/humble/share/rosidl_generator_c/cmake)
-- Found rosidl_adapter: 3.1.8 (/opt/ros/humble/share/rosidl_adapter/cmake)
-- Found rosidl_generator_cpp: 3.1.8 (/opt/ros/humble/share/rosidl_generator_cpp/cmake)
-- Using all available rosidl_typesupport_c: rosidl_typesupport_fastrtps_c;rosidl_typesupport_introspection_c
-- Using all available rosidl_typesupport_cpp: rosidl_typesupport_fastrtps_cpp;rosidl_typesupport_introspection_cpp
-- Found rmw_implementation_cmake: 6.1.2 (/opt/ros/humble/share/rmw_implementation_cmake/cmake)
-- Found rmw_fastrtps_cpp: 6.2.10 (/opt/ros/humble/share/rmw_fastrtps_cpp/cmake)
-- Using RMW implementation 'rmw_fastrtps_cpp' as default
-- Loading isaac_ros_common extras
-- CMAKE_BUILD_TYPE: Release
-- CUDA architectures: 89;86;80;75;70
-- Found ament_lint_auto: 0.12.15 (/opt/ros/humble/share/ament_lint_auto/cmake)
-- Added test 'cppcheck' to perform static code analysis on C / C++ code
-- Configured cppcheck include dirs: /home/edgard/Desktop/AITEAM/nav/src/isaac/src/isaac_ros_common/isaac_ros_common/include
-- Configured cppcheck exclude dirs and/or files: 
-- Added test 'cpplint' to check C / C++ code against the Google style
-- Configured cpplint exclude dirs and/or files: 
-- Added test 'flake8' to check Python code syntax and style conventions
-- Added test 'lint_cmake' to check CMake code style
-- Added test 'pep257' to check Python code against some of the docstring style conventions in PEP 257
-- Added test 'uncrustify' to check C / C++ code style
-- Configured uncrustify additional arguments: 
-- Added test 'xmllint' to check XML markup files
-- Configuring done
-- Generating done
-- Build files have been written to: /home/edgard/Desktop/AITEAM/nav/build/isaac_ros_common
[ 33%] [32mBuilding CXX object CMakeFiles/isaac_ros_common.dir/src/qos.cpp.o[0m
[ 66%] [34m[1mGenerating version information as YAML[0m
[ 66%] Built target ament_cmake_python_symlink_isaac_ros_common
[ 66%] Built target generate_version_info_target_isaac_ros_common
running egg_info
creating isaac_ros_common.egg-info
writing isaac_ros_common.egg-info/PKG-INFO
writing dependency_links to isaac_ros_common.egg-info/dependency_links.txt
writing top-level names to isaac_ros_common.egg-info/top_level.txt
writing manifest file 'isaac_ros_common.egg-info/SOURCES.txt'
reading manifest file 'isaac_ros_common.egg-info/SOURCES.txt'
writing manifest file 'isaac_ros_common.egg-info/SOURCES.txt'
[ 66%] Built target ament_cmake_python_build_isaac_ros_common_egg
[100%] [32m[1mLinking CXX shared library libisaac_ros_common.so[0m
[100%] Built target isaac_ros_common
