[0.018s] Invoking command in '/home/edgard/Desktop/AITEAM/nav/build/isaac_ros_common': CMAKE_PREFIX_PATH=/opt/ros/humble CONDA_PROMPT_MODIFIER=(base) /usr/bin/cmake /home/edgard/Desktop/AITEAM/nav/src/isaac/src/isaac_ros_common/isaac_ros_common -DAMENT_CMAKE_SYMLINK_INSTALL=1 -DCMAKE_INSTALL_PREFIX=/home/edgard/Desktop/AITEAM/nav/install/isaac_ros_common
[0.240s] -- Found ament_cmake_auto: 1.3.14 (/opt/ros/humble/share/ament_cmake_auto/cmake)
[0.240s] -- Override CMake install command with custom implementation using symlinks instead of copying resources
[0.272s] -- Found rosidl_generator_c: 3.1.8 (/opt/ros/humble/share/rosidl_generator_c/cmake)
[0.274s] -- Found rosidl_adapter: 3.1.8 (/opt/ros/humble/share/rosidl_adapter/cmake)
[0.279s] -- Found rosidl_generator_cpp: 3.1.8 (/opt/ros/humble/share/rosidl_generator_cpp/cmake)
[0.286s] -- Using all available rosidl_typesupport_c: rosidl_typesupport_fastrtps_c;rosidl_typesupport_introspection_c
[0.295s] -- Using all available rosidl_typesupport_cpp: rosidl_typesupport_fastrtps_cpp;rosidl_typesupport_introspection_cpp
[0.320s] -- Found rmw_implementation_cmake: 6.1.2 (/opt/ros/humble/share/rmw_implementation_cmake/cmake)
[0.321s] -- Found rmw_fastrtps_cpp: 6.2.10 (/opt/ros/humble/share/rmw_fastrtps_cpp/cmake)
[0.415s] -- Using RMW implementation 'rmw_fastrtps_cpp' as default
[0.457s] -- Loading isaac_ros_common extras
[0.457s] -- CMAKE_BUILD_TYPE: Release
[0.462s] -- CUDA architectures: 89;86;80;75;70
[0.471s] [33mCMake Warning at CMakeLists.txt:41 (message):
[0.471s]   VPI not found - building without VPI support
[0.471s] 
[0.471s] [0m
[0.501s] -- Found ament_lint_auto: 0.12.15 (/opt/ros/humble/share/ament_lint_auto/cmake)
[0.565s] [0mIn this package, headers install destination is set to `include` by ament_auto_package. It is recommended to install `include/isaac_ros_common` instead and will be the default behavior of ament_auto_package from ROS 2 Kilted Kaiju. On distributions before Kilted, ament_auto_package behaves the same way when you use USE_SCOPED_HEADER_INSTALL_DIR option.[0m
[0.573s] -- Added test 'cppcheck' to perform static code analysis on C / C++ code
[0.573s] -- Configured cppcheck include dirs: /home/edgard/Desktop/AITEAM/nav/src/isaac/src/isaac_ros_common/isaac_ros_common/include
[0.574s] -- Configured cppcheck exclude dirs and/or files: 
[0.575s] -- Added test 'cpplint' to check C / C++ code against the Google style
[0.575s] -- Configured cpplint exclude dirs and/or files: 
[0.575s] -- Added test 'flake8' to check Python code syntax and style conventions
[0.576s] -- Added test 'lint_cmake' to check CMake code style
[0.576s] -- Added test 'pep257' to check Python code against some of the docstring style conventions in PEP 257
[0.580s] -- Added test 'uncrustify' to check C / C++ code style
[0.580s] -- Configured uncrustify additional arguments: 
[0.582s] -- Added test 'xmllint' to check XML markup files
[0.585s] -- Configuring done
[0.596s] -- Generating done
[0.600s] -- Build files have been written to: /home/edgard/Desktop/AITEAM/nav/build/isaac_ros_common
[0.609s] Invoked command in '/home/edgard/Desktop/AITEAM/nav/build/isaac_ros_common' returned '0': CMAKE_PREFIX_PATH=/opt/ros/humble CONDA_PROMPT_MODIFIER=(base) /usr/bin/cmake /home/edgard/Desktop/AITEAM/nav/src/isaac/src/isaac_ros_common/isaac_ros_common -DAMENT_CMAKE_SYMLINK_INSTALL=1 -DCMAKE_INSTALL_PREFIX=/home/edgard/Desktop/AITEAM/nav/install/isaac_ros_common
[0.610s] Invoking command in '/home/edgard/Desktop/AITEAM/nav/build/isaac_ros_common': CMAKE_PREFIX_PATH=/opt/ros/humble CONDA_PROMPT_MODIFIER=(base) /usr/bin/cmake --build /home/edgard/Desktop/AITEAM/nav/build/isaac_ros_common -- -j24 -l24
[0.668s] [ 33%] [32mBuilding CXX object CMakeFiles/isaac_ros_common.dir/src/qos.cpp.o[0m
[0.669s] [ 66%] [34m[1mGenerating version information as YAML[0m
[0.676s] [ 66%] Built target ament_cmake_python_symlink_isaac_ros_common
[0.752s] [ 66%] Built target generate_version_info_target_isaac_ros_common
[1.058s] running egg_info
[1.058s] creating isaac_ros_common.egg-info
[1.058s] writing isaac_ros_common.egg-info/PKG-INFO
[1.059s] writing dependency_links to isaac_ros_common.egg-info/dependency_links.txt
[1.059s] writing top-level names to isaac_ros_common.egg-info/top_level.txt
[1.059s] writing manifest file 'isaac_ros_common.egg-info/SOURCES.txt'
[1.061s] reading manifest file 'isaac_ros_common.egg-info/SOURCES.txt'
[1.062s] writing manifest file 'isaac_ros_common.egg-info/SOURCES.txt'
[1.093s] [ 66%] Built target ament_cmake_python_build_isaac_ros_common_egg
[3.219s] [100%] [32m[1mLinking CXX shared library libisaac_ros_common.so[0m
[3.319s] [100%] Built target isaac_ros_common
