[0.300s] Invoking command in '/home/edgard/Desktop/AITEAM/nav/build/isaac_ros_tensor_list_interfaces': AMENT_PREFIX_PATH=/home/edgard/Desktop/AITEAM/nav/install/isaac_ros_common:${AMENT_PREFIX_PATH} CMAKE_PREFIX_PATH=/home/edgard/Desktop/AITEAM/nav/install/isaac_ros_common:/opt/ros/humble CONDA_PROMPT_MODIFIER=(base) LD_LIBRARY_PATH=/home/edgard/Desktop/AITEAM/nav/install/isaac_ros_common/lib:/opt/ros/humble/opt/rviz_ogre_vendor/lib:/opt/ros/humble/lib/x86_64-linux-gnu:/opt/ros/humble/lib:/home/edgard/Downloads/TensorRT-10.13.2.6/lib PATH=/home/edgard/Desktop/AITEAM/nav/install/isaac_ros_common/bin:${PATH} PYTHONPATH=/home/edgard/Desktop/AITEAM/nav/install/isaac_ros_common/local/lib/python3.10/dist-packages:${PYTHONPATH} /usr/bin/cmake --build /home/edgard/Desktop/AITEAM/nav/build/isaac_ros_tensor_list_interfaces -- -j24 -l24
[0.772s] [  2%] Built target isaac_ros_tensor_list_interfaces__cpp
[0.772s] [  4%] Built target generate_version_info_target_isaac_ros_tensor_list_interfaces
[0.772s] [ 14%] Built target isaac_ros_tensor_list_interfaces__rosidl_generator_c
[0.772s] [ 16%] Built target isaac_ros_tensor_list_interfaces__rs
[0.772s] [ 16%] Built target ament_cmake_python_symlink_isaac_ros_tensor_list_interfaces
[0.772s] [ 46%] Built target isaac_ros_tensor_list_interfaces__rosidl_typesupport_c
[0.772s] [ 46%] Built target isaac_ros_tensor_list_interfaces__rosidl_typesupport_cpp
[0.772s] [ 46%] Built target isaac_ros_tensor_list_interfaces__rosidl_typesupport_introspection_cpp
[0.772s] [ 57%] Built target isaac_ros_tensor_list_interfaces__rosidl_typesupport_introspection_c
[0.772s] [ 67%] Built target isaac_ros_tensor_list_interfaces__rosidl_typesupport_fastrtps_cpp
[0.772s] [ 77%] Built target isaac_ros_tensor_list_interfaces__rosidl_typesupport_fastrtps_c
[0.772s] [ 77%] Built target isaac_ros_tensor_list_interfaces
[0.772s] [ 79%] Built target isaac_ros_tensor_list_interfaces__py
[0.772s] [ 87%] Built target isaac_ros_tensor_list_interfaces__rosidl_generator_py
[0.772s] [ 91%] Built target isaac_ros_tensor_list_interfaces__rosidl_typesupport_introspection_c__pyext
[0.772s] [ 95%] Built target isaac_ros_tensor_list_interfaces__rosidl_typesupport_c__pyext
[0.772s] [100%] Built target isaac_ros_tensor_list_interfaces__rosidl_typesupport_fastrtps_c__pyext
[0.772s] running egg_info
[0.772s] writing isaac_ros_tensor_list_interfaces.egg-info/PKG-INFO
[0.772s] writing dependency_links to isaac_ros_tensor_list_interfaces.egg-info/dependency_links.txt
[0.772s] writing top-level names to isaac_ros_tensor_list_interfaces.egg-info/top_level.txt
[0.773s] reading manifest file 'isaac_ros_tensor_list_interfaces.egg-info/SOURCES.txt'
[0.773s] writing manifest file 'isaac_ros_tensor_list_interfaces.egg-info/SOURCES.txt'
[0.773s] [100%] Built target ament_cmake_python_build_isaac_ros_tensor_list_interfaces_egg
[0.985s] Invoked command in '/home/edgard/Desktop/AITEAM/nav/build/isaac_ros_tensor_list_interfaces' returned '0': AMENT_PREFIX_PATH=/home/edgard/Desktop/AITEAM/nav/install/isaac_ros_common:${AMENT_PREFIX_PATH} CMAKE_PREFIX_PATH=/home/edgard/Desktop/AITEAM/nav/install/isaac_ros_common:/opt/ros/humble CONDA_PROMPT_MODIFIER=(base) LD_LIBRARY_PATH=/home/edgard/Desktop/AITEAM/nav/install/isaac_ros_common/lib:/opt/ros/humble/opt/rviz_ogre_vendor/lib:/opt/ros/humble/lib/x86_64-linux-gnu:/opt/ros/humble/lib:/home/edgard/Downloads/TensorRT-10.13.2.6/lib PATH=/home/edgard/Desktop/AITEAM/nav/install/isaac_ros_common/bin:${PATH} PYTHONPATH=/home/edgard/Desktop/AITEAM/nav/install/isaac_ros_common/local/lib/python3.10/dist-packages:${PYTHONPATH} /usr/bin/cmake --build /home/edgard/Desktop/AITEAM/nav/build/isaac_ros_tensor_list_interfaces -- -j24 -l24
[0.986s] Invoking command in '/home/edgard/Desktop/AITEAM/nav/build/isaac_ros_tensor_list_interfaces': AMENT_PREFIX_PATH=/home/edgard/Desktop/AITEAM/nav/install/isaac_ros_common:${AMENT_PREFIX_PATH} CMAKE_PREFIX_PATH=/home/edgard/Desktop/AITEAM/nav/install/isaac_ros_common:/opt/ros/humble CONDA_PROMPT_MODIFIER=(base) LD_LIBRARY_PATH=/home/edgard/Desktop/AITEAM/nav/install/isaac_ros_common/lib:/opt/ros/humble/opt/rviz_ogre_vendor/lib:/opt/ros/humble/lib/x86_64-linux-gnu:/opt/ros/humble/lib:/home/edgard/Downloads/TensorRT-10.13.2.6/lib PATH=/home/edgard/Desktop/AITEAM/nav/install/isaac_ros_common/bin:${PATH} PYTHONPATH=/home/edgard/Desktop/AITEAM/nav/install/isaac_ros_common/local/lib/python3.10/dist-packages:${PYTHONPATH} /usr/bin/cmake --install /home/edgard/Desktop/AITEAM/nav/build/isaac_ros_tensor_list_interfaces
[0.997s] -- Install configuration: "Release"
[0.997s] -- Execute custom install script
[0.998s] -- Up-to-date symlink: /home/edgard/Desktop/AITEAM/nav/install/isaac_ros_tensor_list_interfaces/share/ament_index/resource_index/rosidl_interfaces/isaac_ros_tensor_list_interfaces
[0.998s] -- Up-to-date symlink: /home/edgard/Desktop/AITEAM/nav/install/isaac_ros_tensor_list_interfaces/include/isaac_ros_tensor_list_interfaces/isaac_ros_tensor_list_interfaces/msg/detail/tensor__functions.h
[0.998s] -- Up-to-date symlink: /home/edgard/Desktop/AITEAM/nav/install/isaac_ros_tensor_list_interfaces/include/isaac_ros_tensor_list_interfaces/isaac_ros_tensor_list_interfaces/msg/detail/tensor__struct.h
[0.998s] -- Up-to-date symlink: /home/edgard/Desktop/AITEAM/nav/install/isaac_ros_tensor_list_interfaces/include/isaac_ros_tensor_list_interfaces/isaac_ros_tensor_list_interfaces/msg/detail/tensor__type_support.h
[0.998s] -- Up-to-date symlink: /home/edgard/Desktop/AITEAM/nav/install/isaac_ros_tensor_list_interfaces/include/isaac_ros_tensor_list_interfaces/isaac_ros_tensor_list_interfaces/msg/detail/tensor_list__functions.h
[0.998s] -- Up-to-date symlink: /home/edgard/Desktop/AITEAM/nav/install/isaac_ros_tensor_list_interfaces/include/isaac_ros_tensor_list_interfaces/isaac_ros_tensor_list_interfaces/msg/detail/tensor_list__struct.h
[1.001s] -- Up-to-date symlink: /home/edgard/Desktop/AITEAM/nav/install/isaac_ros_tensor_list_interfaces/include/isaac_ros_tensor_list_interfaces/isaac_ros_tensor_list_interfaces/msg/detail/tensor_list__type_support.h
[1.001s] -- Up-to-date symlink: /home/edgard/Desktop/AITEAM/nav/install/isaac_ros_tensor_list_interfaces/include/isaac_ros_tensor_list_interfaces/isaac_ros_tensor_list_interfaces/msg/detail/tensor_shape__functions.h
[1.001s] -- Up-to-date symlink: /home/edgard/Desktop/AITEAM/nav/install/isaac_ros_tensor_list_interfaces/include/isaac_ros_tensor_list_interfaces/isaac_ros_tensor_list_interfaces/msg/detail/tensor_shape__struct.h
[1.001s] -- Up-to-date symlink: /home/edgard/Desktop/AITEAM/nav/install/isaac_ros_tensor_list_interfaces/include/isaac_ros_tensor_list_interfaces/isaac_ros_tensor_list_interfaces/msg/detail/tensor_shape__type_support.h
[1.001s] -- Up-to-date symlink: /home/edgard/Desktop/AITEAM/nav/install/isaac_ros_tensor_list_interfaces/include/isaac_ros_tensor_list_interfaces/isaac_ros_tensor_list_interfaces/msg/rosidl_generator_c__visibility_control.h
[1.001s] -- Up-to-date symlink: /home/edgard/Desktop/AITEAM/nav/install/isaac_ros_tensor_list_interfaces/include/isaac_ros_tensor_list_interfaces/isaac_ros_tensor_list_interfaces/msg/tensor.h
[1.002s] -- Up-to-date symlink: /home/edgard/Desktop/AITEAM/nav/install/isaac_ros_tensor_list_interfaces/include/isaac_ros_tensor_list_interfaces/isaac_ros_tensor_list_interfaces/msg/tensor_list.h
[1.002s] -- Up-to-date symlink: /home/edgard/Desktop/AITEAM/nav/install/isaac_ros_tensor_list_interfaces/include/isaac_ros_tensor_list_interfaces/isaac_ros_tensor_list_interfaces/msg/tensor_shape.h
[1.002s] -- Up-to-date symlink: /home/edgard/Desktop/AITEAM/nav/install/isaac_ros_tensor_list_interfaces/share/isaac_ros_tensor_list_interfaces/environment/library_path.sh
[1.002s] -- Up-to-date symlink: /home/edgard/Desktop/AITEAM/nav/install/isaac_ros_tensor_list_interfaces/share/isaac_ros_tensor_list_interfaces/environment/library_path.dsv
[1.002s] -- Up-to-date symlink: /home/edgard/Desktop/AITEAM/nav/install/isaac_ros_tensor_list_interfaces/include/isaac_ros_tensor_list_interfaces/isaac_ros_tensor_list_interfaces/msg/detail/tensor__rosidl_typesupport_fastrtps_c.h
[1.002s] -- Up-to-date symlink: /home/edgard/Desktop/AITEAM/nav/install/isaac_ros_tensor_list_interfaces/include/isaac_ros_tensor_list_interfaces/isaac_ros_tensor_list_interfaces/msg/detail/tensor_list__rosidl_typesupport_fastrtps_c.h
[1.003s] -- Up-to-date symlink: /home/edgard/Desktop/AITEAM/nav/install/isaac_ros_tensor_list_interfaces/include/isaac_ros_tensor_list_interfaces/isaac_ros_tensor_list_interfaces/msg/detail/tensor_shape__rosidl_typesupport_fastrtps_c.h
[1.003s] -- Up-to-date symlink: /home/edgard/Desktop/AITEAM/nav/install/isaac_ros_tensor_list_interfaces/include/isaac_ros_tensor_list_interfaces/isaac_ros_tensor_list_interfaces/msg/rosidl_typesupport_fastrtps_c__visibility_control.h
[1.006s] -- Up-to-date symlink: /home/edgard/Desktop/AITEAM/nav/install/isaac_ros_tensor_list_interfaces/include/isaac_ros_tensor_list_interfaces/isaac_ros_tensor_list_interfaces/msg/detail/tensor__rosidl_typesupport_introspection_c.h
[1.006s] -- Up-to-date symlink: /home/edgard/Desktop/AITEAM/nav/install/isaac_ros_tensor_list_interfaces/include/isaac_ros_tensor_list_interfaces/isaac_ros_tensor_list_interfaces/msg/detail/tensor_list__rosidl_typesupport_introspection_c.h
[1.007s] -- Up-to-date symlink: /home/edgard/Desktop/AITEAM/nav/install/isaac_ros_tensor_list_interfaces/include/isaac_ros_tensor_list_interfaces/isaac_ros_tensor_list_interfaces/msg/detail/tensor_shape__rosidl_typesupport_introspection_c.h
[1.007s] -- Up-to-date symlink: /home/edgard/Desktop/AITEAM/nav/install/isaac_ros_tensor_list_interfaces/include/isaac_ros_tensor_list_interfaces/isaac_ros_tensor_list_interfaces/msg/rosidl_typesupport_introspection_c__visibility_control.h
[1.007s] -- Up-to-date symlink: /home/edgard/Desktop/AITEAM/nav/install/isaac_ros_tensor_list_interfaces/include/isaac_ros_tensor_list_interfaces/isaac_ros_tensor_list_interfaces/msg/detail/tensor__builder.hpp
[1.007s] -- Up-to-date symlink: /home/edgard/Desktop/AITEAM/nav/install/isaac_ros_tensor_list_interfaces/include/isaac_ros_tensor_list_interfaces/isaac_ros_tensor_list_interfaces/msg/detail/tensor__struct.hpp
[1.008s] -- Up-to-date symlink: /home/edgard/Desktop/AITEAM/nav/install/isaac_ros_tensor_list_interfaces/include/isaac_ros_tensor_list_interfaces/isaac_ros_tensor_list_interfaces/msg/detail/tensor__traits.hpp
[1.008s] -- Up-to-date symlink: /home/edgard/Desktop/AITEAM/nav/install/isaac_ros_tensor_list_interfaces/include/isaac_ros_tensor_list_interfaces/isaac_ros_tensor_list_interfaces/msg/detail/tensor__type_support.hpp
[1.009s] -- Up-to-date symlink: /home/edgard/Desktop/AITEAM/nav/install/isaac_ros_tensor_list_interfaces/include/isaac_ros_tensor_list_interfaces/isaac_ros_tensor_list_interfaces/msg/detail/tensor_list__builder.hpp
[1.009s] -- Up-to-date symlink: /home/edgard/Desktop/AITEAM/nav/install/isaac_ros_tensor_list_interfaces/include/isaac_ros_tensor_list_interfaces/isaac_ros_tensor_list_interfaces/msg/detail/tensor_list__struct.hpp
[1.009s] -- Up-to-date symlink: /home/edgard/Desktop/AITEAM/nav/install/isaac_ros_tensor_list_interfaces/include/isaac_ros_tensor_list_interfaces/isaac_ros_tensor_list_interfaces/msg/detail/tensor_list__traits.hpp
[1.009s] -- Up-to-date symlink: /home/edgard/Desktop/AITEAM/nav/install/isaac_ros_tensor_list_interfaces/include/isaac_ros_tensor_list_interfaces/isaac_ros_tensor_list_interfaces/msg/detail/tensor_list__type_support.hpp
[1.010s] -- Up-to-date symlink: /home/edgard/Desktop/AITEAM/nav/install/isaac_ros_tensor_list_interfaces/include/isaac_ros_tensor_list_interfaces/isaac_ros_tensor_list_interfaces/msg/detail/tensor_shape__builder.hpp
[1.010s] -- Up-to-date symlink: /home/edgard/Desktop/AITEAM/nav/install/isaac_ros_tensor_list_interfaces/include/isaac_ros_tensor_list_interfaces/isaac_ros_tensor_list_interfaces/msg/detail/tensor_shape__struct.hpp
[1.010s] -- Up-to-date symlink: /home/edgard/Desktop/AITEAM/nav/install/isaac_ros_tensor_list_interfaces/include/isaac_ros_tensor_list_interfaces/isaac_ros_tensor_list_interfaces/msg/detail/tensor_shape__traits.hpp
[1.010s] -- Up-to-date symlink: /home/edgard/Desktop/AITEAM/nav/install/isaac_ros_tensor_list_interfaces/include/isaac_ros_tensor_list_interfaces/isaac_ros_tensor_list_interfaces/msg/detail/tensor_shape__type_support.hpp
[1.010s] -- Up-to-date symlink: /home/edgard/Desktop/AITEAM/nav/install/isaac_ros_tensor_list_interfaces/include/isaac_ros_tensor_list_interfaces/isaac_ros_tensor_list_interfaces/msg/rosidl_generator_cpp__visibility_control.hpp
[1.010s] -- Up-to-date symlink: /home/edgard/Desktop/AITEAM/nav/install/isaac_ros_tensor_list_interfaces/include/isaac_ros_tensor_list_interfaces/isaac_ros_tensor_list_interfaces/msg/tensor.hpp
[1.010s] -- Up-to-date symlink: /home/edgard/Desktop/AITEAM/nav/install/isaac_ros_tensor_list_interfaces/include/isaac_ros_tensor_list_interfaces/isaac_ros_tensor_list_interfaces/msg/tensor_list.hpp
[1.010s] -- Up-to-date symlink: /home/edgard/Desktop/AITEAM/nav/install/isaac_ros_tensor_list_interfaces/include/isaac_ros_tensor_list_interfaces/isaac_ros_tensor_list_interfaces/msg/tensor_shape.hpp
[1.011s] -- Up-to-date symlink: /home/edgard/Desktop/AITEAM/nav/install/isaac_ros_tensor_list_interfaces/include/isaac_ros_tensor_list_interfaces/isaac_ros_tensor_list_interfaces/msg/detail/tensor__rosidl_typesupport_fastrtps_cpp.hpp
[1.011s] -- Up-to-date symlink: /home/edgard/Desktop/AITEAM/nav/install/isaac_ros_tensor_list_interfaces/include/isaac_ros_tensor_list_interfaces/isaac_ros_tensor_list_interfaces/msg/detail/tensor_list__rosidl_typesupport_fastrtps_cpp.hpp
[1.011s] -- Up-to-date symlink: /home/edgard/Desktop/AITEAM/nav/install/isaac_ros_tensor_list_interfaces/include/isaac_ros_tensor_list_interfaces/isaac_ros_tensor_list_interfaces/msg/detail/tensor_shape__rosidl_typesupport_fastrtps_cpp.hpp
[1.011s] -- Up-to-date symlink: /home/edgard/Desktop/AITEAM/nav/install/isaac_ros_tensor_list_interfaces/include/isaac_ros_tensor_list_interfaces/isaac_ros_tensor_list_interfaces/msg/rosidl_typesupport_fastrtps_cpp__visibility_control.h
[1.011s] -- Up-to-date symlink: /home/edgard/Desktop/AITEAM/nav/install/isaac_ros_tensor_list_interfaces/include/isaac_ros_tensor_list_interfaces/isaac_ros_tensor_list_interfaces/msg/detail/tensor__rosidl_typesupport_introspection_cpp.hpp
[1.011s] -- Up-to-date symlink: /home/edgard/Desktop/AITEAM/nav/install/isaac_ros_tensor_list_interfaces/include/isaac_ros_tensor_list_interfaces/isaac_ros_tensor_list_interfaces/msg/detail/tensor_list__rosidl_typesupport_introspection_cpp.hpp
[1.011s] -- Up-to-date symlink: /home/edgard/Desktop/AITEAM/nav/install/isaac_ros_tensor_list_interfaces/include/isaac_ros_tensor_list_interfaces/isaac_ros_tensor_list_interfaces/msg/detail/tensor_shape__rosidl_typesupport_introspection_cpp.hpp
[1.011s] -- Up-to-date symlink: /home/edgard/Desktop/AITEAM/nav/install/isaac_ros_tensor_list_interfaces/share/isaac_ros_tensor_list_interfaces/environment/pythonpath.sh
[1.011s] -- Up-to-date symlink: /home/edgard/Desktop/AITEAM/nav/install/isaac_ros_tensor_list_interfaces/share/isaac_ros_tensor_list_interfaces/environment/pythonpath.dsv
[1.011s] -- Up-to-date symlink: /home/edgard/Desktop/AITEAM/nav/install/isaac_ros_tensor_list_interfaces/local/lib/python3.10/dist-packages/isaac_ros_tensor_list_interfaces-3.2.5-py3.10.egg-info/PKG-INFO
[1.011s] -- Up-to-date symlink: /home/edgard/Desktop/AITEAM/nav/install/isaac_ros_tensor_list_interfaces/local/lib/python3.10/dist-packages/isaac_ros_tensor_list_interfaces-3.2.5-py3.10.egg-info/SOURCES.txt
[1.011s] -- Up-to-date symlink: /home/edgard/Desktop/AITEAM/nav/install/isaac_ros_tensor_list_interfaces/local/lib/python3.10/dist-packages/isaac_ros_tensor_list_interfaces-3.2.5-py3.10.egg-info/dependency_links.txt
[1.011s] -- Up-to-date symlink: /home/edgard/Desktop/AITEAM/nav/install/isaac_ros_tensor_list_interfaces/local/lib/python3.10/dist-packages/isaac_ros_tensor_list_interfaces-3.2.5-py3.10.egg-info/top_level.txt
[1.012s] -- Up-to-date symlink: /home/edgard/Desktop/AITEAM/nav/install/isaac_ros_tensor_list_interfaces/local/lib/python3.10/dist-packages/isaac_ros_tensor_list_interfaces/__init__.py
[1.012s] -- Up-to-date symlink: /home/edgard/Desktop/AITEAM/nav/install/isaac_ros_tensor_list_interfaces/local/lib/python3.10/dist-packages/isaac_ros_tensor_list_interfaces/_isaac_ros_tensor_list_interfaces_s.ep.rosidl_typesupport_c.c
[1.012s] -- Up-to-date symlink: /home/edgard/Desktop/AITEAM/nav/install/isaac_ros_tensor_list_interfaces/local/lib/python3.10/dist-packages/isaac_ros_tensor_list_interfaces/_isaac_ros_tensor_list_interfaces_s.ep.rosidl_typesupport_fastrtps_c.c
[1.012s] -- Up-to-date symlink: /home/edgard/Desktop/AITEAM/nav/install/isaac_ros_tensor_list_interfaces/local/lib/python3.10/dist-packages/isaac_ros_tensor_list_interfaces/_isaac_ros_tensor_list_interfaces_s.ep.rosidl_typesupport_introspection_c.c
[1.012s] -- Up-to-date symlink: /home/edgard/Desktop/AITEAM/nav/install/isaac_ros_tensor_list_interfaces/local/lib/python3.10/dist-packages/isaac_ros_tensor_list_interfaces/isaac_ros_tensor_list_interfaces_s__rosidl_typesupport_c.cpython-310-x86_64-linux-gnu.so
[1.012s] -- Up-to-date symlink: /home/edgard/Desktop/AITEAM/nav/install/isaac_ros_tensor_list_interfaces/local/lib/python3.10/dist-packages/isaac_ros_tensor_list_interfaces/isaac_ros_tensor_list_interfaces_s__rosidl_typesupport_fastrtps_c.cpython-310-x86_64-linux-gnu.so
[1.012s] -- Up-to-date symlink: /home/edgard/Desktop/AITEAM/nav/install/isaac_ros_tensor_list_interfaces/local/lib/python3.10/dist-packages/isaac_ros_tensor_list_interfaces/isaac_ros_tensor_list_interfaces_s__rosidl_typesupport_introspection_c.cpython-310-x86_64-linux-gnu.so
[1.012s] -- Up-to-date symlink: /home/edgard/Desktop/AITEAM/nav/install/isaac_ros_tensor_list_interfaces/local/lib/python3.10/dist-packages/isaac_ros_tensor_list_interfaces/libisaac_ros_tensor_list_interfaces__rosidl_generator_py.so
[1.012s] -- Up-to-date symlink: /home/edgard/Desktop/AITEAM/nav/install/isaac_ros_tensor_list_interfaces/local/lib/python3.10/dist-packages/isaac_ros_tensor_list_interfaces/msg/__init__.py
[1.013s] -- Up-to-date symlink: /home/edgard/Desktop/AITEAM/nav/install/isaac_ros_tensor_list_interfaces/local/lib/python3.10/dist-packages/isaac_ros_tensor_list_interfaces/msg/_tensor.py
[1.013s] -- Up-to-date symlink: /home/edgard/Desktop/AITEAM/nav/install/isaac_ros_tensor_list_interfaces/local/lib/python3.10/dist-packages/isaac_ros_tensor_list_interfaces/msg/_tensor_list.py
[1.013s] -- Up-to-date symlink: /home/edgard/Desktop/AITEAM/nav/install/isaac_ros_tensor_list_interfaces/local/lib/python3.10/dist-packages/isaac_ros_tensor_list_interfaces/msg/_tensor_list_s.c
[1.013s] -- Up-to-date symlink: /home/edgard/Desktop/AITEAM/nav/install/isaac_ros_tensor_list_interfaces/local/lib/python3.10/dist-packages/isaac_ros_tensor_list_interfaces/msg/_tensor_s.c
[1.013s] -- Up-to-date symlink: /home/edgard/Desktop/AITEAM/nav/install/isaac_ros_tensor_list_interfaces/local/lib/python3.10/dist-packages/isaac_ros_tensor_list_interfaces/msg/_tensor_shape.py
[1.013s] -- Up-to-date symlink: /home/edgard/Desktop/AITEAM/nav/install/isaac_ros_tensor_list_interfaces/local/lib/python3.10/dist-packages/isaac_ros_tensor_list_interfaces/msg/_tensor_shape_s.c
[1.013s] -- Up-to-date symlink: /home/edgard/Desktop/AITEAM/nav/install/isaac_ros_tensor_list_interfaces/local/lib/python3.10/dist-packages/isaac_ros_tensor_list_interfaces/isaac_ros_tensor_list_interfaces_s__rosidl_typesupport_fastrtps_c.cpython-310-x86_64-linux-gnu.so
[1.013s] -- Up-to-date symlink: /home/edgard/Desktop/AITEAM/nav/install/isaac_ros_tensor_list_interfaces/local/lib/python3.10/dist-packages/isaac_ros_tensor_list_interfaces/isaac_ros_tensor_list_interfaces_s__rosidl_typesupport_introspection_c.cpython-310-x86_64-linux-gnu.so
[1.013s] -- Up-to-date symlink: /home/edgard/Desktop/AITEAM/nav/install/isaac_ros_tensor_list_interfaces/local/lib/python3.10/dist-packages/isaac_ros_tensor_list_interfaces/isaac_ros_tensor_list_interfaces_s__rosidl_typesupport_c.cpython-310-x86_64-linux-gnu.so
[1.013s] -- Up-to-date symlink: /home/edgard/Desktop/AITEAM/nav/install/isaac_ros_tensor_list_interfaces/share/ament_index/resource_index/rust_packages/isaac_ros_tensor_list_interfaces
[1.014s] -- Up-to-date symlink: /home/edgard/Desktop/AITEAM/nav/install/isaac_ros_tensor_list_interfaces/share/isaac_ros_tensor_list_interfaces/rust/Cargo.toml
[1.014s] -- Up-to-date symlink: /home/edgard/Desktop/AITEAM/nav/install/isaac_ros_tensor_list_interfaces/share/isaac_ros_tensor_list_interfaces/rust/build.rs
[1.015s] -- Up-to-date symlink: /home/edgard/Desktop/AITEAM/nav/install/isaac_ros_tensor_list_interfaces/share/isaac_ros_tensor_list_interfaces/rust/src/lib.rs
[1.015s] -- Up-to-date symlink: /home/edgard/Desktop/AITEAM/nav/install/isaac_ros_tensor_list_interfaces/share/isaac_ros_tensor_list_interfaces/rust/src/msg.rs
[1.015s] -- Up-to-date symlink: /home/edgard/Desktop/AITEAM/nav/install/isaac_ros_tensor_list_interfaces/share/isaac_ros_tensor_list_interfaces/rust/src/msg/rmw.rs
[1.015s] -- Up-to-date symlink: /home/edgard/Desktop/AITEAM/nav/install/isaac_ros_tensor_list_interfaces/share/isaac_ros_tensor_list_interfaces/msg/TensorShape.idl
[1.016s] -- Up-to-date symlink: /home/edgard/Desktop/AITEAM/nav/install/isaac_ros_tensor_list_interfaces/share/isaac_ros_tensor_list_interfaces/msg/Tensor.idl
[1.016s] -- Up-to-date symlink: /home/edgard/Desktop/AITEAM/nav/install/isaac_ros_tensor_list_interfaces/share/isaac_ros_tensor_list_interfaces/msg/TensorList.idl
[1.016s] -- Up-to-date symlink: /home/edgard/Desktop/AITEAM/nav/install/isaac_ros_tensor_list_interfaces/share/isaac_ros_tensor_list_interfaces/msg/TensorShape.msg
[1.017s] -- Up-to-date symlink: /home/edgard/Desktop/AITEAM/nav/install/isaac_ros_tensor_list_interfaces/share/isaac_ros_tensor_list_interfaces/msg/Tensor.msg
[1.017s] -- Up-to-date symlink: /home/edgard/Desktop/AITEAM/nav/install/isaac_ros_tensor_list_interfaces/share/isaac_ros_tensor_list_interfaces/msg/TensorList.msg
[1.017s] -- Up-to-date symlink: /home/edgard/Desktop/AITEAM/nav/install/isaac_ros_tensor_list_interfaces/share/isaac_ros_tensor_list_interfaces/version_info.yaml
[1.017s] -- Up-to-date symlink: /home/edgard/Desktop/AITEAM/nav/install/isaac_ros_tensor_list_interfaces/share/ament_index/resource_index/package_run_dependencies/isaac_ros_tensor_list_interfaces
[1.017s] -- Up-to-date symlink: /home/edgard/Desktop/AITEAM/nav/install/isaac_ros_tensor_list_interfaces/share/ament_index/resource_index/parent_prefix_path/isaac_ros_tensor_list_interfaces
[1.017s] -- Up-to-date symlink: /home/edgard/Desktop/AITEAM/nav/install/isaac_ros_tensor_list_interfaces/share/isaac_ros_tensor_list_interfaces/environment/ament_prefix_path.sh
[1.017s] -- Up-to-date symlink: /home/edgard/Desktop/AITEAM/nav/install/isaac_ros_tensor_list_interfaces/share/isaac_ros_tensor_list_interfaces/environment/ament_prefix_path.dsv
[1.017s] -- Up-to-date symlink: /home/edgard/Desktop/AITEAM/nav/install/isaac_ros_tensor_list_interfaces/share/isaac_ros_tensor_list_interfaces/environment/path.sh
[1.017s] -- Up-to-date symlink: /home/edgard/Desktop/AITEAM/nav/install/isaac_ros_tensor_list_interfaces/share/isaac_ros_tensor_list_interfaces/environment/path.dsv
[1.017s] -- Up-to-date symlink: /home/edgard/Desktop/AITEAM/nav/install/isaac_ros_tensor_list_interfaces/share/isaac_ros_tensor_list_interfaces/local_setup.bash
[1.018s] -- Up-to-date symlink: /home/edgard/Desktop/AITEAM/nav/install/isaac_ros_tensor_list_interfaces/share/isaac_ros_tensor_list_interfaces/local_setup.sh
[1.018s] -- Up-to-date symlink: /home/edgard/Desktop/AITEAM/nav/install/isaac_ros_tensor_list_interfaces/share/isaac_ros_tensor_list_interfaces/local_setup.zsh
[1.018s] -- Up-to-date symlink: /home/edgard/Desktop/AITEAM/nav/install/isaac_ros_tensor_list_interfaces/share/isaac_ros_tensor_list_interfaces/local_setup.dsv
[1.018s] -- Symlinking: /home/edgard/Desktop/AITEAM/nav/install/isaac_ros_tensor_list_interfaces/share/isaac_ros_tensor_list_interfaces/package.dsv
[1.019s] -- Up-to-date symlink: /home/edgard/Desktop/AITEAM/nav/install/isaac_ros_tensor_list_interfaces/share/ament_index/resource_index/packages/isaac_ros_tensor_list_interfaces
[1.019s] -- Up-to-date symlink: /home/edgard/Desktop/AITEAM/nav/install/isaac_ros_tensor_list_interfaces/share/isaac_ros_tensor_list_interfaces/cmake/rosidl_cmake-extras.cmake
[1.019s] -- Up-to-date symlink: /home/edgard/Desktop/AITEAM/nav/install/isaac_ros_tensor_list_interfaces/share/isaac_ros_tensor_list_interfaces/cmake/ament_cmake_export_dependencies-extras.cmake
[1.020s] -- Up-to-date symlink: /home/edgard/Desktop/AITEAM/nav/install/isaac_ros_tensor_list_interfaces/share/isaac_ros_tensor_list_interfaces/cmake/ament_cmake_export_include_directories-extras.cmake
[1.020s] -- Up-to-date symlink: /home/edgard/Desktop/AITEAM/nav/install/isaac_ros_tensor_list_interfaces/share/isaac_ros_tensor_list_interfaces/cmake/ament_cmake_export_libraries-extras.cmake
[1.020s] -- Up-to-date symlink: /home/edgard/Desktop/AITEAM/nav/install/isaac_ros_tensor_list_interfaces/share/isaac_ros_tensor_list_interfaces/cmake/ament_cmake_export_targets-extras.cmake
[1.020s] -- Up-to-date symlink: /home/edgard/Desktop/AITEAM/nav/install/isaac_ros_tensor_list_interfaces/share/isaac_ros_tensor_list_interfaces/cmake/rosidl_cmake_export_typesupport_targets-extras.cmake
[1.020s] -- Up-to-date symlink: /home/edgard/Desktop/AITEAM/nav/install/isaac_ros_tensor_list_interfaces/share/isaac_ros_tensor_list_interfaces/cmake/rosidl_cmake_export_typesupport_libraries-extras.cmake
[1.020s] -- Up-to-date symlink: /home/edgard/Desktop/AITEAM/nav/install/isaac_ros_tensor_list_interfaces/share/isaac_ros_tensor_list_interfaces/cmake/isaac_ros_tensor_list_interfacesConfig.cmake
[1.020s] -- Up-to-date symlink: /home/edgard/Desktop/AITEAM/nav/install/isaac_ros_tensor_list_interfaces/share/isaac_ros_tensor_list_interfaces/cmake/isaac_ros_tensor_list_interfacesConfig-version.cmake
[1.020s] -- Up-to-date symlink: /home/edgard/Desktop/AITEAM/nav/install/isaac_ros_tensor_list_interfaces/share/isaac_ros_tensor_list_interfaces/package.xml
[1.020s] -- Up-to-date: /home/edgard/Desktop/AITEAM/nav/install/isaac_ros_tensor_list_interfaces/lib/libisaac_ros_tensor_list_interfaces__rosidl_generator_c.so
[1.020s] -- Up-to-date: /home/edgard/Desktop/AITEAM/nav/install/isaac_ros_tensor_list_interfaces/lib/libisaac_ros_tensor_list_interfaces__rosidl_typesupport_fastrtps_c.so
[1.020s] -- Up-to-date: /home/edgard/Desktop/AITEAM/nav/install/isaac_ros_tensor_list_interfaces/lib/libisaac_ros_tensor_list_interfaces__rosidl_typesupport_introspection_c.so
[1.020s] -- Up-to-date: /home/edgard/Desktop/AITEAM/nav/install/isaac_ros_tensor_list_interfaces/lib/libisaac_ros_tensor_list_interfaces__rosidl_typesupport_c.so
[1.020s] -- Up-to-date: /home/edgard/Desktop/AITEAM/nav/install/isaac_ros_tensor_list_interfaces/lib/libisaac_ros_tensor_list_interfaces__rosidl_typesupport_fastrtps_cpp.so
[1.020s] -- Up-to-date: /home/edgard/Desktop/AITEAM/nav/install/isaac_ros_tensor_list_interfaces/lib/libisaac_ros_tensor_list_interfaces__rosidl_typesupport_introspection_cpp.so
[1.020s] -- Up-to-date: /home/edgard/Desktop/AITEAM/nav/install/isaac_ros_tensor_list_interfaces/lib/libisaac_ros_tensor_list_interfaces__rosidl_typesupport_cpp.so
[1.107s] Listing '/home/edgard/Desktop/AITEAM/nav/install/isaac_ros_tensor_list_interfaces/local/lib/python3.10/dist-packages/isaac_ros_tensor_list_interfaces'...
[1.108s] Listing '/home/edgard/Desktop/AITEAM/nav/install/isaac_ros_tensor_list_interfaces/local/lib/python3.10/dist-packages/isaac_ros_tensor_list_interfaces/msg'...
[1.110s] -- Up-to-date: /home/edgard/Desktop/AITEAM/nav/install/isaac_ros_tensor_list_interfaces/lib/libisaac_ros_tensor_list_interfaces__rosidl_generator_py.so
[1.110s] -- Up-to-date: /home/edgard/Desktop/AITEAM/nav/install/isaac_ros_tensor_list_interfaces/share/isaac_ros_tensor_list_interfaces/cmake/export_isaac_ros_tensor_list_interfaces__rosidl_generator_cExport.cmake
[1.110s] -- Up-to-date: /home/edgard/Desktop/AITEAM/nav/install/isaac_ros_tensor_list_interfaces/share/isaac_ros_tensor_list_interfaces/cmake/export_isaac_ros_tensor_list_interfaces__rosidl_generator_cExport-release.cmake
[1.110s] -- Up-to-date: /home/edgard/Desktop/AITEAM/nav/install/isaac_ros_tensor_list_interfaces/share/isaac_ros_tensor_list_interfaces/cmake/export_isaac_ros_tensor_list_interfaces__rosidl_typesupport_fastrtps_cExport.cmake
[1.110s] -- Up-to-date: /home/edgard/Desktop/AITEAM/nav/install/isaac_ros_tensor_list_interfaces/share/isaac_ros_tensor_list_interfaces/cmake/export_isaac_ros_tensor_list_interfaces__rosidl_typesupport_fastrtps_cExport-release.cmake
[1.111s] -- Up-to-date: /home/edgard/Desktop/AITEAM/nav/install/isaac_ros_tensor_list_interfaces/share/isaac_ros_tensor_list_interfaces/cmake/isaac_ros_tensor_list_interfaces__rosidl_typesupport_introspection_cExport.cmake
[1.111s] -- Up-to-date: /home/edgard/Desktop/AITEAM/nav/install/isaac_ros_tensor_list_interfaces/share/isaac_ros_tensor_list_interfaces/cmake/isaac_ros_tensor_list_interfaces__rosidl_typesupport_introspection_cExport-release.cmake
[1.112s] -- Up-to-date: /home/edgard/Desktop/AITEAM/nav/install/isaac_ros_tensor_list_interfaces/share/isaac_ros_tensor_list_interfaces/cmake/isaac_ros_tensor_list_interfaces__rosidl_typesupport_cExport.cmake
[1.112s] -- Up-to-date: /home/edgard/Desktop/AITEAM/nav/install/isaac_ros_tensor_list_interfaces/share/isaac_ros_tensor_list_interfaces/cmake/isaac_ros_tensor_list_interfaces__rosidl_typesupport_cExport-release.cmake
[1.112s] -- Up-to-date: /home/edgard/Desktop/AITEAM/nav/install/isaac_ros_tensor_list_interfaces/share/isaac_ros_tensor_list_interfaces/cmake/export_isaac_ros_tensor_list_interfaces__rosidl_generator_cppExport.cmake
[1.112s] -- Up-to-date: /home/edgard/Desktop/AITEAM/nav/install/isaac_ros_tensor_list_interfaces/share/isaac_ros_tensor_list_interfaces/cmake/export_isaac_ros_tensor_list_interfaces__rosidl_typesupport_fastrtps_cppExport.cmake
[1.112s] -- Up-to-date: /home/edgard/Desktop/AITEAM/nav/install/isaac_ros_tensor_list_interfaces/share/isaac_ros_tensor_list_interfaces/cmake/export_isaac_ros_tensor_list_interfaces__rosidl_typesupport_fastrtps_cppExport-release.cmake
[1.112s] -- Up-to-date: /home/edgard/Desktop/AITEAM/nav/install/isaac_ros_tensor_list_interfaces/share/isaac_ros_tensor_list_interfaces/cmake/isaac_ros_tensor_list_interfaces__rosidl_typesupport_introspection_cppExport.cmake
[1.112s] -- Up-to-date: /home/edgard/Desktop/AITEAM/nav/install/isaac_ros_tensor_list_interfaces/share/isaac_ros_tensor_list_interfaces/cmake/isaac_ros_tensor_list_interfaces__rosidl_typesupport_introspection_cppExport-release.cmake
[1.112s] -- Up-to-date: /home/edgard/Desktop/AITEAM/nav/install/isaac_ros_tensor_list_interfaces/share/isaac_ros_tensor_list_interfaces/cmake/isaac_ros_tensor_list_interfaces__rosidl_typesupport_cppExport.cmake
[1.112s] -- Up-to-date: /home/edgard/Desktop/AITEAM/nav/install/isaac_ros_tensor_list_interfaces/share/isaac_ros_tensor_list_interfaces/cmake/isaac_ros_tensor_list_interfaces__rosidl_typesupport_cppExport-release.cmake
[1.112s] -- Up-to-date: /home/edgard/Desktop/AITEAM/nav/install/isaac_ros_tensor_list_interfaces/share/isaac_ros_tensor_list_interfaces/cmake/export_isaac_ros_tensor_list_interfaces__rosidl_generator_pyExport.cmake
[1.113s] -- Up-to-date: /home/edgard/Desktop/AITEAM/nav/install/isaac_ros_tensor_list_interfaces/share/isaac_ros_tensor_list_interfaces/cmake/export_isaac_ros_tensor_list_interfaces__rosidl_generator_pyExport-release.cmake
[1.244s] Invoked command in '/home/edgard/Desktop/AITEAM/nav/build/isaac_ros_tensor_list_interfaces' returned '0': AMENT_PREFIX_PATH=/home/edgard/Desktop/AITEAM/nav/install/isaac_ros_common:${AMENT_PREFIX_PATH} CMAKE_PREFIX_PATH=/home/edgard/Desktop/AITEAM/nav/install/isaac_ros_common:/opt/ros/humble CONDA_PROMPT_MODIFIER=(base) LD_LIBRARY_PATH=/home/edgard/Desktop/AITEAM/nav/install/isaac_ros_common/lib:/opt/ros/humble/opt/rviz_ogre_vendor/lib:/opt/ros/humble/lib/x86_64-linux-gnu:/opt/ros/humble/lib:/home/edgard/Downloads/TensorRT-10.13.2.6/lib PATH=/home/edgard/Desktop/AITEAM/nav/install/isaac_ros_common/bin:${PATH} PYTHONPATH=/home/edgard/Desktop/AITEAM/nav/install/isaac_ros_common/local/lib/python3.10/dist-packages:${PYTHONPATH} /usr/bin/cmake --install /home/edgard/Desktop/AITEAM/nav/build/isaac_ros_tensor_list_interfaces
