[0.017s] Invoking command in '/home/edgard/Desktop/AITEAM/nav/build/mina_description': CMAKE_PREFIX_PATH=/opt/ros/humble CONDA_PROMPT_MODIFIER=(base) /usr/bin/cmake /home/edgard/Desktop/AITEAM/nav/src/mina_description -DAMENT_CMAKE_SYMLINK_INSTALL=1 -DCMAKE_INSTALL_PREFIX=/home/edgard/Desktop/AITEAM/nav/install/mina_description
[0.241s] -- The C compiler identification is GNU 11.4.0
[0.241s] -- The CXX compiler identification is GNU 11.4.0
[0.242s] -- Detecting C compiler ABI info
[0.242s] -- Detecting C compiler ABI info - done
[0.242s] -- Check for working C compiler: /usr/bin/cc - skipped
[0.242s] -- Detecting C compile features
[0.242s] -- Detecting C compile features - done
[0.242s] -- Detecting CXX compiler ABI info
[0.284s] -- Detecting CXX compiler ABI info - done
[0.289s] -- Check for working CXX compiler: /usr/bin/c++ - skipped
[0.289s] -- Detecting CXX compile features
[0.289s] -- Detecting CXX compile features - done
[0.291s] -- Found ament_cmake: 1.3.14 (/opt/ros/humble/share/ament_cmake/cmake)
[0.442s] -- Found Python3: /usr/bin/python3 (found version "3.10.12") found components: Interpreter 
[0.495s] -- Override CMake install command with custom implementation using symlinks instead of copying resources
[0.598s] -- Configuring done
[0.603s] -- Generating done
[0.605s] -- Build files have been written to: /home/edgard/Desktop/AITEAM/nav/build/mina_description
[0.609s] Invoked command in '/home/edgard/Desktop/AITEAM/nav/build/mina_description' returned '0': CMAKE_PREFIX_PATH=/opt/ros/humble CONDA_PROMPT_MODIFIER=(base) /usr/bin/cmake /home/edgard/Desktop/AITEAM/nav/src/mina_description -DAMENT_CMAKE_SYMLINK_INSTALL=1 -DCMAKE_INSTALL_PREFIX=/home/edgard/Desktop/AITEAM/nav/install/mina_description
[0.611s] Invoking command in '/home/edgard/Desktop/AITEAM/nav/build/mina_description': CMAKE_PREFIX_PATH=/opt/ros/humble CONDA_PROMPT_MODIFIER=(base) /usr/bin/cmake --build /home/edgard/Desktop/AITEAM/nav/build/mina_description -- -j24 -l24
[0.645s] Invoked command in '/home/edgard/Desktop/AITEAM/nav/build/mina_description' returned '0': CMAKE_PREFIX_PATH=/opt/ros/humble CONDA_PROMPT_MODIFIER=(base) /usr/bin/cmake --build /home/edgard/Desktop/AITEAM/nav/build/mina_description -- -j24 -l24
[0.654s] Invoking command in '/home/edgard/Desktop/AITEAM/nav/build/mina_description': CMAKE_PREFIX_PATH=/opt/ros/humble CONDA_PROMPT_MODIFIER=(base) /usr/bin/cmake --install /home/edgard/Desktop/AITEAM/nav/build/mina_description
[0.663s] -- Install configuration: ""
[0.664s] -- Execute custom install script
[0.664s] -- Symlinking: /home/edgard/Desktop/AITEAM/nav/install/mina_description/share/mina_description//urdf/berkeley_humanoid_lite.urdf
[0.672s] -- Symlinking: /home/edgard/Desktop/AITEAM/nav/install/mina_description/share/mina_description//urdf/berkeley_humanoid_lite_biped.urdf
[0.681s] -- Symlinking: /home/edgard/Desktop/AITEAM/nav/install/mina_description/share/mina_description//meshes/arm_left_elbow_pitch_visual.stl
[0.688s] -- Symlinking: /home/edgard/Desktop/AITEAM/nav/install/mina_description/share/mina_description//meshes/arm_left_elbow_roll_visual.stl
[0.697s] -- Symlinking: /home/edgard/Desktop/AITEAM/nav/install/mina_description/share/mina_description//meshes/arm_left_hand_link_visual.stl
[0.704s] -- Symlinking: /home/edgard/Desktop/AITEAM/nav/install/mina_description/share/mina_description//meshes/arm_left_shoulder_pitch_visual.stl
[0.712s] -- Symlinking: /home/edgard/Desktop/AITEAM/nav/install/mina_description/share/mina_description//meshes/arm_left_shoulder_roll_visual.stl
[0.721s] -- Symlinking: /home/edgard/Desktop/AITEAM/nav/install/mina_description/share/mina_description//meshes/arm_left_shoulder_yaw_visual.stl
[0.732s] -- Symlinking: /home/edgard/Desktop/AITEAM/nav/install/mina_description/share/mina_description//meshes/arm_right_elbow_pitch_visual.stl
[0.742s] -- Symlinking: /home/edgard/Desktop/AITEAM/nav/install/mina_description/share/mina_description//meshes/arm_right_elbow_roll_visual.stl
[0.751s] -- Symlinking: /home/edgard/Desktop/AITEAM/nav/install/mina_description/share/mina_description//meshes/arm_right_hand_link_visual.stl
[0.763s] -- Symlinking: /home/edgard/Desktop/AITEAM/nav/install/mina_description/share/mina_description//meshes/arm_right_shoulder_pitch_visual.stl
[0.769s] -- Symlinking: /home/edgard/Desktop/AITEAM/nav/install/mina_description/share/mina_description//meshes/arm_right_shoulder_roll_visual.stl
[0.780s] -- Symlinking: /home/edgard/Desktop/AITEAM/nav/install/mina_description/share/mina_description//meshes/arm_right_shoulder_yaw_visual.stl
[0.783s] -- Symlinking: /home/edgard/Desktop/AITEAM/nav/install/mina_description/share/mina_description//meshes/base_visual.stl
[0.791s] -- Symlinking: /home/edgard/Desktop/AITEAM/nav/install/mina_description/share/mina_description//meshes/imu_2_visual.stl
[0.798s] -- Symlinking: /home/edgard/Desktop/AITEAM/nav/install/mina_description/share/mina_description//meshes/leg_left_ankle_pitch_visual.stl
[0.805s] -- Symlinking: /home/edgard/Desktop/AITEAM/nav/install/mina_description/share/mina_description//meshes/leg_left_ankle_roll_visual.stl
[0.813s] -- Symlinking: /home/edgard/Desktop/AITEAM/nav/install/mina_description/share/mina_description//meshes/leg_left_hip_pitch_visual.stl
[0.820s] -- Symlinking: /home/edgard/Desktop/AITEAM/nav/install/mina_description/share/mina_description//meshes/leg_left_hip_roll_visual.stl
[0.829s] -- Symlinking: /home/edgard/Desktop/AITEAM/nav/install/mina_description/share/mina_description//meshes/leg_left_hip_yaw_visual.stl
[0.836s] -- Symlinking: /home/edgard/Desktop/AITEAM/nav/install/mina_description/share/mina_description//meshes/leg_left_knee_pitch_visual.stl
[0.843s] -- Symlinking: /home/edgard/Desktop/AITEAM/nav/install/mina_description/share/mina_description//meshes/leg_right_ankle_pitch_visual.stl
[0.851s] -- Symlinking: /home/edgard/Desktop/AITEAM/nav/install/mina_description/share/mina_description//meshes/leg_right_ankle_roll_visual.stl
[0.858s] -- Symlinking: /home/edgard/Desktop/AITEAM/nav/install/mina_description/share/mina_description//meshes/leg_right_hip_pitch_visual.stl
[0.865s] -- Symlinking: /home/edgard/Desktop/AITEAM/nav/install/mina_description/share/mina_description//meshes/leg_right_hip_roll_visual.stl
[0.872s] -- Symlinking: /home/edgard/Desktop/AITEAM/nav/install/mina_description/share/mina_description//meshes/leg_right_hip_yaw_visual.stl
[0.879s] -- Symlinking: /home/edgard/Desktop/AITEAM/nav/install/mina_description/share/mina_description//meshes/leg_right_knee_pitch_visual.stl
[0.889s] -- Symlinking: /home/edgard/Desktop/AITEAM/nav/install/mina_description/share/mina_description//launch/biped_display.launch.py
[0.896s] -- Symlinking: /home/edgard/Desktop/AITEAM/nav/install/mina_description/share/mina_description//launch/mina_display.launch.py
[0.902s] -- Symlinking: /home/edgard/Desktop/AITEAM/nav/install/mina_description/share/mina_description//launch/mina_rsp.launch.py
[0.910s] -- Symlinking: /home/edgard/Desktop/AITEAM/nav/install/mina_description/share/mina_description//rviz/mina.rviz
[0.920s] -- Symlinking: /home/edgard/Desktop/AITEAM/nav/install/mina_description/share/ament_index/resource_index/package_run_dependencies/mina_description
[0.927s] -- Symlinking: /home/edgard/Desktop/AITEAM/nav/install/mina_description/share/ament_index/resource_index/parent_prefix_path/mina_description
[0.935s] -- Symlinking: /home/edgard/Desktop/AITEAM/nav/install/mina_description/share/mina_description/environment/ament_prefix_path.sh
[0.942s] -- Symlinking: /home/edgard/Desktop/AITEAM/nav/install/mina_description/share/mina_description/environment/ament_prefix_path.dsv
[0.950s] -- Symlinking: /home/edgard/Desktop/AITEAM/nav/install/mina_description/share/mina_description/environment/path.sh
[0.958s] -- Symlinking: /home/edgard/Desktop/AITEAM/nav/install/mina_description/share/mina_description/environment/path.dsv
[0.967s] -- Symlinking: /home/edgard/Desktop/AITEAM/nav/install/mina_description/share/mina_description/local_setup.bash
[0.976s] -- Symlinking: /home/edgard/Desktop/AITEAM/nav/install/mina_description/share/mina_description/local_setup.sh
[0.988s] -- Symlinking: /home/edgard/Desktop/AITEAM/nav/install/mina_description/share/mina_description/local_setup.zsh
[0.993s] -- Symlinking: /home/edgard/Desktop/AITEAM/nav/install/mina_description/share/mina_description/local_setup.dsv
[1.002s] -- Symlinking: /home/edgard/Desktop/AITEAM/nav/install/mina_description/share/mina_description/package.dsv
[1.009s] -- Symlinking: /home/edgard/Desktop/AITEAM/nav/install/mina_description/share/ament_index/resource_index/packages/mina_description
[1.017s] -- Symlinking: /home/edgard/Desktop/AITEAM/nav/install/mina_description/share/mina_description/cmake/mina_descriptionConfig.cmake
[1.023s] -- Symlinking: /home/edgard/Desktop/AITEAM/nav/install/mina_description/share/mina_description/cmake/mina_descriptionConfig-version.cmake
[1.032s] -- Symlinking: /home/edgard/Desktop/AITEAM/nav/install/mina_description/share/mina_description/package.xml
[1.040s] Invoked command in '/home/edgard/Desktop/AITEAM/nav/build/mina_description' returned '0': CMAKE_PREFIX_PATH=/opt/ros/humble CONDA_PROMPT_MODIFIER=(base) /usr/bin/cmake --install /home/edgard/Desktop/AITEAM/nav/build/mina_description
