[0.010s] Invoking command in '/home/xplore/dev_ws/src/src/build/zed2i_isaac_vslam': AMENT_PREFIX_PATH=/home/xplore/dev_ws/src/src/install/zed_wrapper:/home/xplore/dev_ws/src/src/install/zed_components:${AMENT_PREFIX_PATH} CMAKE_PREFIX_PATH=/home/xplore/dev_ws/src/src/install/zed_wrapper:/home/xplore/dev_ws/src/src/install/zed_components:/usr/local/zed:/opt/ros/humble LD_LIBRARY_PATH=/home/xplore/dev_ws/src/src/install/zed_components/lib:${LD_LIBRARY_PATH} /usr/bin/cmake /home/xplore/dev_ws/src/src/zed2i_isaac_vslam -DCMAKE_BUILD_TYPE=Release -DAMENT_CMAKE_SYMLINK_INSTALL=1 -DCMAKE_INSTALL_PREFIX=/home/xplore/dev_ws/src/src/install/zed2i_isaac_vslam
[0.066s] -- The C compiler identification is GNU 11.4.0
[0.124s] -- The CXX compiler identification is GNU 11.4.0
[0.131s] -- Detecting C compiler ABI info
[0.199s] -- Detecting C compiler ABI info - done
[0.206s] -- Check for working C compiler: /usr/bin/cc - skipped
[0.206s] -- Detecting C compile features
[0.207s] -- Detecting C compile features - done
[0.210s] -- Detecting CXX compiler ABI info
[0.290s] -- Detecting CXX compiler ABI info - done
[0.297s] -- Check for working CXX compiler: /usr/bin/c++ - skipped
[0.298s] -- Detecting CXX compile features
[0.298s] -- Detecting CXX compile features - done
[0.303s] -- Found ament_cmake: 1.3.14 (/opt/ros/humble/share/ament_cmake/cmake)
[0.451s] -- Found Python3: /usr/bin/python3 (found version "3.10.12") found components: Interpreter 
[0.518s] -- Override CMake install command with custom implementation using symlinks instead of copying resources
[0.628s] -- Configuring done
[0.630s] -- Generating done
[0.631s] -- Build files have been written to: /home/xplore/dev_ws/src/src/build/zed2i_isaac_vslam
[0.637s] Invoked command in '/home/xplore/dev_ws/src/src/build/zed2i_isaac_vslam' returned '0': AMENT_PREFIX_PATH=/home/xplore/dev_ws/src/src/install/zed_wrapper:/home/xplore/dev_ws/src/src/install/zed_components:${AMENT_PREFIX_PATH} CMAKE_PREFIX_PATH=/home/xplore/dev_ws/src/src/install/zed_wrapper:/home/xplore/dev_ws/src/src/install/zed_components:/usr/local/zed:/opt/ros/humble LD_LIBRARY_PATH=/home/xplore/dev_ws/src/src/install/zed_components/lib:${LD_LIBRARY_PATH} /usr/bin/cmake /home/xplore/dev_ws/src/src/zed2i_isaac_vslam -DCMAKE_BUILD_TYPE=Release -DAMENT_CMAKE_SYMLINK_INSTALL=1 -DCMAKE_INSTALL_PREFIX=/home/xplore/dev_ws/src/src/install/zed2i_isaac_vslam
[0.638s] Invoking command in '/home/xplore/dev_ws/src/src/build/zed2i_isaac_vslam': AMENT_PREFIX_PATH=/home/xplore/dev_ws/src/src/install/zed_wrapper:/home/xplore/dev_ws/src/src/install/zed_components:${AMENT_PREFIX_PATH} CMAKE_PREFIX_PATH=/home/xplore/dev_ws/src/src/install/zed_wrapper:/home/xplore/dev_ws/src/src/install/zed_components:/usr/local/zed:/opt/ros/humble LD_LIBRARY_PATH=/home/xplore/dev_ws/src/src/install/zed_components/lib:${LD_LIBRARY_PATH} /usr/bin/cmake --build /home/xplore/dev_ws/src/src/build/zed2i_isaac_vslam -- -j24 -l24
[0.674s] Invoked command in '/home/xplore/dev_ws/src/src/build/zed2i_isaac_vslam' returned '0': AMENT_PREFIX_PATH=/home/xplore/dev_ws/src/src/install/zed_wrapper:/home/xplore/dev_ws/src/src/install/zed_components:${AMENT_PREFIX_PATH} CMAKE_PREFIX_PATH=/home/xplore/dev_ws/src/src/install/zed_wrapper:/home/xplore/dev_ws/src/src/install/zed_components:/usr/local/zed:/opt/ros/humble LD_LIBRARY_PATH=/home/xplore/dev_ws/src/src/install/zed_components/lib:${LD_LIBRARY_PATH} /usr/bin/cmake --build /home/xplore/dev_ws/src/src/build/zed2i_isaac_vslam -- -j24 -l24
[0.676s] Invoking command in '/home/xplore/dev_ws/src/src/build/zed2i_isaac_vslam': AMENT_PREFIX_PATH=/home/xplore/dev_ws/src/src/install/zed_wrapper:/home/xplore/dev_ws/src/src/install/zed_components:${AMENT_PREFIX_PATH} CMAKE_PREFIX_PATH=/home/xplore/dev_ws/src/src/install/zed_wrapper:/home/xplore/dev_ws/src/src/install/zed_components:/usr/local/zed:/opt/ros/humble LD_LIBRARY_PATH=/home/xplore/dev_ws/src/src/install/zed_components/lib:${LD_LIBRARY_PATH} /usr/bin/cmake --install /home/xplore/dev_ws/src/src/build/zed2i_isaac_vslam
[0.684s] -- Install configuration: "Release"
[0.684s] -- Execute custom install script
[0.685s] -- Symlinking: /home/xplore/dev_ws/src/src/install/zed2i_isaac_vslam/share/zed2i_isaac_vslam/config/SN38462249.conf
[0.695s] -- Symlinking: /home/xplore/dev_ws/src/src/install/zed2i_isaac_vslam/share/zed2i_isaac_vslam/config/visual_slam.yaml
[0.703s] -- Symlinking: /home/xplore/dev_ws/src/src/install/zed2i_isaac_vslam/share/zed2i_isaac_vslam/config/zed2i_camera.yaml
[0.711s] -- Symlinking: /home/xplore/dev_ws/src/src/install/zed2i_isaac_vslam/share/zed2i_isaac_vslam/launch/zed2i_isaac_vslam.launch.py
[0.718s] -- Symlinking: /home/xplore/dev_ws/src/src/install/zed2i_isaac_vslam/share/zed2i_isaac_vslam/rviz/zed2i_isaac_vslam.rviz
[0.727s] -- Symlinking: /home/xplore/dev_ws/src/src/install/zed2i_isaac_vslam/lib/zed2i_isaac_vslam/vio_watcher
[0.735s] -- Symlinking: /home/xplore/dev_ws/src/src/install/zed2i_isaac_vslam/share/ament_index/resource_index/package_run_dependencies/zed2i_isaac_vslam
[0.743s] -- Symlinking: /home/xplore/dev_ws/src/src/install/zed2i_isaac_vslam/share/ament_index/resource_index/parent_prefix_path/zed2i_isaac_vslam
[0.752s] -- Symlinking: /home/xplore/dev_ws/src/src/install/zed2i_isaac_vslam/share/zed2i_isaac_vslam/environment/ament_prefix_path.sh
[0.760s] -- Symlinking: /home/xplore/dev_ws/src/src/install/zed2i_isaac_vslam/share/zed2i_isaac_vslam/environment/ament_prefix_path.dsv
[0.768s] -- Symlinking: /home/xplore/dev_ws/src/src/install/zed2i_isaac_vslam/share/zed2i_isaac_vslam/environment/path.sh
[0.777s] -- Symlinking: /home/xplore/dev_ws/src/src/install/zed2i_isaac_vslam/share/zed2i_isaac_vslam/environment/path.dsv
[0.785s] -- Symlinking: /home/xplore/dev_ws/src/src/install/zed2i_isaac_vslam/share/zed2i_isaac_vslam/local_setup.bash
[0.793s] -- Symlinking: /home/xplore/dev_ws/src/src/install/zed2i_isaac_vslam/share/zed2i_isaac_vslam/local_setup.sh
[0.801s] -- Symlinking: /home/xplore/dev_ws/src/src/install/zed2i_isaac_vslam/share/zed2i_isaac_vslam/local_setup.zsh
[0.808s] -- Symlinking: /home/xplore/dev_ws/src/src/install/zed2i_isaac_vslam/share/zed2i_isaac_vslam/local_setup.dsv
[0.817s] -- Symlinking: /home/xplore/dev_ws/src/src/install/zed2i_isaac_vslam/share/zed2i_isaac_vslam/package.dsv
[0.825s] -- Symlinking: /home/xplore/dev_ws/src/src/install/zed2i_isaac_vslam/share/ament_index/resource_index/packages/zed2i_isaac_vslam
[0.834s] -- Symlinking: /home/xplore/dev_ws/src/src/install/zed2i_isaac_vslam/share/zed2i_isaac_vslam/cmake/zed2i_isaac_vslamConfig.cmake
[0.842s] -- Symlinking: /home/xplore/dev_ws/src/src/install/zed2i_isaac_vslam/share/zed2i_isaac_vslam/cmake/zed2i_isaac_vslamConfig-version.cmake
[0.852s] -- Symlinking: /home/xplore/dev_ws/src/src/install/zed2i_isaac_vslam/share/zed2i_isaac_vslam/package.xml
[0.868s] Invoked command in '/home/xplore/dev_ws/src/src/build/zed2i_isaac_vslam' returned '0': AMENT_PREFIX_PATH=/home/xplore/dev_ws/src/src/install/zed_wrapper:/home/xplore/dev_ws/src/src/install/zed_components:${AMENT_PREFIX_PATH} CMAKE_PREFIX_PATH=/home/xplore/dev_ws/src/src/install/zed_wrapper:/home/xplore/dev_ws/src/src/install/zed_components:/usr/local/zed:/opt/ros/humble LD_LIBRARY_PATH=/home/xplore/dev_ws/src/src/install/zed_components/lib:${LD_LIBRARY_PATH} /usr/bin/cmake --install /home/xplore/dev_ws/src/src/build/zed2i_isaac_vslam
