[0.515s] Invoking command in '/home/edgard/Desktop/AITEAM/nav/build/isaac_ros_bi3d_interfaces': AMENT_PREFIX_PATH=/home/edgard/Desktop/AITEAM/nav/install/isaac_ros_common:${AMENT_PREFIX_PATH} CMAKE_PREFIX_PATH=/home/edgard/Desktop/AITEAM/nav/install/isaac_ros_common:/opt/ros/humble CONDA_PROMPT_MODIFIER=(base) LD_LIBRARY_PATH=/home/edgard/Desktop/AITEAM/nav/install/isaac_ros_common/lib:/opt/ros/humble/opt/rviz_ogre_vendor/lib:/opt/ros/humble/lib/x86_64-linux-gnu:/opt/ros/humble/lib:/home/edgard/Downloads/TensorRT-10.13.2.6/lib PATH=/home/edgard/Desktop/AITEAM/nav/install/isaac_ros_common/bin:${PATH} PYTHONPATH=/home/edgard/Desktop/AITEAM/nav/install/isaac_ros_common/local/lib/python3.10/dist-packages:${PYTHONPATH} /usr/bin/cmake /home/edgard/Desktop/AITEAM/nav/src/isaac/src/isaac_ros_common/isaac_ros_bi3d_interfaces -DAMENT_CMAKE_SYMLINK_INSTALL=1 -DCMAKE_INSTALL_PREFIX=/home/edgard/Desktop/AITEAM/nav/install/isaac_ros_bi3d_interfaces
[0.748s] -- The C compiler identification is GNU 11.4.0
[0.748s] -- The CXX compiler identification is GNU 11.4.0
[0.748s] -- Detecting C compiler ABI info
[0.748s] -- Detecting C compiler ABI info - done
[0.748s] -- Check for working C compiler: /usr/bin/cc - skipped
[0.749s] -- Detecting C compile features
[0.749s] -- Detecting C compile features - done
[0.749s] -- Detecting CXX compiler ABI info
[0.769s] -- Detecting CXX compiler ABI info - done
[0.776s] -- Check for working CXX compiler: /usr/bin/c++ - skipped
[0.776s] -- Detecting CXX compile features
[0.777s] -- Detecting CXX compile features - done
[0.778s] -- Found ament_cmake_auto: 1.3.14 (/opt/ros/humble/share/ament_cmake_auto/cmake)
[0.916s] -- Found Python3: /usr/bin/python3 (found version "3.10.12") found components: Interpreter 
[0.972s] -- Override CMake install command with custom implementation using symlinks instead of copying resources
[1.137s] -- Using all available rosidl_typesupport_c: rosidl_typesupport_fastrtps_c;rosidl_typesupport_introspection_c
[1.147s] -- Found rosidl_adapter: 3.1.8 (/opt/ros/humble/share/rosidl_adapter/cmake)
[1.207s] -- Using all available rosidl_typesupport_cpp: rosidl_typesupport_fastrtps_cpp;rosidl_typesupport_introspection_cpp
[1.256s] -- Loading isaac_ros_common extras
[1.257s] -- CMAKE_BUILD_TYPE: Release
[1.276s] -- Looking for pthread.h
[1.369s] -- Looking for pthread.h - found
[1.369s] -- Performing Test CMAKE_HAVE_LIBC_PTHREAD
[1.467s] -- Performing Test CMAKE_HAVE_LIBC_PTHREAD - Success
[1.468s] -- Found Threads: TRUE  
[1.489s] -- Found CUDA: /usr/local/cuda (found version "13.0") 
[1.490s] -- CUDA architectures: 89;86;80;75;70
[1.490s] -- Loading isaac_ros_common extras (modules)
[1.556s] -- Found rmw_implementation_cmake: 6.1.2 (/opt/ros/humble/share/rmw_implementation_cmake/cmake)
[1.557s] -- Found rmw_fastrtps_cpp: 6.2.10 (/opt/ros/humble/share/rmw_fastrtps_cpp/cmake)
[1.666s] -- Found OpenSSL: /usr/lib/x86_64-linux-gnu/libcrypto.so (found version "3.0.2")  
[1.692s] -- Found FastRTPS: /opt/ros/humble/include  
[1.734s] -- Using RMW implementation 'rmw_fastrtps_cpp' as default
[1.958s] -- Found ament_cmake_ros: 0.10.0 (/opt/ros/humble/share/ament_cmake_ros/cmake)
[2.159s] -- Using all available rosidl_typesupport_c: rosidl_typesupport_fastrtps_c;rosidl_typesupport_introspection_c
[2.424s] -- Using all available rosidl_typesupport_cpp: rosidl_typesupport_fastrtps_cpp;rosidl_typesupport_introspection_cpp
[2.445s] -- Found PythonInterp: /usr/bin/python3 (found suitable version "3.10.12", minimum required is "3.6") 
[2.446s] -- Found python_cmake_module: 0.10.0 (/opt/ros/humble/share/python_cmake_module/cmake)
[2.470s] -- Found PythonLibs: /usr/lib/x86_64-linux-gnu/libpython3.10.so (found suitable version "3.10.12", minimum required is "3.5") 
[2.470s] -- Using PYTHON_EXECUTABLE: /usr/bin/python3
[2.470s] -- Using PYTHON_INCLUDE_DIRS: /usr/include/python3.10
[2.470s] -- Using PYTHON_LIBRARIES: /usr/lib/x86_64-linux-gnu/libpython3.10.so
[2.490s] -- Found PythonExtra: .so  
[2.595s] -- Found ament_lint_auto: 0.12.15 (/opt/ros/humble/share/ament_lint_auto/cmake)
[2.663s] -- Added test 'copyright' to check source files copyright and LICENSE
[2.664s] -- Added test 'lint_cmake' to check CMake code style
[2.665s] -- Added test 'xmllint' to check XML markup files
[2.668s] -- Configuring done
[2.694s] -- Generating done
[2.704s] -- Build files have been written to: /home/edgard/Desktop/AITEAM/nav/build/isaac_ros_bi3d_interfaces
