[0.020s] Invoking command in '/home/edgard/Desktop/AITEAM/nav/build/zed_components': CMAKE_PREFIX_PATH=/opt/ros/humble CONDA_PROMPT_MODIFIER=(base) /usr/bin/cmake /home/edgard/Desktop/AITEAM/nav/src/isaac/src/zed-ros2-wrapper/zed_components -DAMENT_CMAKE_SYMLINK_INSTALL=1 -DCMAKE_INSTALL_PREFIX=/home/edgard/Desktop/AITEAM/nav/install/zed_components
[0.235s] -- Found CUDA: /usr/local/cuda (found suitable version "13.0", minimum required is "13") 
[0.236s] -- Found CUDA: /usr/local/cuda (found version "13.0") 
[0.236s] -- Found ament_cmake_auto: 1.3.14 (/opt/ros/humble/share/ament_cmake_auto/cmake)
[0.236s] -- Override CMake install command with custom implementation using symlinks instead of copying resources
[0.331s] -- Found rosidl_generator_c: 3.1.8 (/opt/ros/humble/share/rosidl_generator_c/cmake)
[0.333s] -- Found rosidl_adapter: 3.1.8 (/opt/ros/humble/share/rosidl_adapter/cmake)
[0.338s] -- Found rosidl_generator_cpp: 3.1.8 (/opt/ros/humble/share/rosidl_generator_cpp/cmake)
[0.345s] -- Using all available rosidl_typesupport_c: rosidl_typesupport_fastrtps_c;rosidl_typesupport_introspection_c
[0.354s] -- Using all available rosidl_typesupport_cpp: rosidl_typesupport_fastrtps_cpp;rosidl_typesupport_introspection_cpp
[0.428s] -- Found rmw_implementation_cmake: 6.1.2 (/opt/ros/humble/share/rmw_implementation_cmake/cmake)
[0.428s] -- Found rmw_fastrtps_cpp: 6.2.10 (/opt/ros/humble/share/rmw_fastrtps_cpp/cmake)
[0.516s] -- Using RMW implementation 'rmw_fastrtps_cpp' as default
[0.734s] -- Found eigen3_cmake_module: 0.1.1 (/opt/ros/humble/share/eigen3_cmake_module/cmake)
[0.735s] -- Ensuring Eigen3 include directory is part of orocos-kdl CMake target
[0.867s] [31mCMake Error at CMakeLists.txt:147 (find_package):
[0.867s]   By not providing "Findpoint_cloud_transport.cmake" in CMAKE_MODULE_PATH
[0.867s]   this project has asked CMake to find a package configuration file provided
[0.867s]   by "point_cloud_transport", but CMake did not find one.
[0.868s] 
[0.868s]   Could not find a package configuration file provided by
[0.868s]   "point_cloud_transport" with any of the following names:
[0.868s] 
[0.868s]     point_cloud_transportConfig.cmake
[0.868s]     point_cloud_transport-config.cmake
[0.868s] 
[0.868s]   Add the installation prefix of "point_cloud_transport" to CMAKE_PREFIX_PATH
[0.868s]   or set "point_cloud_transport_DIR" to a directory containing one of the
[0.868s]   above files.  If "point_cloud_transport" provides a separate development
[0.868s]   package or SDK, be sure it has been installed.
[0.868s] 
[0.868s] [0m
[0.868s] -- Configuring incomplete, errors occurred!
[0.868s] See also "/home/edgard/Desktop/AITEAM/nav/build/zed_components/CMakeFiles/CMakeOutput.log".
[0.868s] See also "/home/edgard/Desktop/AITEAM/nav/build/zed_components/CMakeFiles/CMakeError.log".
[1.787s] Invoked command in '/home/edgard/Desktop/AITEAM/nav/build/zed_components' returned '1': CMAKE_PREFIX_PATH=/opt/ros/humble CONDA_PROMPT_MODIFIER=(base) /usr/bin/cmake /home/edgard/Desktop/AITEAM/nav/src/isaac/src/zed-ros2-wrapper/zed_components -DAMENT_CMAKE_SYMLINK_INSTALL=1 -DCMAKE_INSTALL_PREFIX=/home/edgard/Desktop/AITEAM/nav/install/zed_components
