[  3%] Built target generate_version_info_target_isaac_ros_bi3d_interfaces
[  6%] Built target isaac_ros_bi3d_interfaces__rs
[  9%] Built target isaac_ros_bi3d_interfaces__cpp
[ 18%] Built target isaac_ros_bi3d_interfaces__rosidl_generator_c
[ 18%] Built target ament_cmake_python_symlink_isaac_ros_bi3d_interfaces
[ 30%] Built target isaac_ros_bi3d_interfaces__rosidl_typesupport_fastrtps_cpp
[ 36%] Built target isaac_ros_bi3d_interfaces__rosidl_typesupport_cpp
[ 45%] Built target isaac_ros_bi3d_interfaces__rosidl_typesupport_introspection_cpp
[ 54%] Built target isaac_ros_bi3d_interfaces__rosidl_typesupport_c
[ 63%] Built target isaac_ros_bi3d_interfaces__rosidl_typesupport_introspection_c
[ 72%] Built target isaac_ros_bi3d_interfaces__rosidl_typesupport_fastrtps_c
[ 72%] Built target isaac_ros_bi3d_interfaces
[ 75%] Built target isaac_ros_bi3d_interfaces__py
[ 81%] Built target isaac_ros_bi3d_interfaces__rosidl_generator_py
[ 87%] Built target isaac_ros_bi3d_interfaces__rosidl_typesupport_fastrtps_c__pyext
[ 93%] Built target isaac_ros_bi3d_interfaces__rosidl_typesupport_introspection_c__pyext
[100%] Built target isaac_ros_bi3d_interfaces__rosidl_typesupport_c__pyext
running egg_info
writing isaac_ros_bi3d_interfaces.egg-info/PKG-INFO
writing dependency_links to isaac_ros_bi3d_interfaces.egg-info/dependency_links.txt
writing top-level names to isaac_ros_bi3d_interfaces.egg-info/top_level.txt
reading manifest file 'isaac_ros_bi3d_interfaces.egg-info/SOURCES.txt'
writing manifest file 'isaac_ros_bi3d_interfaces.egg-info/SOURCES.txt'
[100%] Built target ament_cmake_python_build_isaac_ros_bi3d_interfaces_egg
-- Install configuration: "Release"
-- Execute custom install script
-- Up-to-date symlink: /home/edgard/Desktop/AITEAM/nav/install/isaac_ros_bi3d_interfaces/share/ament_index/resource_index/rosidl_interfaces/isaac_ros_bi3d_interfaces
-- Up-to-date symlink: /home/edgard/Desktop/AITEAM/nav/install/isaac_ros_bi3d_interfaces/include/isaac_ros_bi3d_interfaces/isaac_ros_bi3d_interfaces/msg/bi3_d_inference_parameters_array.h
-- Up-to-date symlink: /home/edgard/Desktop/AITEAM/nav/install/isaac_ros_bi3d_interfaces/include/isaac_ros_bi3d_interfaces/isaac_ros_bi3d_interfaces/msg/detail/bi3_d_inference_parameters_array__functions.h
-- Up-to-date symlink: /home/edgard/Desktop/AITEAM/nav/install/isaac_ros_bi3d_interfaces/include/isaac_ros_bi3d_interfaces/isaac_ros_bi3d_interfaces/msg/detail/bi3_d_inference_parameters_array__struct.h
-- Up-to-date symlink: /home/edgard/Desktop/AITEAM/nav/install/isaac_ros_bi3d_interfaces/include/isaac_ros_bi3d_interfaces/isaac_ros_bi3d_interfaces/msg/detail/bi3_d_inference_parameters_array__type_support.h
-- Up-to-date symlink: /home/edgard/Desktop/AITEAM/nav/install/isaac_ros_bi3d_interfaces/include/isaac_ros_bi3d_interfaces/isaac_ros_bi3d_interfaces/msg/rosidl_generator_c__visibility_control.h
-- Up-to-date symlink: /home/edgard/Desktop/AITEAM/nav/install/isaac_ros_bi3d_interfaces/share/isaac_ros_bi3d_interfaces/environment/library_path.sh
-- Up-to-date symlink: /home/edgard/Desktop/AITEAM/nav/install/isaac_ros_bi3d_interfaces/share/isaac_ros_bi3d_interfaces/environment/library_path.dsv
-- Up-to-date symlink: /home/edgard/Desktop/AITEAM/nav/install/isaac_ros_bi3d_interfaces/include/isaac_ros_bi3d_interfaces/isaac_ros_bi3d_interfaces/msg/detail/bi3_d_inference_parameters_array__rosidl_typesupport_fastrtps_c.h
-- Up-to-date symlink: /home/edgard/Desktop/AITEAM/nav/install/isaac_ros_bi3d_interfaces/include/isaac_ros_bi3d_interfaces/isaac_ros_bi3d_interfaces/msg/rosidl_typesupport_fastrtps_c__visibility_control.h
-- Up-to-date symlink: /home/edgard/Desktop/AITEAM/nav/install/isaac_ros_bi3d_interfaces/include/isaac_ros_bi3d_interfaces/isaac_ros_bi3d_interfaces/msg/detail/bi3_d_inference_parameters_array__rosidl_typesupport_introspection_c.h
-- Up-to-date symlink: /home/edgard/Desktop/AITEAM/nav/install/isaac_ros_bi3d_interfaces/include/isaac_ros_bi3d_interfaces/isaac_ros_bi3d_interfaces/msg/rosidl_typesupport_introspection_c__visibility_control.h
-- Up-to-date symlink: /home/edgard/Desktop/AITEAM/nav/install/isaac_ros_bi3d_interfaces/include/isaac_ros_bi3d_interfaces/isaac_ros_bi3d_interfaces/msg/bi3_d_inference_parameters_array.hpp
-- Up-to-date symlink: /home/edgard/Desktop/AITEAM/nav/install/isaac_ros_bi3d_interfaces/include/isaac_ros_bi3d_interfaces/isaac_ros_bi3d_interfaces/msg/detail/bi3_d_inference_parameters_array__builder.hpp
-- Up-to-date symlink: /home/edgard/Desktop/AITEAM/nav/install/isaac_ros_bi3d_interfaces/include/isaac_ros_bi3d_interfaces/isaac_ros_bi3d_interfaces/msg/detail/bi3_d_inference_parameters_array__struct.hpp
-- Up-to-date symlink: /home/edgard/Desktop/AITEAM/nav/install/isaac_ros_bi3d_interfaces/include/isaac_ros_bi3d_interfaces/isaac_ros_bi3d_interfaces/msg/detail/bi3_d_inference_parameters_array__traits.hpp
-- Up-to-date symlink: /home/edgard/Desktop/AITEAM/nav/install/isaac_ros_bi3d_interfaces/include/isaac_ros_bi3d_interfaces/isaac_ros_bi3d_interfaces/msg/detail/bi3_d_inference_parameters_array__type_support.hpp
-- Up-to-date symlink: /home/edgard/Desktop/AITEAM/nav/install/isaac_ros_bi3d_interfaces/include/isaac_ros_bi3d_interfaces/isaac_ros_bi3d_interfaces/msg/rosidl_generator_cpp__visibility_control.hpp
-- Up-to-date symlink: /home/edgard/Desktop/AITEAM/nav/install/isaac_ros_bi3d_interfaces/include/isaac_ros_bi3d_interfaces/isaac_ros_bi3d_interfaces/msg/detail/bi3_d_inference_parameters_array__rosidl_typesupport_fastrtps_cpp.hpp
-- Up-to-date symlink: /home/edgard/Desktop/AITEAM/nav/install/isaac_ros_bi3d_interfaces/include/isaac_ros_bi3d_interfaces/isaac_ros_bi3d_interfaces/msg/rosidl_typesupport_fastrtps_cpp__visibility_control.h
-- Up-to-date symlink: /home/edgard/Desktop/AITEAM/nav/install/isaac_ros_bi3d_interfaces/include/isaac_ros_bi3d_interfaces/isaac_ros_bi3d_interfaces/msg/detail/bi3_d_inference_parameters_array__rosidl_typesupport_introspection_cpp.hpp
-- Up-to-date symlink: /home/edgard/Desktop/AITEAM/nav/install/isaac_ros_bi3d_interfaces/share/isaac_ros_bi3d_interfaces/environment/pythonpath.sh
-- Up-to-date symlink: /home/edgard/Desktop/AITEAM/nav/install/isaac_ros_bi3d_interfaces/share/isaac_ros_bi3d_interfaces/environment/pythonpath.dsv
-- Up-to-date symlink: /home/edgard/Desktop/AITEAM/nav/install/isaac_ros_bi3d_interfaces/local/lib/python3.10/dist-packages/isaac_ros_bi3d_interfaces-3.2.5-py3.10.egg-info/PKG-INFO
-- Up-to-date symlink: /home/edgard/Desktop/AITEAM/nav/install/isaac_ros_bi3d_interfaces/local/lib/python3.10/dist-packages/isaac_ros_bi3d_interfaces-3.2.5-py3.10.egg-info/SOURCES.txt
-- Up-to-date symlink: /home/edgard/Desktop/AITEAM/nav/install/isaac_ros_bi3d_interfaces/local/lib/python3.10/dist-packages/isaac_ros_bi3d_interfaces-3.2.5-py3.10.egg-info/dependency_links.txt
-- Up-to-date symlink: /home/edgard/Desktop/AITEAM/nav/install/isaac_ros_bi3d_interfaces/local/lib/python3.10/dist-packages/isaac_ros_bi3d_interfaces-3.2.5-py3.10.egg-info/top_level.txt
-- Up-to-date symlink: /home/edgard/Desktop/AITEAM/nav/install/isaac_ros_bi3d_interfaces/local/lib/python3.10/dist-packages/isaac_ros_bi3d_interfaces/__init__.py
-- Up-to-date symlink: /home/edgard/Desktop/AITEAM/nav/install/isaac_ros_bi3d_interfaces/local/lib/python3.10/dist-packages/isaac_ros_bi3d_interfaces/_isaac_ros_bi3d_interfaces_s.ep.rosidl_typesupport_c.c
-- Up-to-date symlink: /home/edgard/Desktop/AITEAM/nav/install/isaac_ros_bi3d_interfaces/local/lib/python3.10/dist-packages/isaac_ros_bi3d_interfaces/_isaac_ros_bi3d_interfaces_s.ep.rosidl_typesupport_fastrtps_c.c
-- Up-to-date symlink: /home/edgard/Desktop/AITEAM/nav/install/isaac_ros_bi3d_interfaces/local/lib/python3.10/dist-packages/isaac_ros_bi3d_interfaces/_isaac_ros_bi3d_interfaces_s.ep.rosidl_typesupport_introspection_c.c
-- Up-to-date symlink: /home/edgard/Desktop/AITEAM/nav/install/isaac_ros_bi3d_interfaces/local/lib/python3.10/dist-packages/isaac_ros_bi3d_interfaces/isaac_ros_bi3d_interfaces_s__rosidl_typesupport_c.cpython-310-x86_64-linux-gnu.so
-- Up-to-date symlink: /home/edgard/Desktop/AITEAM/nav/install/isaac_ros_bi3d_interfaces/local/lib/python3.10/dist-packages/isaac_ros_bi3d_interfaces/isaac_ros_bi3d_interfaces_s__rosidl_typesupport_fastrtps_c.cpython-310-x86_64-linux-gnu.so
-- Up-to-date symlink: /home/edgard/Desktop/AITEAM/nav/install/isaac_ros_bi3d_interfaces/local/lib/python3.10/dist-packages/isaac_ros_bi3d_interfaces/isaac_ros_bi3d_interfaces_s__rosidl_typesupport_introspection_c.cpython-310-x86_64-linux-gnu.so
-- Up-to-date symlink: /home/edgard/Desktop/AITEAM/nav/install/isaac_ros_bi3d_interfaces/local/lib/python3.10/dist-packages/isaac_ros_bi3d_interfaces/libisaac_ros_bi3d_interfaces__rosidl_generator_py.so
-- Up-to-date symlink: /home/edgard/Desktop/AITEAM/nav/install/isaac_ros_bi3d_interfaces/local/lib/python3.10/dist-packages/isaac_ros_bi3d_interfaces/msg/__init__.py
-- Up-to-date symlink: /home/edgard/Desktop/AITEAM/nav/install/isaac_ros_bi3d_interfaces/local/lib/python3.10/dist-packages/isaac_ros_bi3d_interfaces/msg/_bi3_d_inference_parameters_array.py
-- Up-to-date symlink: /home/edgard/Desktop/AITEAM/nav/install/isaac_ros_bi3d_interfaces/local/lib/python3.10/dist-packages/isaac_ros_bi3d_interfaces/msg/_bi3_d_inference_parameters_array_s.c
-- Up-to-date symlink: /home/edgard/Desktop/AITEAM/nav/install/isaac_ros_bi3d_interfaces/local/lib/python3.10/dist-packages/isaac_ros_bi3d_interfaces/isaac_ros_bi3d_interfaces_s__rosidl_typesupport_fastrtps_c.cpython-310-x86_64-linux-gnu.so
-- Up-to-date symlink: /home/edgard/Desktop/AITEAM/nav/install/isaac_ros_bi3d_interfaces/local/lib/python3.10/dist-packages/isaac_ros_bi3d_interfaces/isaac_ros_bi3d_interfaces_s__rosidl_typesupport_introspection_c.cpython-310-x86_64-linux-gnu.so
-- Up-to-date symlink: /home/edgard/Desktop/AITEAM/nav/install/isaac_ros_bi3d_interfaces/local/lib/python3.10/dist-packages/isaac_ros_bi3d_interfaces/isaac_ros_bi3d_interfaces_s__rosidl_typesupport_c.cpython-310-x86_64-linux-gnu.so
-- Up-to-date symlink: /home/edgard/Desktop/AITEAM/nav/install/isaac_ros_bi3d_interfaces/share/ament_index/resource_index/rust_packages/isaac_ros_bi3d_interfaces
-- Up-to-date symlink: /home/edgard/Desktop/AITEAM/nav/install/isaac_ros_bi3d_interfaces/share/isaac_ros_bi3d_interfaces/rust/Cargo.toml
-- Up-to-date symlink: /home/edgard/Desktop/AITEAM/nav/install/isaac_ros_bi3d_interfaces/share/isaac_ros_bi3d_interfaces/rust/build.rs
-- Up-to-date symlink: /home/edgard/Desktop/AITEAM/nav/install/isaac_ros_bi3d_interfaces/share/isaac_ros_bi3d_interfaces/rust/src/lib.rs
-- Up-to-date symlink: /home/edgard/Desktop/AITEAM/nav/install/isaac_ros_bi3d_interfaces/share/isaac_ros_bi3d_interfaces/rust/src/msg.rs
-- Up-to-date symlink: /home/edgard/Desktop/AITEAM/nav/install/isaac_ros_bi3d_interfaces/share/isaac_ros_bi3d_interfaces/rust/src/msg/rmw.rs
-- Up-to-date symlink: /home/edgard/Desktop/AITEAM/nav/install/isaac_ros_bi3d_interfaces/share/isaac_ros_bi3d_interfaces/msg/Bi3DInferenceParametersArray.idl
-- Up-to-date symlink: /home/edgard/Desktop/AITEAM/nav/install/isaac_ros_bi3d_interfaces/share/isaac_ros_bi3d_interfaces/msg/Bi3DInferenceParametersArray.msg
-- Up-to-date symlink: /home/edgard/Desktop/AITEAM/nav/install/isaac_ros_bi3d_interfaces/share/isaac_ros_bi3d_interfaces/version_info.yaml
-- Up-to-date symlink: /home/edgard/Desktop/AITEAM/nav/install/isaac_ros_bi3d_interfaces/share/ament_index/resource_index/package_run_dependencies/isaac_ros_bi3d_interfaces
-- Up-to-date symlink: /home/edgard/Desktop/AITEAM/nav/install/isaac_ros_bi3d_interfaces/share/ament_index/resource_index/parent_prefix_path/isaac_ros_bi3d_interfaces
-- Up-to-date symlink: /home/edgard/Desktop/AITEAM/nav/install/isaac_ros_bi3d_interfaces/share/isaac_ros_bi3d_interfaces/environment/ament_prefix_path.sh
-- Up-to-date symlink: /home/edgard/Desktop/AITEAM/nav/install/isaac_ros_bi3d_interfaces/share/isaac_ros_bi3d_interfaces/environment/ament_prefix_path.dsv
-- Up-to-date symlink: /home/edgard/Desktop/AITEAM/nav/install/isaac_ros_bi3d_interfaces/share/isaac_ros_bi3d_interfaces/environment/path.sh
-- Up-to-date symlink: /home/edgard/Desktop/AITEAM/nav/install/isaac_ros_bi3d_interfaces/share/isaac_ros_bi3d_interfaces/environment/path.dsv
-- Up-to-date symlink: /home/edgard/Desktop/AITEAM/nav/install/isaac_ros_bi3d_interfaces/share/isaac_ros_bi3d_interfaces/local_setup.bash
-- Up-to-date symlink: /home/edgard/Desktop/AITEAM/nav/install/isaac_ros_bi3d_interfaces/share/isaac_ros_bi3d_interfaces/local_setup.sh
-- Up-to-date symlink: /home/edgard/Desktop/AITEAM/nav/install/isaac_ros_bi3d_interfaces/share/isaac_ros_bi3d_interfaces/local_setup.zsh
-- Up-to-date symlink: /home/edgard/Desktop/AITEAM/nav/install/isaac_ros_bi3d_interfaces/share/isaac_ros_bi3d_interfaces/local_setup.dsv
-- Symlinking: /home/edgard/Desktop/AITEAM/nav/install/isaac_ros_bi3d_interfaces/share/isaac_ros_bi3d_interfaces/package.dsv
-- Up-to-date symlink: /home/edgard/Desktop/AITEAM/nav/install/isaac_ros_bi3d_interfaces/share/ament_index/resource_index/packages/isaac_ros_bi3d_interfaces
-- Up-to-date symlink: /home/edgard/Desktop/AITEAM/nav/install/isaac_ros_bi3d_interfaces/share/isaac_ros_bi3d_interfaces/cmake/rosidl_cmake-extras.cmake
-- Up-to-date symlink: /home/edgard/Desktop/AITEAM/nav/install/isaac_ros_bi3d_interfaces/share/isaac_ros_bi3d_interfaces/cmake/ament_cmake_export_dependencies-extras.cmake
-- Up-to-date symlink: /home/edgard/Desktop/AITEAM/nav/install/isaac_ros_bi3d_interfaces/share/isaac_ros_bi3d_interfaces/cmake/ament_cmake_export_include_directories-extras.cmake
-- Up-to-date symlink: /home/edgard/Desktop/AITEAM/nav/install/isaac_ros_bi3d_interfaces/share/isaac_ros_bi3d_interfaces/cmake/ament_cmake_export_libraries-extras.cmake
-- Up-to-date symlink: /home/edgard/Desktop/AITEAM/nav/install/isaac_ros_bi3d_interfaces/share/isaac_ros_bi3d_interfaces/cmake/ament_cmake_export_targets-extras.cmake
-- Up-to-date symlink: /home/edgard/Desktop/AITEAM/nav/install/isaac_ros_bi3d_interfaces/share/isaac_ros_bi3d_interfaces/cmake/rosidl_cmake_export_typesupport_targets-extras.cmake
-- Up-to-date symlink: /home/edgard/Desktop/AITEAM/nav/install/isaac_ros_bi3d_interfaces/share/isaac_ros_bi3d_interfaces/cmake/rosidl_cmake_export_typesupport_libraries-extras.cmake
-- Up-to-date symlink: /home/edgard/Desktop/AITEAM/nav/install/isaac_ros_bi3d_interfaces/share/isaac_ros_bi3d_interfaces/cmake/isaac_ros_bi3d_interfacesConfig.cmake
-- Up-to-date symlink: /home/edgard/Desktop/AITEAM/nav/install/isaac_ros_bi3d_interfaces/share/isaac_ros_bi3d_interfaces/cmake/isaac_ros_bi3d_interfacesConfig-version.cmake
-- Up-to-date symlink: /home/edgard/Desktop/AITEAM/nav/install/isaac_ros_bi3d_interfaces/share/isaac_ros_bi3d_interfaces/package.xml
-- Up-to-date: /home/edgard/Desktop/AITEAM/nav/install/isaac_ros_bi3d_interfaces/lib/libisaac_ros_bi3d_interfaces__rosidl_generator_c.so
-- Up-to-date: /home/edgard/Desktop/AITEAM/nav/install/isaac_ros_bi3d_interfaces/lib/libisaac_ros_bi3d_interfaces__rosidl_typesupport_fastrtps_c.so
-- Up-to-date: /home/edgard/Desktop/AITEAM/nav/install/isaac_ros_bi3d_interfaces/lib/libisaac_ros_bi3d_interfaces__rosidl_typesupport_introspection_c.so
-- Up-to-date: /home/edgard/Desktop/AITEAM/nav/install/isaac_ros_bi3d_interfaces/lib/libisaac_ros_bi3d_interfaces__rosidl_typesupport_c.so
-- Up-to-date: /home/edgard/Desktop/AITEAM/nav/install/isaac_ros_bi3d_interfaces/lib/libisaac_ros_bi3d_interfaces__rosidl_typesupport_fastrtps_cpp.so
-- Up-to-date: /home/edgard/Desktop/AITEAM/nav/install/isaac_ros_bi3d_interfaces/lib/libisaac_ros_bi3d_interfaces__rosidl_typesupport_introspection_cpp.so
-- Up-to-date: /home/edgard/Desktop/AITEAM/nav/install/isaac_ros_bi3d_interfaces/lib/libisaac_ros_bi3d_interfaces__rosidl_typesupport_cpp.so
Listing '/home/edgard/Desktop/AITEAM/nav/install/isaac_ros_bi3d_interfaces/local/lib/python3.10/dist-packages/isaac_ros_bi3d_interfaces'...
Listing '/home/edgard/Desktop/AITEAM/nav/install/isaac_ros_bi3d_interfaces/local/lib/python3.10/dist-packages/isaac_ros_bi3d_interfaces/msg'...
-- Up-to-date: /home/edgard/Desktop/AITEAM/nav/install/isaac_ros_bi3d_interfaces/lib/libisaac_ros_bi3d_interfaces__rosidl_generator_py.so
-- Up-to-date: /home/edgard/Desktop/AITEAM/nav/install/isaac_ros_bi3d_interfaces/share/isaac_ros_bi3d_interfaces/cmake/export_isaac_ros_bi3d_interfaces__rosidl_generator_cExport.cmake
-- Up-to-date: /home/edgard/Desktop/AITEAM/nav/install/isaac_ros_bi3d_interfaces/share/isaac_ros_bi3d_interfaces/cmake/export_isaac_ros_bi3d_interfaces__rosidl_generator_cExport-release.cmake
-- Up-to-date: /home/edgard/Desktop/AITEAM/nav/install/isaac_ros_bi3d_interfaces/share/isaac_ros_bi3d_interfaces/cmake/export_isaac_ros_bi3d_interfaces__rosidl_typesupport_fastrtps_cExport.cmake
-- Up-to-date: /home/edgard/Desktop/AITEAM/nav/install/isaac_ros_bi3d_interfaces/share/isaac_ros_bi3d_interfaces/cmake/export_isaac_ros_bi3d_interfaces__rosidl_typesupport_fastrtps_cExport-release.cmake
-- Up-to-date: /home/edgard/Desktop/AITEAM/nav/install/isaac_ros_bi3d_interfaces/share/isaac_ros_bi3d_interfaces/cmake/isaac_ros_bi3d_interfaces__rosidl_typesupport_introspection_cExport.cmake
-- Up-to-date: /home/edgard/Desktop/AITEAM/nav/install/isaac_ros_bi3d_interfaces/share/isaac_ros_bi3d_interfaces/cmake/isaac_ros_bi3d_interfaces__rosidl_typesupport_introspection_cExport-release.cmake
-- Up-to-date: /home/edgard/Desktop/AITEAM/nav/install/isaac_ros_bi3d_interfaces/share/isaac_ros_bi3d_interfaces/cmake/isaac_ros_bi3d_interfaces__rosidl_typesupport_cExport.cmake
-- Up-to-date: /home/edgard/Desktop/AITEAM/nav/install/isaac_ros_bi3d_interfaces/share/isaac_ros_bi3d_interfaces/cmake/isaac_ros_bi3d_interfaces__rosidl_typesupport_cExport-release.cmake
-- Up-to-date: /home/edgard/Desktop/AITEAM/nav/install/isaac_ros_bi3d_interfaces/share/isaac_ros_bi3d_interfaces/cmake/export_isaac_ros_bi3d_interfaces__rosidl_generator_cppExport.cmake
-- Up-to-date: /home/edgard/Desktop/AITEAM/nav/install/isaac_ros_bi3d_interfaces/share/isaac_ros_bi3d_interfaces/cmake/export_isaac_ros_bi3d_interfaces__rosidl_typesupport_fastrtps_cppExport.cmake
-- Up-to-date: /home/edgard/Desktop/AITEAM/nav/install/isaac_ros_bi3d_interfaces/share/isaac_ros_bi3d_interfaces/cmake/export_isaac_ros_bi3d_interfaces__rosidl_typesupport_fastrtps_cppExport-release.cmake
-- Up-to-date: /home/edgard/Desktop/AITEAM/nav/install/isaac_ros_bi3d_interfaces/share/isaac_ros_bi3d_interfaces/cmake/isaac_ros_bi3d_interfaces__rosidl_typesupport_introspection_cppExport.cmake
-- Up-to-date: /home/edgard/Desktop/AITEAM/nav/install/isaac_ros_bi3d_interfaces/share/isaac_ros_bi3d_interfaces/cmake/isaac_ros_bi3d_interfaces__rosidl_typesupport_introspection_cppExport-release.cmake
-- Up-to-date: /home/edgard/Desktop/AITEAM/nav/install/isaac_ros_bi3d_interfaces/share/isaac_ros_bi3d_interfaces/cmake/isaac_ros_bi3d_interfaces__rosidl_typesupport_cppExport.cmake
-- Up-to-date: /home/edgard/Desktop/AITEAM/nav/install/isaac_ros_bi3d_interfaces/share/isaac_ros_bi3d_interfaces/cmake/isaac_ros_bi3d_interfaces__rosidl_typesupport_cppExport-release.cmake
-- Up-to-date: /home/edgard/Desktop/AITEAM/nav/install/isaac_ros_bi3d_interfaces/share/isaac_ros_bi3d_interfaces/cmake/export_isaac_ros_bi3d_interfaces__rosidl_generator_pyExport.cmake
-- Up-to-date: /home/edgard/Desktop/AITEAM/nav/install/isaac_ros_bi3d_interfaces/share/isaac_ros_bi3d_interfaces/cmake/export_isaac_ros_bi3d_interfaces__rosidl_generator_pyExport-release.cmake
