[0.491s] Invoking command in '/home/edgard/Desktop/AITEAM/nav/build/isaac_ros_bi3d_interfaces': AMENT_PREFIX_PATH=/home/edgard/Desktop/AITEAM/nav/install/isaac_ros_common:${AMENT_PREFIX_PATH} CMAKE_PREFIX_PATH=/home/edgard/Desktop/AITEAM/nav/install/isaac_ros_common:/opt/ros/humble CONDA_PROMPT_MODIFIER=(base) LD_LIBRARY_PATH=/home/edgard/Desktop/AITEAM/nav/install/isaac_ros_common/lib:/opt/ros/humble/opt/rviz_ogre_vendor/lib:/opt/ros/humble/lib/x86_64-linux-gnu:/opt/ros/humble/lib:/home/edgard/Downloads/TensorRT-10.13.2.6/lib PATH=/home/edgard/Desktop/AITEAM/nav/install/isaac_ros_common/bin:${PATH} PYTHONPATH=/home/edgard/Desktop/AITEAM/nav/install/isaac_ros_common/local/lib/python3.10/dist-packages:${PYTHONPATH} /usr/bin/cmake --build /home/edgard/Desktop/AITEAM/nav/build/isaac_ros_bi3d_interfaces -- -j24 -l24
[0.771s] [  3%] Built target generate_version_info_target_isaac_ros_bi3d_interfaces
[0.771s] [  6%] Built target isaac_ros_bi3d_interfaces__rs
[0.771s] [  9%] Built target isaac_ros_bi3d_interfaces__cpp
[0.771s] [ 18%] Built target isaac_ros_bi3d_interfaces__rosidl_generator_c
[0.771s] [ 18%] Built target ament_cmake_python_symlink_isaac_ros_bi3d_interfaces
[0.771s] [ 30%] Built target isaac_ros_bi3d_interfaces__rosidl_typesupport_fastrtps_cpp
[0.771s] [ 36%] Built target isaac_ros_bi3d_interfaces__rosidl_typesupport_cpp
[0.771s] [ 45%] Built target isaac_ros_bi3d_interfaces__rosidl_typesupport_introspection_cpp
[0.771s] [ 54%] Built target isaac_ros_bi3d_interfaces__rosidl_typesupport_c
[0.771s] [ 63%] Built target isaac_ros_bi3d_interfaces__rosidl_typesupport_introspection_c
[0.771s] [ 72%] Built target isaac_ros_bi3d_interfaces__rosidl_typesupport_fastrtps_c
[0.771s] [ 72%] Built target isaac_ros_bi3d_interfaces
[0.771s] [ 75%] Built target isaac_ros_bi3d_interfaces__py
[0.771s] [ 81%] Built target isaac_ros_bi3d_interfaces__rosidl_generator_py
[0.771s] [ 87%] Built target isaac_ros_bi3d_interfaces__rosidl_typesupport_fastrtps_c__pyext
[0.771s] [ 93%] Built target isaac_ros_bi3d_interfaces__rosidl_typesupport_introspection_c__pyext
[0.772s] [100%] Built target isaac_ros_bi3d_interfaces__rosidl_typesupport_c__pyext
[0.772s] running egg_info
[0.772s] writing isaac_ros_bi3d_interfaces.egg-info/PKG-INFO
[0.772s] writing dependency_links to isaac_ros_bi3d_interfaces.egg-info/dependency_links.txt
[0.772s] writing top-level names to isaac_ros_bi3d_interfaces.egg-info/top_level.txt
[0.772s] reading manifest file 'isaac_ros_bi3d_interfaces.egg-info/SOURCES.txt'
[0.772s] writing manifest file 'isaac_ros_bi3d_interfaces.egg-info/SOURCES.txt'
[0.784s] [100%] Built target ament_cmake_python_build_isaac_ros_bi3d_interfaces_egg
[1.048s] Invoked command in '/home/edgard/Desktop/AITEAM/nav/build/isaac_ros_bi3d_interfaces' returned '0': AMENT_PREFIX_PATH=/home/edgard/Desktop/AITEAM/nav/install/isaac_ros_common:${AMENT_PREFIX_PATH} CMAKE_PREFIX_PATH=/home/edgard/Desktop/AITEAM/nav/install/isaac_ros_common:/opt/ros/humble CONDA_PROMPT_MODIFIER=(base) LD_LIBRARY_PATH=/home/edgard/Desktop/AITEAM/nav/install/isaac_ros_common/lib:/opt/ros/humble/opt/rviz_ogre_vendor/lib:/opt/ros/humble/lib/x86_64-linux-gnu:/opt/ros/humble/lib:/home/edgard/Downloads/TensorRT-10.13.2.6/lib PATH=/home/edgard/Desktop/AITEAM/nav/install/isaac_ros_common/bin:${PATH} PYTHONPATH=/home/edgard/Desktop/AITEAM/nav/install/isaac_ros_common/local/lib/python3.10/dist-packages:${PYTHONPATH} /usr/bin/cmake --build /home/edgard/Desktop/AITEAM/nav/build/isaac_ros_bi3d_interfaces -- -j24 -l24
[1.052s] Invoking command in '/home/edgard/Desktop/AITEAM/nav/build/isaac_ros_bi3d_interfaces': AMENT_PREFIX_PATH=/home/edgard/Desktop/AITEAM/nav/install/isaac_ros_common:${AMENT_PREFIX_PATH} CMAKE_PREFIX_PATH=/home/edgard/Desktop/AITEAM/nav/install/isaac_ros_common:/opt/ros/humble CONDA_PROMPT_MODIFIER=(base) LD_LIBRARY_PATH=/home/edgard/Desktop/AITEAM/nav/install/isaac_ros_common/lib:/opt/ros/humble/opt/rviz_ogre_vendor/lib:/opt/ros/humble/lib/x86_64-linux-gnu:/opt/ros/humble/lib:/home/edgard/Downloads/TensorRT-10.13.2.6/lib PATH=/home/edgard/Desktop/AITEAM/nav/install/isaac_ros_common/bin:${PATH} PYTHONPATH=/home/edgard/Desktop/AITEAM/nav/install/isaac_ros_common/local/lib/python3.10/dist-packages:${PYTHONPATH} /usr/bin/cmake --install /home/edgard/Desktop/AITEAM/nav/build/isaac_ros_bi3d_interfaces
[1.071s] -- Install configuration: "Release"
[1.072s] -- Execute custom install script
[1.072s] -- Up-to-date symlink: /home/edgard/Desktop/AITEAM/nav/install/isaac_ros_bi3d_interfaces/share/ament_index/resource_index/rosidl_interfaces/isaac_ros_bi3d_interfaces
[1.072s] -- Up-to-date symlink: /home/edgard/Desktop/AITEAM/nav/install/isaac_ros_bi3d_interfaces/include/isaac_ros_bi3d_interfaces/isaac_ros_bi3d_interfaces/msg/bi3_d_inference_parameters_array.h
[1.073s] -- Up-to-date symlink: /home/edgard/Desktop/AITEAM/nav/install/isaac_ros_bi3d_interfaces/include/isaac_ros_bi3d_interfaces/isaac_ros_bi3d_interfaces/msg/detail/bi3_d_inference_parameters_array__functions.h
[1.073s] -- Up-to-date symlink: /home/edgard/Desktop/AITEAM/nav/install/isaac_ros_bi3d_interfaces/include/isaac_ros_bi3d_interfaces/isaac_ros_bi3d_interfaces/msg/detail/bi3_d_inference_parameters_array__struct.h
[1.073s] -- Up-to-date symlink: /home/edgard/Desktop/AITEAM/nav/install/isaac_ros_bi3d_interfaces/include/isaac_ros_bi3d_interfaces/isaac_ros_bi3d_interfaces/msg/detail/bi3_d_inference_parameters_array__type_support.h
[1.073s] -- Up-to-date symlink: /home/edgard/Desktop/AITEAM/nav/install/isaac_ros_bi3d_interfaces/include/isaac_ros_bi3d_interfaces/isaac_ros_bi3d_interfaces/msg/rosidl_generator_c__visibility_control.h
[1.073s] -- Up-to-date symlink: /home/edgard/Desktop/AITEAM/nav/install/isaac_ros_bi3d_interfaces/share/isaac_ros_bi3d_interfaces/environment/library_path.sh
[1.073s] -- Up-to-date symlink: /home/edgard/Desktop/AITEAM/nav/install/isaac_ros_bi3d_interfaces/share/isaac_ros_bi3d_interfaces/environment/library_path.dsv
[1.073s] -- Up-to-date symlink: /home/edgard/Desktop/AITEAM/nav/install/isaac_ros_bi3d_interfaces/include/isaac_ros_bi3d_interfaces/isaac_ros_bi3d_interfaces/msg/detail/bi3_d_inference_parameters_array__rosidl_typesupport_fastrtps_c.h
[1.073s] -- Up-to-date symlink: /home/edgard/Desktop/AITEAM/nav/install/isaac_ros_bi3d_interfaces/include/isaac_ros_bi3d_interfaces/isaac_ros_bi3d_interfaces/msg/rosidl_typesupport_fastrtps_c__visibility_control.h
[1.073s] -- Up-to-date symlink: /home/edgard/Desktop/AITEAM/nav/install/isaac_ros_bi3d_interfaces/include/isaac_ros_bi3d_interfaces/isaac_ros_bi3d_interfaces/msg/detail/bi3_d_inference_parameters_array__rosidl_typesupport_introspection_c.h
[1.073s] -- Up-to-date symlink: /home/edgard/Desktop/AITEAM/nav/install/isaac_ros_bi3d_interfaces/include/isaac_ros_bi3d_interfaces/isaac_ros_bi3d_interfaces/msg/rosidl_typesupport_introspection_c__visibility_control.h
[1.079s] -- Up-to-date symlink: /home/edgard/Desktop/AITEAM/nav/install/isaac_ros_bi3d_interfaces/include/isaac_ros_bi3d_interfaces/isaac_ros_bi3d_interfaces/msg/bi3_d_inference_parameters_array.hpp
[1.079s] -- Up-to-date symlink: /home/edgard/Desktop/AITEAM/nav/install/isaac_ros_bi3d_interfaces/include/isaac_ros_bi3d_interfaces/isaac_ros_bi3d_interfaces/msg/detail/bi3_d_inference_parameters_array__builder.hpp
[1.079s] -- Up-to-date symlink: /home/edgard/Desktop/AITEAM/nav/install/isaac_ros_bi3d_interfaces/include/isaac_ros_bi3d_interfaces/isaac_ros_bi3d_interfaces/msg/detail/bi3_d_inference_parameters_array__struct.hpp
[1.079s] -- Up-to-date symlink: /home/edgard/Desktop/AITEAM/nav/install/isaac_ros_bi3d_interfaces/include/isaac_ros_bi3d_interfaces/isaac_ros_bi3d_interfaces/msg/detail/bi3_d_inference_parameters_array__traits.hpp
[1.079s] -- Up-to-date symlink: /home/edgard/Desktop/AITEAM/nav/install/isaac_ros_bi3d_interfaces/include/isaac_ros_bi3d_interfaces/isaac_ros_bi3d_interfaces/msg/detail/bi3_d_inference_parameters_array__type_support.hpp
[1.079s] -- Up-to-date symlink: /home/edgard/Desktop/AITEAM/nav/install/isaac_ros_bi3d_interfaces/include/isaac_ros_bi3d_interfaces/isaac_ros_bi3d_interfaces/msg/rosidl_generator_cpp__visibility_control.hpp
[1.079s] -- Up-to-date symlink: /home/edgard/Desktop/AITEAM/nav/install/isaac_ros_bi3d_interfaces/include/isaac_ros_bi3d_interfaces/isaac_ros_bi3d_interfaces/msg/detail/bi3_d_inference_parameters_array__rosidl_typesupport_fastrtps_cpp.hpp
[1.079s] -- Up-to-date symlink: /home/edgard/Desktop/AITEAM/nav/install/isaac_ros_bi3d_interfaces/include/isaac_ros_bi3d_interfaces/isaac_ros_bi3d_interfaces/msg/rosidl_typesupport_fastrtps_cpp__visibility_control.h
[1.079s] -- Up-to-date symlink: /home/edgard/Desktop/AITEAM/nav/install/isaac_ros_bi3d_interfaces/include/isaac_ros_bi3d_interfaces/isaac_ros_bi3d_interfaces/msg/detail/bi3_d_inference_parameters_array__rosidl_typesupport_introspection_cpp.hpp
[1.079s] -- Up-to-date symlink: /home/edgard/Desktop/AITEAM/nav/install/isaac_ros_bi3d_interfaces/share/isaac_ros_bi3d_interfaces/environment/pythonpath.sh
[1.080s] -- Up-to-date symlink: /home/edgard/Desktop/AITEAM/nav/install/isaac_ros_bi3d_interfaces/share/isaac_ros_bi3d_interfaces/environment/pythonpath.dsv
[1.080s] -- Up-to-date symlink: /home/edgard/Desktop/AITEAM/nav/install/isaac_ros_bi3d_interfaces/local/lib/python3.10/dist-packages/isaac_ros_bi3d_interfaces-3.2.5-py3.10.egg-info/PKG-INFO
[1.080s] -- Up-to-date symlink: /home/edgard/Desktop/AITEAM/nav/install/isaac_ros_bi3d_interfaces/local/lib/python3.10/dist-packages/isaac_ros_bi3d_interfaces-3.2.5-py3.10.egg-info/SOURCES.txt
[1.080s] -- Up-to-date symlink: /home/edgard/Desktop/AITEAM/nav/install/isaac_ros_bi3d_interfaces/local/lib/python3.10/dist-packages/isaac_ros_bi3d_interfaces-3.2.5-py3.10.egg-info/dependency_links.txt
[1.080s] -- Up-to-date symlink: /home/edgard/Desktop/AITEAM/nav/install/isaac_ros_bi3d_interfaces/local/lib/python3.10/dist-packages/isaac_ros_bi3d_interfaces-3.2.5-py3.10.egg-info/top_level.txt
[1.080s] -- Up-to-date symlink: /home/edgard/Desktop/AITEAM/nav/install/isaac_ros_bi3d_interfaces/local/lib/python3.10/dist-packages/isaac_ros_bi3d_interfaces/__init__.py
[1.080s] -- Up-to-date symlink: /home/edgard/Desktop/AITEAM/nav/install/isaac_ros_bi3d_interfaces/local/lib/python3.10/dist-packages/isaac_ros_bi3d_interfaces/_isaac_ros_bi3d_interfaces_s.ep.rosidl_typesupport_c.c
[1.080s] -- Up-to-date symlink: /home/edgard/Desktop/AITEAM/nav/install/isaac_ros_bi3d_interfaces/local/lib/python3.10/dist-packages/isaac_ros_bi3d_interfaces/_isaac_ros_bi3d_interfaces_s.ep.rosidl_typesupport_fastrtps_c.c
[1.080s] -- Up-to-date symlink: /home/edgard/Desktop/AITEAM/nav/install/isaac_ros_bi3d_interfaces/local/lib/python3.10/dist-packages/isaac_ros_bi3d_interfaces/_isaac_ros_bi3d_interfaces_s.ep.rosidl_typesupport_introspection_c.c
[1.080s] -- Up-to-date symlink: /home/edgard/Desktop/AITEAM/nav/install/isaac_ros_bi3d_interfaces/local/lib/python3.10/dist-packages/isaac_ros_bi3d_interfaces/isaac_ros_bi3d_interfaces_s__rosidl_typesupport_c.cpython-310-x86_64-linux-gnu.so
[1.087s] -- Up-to-date symlink: /home/edgard/Desktop/AITEAM/nav/install/isaac_ros_bi3d_interfaces/local/lib/python3.10/dist-packages/isaac_ros_bi3d_interfaces/isaac_ros_bi3d_interfaces_s__rosidl_typesupport_fastrtps_c.cpython-310-x86_64-linux-gnu.so
[1.088s] -- Up-to-date symlink: /home/edgard/Desktop/AITEAM/nav/install/isaac_ros_bi3d_interfaces/local/lib/python3.10/dist-packages/isaac_ros_bi3d_interfaces/isaac_ros_bi3d_interfaces_s__rosidl_typesupport_introspection_c.cpython-310-x86_64-linux-gnu.so
[1.088s] -- Up-to-date symlink: /home/edgard/Desktop/AITEAM/nav/install/isaac_ros_bi3d_interfaces/local/lib/python3.10/dist-packages/isaac_ros_bi3d_interfaces/libisaac_ros_bi3d_interfaces__rosidl_generator_py.so
[1.088s] -- Up-to-date symlink: /home/edgard/Desktop/AITEAM/nav/install/isaac_ros_bi3d_interfaces/local/lib/python3.10/dist-packages/isaac_ros_bi3d_interfaces/msg/__init__.py
[1.088s] -- Up-to-date symlink: /home/edgard/Desktop/AITEAM/nav/install/isaac_ros_bi3d_interfaces/local/lib/python3.10/dist-packages/isaac_ros_bi3d_interfaces/msg/_bi3_d_inference_parameters_array.py
[1.088s] -- Up-to-date symlink: /home/edgard/Desktop/AITEAM/nav/install/isaac_ros_bi3d_interfaces/local/lib/python3.10/dist-packages/isaac_ros_bi3d_interfaces/msg/_bi3_d_inference_parameters_array_s.c
[1.088s] -- Up-to-date symlink: /home/edgard/Desktop/AITEAM/nav/install/isaac_ros_bi3d_interfaces/local/lib/python3.10/dist-packages/isaac_ros_bi3d_interfaces/isaac_ros_bi3d_interfaces_s__rosidl_typesupport_fastrtps_c.cpython-310-x86_64-linux-gnu.so
[1.088s] -- Up-to-date symlink: /home/edgard/Desktop/AITEAM/nav/install/isaac_ros_bi3d_interfaces/local/lib/python3.10/dist-packages/isaac_ros_bi3d_interfaces/isaac_ros_bi3d_interfaces_s__rosidl_typesupport_introspection_c.cpython-310-x86_64-linux-gnu.so
[1.100s] -- Up-to-date symlink: /home/edgard/Desktop/AITEAM/nav/install/isaac_ros_bi3d_interfaces/local/lib/python3.10/dist-packages/isaac_ros_bi3d_interfaces/isaac_ros_bi3d_interfaces_s__rosidl_typesupport_c.cpython-310-x86_64-linux-gnu.so
[1.100s] -- Up-to-date symlink: /home/edgard/Desktop/AITEAM/nav/install/isaac_ros_bi3d_interfaces/share/ament_index/resource_index/rust_packages/isaac_ros_bi3d_interfaces
[1.100s] -- Up-to-date symlink: /home/edgard/Desktop/AITEAM/nav/install/isaac_ros_bi3d_interfaces/share/isaac_ros_bi3d_interfaces/rust/Cargo.toml
[1.100s] -- Up-to-date symlink: /home/edgard/Desktop/AITEAM/nav/install/isaac_ros_bi3d_interfaces/share/isaac_ros_bi3d_interfaces/rust/build.rs
[1.100s] -- Up-to-date symlink: /home/edgard/Desktop/AITEAM/nav/install/isaac_ros_bi3d_interfaces/share/isaac_ros_bi3d_interfaces/rust/src/lib.rs
[1.100s] -- Up-to-date symlink: /home/edgard/Desktop/AITEAM/nav/install/isaac_ros_bi3d_interfaces/share/isaac_ros_bi3d_interfaces/rust/src/msg.rs
[1.100s] -- Up-to-date symlink: /home/edgard/Desktop/AITEAM/nav/install/isaac_ros_bi3d_interfaces/share/isaac_ros_bi3d_interfaces/rust/src/msg/rmw.rs
[1.100s] -- Up-to-date symlink: /home/edgard/Desktop/AITEAM/nav/install/isaac_ros_bi3d_interfaces/share/isaac_ros_bi3d_interfaces/msg/Bi3DInferenceParametersArray.idl
[1.101s] -- Up-to-date symlink: /home/edgard/Desktop/AITEAM/nav/install/isaac_ros_bi3d_interfaces/share/isaac_ros_bi3d_interfaces/msg/Bi3DInferenceParametersArray.msg
[1.101s] -- Up-to-date symlink: /home/edgard/Desktop/AITEAM/nav/install/isaac_ros_bi3d_interfaces/share/isaac_ros_bi3d_interfaces/version_info.yaml
[1.114s] -- Up-to-date symlink: /home/edgard/Desktop/AITEAM/nav/install/isaac_ros_bi3d_interfaces/share/ament_index/resource_index/package_run_dependencies/isaac_ros_bi3d_interfaces
[1.115s] -- Up-to-date symlink: /home/edgard/Desktop/AITEAM/nav/install/isaac_ros_bi3d_interfaces/share/ament_index/resource_index/parent_prefix_path/isaac_ros_bi3d_interfaces
[1.115s] -- Up-to-date symlink: /home/edgard/Desktop/AITEAM/nav/install/isaac_ros_bi3d_interfaces/share/isaac_ros_bi3d_interfaces/environment/ament_prefix_path.sh
[1.115s] -- Up-to-date symlink: /home/edgard/Desktop/AITEAM/nav/install/isaac_ros_bi3d_interfaces/share/isaac_ros_bi3d_interfaces/environment/ament_prefix_path.dsv
[1.115s] -- Up-to-date symlink: /home/edgard/Desktop/AITEAM/nav/install/isaac_ros_bi3d_interfaces/share/isaac_ros_bi3d_interfaces/environment/path.sh
[1.115s] -- Up-to-date symlink: /home/edgard/Desktop/AITEAM/nav/install/isaac_ros_bi3d_interfaces/share/isaac_ros_bi3d_interfaces/environment/path.dsv
[1.115s] -- Up-to-date symlink: /home/edgard/Desktop/AITEAM/nav/install/isaac_ros_bi3d_interfaces/share/isaac_ros_bi3d_interfaces/local_setup.bash
[1.115s] -- Up-to-date symlink: /home/edgard/Desktop/AITEAM/nav/install/isaac_ros_bi3d_interfaces/share/isaac_ros_bi3d_interfaces/local_setup.sh
[1.115s] -- Up-to-date symlink: /home/edgard/Desktop/AITEAM/nav/install/isaac_ros_bi3d_interfaces/share/isaac_ros_bi3d_interfaces/local_setup.zsh
[1.115s] -- Up-to-date symlink: /home/edgard/Desktop/AITEAM/nav/install/isaac_ros_bi3d_interfaces/share/isaac_ros_bi3d_interfaces/local_setup.dsv
[1.115s] -- Symlinking: /home/edgard/Desktop/AITEAM/nav/install/isaac_ros_bi3d_interfaces/share/isaac_ros_bi3d_interfaces/package.dsv
[1.116s] -- Up-to-date symlink: /home/edgard/Desktop/AITEAM/nav/install/isaac_ros_bi3d_interfaces/share/ament_index/resource_index/packages/isaac_ros_bi3d_interfaces
[1.116s] -- Up-to-date symlink: /home/edgard/Desktop/AITEAM/nav/install/isaac_ros_bi3d_interfaces/share/isaac_ros_bi3d_interfaces/cmake/rosidl_cmake-extras.cmake
[1.116s] -- Up-to-date symlink: /home/edgard/Desktop/AITEAM/nav/install/isaac_ros_bi3d_interfaces/share/isaac_ros_bi3d_interfaces/cmake/ament_cmake_export_dependencies-extras.cmake
[1.116s] -- Up-to-date symlink: /home/edgard/Desktop/AITEAM/nav/install/isaac_ros_bi3d_interfaces/share/isaac_ros_bi3d_interfaces/cmake/ament_cmake_export_include_directories-extras.cmake
[1.116s] -- Up-to-date symlink: /home/edgard/Desktop/AITEAM/nav/install/isaac_ros_bi3d_interfaces/share/isaac_ros_bi3d_interfaces/cmake/ament_cmake_export_libraries-extras.cmake
[1.116s] -- Up-to-date symlink: /home/edgard/Desktop/AITEAM/nav/install/isaac_ros_bi3d_interfaces/share/isaac_ros_bi3d_interfaces/cmake/ament_cmake_export_targets-extras.cmake
[1.116s] -- Up-to-date symlink: /home/edgard/Desktop/AITEAM/nav/install/isaac_ros_bi3d_interfaces/share/isaac_ros_bi3d_interfaces/cmake/rosidl_cmake_export_typesupport_targets-extras.cmake
[1.116s] -- Up-to-date symlink: /home/edgard/Desktop/AITEAM/nav/install/isaac_ros_bi3d_interfaces/share/isaac_ros_bi3d_interfaces/cmake/rosidl_cmake_export_typesupport_libraries-extras.cmake
[1.116s] -- Up-to-date symlink: /home/edgard/Desktop/AITEAM/nav/install/isaac_ros_bi3d_interfaces/share/isaac_ros_bi3d_interfaces/cmake/isaac_ros_bi3d_interfacesConfig.cmake
[1.116s] -- Up-to-date symlink: /home/edgard/Desktop/AITEAM/nav/install/isaac_ros_bi3d_interfaces/share/isaac_ros_bi3d_interfaces/cmake/isaac_ros_bi3d_interfacesConfig-version.cmake
[1.116s] -- Up-to-date symlink: /home/edgard/Desktop/AITEAM/nav/install/isaac_ros_bi3d_interfaces/share/isaac_ros_bi3d_interfaces/package.xml
[1.116s] -- Up-to-date: /home/edgard/Desktop/AITEAM/nav/install/isaac_ros_bi3d_interfaces/lib/libisaac_ros_bi3d_interfaces__rosidl_generator_c.so
[1.116s] -- Up-to-date: /home/edgard/Desktop/AITEAM/nav/install/isaac_ros_bi3d_interfaces/lib/libisaac_ros_bi3d_interfaces__rosidl_typesupport_fastrtps_c.so
[1.116s] -- Up-to-date: /home/edgard/Desktop/AITEAM/nav/install/isaac_ros_bi3d_interfaces/lib/libisaac_ros_bi3d_interfaces__rosidl_typesupport_introspection_c.so
[1.117s] -- Up-to-date: /home/edgard/Desktop/AITEAM/nav/install/isaac_ros_bi3d_interfaces/lib/libisaac_ros_bi3d_interfaces__rosidl_typesupport_c.so
[1.117s] -- Up-to-date: /home/edgard/Desktop/AITEAM/nav/install/isaac_ros_bi3d_interfaces/lib/libisaac_ros_bi3d_interfaces__rosidl_typesupport_fastrtps_cpp.so
[1.117s] -- Up-to-date: /home/edgard/Desktop/AITEAM/nav/install/isaac_ros_bi3d_interfaces/lib/libisaac_ros_bi3d_interfaces__rosidl_typesupport_introspection_cpp.so
[1.117s] -- Up-to-date: /home/edgard/Desktop/AITEAM/nav/install/isaac_ros_bi3d_interfaces/lib/libisaac_ros_bi3d_interfaces__rosidl_typesupport_cpp.so
[1.128s] Listing '/home/edgard/Desktop/AITEAM/nav/install/isaac_ros_bi3d_interfaces/local/lib/python3.10/dist-packages/isaac_ros_bi3d_interfaces'...
[1.128s] Listing '/home/edgard/Desktop/AITEAM/nav/install/isaac_ros_bi3d_interfaces/local/lib/python3.10/dist-packages/isaac_ros_bi3d_interfaces/msg'...
[1.134s] -- Up-to-date: /home/edgard/Desktop/AITEAM/nav/install/isaac_ros_bi3d_interfaces/lib/libisaac_ros_bi3d_interfaces__rosidl_generator_py.so
[1.134s] -- Up-to-date: /home/edgard/Desktop/AITEAM/nav/install/isaac_ros_bi3d_interfaces/share/isaac_ros_bi3d_interfaces/cmake/export_isaac_ros_bi3d_interfaces__rosidl_generator_cExport.cmake
[1.134s] -- Up-to-date: /home/edgard/Desktop/AITEAM/nav/install/isaac_ros_bi3d_interfaces/share/isaac_ros_bi3d_interfaces/cmake/export_isaac_ros_bi3d_interfaces__rosidl_generator_cExport-release.cmake
[1.134s] -- Up-to-date: /home/edgard/Desktop/AITEAM/nav/install/isaac_ros_bi3d_interfaces/share/isaac_ros_bi3d_interfaces/cmake/export_isaac_ros_bi3d_interfaces__rosidl_typesupport_fastrtps_cExport.cmake
[1.134s] -- Up-to-date: /home/edgard/Desktop/AITEAM/nav/install/isaac_ros_bi3d_interfaces/share/isaac_ros_bi3d_interfaces/cmake/export_isaac_ros_bi3d_interfaces__rosidl_typesupport_fastrtps_cExport-release.cmake
[1.134s] -- Up-to-date: /home/edgard/Desktop/AITEAM/nav/install/isaac_ros_bi3d_interfaces/share/isaac_ros_bi3d_interfaces/cmake/isaac_ros_bi3d_interfaces__rosidl_typesupport_introspection_cExport.cmake
[1.135s] -- Up-to-date: /home/edgard/Desktop/AITEAM/nav/install/isaac_ros_bi3d_interfaces/share/isaac_ros_bi3d_interfaces/cmake/isaac_ros_bi3d_interfaces__rosidl_typesupport_introspection_cExport-release.cmake
[1.135s] -- Up-to-date: /home/edgard/Desktop/AITEAM/nav/install/isaac_ros_bi3d_interfaces/share/isaac_ros_bi3d_interfaces/cmake/isaac_ros_bi3d_interfaces__rosidl_typesupport_cExport.cmake
[1.135s] -- Up-to-date: /home/edgard/Desktop/AITEAM/nav/install/isaac_ros_bi3d_interfaces/share/isaac_ros_bi3d_interfaces/cmake/isaac_ros_bi3d_interfaces__rosidl_typesupport_cExport-release.cmake
[1.135s] -- Up-to-date: /home/edgard/Desktop/AITEAM/nav/install/isaac_ros_bi3d_interfaces/share/isaac_ros_bi3d_interfaces/cmake/export_isaac_ros_bi3d_interfaces__rosidl_generator_cppExport.cmake
[1.135s] -- Up-to-date: /home/edgard/Desktop/AITEAM/nav/install/isaac_ros_bi3d_interfaces/share/isaac_ros_bi3d_interfaces/cmake/export_isaac_ros_bi3d_interfaces__rosidl_typesupport_fastrtps_cppExport.cmake
[1.135s] -- Up-to-date: /home/edgard/Desktop/AITEAM/nav/install/isaac_ros_bi3d_interfaces/share/isaac_ros_bi3d_interfaces/cmake/export_isaac_ros_bi3d_interfaces__rosidl_typesupport_fastrtps_cppExport-release.cmake
[1.136s] -- Up-to-date: /home/edgard/Desktop/AITEAM/nav/install/isaac_ros_bi3d_interfaces/share/isaac_ros_bi3d_interfaces/cmake/isaac_ros_bi3d_interfaces__rosidl_typesupport_introspection_cppExport.cmake
[1.136s] -- Up-to-date: /home/edgard/Desktop/AITEAM/nav/install/isaac_ros_bi3d_interfaces/share/isaac_ros_bi3d_interfaces/cmake/isaac_ros_bi3d_interfaces__rosidl_typesupport_introspection_cppExport-release.cmake
[1.136s] -- Up-to-date: /home/edgard/Desktop/AITEAM/nav/install/isaac_ros_bi3d_interfaces/share/isaac_ros_bi3d_interfaces/cmake/isaac_ros_bi3d_interfaces__rosidl_typesupport_cppExport.cmake
[1.137s] -- Up-to-date: /home/edgard/Desktop/AITEAM/nav/install/isaac_ros_bi3d_interfaces/share/isaac_ros_bi3d_interfaces/cmake/isaac_ros_bi3d_interfaces__rosidl_typesupport_cppExport-release.cmake
[1.137s] -- Up-to-date: /home/edgard/Desktop/AITEAM/nav/install/isaac_ros_bi3d_interfaces/share/isaac_ros_bi3d_interfaces/cmake/export_isaac_ros_bi3d_interfaces__rosidl_generator_pyExport.cmake
[1.137s] -- Up-to-date: /home/edgard/Desktop/AITEAM/nav/install/isaac_ros_bi3d_interfaces/share/isaac_ros_bi3d_interfaces/cmake/export_isaac_ros_bi3d_interfaces__rosidl_generator_pyExport-release.cmake
[1.308s] Invoked command in '/home/edgard/Desktop/AITEAM/nav/build/isaac_ros_bi3d_interfaces' returned '0': AMENT_PREFIX_PATH=/home/edgard/Desktop/AITEAM/nav/install/isaac_ros_common:${AMENT_PREFIX_PATH} CMAKE_PREFIX_PATH=/home/edgard/Desktop/AITEAM/nav/install/isaac_ros_common:/opt/ros/humble CONDA_PROMPT_MODIFIER=(base) LD_LIBRARY_PATH=/home/edgard/Desktop/AITEAM/nav/install/isaac_ros_common/lib:/opt/ros/humble/opt/rviz_ogre_vendor/lib:/opt/ros/humble/lib/x86_64-linux-gnu:/opt/ros/humble/lib:/home/edgard/Downloads/TensorRT-10.13.2.6/lib PATH=/home/edgard/Desktop/AITEAM/nav/install/isaac_ros_common/bin:${PATH} PYTHONPATH=/home/edgard/Desktop/AITEAM/nav/install/isaac_ros_common/local/lib/python3.10/dist-packages:${PYTHONPATH} /usr/bin/cmake --install /home/edgard/Desktop/AITEAM/nav/build/isaac_ros_bi3d_interfaces
