[0.021s] Invoking command in '/home/edgard/Desktop/AITEAM/nav/build/isaac_ros_common': CMAKE_PREFIX_PATH=/opt/ros/humble CONDA_PROMPT_MODIFIER=(base) /usr/bin/cmake --build /home/edgard/Desktop/AITEAM/nav/build/isaac_ros_common -- -j24 -l24
[0.236s] [ 33%] Built target generate_version_info_target_isaac_ros_common
[0.236s] [100%] Built target isaac_ros_common
[0.237s] [100%] Built target ament_cmake_python_symlink_isaac_ros_common
[0.271s] running egg_info
[0.271s] writing isaac_ros_common.egg-info/PKG-INFO
[0.271s] writing dependency_links to isaac_ros_common.egg-info/dependency_links.txt
[0.271s] writing top-level names to isaac_ros_common.egg-info/top_level.txt
[0.273s] reading manifest file 'isaac_ros_common.egg-info/SOURCES.txt'
[0.273s] writing manifest file 'isaac_ros_common.egg-info/SOURCES.txt'
[0.296s] [100%] Built target ament_cmake_python_build_isaac_ros_common_egg
[0.457s] Invoked command in '/home/edgard/Desktop/AITEAM/nav/build/isaac_ros_common' returned '0': CMAKE_PREFIX_PATH=/opt/ros/humble CONDA_PROMPT_MODIFIER=(base) /usr/bin/cmake --build /home/edgard/Desktop/AITEAM/nav/build/isaac_ros_common -- -j24 -l24
[0.458s] Invoking command in '/home/edgard/Desktop/AITEAM/nav/build/isaac_ros_common': CMAKE_PREFIX_PATH=/opt/ros/humble CONDA_PROMPT_MODIFIER=(base) /usr/bin/cmake --install /home/edgard/Desktop/AITEAM/nav/build/isaac_ros_common
[0.467s] -- Install configuration: "Release"
[0.467s] -- Execute custom install script
[0.468s] -- Up-to-date symlink: /home/edgard/Desktop/AITEAM/nav/install/isaac_ros_common/share/ament_index/resource_index/isaac_ros_common_cmake_path/isaac_ros_common
[0.468s] -- Up-to-date symlink: /home/edgard/Desktop/AITEAM/nav/install/isaac_ros_common/share/isaac_ros_common/environment/pythonpath.sh
[0.468s] -- Up-to-date symlink: /home/edgard/Desktop/AITEAM/nav/install/isaac_ros_common/share/isaac_ros_common/environment/pythonpath.dsv
[0.468s] -- Up-to-date symlink: /home/edgard/Desktop/AITEAM/nav/install/isaac_ros_common/local/lib/python3.10/dist-packages/isaac_ros_common-3.2.5-py3.10.egg-info/PKG-INFO
[0.468s] -- Up-to-date symlink: /home/edgard/Desktop/AITEAM/nav/install/isaac_ros_common/local/lib/python3.10/dist-packages/isaac_ros_common-3.2.5-py3.10.egg-info/SOURCES.txt
[0.468s] -- Up-to-date symlink: /home/edgard/Desktop/AITEAM/nav/install/isaac_ros_common/local/lib/python3.10/dist-packages/isaac_ros_common-3.2.5-py3.10.egg-info/dependency_links.txt
[0.468s] -- Up-to-date symlink: /home/edgard/Desktop/AITEAM/nav/install/isaac_ros_common/local/lib/python3.10/dist-packages/isaac_ros_common-3.2.5-py3.10.egg-info/top_level.txt
[0.468s] -- Up-to-date symlink: /home/edgard/Desktop/AITEAM/nav/install/isaac_ros_common/local/lib/python3.10/dist-packages/isaac_ros_common/__init__.py
[0.468s] -- Up-to-date symlink: /home/edgard/Desktop/AITEAM/nav/install/isaac_ros_common/local/lib/python3.10/dist-packages/isaac_ros_common/qos.py
[0.468s] -- Up-to-date symlink: /home/edgard/Desktop/AITEAM/nav/install/isaac_ros_common/share/ament_index/resource_index/isaac_ros_common_scripts_path/isaac_ros_common
[0.468s] -- Up-to-date symlink: /home/edgard/Desktop/AITEAM/nav/install/isaac_ros_common/share/isaac_ros_common/version_info.yaml
[0.469s] -- Up-to-date symlink: /home/edgard/Desktop/AITEAM/nav/install/isaac_ros_common/include/isaac_ros_common/qos.hpp
[0.469s] -- Up-to-date symlink: /home/edgard/Desktop/AITEAM/nav/install/isaac_ros_common/include/isaac_ros_common/vpi_utilities.hpp
[0.469s] -- Up-to-date symlink: /home/edgard/Desktop/AITEAM/nav/install/isaac_ros_common/share/isaac_ros_common/environment/library_path.sh
[0.469s] -- Up-to-date symlink: /home/edgard/Desktop/AITEAM/nav/install/isaac_ros_common/share/isaac_ros_common/environment/library_path.dsv
[0.469s] -- Up-to-date symlink: /home/edgard/Desktop/AITEAM/nav/install/isaac_ros_common/lib/libisaac_ros_common.so
[0.470s] -- Up-to-date symlink: /home/edgard/Desktop/AITEAM/nav/install/isaac_ros_common/share/isaac_ros_common/cmake/isaac_ros_common-extras-assets.cmake
[0.470s] -- Up-to-date symlink: /home/edgard/Desktop/AITEAM/nav/install/isaac_ros_common/share/isaac_ros_common/cmake/isaac_ros_common-extras-modules.cmake
[0.470s] -- Up-to-date symlink: /home/edgard/Desktop/AITEAM/nav/install/isaac_ros_common/share/isaac_ros_common/cmake/isaac_ros_common-extras.cmake
[0.470s] -- Up-to-date symlink: /home/edgard/Desktop/AITEAM/nav/install/isaac_ros_common/share/isaac_ros_common/cmake/isaac_ros_common-version-info.cmake
[0.470s] -- Up-to-date symlink: /home/edgard/Desktop/AITEAM/nav/install/isaac_ros_common/share/isaac_ros_common/cmake/modules/FindTENSORRT.cmake
[0.470s] -- Up-to-date symlink: /home/edgard/Desktop/AITEAM/nav/install/isaac_ros_common/share/ament_index/resource_index/package_run_dependencies/isaac_ros_common
[0.471s] -- Up-to-date symlink: /home/edgard/Desktop/AITEAM/nav/install/isaac_ros_common/share/ament_index/resource_index/parent_prefix_path/isaac_ros_common
[0.471s] -- Up-to-date symlink: /home/edgard/Desktop/AITEAM/nav/install/isaac_ros_common/share/isaac_ros_common/environment/ament_prefix_path.sh
[0.471s] -- Up-to-date symlink: /home/edgard/Desktop/AITEAM/nav/install/isaac_ros_common/share/isaac_ros_common/environment/ament_prefix_path.dsv
[0.471s] -- Up-to-date symlink: /home/edgard/Desktop/AITEAM/nav/install/isaac_ros_common/share/isaac_ros_common/environment/path.sh
[0.471s] -- Up-to-date symlink: /home/edgard/Desktop/AITEAM/nav/install/isaac_ros_common/share/isaac_ros_common/environment/path.dsv
[0.471s] -- Up-to-date symlink: /home/edgard/Desktop/AITEAM/nav/install/isaac_ros_common/share/isaac_ros_common/local_setup.bash
[0.471s] -- Up-to-date symlink: /home/edgard/Desktop/AITEAM/nav/install/isaac_ros_common/share/isaac_ros_common/local_setup.sh
[0.472s] -- Up-to-date symlink: /home/edgard/Desktop/AITEAM/nav/install/isaac_ros_common/share/isaac_ros_common/local_setup.zsh
[0.472s] -- Up-to-date symlink: /home/edgard/Desktop/AITEAM/nav/install/isaac_ros_common/share/isaac_ros_common/local_setup.dsv
[0.472s] -- Symlinking: /home/edgard/Desktop/AITEAM/nav/install/isaac_ros_common/share/isaac_ros_common/package.dsv
[0.485s] -- Up-to-date symlink: /home/edgard/Desktop/AITEAM/nav/install/isaac_ros_common/share/ament_index/resource_index/packages/isaac_ros_common
[0.485s] -- Up-to-date symlink: /home/edgard/Desktop/AITEAM/nav/install/isaac_ros_common/share/isaac_ros_common/cmake/isaac_ros_common-version-info.cmake
[0.485s] -- Up-to-date symlink: /home/edgard/Desktop/AITEAM/nav/install/isaac_ros_common/share/isaac_ros_common/cmake/isaac_ros_common-extras.cmake
[0.485s] -- Up-to-date symlink: /home/edgard/Desktop/AITEAM/nav/install/isaac_ros_common/share/isaac_ros_common/cmake/isaac_ros_common-extras-modules.cmake
[0.485s] -- Up-to-date symlink: /home/edgard/Desktop/AITEAM/nav/install/isaac_ros_common/share/isaac_ros_common/cmake/isaac_ros_common-extras-assets.cmake
[0.485s] -- Up-to-date symlink: /home/edgard/Desktop/AITEAM/nav/install/isaac_ros_common/share/isaac_ros_common/cmake/ament_cmake_export_dependencies-extras.cmake
[0.485s] -- Up-to-date symlink: /home/edgard/Desktop/AITEAM/nav/install/isaac_ros_common/share/isaac_ros_common/cmake/ament_cmake_export_include_directories-extras.cmake
[0.485s] -- Up-to-date symlink: /home/edgard/Desktop/AITEAM/nav/install/isaac_ros_common/share/isaac_ros_common/cmake/ament_cmake_export_libraries-extras.cmake
[0.485s] -- Up-to-date symlink: /home/edgard/Desktop/AITEAM/nav/install/isaac_ros_common/share/isaac_ros_common/cmake/isaac_ros_commonConfig.cmake
[0.486s] -- Up-to-date symlink: /home/edgard/Desktop/AITEAM/nav/install/isaac_ros_common/share/isaac_ros_common/cmake/isaac_ros_commonConfig-version.cmake
[0.486s] -- Up-to-date symlink: /home/edgard/Desktop/AITEAM/nav/install/isaac_ros_common/share/isaac_ros_common/package.xml
[0.514s] Listing '/home/edgard/Desktop/AITEAM/nav/install/isaac_ros_common/local/lib/python3.10/dist-packages/isaac_ros_common'...
[0.518s] -- Up-to-date: /home/edgard/Desktop/AITEAM/nav/install/isaac_ros_common/bin
[0.518s] -- Up-to-date: /home/edgard/Desktop/AITEAM/nav/install/isaac_ros_common/bin/isaac_ros_asset_eula.sh
[0.518s] -- Up-to-date: /home/edgard/Desktop/AITEAM/nav/install/isaac_ros_common/bin/isaac_ros_version_embed.py
[0.518s] -- Up-to-date: /home/edgard/Desktop/AITEAM/nav/install/isaac_ros_common/bin/isaac_ros_generate_bug_report.py
[0.518s] -- Up-to-date: /home/edgard/Desktop/AITEAM/nav/install/isaac_ros_common/bin/isaac_ros_common-version-info.py
[0.522s] Invoked command in '/home/edgard/Desktop/AITEAM/nav/build/isaac_ros_common' returned '0': CMAKE_PREFIX_PATH=/opt/ros/humble CONDA_PROMPT_MODIFIER=(base) /usr/bin/cmake --install /home/edgard/Desktop/AITEAM/nav/build/isaac_ros_common
