[1.632s] Invoking command in '/home/edgard/Desktop/AITEAM/nav/build/mina_control': AMENT_PREFIX_PATH=/home/edgard/Desktop/AITEAM/nav/install/mina_interfaces:${AMENT_PREFIX_PATH} CMAKE_PREFIX_PATH=/home/edgard/Desktop/AITEAM/nav/install/mina_interfaces CONDA_PROMPT_MODIFIER=(base) LD_LIBRARY_PATH=/home/edgard/Desktop/AITEAM/nav/install/mina_interfaces/lib:/opt/ros/humble/opt/rviz_ogre_vendor/lib:/opt/ros/humble/lib/x86_64-linux-gnu:/opt/ros/humble/lib:/home/edgard/Downloads/TensorRT-10.13.2.6/lib PYTHONPATH=/home/edgard/Desktop/AITEAM/nav/build/mina_control/prefix_override:/usr/lib/python3/dist-packages/colcon_core/task/python/colcon_distutils_commands:/home/edgard/Desktop/AITEAM/nav/install/mina_control/lib/python3.10/site-packages:/home/edgard/Desktop/AITEAM/nav/install/mina_interfaces/local/lib/python3.10/dist-packages:${PYTHONPATH} /usr/bin/python3 -W ignore:setup.py install is deprecated -W ignore:easy_install command is deprecated setup.py develop --editable --build-directory /home/edgard/Desktop/AITEAM/nav/build/mina_control/build --no-deps symlink_data
[1.988s] running develop
[2.147s] running egg_info
[2.147s] creating mina_control.egg-info
[2.147s] writing mina_control.egg-info/PKG-INFO
[2.147s] writing dependency_links to mina_control.egg-info/dependency_links.txt
[2.147s] writing entry points to mina_control.egg-info/entry_points.txt
[2.147s] writing requirements to mina_control.egg-info/requires.txt
[2.147s] writing top-level names to mina_control.egg-info/top_level.txt
[2.147s] writing manifest file 'mina_control.egg-info/SOURCES.txt'
[2.148s] reading manifest file 'mina_control.egg-info/SOURCES.txt'
[2.149s] writing manifest file 'mina_control.egg-info/SOURCES.txt'
[2.206s] running build_ext
[2.206s] Creating /home/edgard/Desktop/AITEAM/nav/install/mina_control/lib/python3.10/site-packages/mina-control.egg-link (link to .)
[2.206s] Installing dynamic_switch script to /home/edgard/Desktop/AITEAM/nav/install/mina_control/lib/mina_control
[2.206s] Installing mina_fsm script to /home/edgard/Desktop/AITEAM/nav/install/mina_control/lib/mina_control
[2.207s] Installing mina_vmc script to /home/edgard/Desktop/AITEAM/nav/install/mina_control/lib/mina_control
[2.207s] Installing rl_controller script to /home/edgard/Desktop/AITEAM/nav/install/mina_control/lib/mina_control
[2.208s] Installing switch_test_adapter script to /home/edgard/Desktop/AITEAM/nav/install/mina_control/lib/mina_control
[2.208s] 
[2.208s] Installed /home/edgard/Desktop/AITEAM/nav/build/mina_control
[2.208s] running symlink_data
[2.208s] creating /home/edgard/Desktop/AITEAM/nav/install/mina_control/share/ament_index
[2.208s] creating /home/edgard/Desktop/AITEAM/nav/install/mina_control/share/ament_index/resource_index
[2.208s] creating /home/edgard/Desktop/AITEAM/nav/install/mina_control/share/ament_index/resource_index/packages
[2.209s] symbolically linking /home/edgard/Desktop/AITEAM/nav/build/mina_control/resource/mina_control -> /home/edgard/Desktop/AITEAM/nav/install/mina_control/share/ament_index/resource_index/packages
[2.209s] symbolically linking /home/edgard/Desktop/AITEAM/nav/build/mina_control/package.xml -> /home/edgard/Desktop/AITEAM/nav/install/mina_control/share/mina_control
[2.209s] creating /home/edgard/Desktop/AITEAM/nav/install/mina_control/share/mina_control/launch
[2.209s] symbolically linking /home/edgard/Desktop/AITEAM/nav/build/mina_control/launch/control.launch.py -> /home/edgard/Desktop/AITEAM/nav/install/mina_control/share/mina_control/launch
[2.209s] symbolically linking /home/edgard/Desktop/AITEAM/nav/build/mina_control/launch/test_dynamic_switch.launch.py -> /home/edgard/Desktop/AITEAM/nav/install/mina_control/share/mina_control/launch
[2.210s] creating /home/edgard/Desktop/AITEAM/nav/install/mina_control/share/mina_control/policies
[2.210s] symbolically linking /home/edgard/Desktop/AITEAM/nav/build/mina_control/policies/model.onnx -> /home/edgard/Desktop/AITEAM/nav/install/mina_control/share/mina_control/policies
[2.305s] Invoked command in '/home/edgard/Desktop/AITEAM/nav/build/mina_control' returned '0': AMENT_PREFIX_PATH=/home/edgard/Desktop/AITEAM/nav/install/mina_interfaces:${AMENT_PREFIX_PATH} CMAKE_PREFIX_PATH=/home/edgard/Desktop/AITEAM/nav/install/mina_interfaces CONDA_PROMPT_MODIFIER=(base) LD_LIBRARY_PATH=/home/edgard/Desktop/AITEAM/nav/install/mina_interfaces/lib:/opt/ros/humble/opt/rviz_ogre_vendor/lib:/opt/ros/humble/lib/x86_64-linux-gnu:/opt/ros/humble/lib:/home/edgard/Downloads/TensorRT-10.13.2.6/lib PYTHONPATH=/home/edgard/Desktop/AITEAM/nav/build/mina_control/prefix_override:/usr/lib/python3/dist-packages/colcon_core/task/python/colcon_distutils_commands:/home/edgard/Desktop/AITEAM/nav/install/mina_control/lib/python3.10/site-packages:/home/edgard/Desktop/AITEAM/nav/install/mina_interfaces/local/lib/python3.10/dist-packages:${PYTHONPATH} /usr/bin/python3 -W ignore:setup.py install is deprecated -W ignore:easy_install command is deprecated setup.py develop --editable --build-directory /home/edgard/Desktop/AITEAM/nav/build/mina_control/build --no-deps symlink_data
