[0.019s] Invoking command in '/home/edgard/Desktop/AITEAM/nav/build/mina_interfaces': CMAKE_PREFIX_PATH=/opt/ros/humble CONDA_PROMPT_MODIFIER=(base) /usr/bin/cmake --build /home/edgard/Desktop/AITEAM/nav/build/mina_interfaces -- -j24 -l24
[0.230s] [35m[1mConsolidate compiler generated dependencies of target mina_interfaces__rosidl_generator_c[0m
[0.230s] [  2%] Built target mina_interfaces__cpp
[0.230s] [  5%] Built target mina_interfaces__rs
[0.230s] [ 15%] Built target mina_interfaces__rosidl_generator_c
[0.231s] [ 15%] Built target ament_cmake_python_symlink_mina_interfaces
[0.231s] [35m[1mConsolidate compiler generated dependencies of target mina_interfaces__rosidl_typesupport_fastrtps_cpp[0m
[0.231s] [35m[1mConsolidate compiler generated dependencies of target mina_interfaces__rosidl_typesupport_cpp[0m
[0.231s] [35m[1mConsolidate compiler generated dependencies of target mina_interfaces__rosidl_typesupport_introspection_cpp[0m
[0.231s] [35m[1mConsolidate compiler generated dependencies of target mina_interfaces__rosidl_typesupport_introspection_c[0m
[0.231s] [35m[1mConsolidate compiler generated dependencies of target mina_interfaces__rosidl_typesupport_c[0m
[0.231s] [35m[1mConsolidate compiler generated dependencies of target mina_interfaces__rosidl_typesupport_fastrtps_c[0m
[0.231s] [ 25%] Built target mina_interfaces__rosidl_typesupport_cpp
[0.231s] [ 35%] Built target mina_interfaces__rosidl_typesupport_c
[0.231s] [ 45%] Built target mina_interfaces__rosidl_typesupport_introspection_cpp
[0.231s] [ 65%] Built target mina_interfaces__rosidl_typesupport_fastrtps_cpp
[0.231s] [ 65%] Built target mina_interfaces__rosidl_typesupport_introspection_c
[0.231s] [ 75%] Built target mina_interfaces__rosidl_typesupport_fastrtps_c
[0.231s] [ 75%] Built target mina_interfaces
[0.231s] [ 77%] Built target mina_interfaces__py
[0.231s] [35m[1mConsolidate compiler generated dependencies of target mina_interfaces__rosidl_generator_py[0m
[0.231s] [ 85%] Built target mina_interfaces__rosidl_generator_py
[0.231s] [35m[1mConsolidate compiler generated dependencies of target mina_interfaces__rosidl_typesupport_introspection_c__pyext[0m
[0.231s] [35m[1mConsolidate compiler generated dependencies of target mina_interfaces__rosidl_typesupport_fastrtps_c__pyext[0m
[0.231s] [35m[1mConsolidate compiler generated dependencies of target mina_interfaces__rosidl_typesupport_c__pyext[0m
[0.231s] [ 90%] Built target mina_interfaces__rosidl_typesupport_fastrtps_c__pyext
[0.231s] [ 95%] Built target mina_interfaces__rosidl_typesupport_introspection_c__pyext
[0.231s] [100%] Built target mina_interfaces__rosidl_typesupport_c__pyext
[0.264s] running egg_info
[0.265s] writing mina_interfaces.egg-info/PKG-INFO
[0.265s] writing dependency_links to mina_interfaces.egg-info/dependency_links.txt
[0.265s] writing top-level names to mina_interfaces.egg-info/top_level.txt
[0.268s] reading manifest file 'mina_interfaces.egg-info/SOURCES.txt'
[0.268s] writing manifest file 'mina_interfaces.egg-info/SOURCES.txt'
[0.293s] [100%] Built target ament_cmake_python_build_mina_interfaces_egg
[0.441s] Invoked command in '/home/edgard/Desktop/AITEAM/nav/build/mina_interfaces' returned '0': CMAKE_PREFIX_PATH=/opt/ros/humble CONDA_PROMPT_MODIFIER=(base) /usr/bin/cmake --build /home/edgard/Desktop/AITEAM/nav/build/mina_interfaces -- -j24 -l24
[0.443s] Invoking command in '/home/edgard/Desktop/AITEAM/nav/build/mina_interfaces': CMAKE_PREFIX_PATH=/opt/ros/humble CONDA_PROMPT_MODIFIER=(base) /usr/bin/cmake --install /home/edgard/Desktop/AITEAM/nav/build/mina_interfaces
[0.452s] -- Install configuration: ""
[0.452s] -- Execute custom install script
[0.452s] -- Symlinking: /home/edgard/Desktop/AITEAM/nav/install/mina_interfaces/share/ament_index/resource_index/rosidl_interfaces/mina_interfaces
[0.460s] -- Symlinking: /home/edgard/Desktop/AITEAM/nav/install/mina_interfaces/include/mina_interfaces/mina_interfaces/msg/detail/example__functions.h
[0.472s] -- Symlinking: /home/edgard/Desktop/AITEAM/nav/install/mina_interfaces/include/mina_interfaces/mina_interfaces/msg/detail/example__struct.h
[0.479s] -- Symlinking: /home/edgard/Desktop/AITEAM/nav/install/mina_interfaces/include/mina_interfaces/mina_interfaces/msg/detail/example__type_support.h
[0.488s] -- Symlinking: /home/edgard/Desktop/AITEAM/nav/install/mina_interfaces/include/mina_interfaces/mina_interfaces/msg/example.h
[0.496s] -- Symlinking: /home/edgard/Desktop/AITEAM/nav/install/mina_interfaces/include/mina_interfaces/mina_interfaces/msg/rosidl_generator_c__visibility_control.h
[0.505s] -- Symlinking: /home/edgard/Desktop/AITEAM/nav/install/mina_interfaces/include/mina_interfaces/mina_interfaces/srv/detail/switch_control__functions.h
[0.512s] -- Symlinking: /home/edgard/Desktop/AITEAM/nav/install/mina_interfaces/include/mina_interfaces/mina_interfaces/srv/detail/switch_control__struct.h
[0.521s] -- Symlinking: /home/edgard/Desktop/AITEAM/nav/install/mina_interfaces/include/mina_interfaces/mina_interfaces/srv/detail/switch_control__type_support.h
[0.529s] -- Symlinking: /home/edgard/Desktop/AITEAM/nav/install/mina_interfaces/include/mina_interfaces/mina_interfaces/srv/switch_control.h
[0.537s] -- Symlinking: /home/edgard/Desktop/AITEAM/nav/install/mina_interfaces/share/mina_interfaces/environment/library_path.sh
[0.548s] -- Symlinking: /home/edgard/Desktop/AITEAM/nav/install/mina_interfaces/share/mina_interfaces/environment/library_path.dsv
[0.555s] -- Symlinking: /home/edgard/Desktop/AITEAM/nav/install/mina_interfaces/include/mina_interfaces/mina_interfaces/msg/detail/example__rosidl_typesupport_fastrtps_c.h
[0.564s] -- Symlinking: /home/edgard/Desktop/AITEAM/nav/install/mina_interfaces/include/mina_interfaces/mina_interfaces/msg/rosidl_typesupport_fastrtps_c__visibility_control.h
[0.575s] -- Symlinking: /home/edgard/Desktop/AITEAM/nav/install/mina_interfaces/include/mina_interfaces/mina_interfaces/srv/detail/switch_control__rosidl_typesupport_fastrtps_c.h
[0.582s] -- Symlinking: /home/edgard/Desktop/AITEAM/nav/install/mina_interfaces/include/mina_interfaces/mina_interfaces/msg/detail/example__rosidl_typesupport_introspection_c.h
[0.590s] -- Symlinking: /home/edgard/Desktop/AITEAM/nav/install/mina_interfaces/include/mina_interfaces/mina_interfaces/msg/rosidl_typesupport_introspection_c__visibility_control.h
[0.599s] -- Symlinking: /home/edgard/Desktop/AITEAM/nav/install/mina_interfaces/include/mina_interfaces/mina_interfaces/srv/detail/switch_control__rosidl_typesupport_introspection_c.h
[0.607s] -- Symlinking: /home/edgard/Desktop/AITEAM/nav/install/mina_interfaces/include/mina_interfaces/mina_interfaces/msg/detail/example__builder.hpp
[0.617s] -- Symlinking: /home/edgard/Desktop/AITEAM/nav/install/mina_interfaces/include/mina_interfaces/mina_interfaces/msg/detail/example__struct.hpp
[0.626s] -- Symlinking: /home/edgard/Desktop/AITEAM/nav/install/mina_interfaces/include/mina_interfaces/mina_interfaces/msg/detail/example__traits.hpp
[0.634s] -- Symlinking: /home/edgard/Desktop/AITEAM/nav/install/mina_interfaces/include/mina_interfaces/mina_interfaces/msg/detail/example__type_support.hpp
[0.643s] -- Symlinking: /home/edgard/Desktop/AITEAM/nav/install/mina_interfaces/include/mina_interfaces/mina_interfaces/msg/example.hpp
[0.651s] -- Symlinking: /home/edgard/Desktop/AITEAM/nav/install/mina_interfaces/include/mina_interfaces/mina_interfaces/msg/rosidl_generator_cpp__visibility_control.hpp
[0.659s] -- Symlinking: /home/edgard/Desktop/AITEAM/nav/install/mina_interfaces/include/mina_interfaces/mina_interfaces/srv/detail/switch_control__builder.hpp
[0.666s] -- Symlinking: /home/edgard/Desktop/AITEAM/nav/install/mina_interfaces/include/mina_interfaces/mina_interfaces/srv/detail/switch_control__struct.hpp
[0.675s] -- Symlinking: /home/edgard/Desktop/AITEAM/nav/install/mina_interfaces/include/mina_interfaces/mina_interfaces/srv/detail/switch_control__traits.hpp
[0.684s] -- Symlinking: /home/edgard/Desktop/AITEAM/nav/install/mina_interfaces/include/mina_interfaces/mina_interfaces/srv/detail/switch_control__type_support.hpp
[0.692s] -- Symlinking: /home/edgard/Desktop/AITEAM/nav/install/mina_interfaces/include/mina_interfaces/mina_interfaces/srv/switch_control.hpp
[0.703s] -- Symlinking: /home/edgard/Desktop/AITEAM/nav/install/mina_interfaces/include/mina_interfaces/mina_interfaces/msg/detail/example__rosidl_typesupport_fastrtps_cpp.hpp
[0.708s] -- Symlinking: /home/edgard/Desktop/AITEAM/nav/install/mina_interfaces/include/mina_interfaces/mina_interfaces/msg/rosidl_typesupport_fastrtps_cpp__visibility_control.h
[0.717s] -- Symlinking: /home/edgard/Desktop/AITEAM/nav/install/mina_interfaces/include/mina_interfaces/mina_interfaces/srv/detail/switch_control__rosidl_typesupport_fastrtps_cpp.hpp
[0.729s] -- Symlinking: /home/edgard/Desktop/AITEAM/nav/install/mina_interfaces/include/mina_interfaces/mina_interfaces/msg/detail/example__rosidl_typesupport_introspection_cpp.hpp
[0.738s] -- Symlinking: /home/edgard/Desktop/AITEAM/nav/install/mina_interfaces/include/mina_interfaces/mina_interfaces/srv/detail/switch_control__rosidl_typesupport_introspection_cpp.hpp
[0.747s] -- Symlinking: /home/edgard/Desktop/AITEAM/nav/install/mina_interfaces/share/mina_interfaces/environment/pythonpath.sh
[0.758s] -- Symlinking: /home/edgard/Desktop/AITEAM/nav/install/mina_interfaces/share/mina_interfaces/environment/pythonpath.dsv
[0.764s] -- Symlinking: /home/edgard/Desktop/AITEAM/nav/install/mina_interfaces/local/lib/python3.10/dist-packages/mina_interfaces-0.0.0-py3.10.egg-info/PKG-INFO
[0.771s] -- Symlinking: /home/edgard/Desktop/AITEAM/nav/install/mina_interfaces/local/lib/python3.10/dist-packages/mina_interfaces-0.0.0-py3.10.egg-info/SOURCES.txt
[0.780s] -- Symlinking: /home/edgard/Desktop/AITEAM/nav/install/mina_interfaces/local/lib/python3.10/dist-packages/mina_interfaces-0.0.0-py3.10.egg-info/dependency_links.txt
[0.789s] -- Symlinking: /home/edgard/Desktop/AITEAM/nav/install/mina_interfaces/local/lib/python3.10/dist-packages/mina_interfaces-0.0.0-py3.10.egg-info/top_level.txt
[0.798s] -- Symlinking: /home/edgard/Desktop/AITEAM/nav/install/mina_interfaces/local/lib/python3.10/dist-packages/mina_interfaces/__init__.py
[0.807s] -- Symlinking: /home/edgard/Desktop/AITEAM/nav/install/mina_interfaces/local/lib/python3.10/dist-packages/mina_interfaces/_mina_interfaces_s.ep.rosidl_typesupport_c.c
[0.815s] -- Symlinking: /home/edgard/Desktop/AITEAM/nav/install/mina_interfaces/local/lib/python3.10/dist-packages/mina_interfaces/_mina_interfaces_s.ep.rosidl_typesupport_fastrtps_c.c
[0.823s] -- Symlinking: /home/edgard/Desktop/AITEAM/nav/install/mina_interfaces/local/lib/python3.10/dist-packages/mina_interfaces/_mina_interfaces_s.ep.rosidl_typesupport_introspection_c.c
[0.831s] -- Symlinking: /home/edgard/Desktop/AITEAM/nav/install/mina_interfaces/local/lib/python3.10/dist-packages/mina_interfaces/libmina_interfaces__rosidl_generator_py.so
[0.839s] -- Symlinking: /home/edgard/Desktop/AITEAM/nav/install/mina_interfaces/local/lib/python3.10/dist-packages/mina_interfaces/mina_interfaces_s__rosidl_typesupport_c.cpython-310-x86_64-linux-gnu.so
[0.847s] -- Symlinking: /home/edgard/Desktop/AITEAM/nav/install/mina_interfaces/local/lib/python3.10/dist-packages/mina_interfaces/mina_interfaces_s__rosidl_typesupport_fastrtps_c.cpython-310-x86_64-linux-gnu.so
[0.855s] -- Symlinking: /home/edgard/Desktop/AITEAM/nav/install/mina_interfaces/local/lib/python3.10/dist-packages/mina_interfaces/mina_interfaces_s__rosidl_typesupport_introspection_c.cpython-310-x86_64-linux-gnu.so
[0.863s] -- Symlinking: /home/edgard/Desktop/AITEAM/nav/install/mina_interfaces/local/lib/python3.10/dist-packages/mina_interfaces/msg/__init__.py
[0.869s] -- Symlinking: /home/edgard/Desktop/AITEAM/nav/install/mina_interfaces/local/lib/python3.10/dist-packages/mina_interfaces/msg/_example.py
[0.876s] -- Symlinking: /home/edgard/Desktop/AITEAM/nav/install/mina_interfaces/local/lib/python3.10/dist-packages/mina_interfaces/msg/_example_s.c
[0.884s] -- Symlinking: /home/edgard/Desktop/AITEAM/nav/install/mina_interfaces/local/lib/python3.10/dist-packages/mina_interfaces/srv/__init__.py
[0.891s] -- Symlinking: /home/edgard/Desktop/AITEAM/nav/install/mina_interfaces/local/lib/python3.10/dist-packages/mina_interfaces/srv/_switch_control.py
[0.900s] -- Symlinking: /home/edgard/Desktop/AITEAM/nav/install/mina_interfaces/local/lib/python3.10/dist-packages/mina_interfaces/srv/_switch_control_s.c
[0.912s] -- Up-to-date symlink: /home/edgard/Desktop/AITEAM/nav/install/mina_interfaces/local/lib/python3.10/dist-packages/mina_interfaces/mina_interfaces_s__rosidl_typesupport_fastrtps_c.cpython-310-x86_64-linux-gnu.so
[0.912s] -- Up-to-date symlink: /home/edgard/Desktop/AITEAM/nav/install/mina_interfaces/local/lib/python3.10/dist-packages/mina_interfaces/mina_interfaces_s__rosidl_typesupport_introspection_c.cpython-310-x86_64-linux-gnu.so
[0.913s] -- Up-to-date symlink: /home/edgard/Desktop/AITEAM/nav/install/mina_interfaces/local/lib/python3.10/dist-packages/mina_interfaces/mina_interfaces_s__rosidl_typesupport_c.cpython-310-x86_64-linux-gnu.so
[0.913s] -- Symlinking: /home/edgard/Desktop/AITEAM/nav/install/mina_interfaces/share/ament_index/resource_index/rust_packages/mina_interfaces
[0.923s] -- Symlinking: /home/edgard/Desktop/AITEAM/nav/install/mina_interfaces/share/mina_interfaces/rust/Cargo.toml
[0.932s] -- Symlinking: /home/edgard/Desktop/AITEAM/nav/install/mina_interfaces/share/mina_interfaces/rust/build.rs
[0.940s] -- Symlinking: /home/edgard/Desktop/AITEAM/nav/install/mina_interfaces/share/mina_interfaces/rust/src/lib.rs
[0.950s] -- Symlinking: /home/edgard/Desktop/AITEAM/nav/install/mina_interfaces/share/mina_interfaces/rust/src/msg.rs
[0.958s] -- Symlinking: /home/edgard/Desktop/AITEAM/nav/install/mina_interfaces/share/mina_interfaces/rust/src/msg/rmw.rs
[0.966s] -- Symlinking: /home/edgard/Desktop/AITEAM/nav/install/mina_interfaces/share/mina_interfaces/rust/src/srv.rs
[0.975s] -- Symlinking: /home/edgard/Desktop/AITEAM/nav/install/mina_interfaces/share/mina_interfaces/rust/src/srv/rmw.rs
[0.984s] -- Symlinking: /home/edgard/Desktop/AITEAM/nav/install/mina_interfaces/share/mina_interfaces/msg/Example.idl
[0.993s] -- Symlinking: /home/edgard/Desktop/AITEAM/nav/install/mina_interfaces/share/mina_interfaces/srv/SwitchControl.idl
[1.002s] -- Symlinking: /home/edgard/Desktop/AITEAM/nav/install/mina_interfaces/share/mina_interfaces/msg/Example.msg
[1.009s] -- Symlinking: /home/edgard/Desktop/AITEAM/nav/install/mina_interfaces/share/mina_interfaces/srv/SwitchControl.srv
[1.017s] -- Symlinking: /home/edgard/Desktop/AITEAM/nav/install/mina_interfaces/share/mina_interfaces/srv/SwitchControl_Request.msg
[1.024s] -- Symlinking: /home/edgard/Desktop/AITEAM/nav/install/mina_interfaces/share/mina_interfaces/srv/SwitchControl_Response.msg
[1.032s] -- Symlinking: /home/edgard/Desktop/AITEAM/nav/install/mina_interfaces/share/ament_index/resource_index/package_run_dependencies/mina_interfaces
[1.041s] -- Symlinking: /home/edgard/Desktop/AITEAM/nav/install/mina_interfaces/share/ament_index/resource_index/parent_prefix_path/mina_interfaces
[1.048s] -- Symlinking: /home/edgard/Desktop/AITEAM/nav/install/mina_interfaces/share/mina_interfaces/environment/ament_prefix_path.sh
[1.056s] -- Symlinking: /home/edgard/Desktop/AITEAM/nav/install/mina_interfaces/share/mina_interfaces/environment/ament_prefix_path.dsv
[1.065s] -- Symlinking: /home/edgard/Desktop/AITEAM/nav/install/mina_interfaces/share/mina_interfaces/environment/path.sh
[1.073s] -- Symlinking: /home/edgard/Desktop/AITEAM/nav/install/mina_interfaces/share/mina_interfaces/environment/path.dsv
[1.081s] -- Symlinking: /home/edgard/Desktop/AITEAM/nav/install/mina_interfaces/share/mina_interfaces/local_setup.bash
[1.090s] -- Symlinking: /home/edgard/Desktop/AITEAM/nav/install/mina_interfaces/share/mina_interfaces/local_setup.sh
[1.099s] -- Symlinking: /home/edgard/Desktop/AITEAM/nav/install/mina_interfaces/share/mina_interfaces/local_setup.zsh
[1.108s] -- Symlinking: /home/edgard/Desktop/AITEAM/nav/install/mina_interfaces/share/mina_interfaces/local_setup.dsv
[1.116s] -- Symlinking: /home/edgard/Desktop/AITEAM/nav/install/mina_interfaces/share/mina_interfaces/package.dsv
[1.128s] -- Symlinking: /home/edgard/Desktop/AITEAM/nav/install/mina_interfaces/share/ament_index/resource_index/packages/mina_interfaces
[1.138s] -- Symlinking: /home/edgard/Desktop/AITEAM/nav/install/mina_interfaces/share/mina_interfaces/cmake/rosidl_cmake-extras.cmake
[1.148s] -- Symlinking: /home/edgard/Desktop/AITEAM/nav/install/mina_interfaces/share/mina_interfaces/cmake/ament_cmake_export_include_directories-extras.cmake
[1.157s] -- Symlinking: /home/edgard/Desktop/AITEAM/nav/install/mina_interfaces/share/mina_interfaces/cmake/ament_cmake_export_libraries-extras.cmake
[1.165s] -- Symlinking: /home/edgard/Desktop/AITEAM/nav/install/mina_interfaces/share/mina_interfaces/cmake/ament_cmake_export_targets-extras.cmake
[1.173s] -- Symlinking: /home/edgard/Desktop/AITEAM/nav/install/mina_interfaces/share/mina_interfaces/cmake/rosidl_cmake_export_typesupport_targets-extras.cmake
[1.182s] -- Symlinking: /home/edgard/Desktop/AITEAM/nav/install/mina_interfaces/share/mina_interfaces/cmake/ament_cmake_export_dependencies-extras.cmake
[1.189s] -- Symlinking: /home/edgard/Desktop/AITEAM/nav/install/mina_interfaces/share/mina_interfaces/cmake/rosidl_cmake_export_typesupport_libraries-extras.cmake
[1.196s] -- Symlinking: /home/edgard/Desktop/AITEAM/nav/install/mina_interfaces/share/mina_interfaces/cmake/mina_interfacesConfig.cmake
[1.204s] -- Symlinking: /home/edgard/Desktop/AITEAM/nav/install/mina_interfaces/share/mina_interfaces/cmake/mina_interfacesConfig-version.cmake
[1.212s] -- Symlinking: /home/edgard/Desktop/AITEAM/nav/install/mina_interfaces/share/mina_interfaces/package.xml
[1.221s] -- Installing: /home/edgard/Desktop/AITEAM/nav/install/mina_interfaces/lib/libmina_interfaces__rosidl_generator_c.so
[1.221s] -- Set runtime path of "/home/edgard/Desktop/AITEAM/nav/install/mina_interfaces/lib/libmina_interfaces__rosidl_generator_c.so" to ""
[1.221s] -- Installing: /home/edgard/Desktop/AITEAM/nav/install/mina_interfaces/lib/libmina_interfaces__rosidl_typesupport_fastrtps_c.so
[1.221s] -- Set runtime path of "/home/edgard/Desktop/AITEAM/nav/install/mina_interfaces/lib/libmina_interfaces__rosidl_typesupport_fastrtps_c.so" to ""
[1.221s] -- Installing: /home/edgard/Desktop/AITEAM/nav/install/mina_interfaces/lib/libmina_interfaces__rosidl_typesupport_introspection_c.so
[1.221s] -- Set runtime path of "/home/edgard/Desktop/AITEAM/nav/install/mina_interfaces/lib/libmina_interfaces__rosidl_typesupport_introspection_c.so" to ""
[1.221s] -- Installing: /home/edgard/Desktop/AITEAM/nav/install/mina_interfaces/lib/libmina_interfaces__rosidl_typesupport_c.so
[1.222s] -- Set runtime path of "/home/edgard/Desktop/AITEAM/nav/install/mina_interfaces/lib/libmina_interfaces__rosidl_typesupport_c.so" to ""
[1.222s] -- Installing: /home/edgard/Desktop/AITEAM/nav/install/mina_interfaces/lib/libmina_interfaces__rosidl_typesupport_fastrtps_cpp.so
[1.222s] -- Set runtime path of "/home/edgard/Desktop/AITEAM/nav/install/mina_interfaces/lib/libmina_interfaces__rosidl_typesupport_fastrtps_cpp.so" to ""
[1.222s] -- Installing: /home/edgard/Desktop/AITEAM/nav/install/mina_interfaces/lib/libmina_interfaces__rosidl_typesupport_introspection_cpp.so
[1.222s] -- Set runtime path of "/home/edgard/Desktop/AITEAM/nav/install/mina_interfaces/lib/libmina_interfaces__rosidl_typesupport_introspection_cpp.so" to ""
[1.222s] -- Installing: /home/edgard/Desktop/AITEAM/nav/install/mina_interfaces/lib/libmina_interfaces__rosidl_typesupport_cpp.so
[1.222s] -- Set runtime path of "/home/edgard/Desktop/AITEAM/nav/install/mina_interfaces/lib/libmina_interfaces__rosidl_typesupport_cpp.so" to ""
[1.258s] Listing '/home/edgard/Desktop/AITEAM/nav/install/mina_interfaces/local/lib/python3.10/dist-packages/mina_interfaces'...
[1.259s] Compiling '/home/edgard/Desktop/AITEAM/nav/install/mina_interfaces/local/lib/python3.10/dist-packages/mina_interfaces/__init__.py'...
[1.259s] Listing '/home/edgard/Desktop/AITEAM/nav/install/mina_interfaces/local/lib/python3.10/dist-packages/mina_interfaces/msg'...
[1.259s] Compiling '/home/edgard/Desktop/AITEAM/nav/install/mina_interfaces/local/lib/python3.10/dist-packages/mina_interfaces/msg/__init__.py'...
[1.259s] Compiling '/home/edgard/Desktop/AITEAM/nav/install/mina_interfaces/local/lib/python3.10/dist-packages/mina_interfaces/msg/_example.py'...
[1.259s] Listing '/home/edgard/Desktop/AITEAM/nav/install/mina_interfaces/local/lib/python3.10/dist-packages/mina_interfaces/srv'...
[1.259s] Compiling '/home/edgard/Desktop/AITEAM/nav/install/mina_interfaces/local/lib/python3.10/dist-packages/mina_interfaces/srv/__init__.py'...
[1.259s] Compiling '/home/edgard/Desktop/AITEAM/nav/install/mina_interfaces/local/lib/python3.10/dist-packages/mina_interfaces/srv/_switch_control.py'...
[1.262s] -- Installing: /home/edgard/Desktop/AITEAM/nav/install/mina_interfaces/lib/libmina_interfaces__rosidl_generator_py.so
[1.263s] -- Set runtime path of "/home/edgard/Desktop/AITEAM/nav/install/mina_interfaces/lib/libmina_interfaces__rosidl_generator_py.so" to ""
[1.263s] -- Installing: /home/edgard/Desktop/AITEAM/nav/install/mina_interfaces/share/mina_interfaces/cmake/export_mina_interfaces__rosidl_generator_cExport.cmake
[1.263s] -- Installing: /home/edgard/Desktop/AITEAM/nav/install/mina_interfaces/share/mina_interfaces/cmake/export_mina_interfaces__rosidl_generator_cExport-noconfig.cmake
[1.263s] -- Installing: /home/edgard/Desktop/AITEAM/nav/install/mina_interfaces/share/mina_interfaces/cmake/export_mina_interfaces__rosidl_typesupport_fastrtps_cExport.cmake
[1.263s] -- Installing: /home/edgard/Desktop/AITEAM/nav/install/mina_interfaces/share/mina_interfaces/cmake/export_mina_interfaces__rosidl_typesupport_fastrtps_cExport-noconfig.cmake
[1.263s] -- Installing: /home/edgard/Desktop/AITEAM/nav/install/mina_interfaces/share/mina_interfaces/cmake/mina_interfaces__rosidl_typesupport_introspection_cExport.cmake
[1.263s] -- Installing: /home/edgard/Desktop/AITEAM/nav/install/mina_interfaces/share/mina_interfaces/cmake/mina_interfaces__rosidl_typesupport_introspection_cExport-noconfig.cmake
[1.263s] -- Installing: /home/edgard/Desktop/AITEAM/nav/install/mina_interfaces/share/mina_interfaces/cmake/mina_interfaces__rosidl_typesupport_cExport.cmake
[1.263s] -- Installing: /home/edgard/Desktop/AITEAM/nav/install/mina_interfaces/share/mina_interfaces/cmake/mina_interfaces__rosidl_typesupport_cExport-noconfig.cmake
[1.264s] -- Installing: /home/edgard/Desktop/AITEAM/nav/install/mina_interfaces/share/mina_interfaces/cmake/export_mina_interfaces__rosidl_generator_cppExport.cmake
[1.264s] -- Installing: /home/edgard/Desktop/AITEAM/nav/install/mina_interfaces/share/mina_interfaces/cmake/export_mina_interfaces__rosidl_typesupport_fastrtps_cppExport.cmake
[1.264s] -- Installing: /home/edgard/Desktop/AITEAM/nav/install/mina_interfaces/share/mina_interfaces/cmake/export_mina_interfaces__rosidl_typesupport_fastrtps_cppExport-noconfig.cmake
[1.264s] -- Installing: /home/edgard/Desktop/AITEAM/nav/install/mina_interfaces/share/mina_interfaces/cmake/mina_interfaces__rosidl_typesupport_introspection_cppExport.cmake
[1.264s] -- Installing: /home/edgard/Desktop/AITEAM/nav/install/mina_interfaces/share/mina_interfaces/cmake/mina_interfaces__rosidl_typesupport_introspection_cppExport-noconfig.cmake
[1.264s] -- Installing: /home/edgard/Desktop/AITEAM/nav/install/mina_interfaces/share/mina_interfaces/cmake/mina_interfaces__rosidl_typesupport_cppExport.cmake
[1.264s] -- Installing: /home/edgard/Desktop/AITEAM/nav/install/mina_interfaces/share/mina_interfaces/cmake/mina_interfaces__rosidl_typesupport_cppExport-noconfig.cmake
[1.264s] -- Installing: /home/edgard/Desktop/AITEAM/nav/install/mina_interfaces/share/mina_interfaces/cmake/export_mina_interfaces__rosidl_generator_pyExport.cmake
[1.264s] -- Installing: /home/edgard/Desktop/AITEAM/nav/install/mina_interfaces/share/mina_interfaces/cmake/export_mina_interfaces__rosidl_generator_pyExport-noconfig.cmake
