[0.018s] Invoking command in '/home/edgard/Desktop/AITEAM/nav/build/zed_components': CMAKE_PREFIX_PATH=/opt/ros/humble CONDA_PROMPT_MODIFIER=(base) /usr/bin/cmake /home/edgard/Desktop/AITEAM/nav/src/isaac/src/zed-ros2-wrapper/zed_components -DAMENT_CMAKE_SYMLINK_INSTALL=1 -DCMAKE_INSTALL_PREFIX=/home/edgard/Desktop/AITEAM/nav/install/zed_components
[0.237s] -- Found CUDA: /usr/local/cuda (found suitable version "13.0", minimum required is "13") 
[0.237s] -- Found CUDA: /usr/local/cuda (found version "13.0") 
[0.237s] -- Found ament_cmake_auto: 1.3.14 (/opt/ros/humble/share/ament_cmake_auto/cmake)
[0.237s] -- Override CMake install command with custom implementation using symlinks instead of copying resources
[0.320s] -- Found rosidl_generator_c: 3.1.8 (/opt/ros/humble/share/rosidl_generator_c/cmake)
[0.322s] -- Found rosidl_adapter: 3.1.8 (/opt/ros/humble/share/rosidl_adapter/cmake)
[0.327s] -- Found rosidl_generator_cpp: 3.1.8 (/opt/ros/humble/share/rosidl_generator_cpp/cmake)
[0.336s] -- Using all available rosidl_typesupport_c: rosidl_typesupport_fastrtps_c;rosidl_typesupport_introspection_c
[0.346s] -- Using all available rosidl_typesupport_cpp: rosidl_typesupport_fastrtps_cpp;rosidl_typesupport_introspection_cpp
[0.416s] -- Found rmw_implementation_cmake: 6.1.2 (/opt/ros/humble/share/rmw_implementation_cmake/cmake)
[0.417s] -- Found rmw_fastrtps_cpp: 6.2.10 (/opt/ros/humble/share/rmw_fastrtps_cpp/cmake)
[0.502s] -- Using RMW implementation 'rmw_fastrtps_cpp' as default
[0.711s] -- Found eigen3_cmake_module: 0.1.1 (/opt/ros/humble/share/eigen3_cmake_module/cmake)
[0.712s] -- Ensuring Eigen3 include directory is part of orocos-kdl CMake target
[0.809s] [31mCMake Error at CMakeLists.txt:139 (find_package):
[0.809s]   By not providing "Findcob_srvs.cmake" in CMAKE_MODULE_PATH this project has
[0.809s]   asked CMake to find a package configuration file provided by "cob_srvs",
[0.809s]   but CMake did not find one.
[0.810s] 
[0.810s]   Could not find a package configuration file provided by "cob_srvs" with any
[0.810s]   of the following names:
[0.810s] 
[0.810s]     cob_srvsConfig.cmake
[0.810s]     cob_srvs-config.cmake
[0.810s] 
[0.810s]   Add the installation prefix of "cob_srvs" to CMAKE_PREFIX_PATH or set
[0.810s]   "cob_srvs_DIR" to a directory containing one of the above files.  If
[0.810s]   "cob_srvs" provides a separate development package or SDK, be sure it has
[0.810s]   been installed.
[0.810s] 
[0.810s] [0m
[0.810s] -- Configuring incomplete, errors occurred!
[0.810s] See also "/home/edgard/Desktop/AITEAM/nav/build/zed_components/CMakeFiles/CMakeOutput.log".
[0.810s] See also "/home/edgard/Desktop/AITEAM/nav/build/zed_components/CMakeFiles/CMakeError.log".
[1.516s] Invoked command in '/home/edgard/Desktop/AITEAM/nav/build/zed_components' returned '1': CMAKE_PREFIX_PATH=/opt/ros/humble CONDA_PROMPT_MODIFIER=(base) /usr/bin/cmake /home/edgard/Desktop/AITEAM/nav/src/isaac/src/zed-ros2-wrapper/zed_components -DAMENT_CMAKE_SYMLINK_INSTALL=1 -DCMAKE_INSTALL_PREFIX=/home/edgard/Desktop/AITEAM/nav/install/zed_components
