[0.356s] Invoking command in '/home/edgard/Desktop/AITEAM/nav/build/isaac_ros_nitros_bridge_interfaces': AMENT_PREFIX_PATH=/home/edgard/Desktop/AITEAM/nav/install/isaac_ros_tensor_list_interfaces:/home/edgard/Desktop/AITEAM/nav/install/isaac_ros_common:${AMENT_PREFIX_PATH} CMAKE_PREFIX_PATH=/home/edgard/Desktop/AITEAM/nav/install/isaac_ros_tensor_list_interfaces:/home/edgard/Desktop/AITEAM/nav/install/isaac_ros_common:/opt/ros/humble CONDA_PROMPT_MODIFIER=(base) LD_LIBRARY_PATH=/home/edgard/Desktop/AITEAM/nav/install/isaac_ros_tensor_list_interfaces/lib:/home/edgard/Desktop/AITEAM/nav/install/isaac_ros_common/lib:/opt/ros/humble/opt/rviz_ogre_vendor/lib:/opt/ros/humble/lib/x86_64-linux-gnu:/opt/ros/humble/lib:/home/edgard/Downloads/TensorRT-10.13.2.6/lib PATH=/home/edgard/Desktop/AITEAM/nav/install/isaac_ros_common/bin:${PATH} PYTHONPATH=/home/edgard/Desktop/AITEAM/nav/install/isaac_ros_tensor_list_interfaces/local/lib/python3.10/dist-packages:/home/edgard/Desktop/AITEAM/nav/install/isaac_ros_common/local/lib/python3.10/dist-packages:${PYTHONPATH} /usr/bin/cmake --build /home/edgard/Desktop/AITEAM/nav/build/isaac_ros_nitros_bridge_interfaces -- -j24 -l24
[0.401s] [35m[1mConsolidate compiler generated dependencies of target isaac_ros_nitros_bridge_interfaces__rosidl_generator_c[0m
[0.408s] [  2%] Built target isaac_ros_nitros_bridge_interfaces__cpp
[0.410s] [  4%] Built target isaac_ros_nitros_bridge_interfaces__rs
[0.410s] [  7%] Built target generate_version_info_target_isaac_ros_nitros_bridge_interfaces
[0.414s] [ 17%] Built target isaac_ros_nitros_bridge_interfaces__rosidl_generator_c
[0.419s] [35m[1mConsolidate compiler generated dependencies of target isaac_ros_nitros_bridge_interfaces__rosidl_typesupport_cpp[0m
[0.419s] [35m[1mConsolidate compiler generated dependencies of target isaac_ros_nitros_bridge_interfaces__rosidl_typesupport_fastrtps_cpp[0m
[0.422s] [35m[1mConsolidate compiler generated dependencies of target isaac_ros_nitros_bridge_interfaces__rosidl_typesupport_introspection_cpp[0m
[0.422s] [ 17%] Built target ament_cmake_python_symlink_isaac_ros_nitros_bridge_interfaces
[0.424s] [35m[1mConsolidate compiler generated dependencies of target isaac_ros_nitros_bridge_interfaces__rosidl_typesupport_c[0m
[0.425s] [35m[1mConsolidate compiler generated dependencies of target isaac_ros_nitros_bridge_interfaces__rosidl_typesupport_fastrtps_c[0m
[0.426s] [35m[1mConsolidate compiler generated dependencies of target isaac_ros_nitros_bridge_interfaces__rosidl_typesupport_introspection_c[0m
[0.430s] [ 26%] Built target isaac_ros_nitros_bridge_interfaces__rosidl_typesupport_fastrtps_cpp
[0.432s] [ 36%] Built target isaac_ros_nitros_bridge_interfaces__rosidl_typesupport_cpp
[0.434s] [ 46%] Built target isaac_ros_nitros_bridge_interfaces__rosidl_typesupport_introspection_cpp
[0.437s] [ 56%] Built target isaac_ros_nitros_bridge_interfaces__rosidl_typesupport_introspection_c
[0.437s] [ 65%] Built target isaac_ros_nitros_bridge_interfaces__rosidl_typesupport_c
[0.438s] [ 75%] Built target isaac_ros_nitros_bridge_interfaces__rosidl_typesupport_fastrtps_c
[0.459s] [ 75%] Built target isaac_ros_nitros_bridge_interfaces
[0.482s] [ 78%] Built target isaac_ros_nitros_bridge_interfaces__py
[0.495s] [35m[1mConsolidate compiler generated dependencies of target isaac_ros_nitros_bridge_interfaces__rosidl_generator_py[0m
[0.528s] [ 85%] Built target isaac_ros_nitros_bridge_interfaces__rosidl_generator_py
[0.555s] [35m[1mConsolidate compiler generated dependencies of target isaac_ros_nitros_bridge_interfaces__rosidl_typesupport_fastrtps_c__pyext[0m
[0.560s] [35m[1mConsolidate compiler generated dependencies of target isaac_ros_nitros_bridge_interfaces__rosidl_typesupport_introspection_c__pyext[0m
[0.563s] [35m[1mConsolidate compiler generated dependencies of target isaac_ros_nitros_bridge_interfaces__rosidl_typesupport_c__pyext[0m
[0.577s] [ 90%] Built target isaac_ros_nitros_bridge_interfaces__rosidl_typesupport_fastrtps_c__pyext
[0.580s] [ 95%] Built target isaac_ros_nitros_bridge_interfaces__rosidl_typesupport_introspection_c__pyext
[0.585s] [100%] Built target isaac_ros_nitros_bridge_interfaces__rosidl_typesupport_c__pyext
[0.732s] running egg_info
[0.733s] writing isaac_ros_nitros_bridge_interfaces.egg-info/PKG-INFO
[0.733s] writing dependency_links to isaac_ros_nitros_bridge_interfaces.egg-info/dependency_links.txt
[0.734s] writing top-level names to isaac_ros_nitros_bridge_interfaces.egg-info/top_level.txt
[0.737s] reading manifest file 'isaac_ros_nitros_bridge_interfaces.egg-info/SOURCES.txt'
[0.737s] writing manifest file 'isaac_ros_nitros_bridge_interfaces.egg-info/SOURCES.txt'
[0.767s] [100%] Built target ament_cmake_python_build_isaac_ros_nitros_bridge_interfaces_egg
[0.781s] Invoked command in '/home/edgard/Desktop/AITEAM/nav/build/isaac_ros_nitros_bridge_interfaces' returned '0': AMENT_PREFIX_PATH=/home/edgard/Desktop/AITEAM/nav/install/isaac_ros_tensor_list_interfaces:/home/edgard/Desktop/AITEAM/nav/install/isaac_ros_common:${AMENT_PREFIX_PATH} CMAKE_PREFIX_PATH=/home/edgard/Desktop/AITEAM/nav/install/isaac_ros_tensor_list_interfaces:/home/edgard/Desktop/AITEAM/nav/install/isaac_ros_common:/opt/ros/humble CONDA_PROMPT_MODIFIER=(base) LD_LIBRARY_PATH=/home/edgard/Desktop/AITEAM/nav/install/isaac_ros_tensor_list_interfaces/lib:/home/edgard/Desktop/AITEAM/nav/install/isaac_ros_common/lib:/opt/ros/humble/opt/rviz_ogre_vendor/lib:/opt/ros/humble/lib/x86_64-linux-gnu:/opt/ros/humble/lib:/home/edgard/Downloads/TensorRT-10.13.2.6/lib PATH=/home/edgard/Desktop/AITEAM/nav/install/isaac_ros_common/bin:${PATH} PYTHONPATH=/home/edgard/Desktop/AITEAM/nav/install/isaac_ros_tensor_list_interfaces/local/lib/python3.10/dist-packages:/home/edgard/Desktop/AITEAM/nav/install/isaac_ros_common/local/lib/python3.10/dist-packages:${PYTHONPATH} /usr/bin/cmake --build /home/edgard/Desktop/AITEAM/nav/build/isaac_ros_nitros_bridge_interfaces -- -j24 -l24
[0.783s] Invoking command in '/home/edgard/Desktop/AITEAM/nav/build/isaac_ros_nitros_bridge_interfaces': AMENT_PREFIX_PATH=/home/edgard/Desktop/AITEAM/nav/install/isaac_ros_tensor_list_interfaces:/home/edgard/Desktop/AITEAM/nav/install/isaac_ros_common:${AMENT_PREFIX_PATH} CMAKE_PREFIX_PATH=/home/edgard/Desktop/AITEAM/nav/install/isaac_ros_tensor_list_interfaces:/home/edgard/Desktop/AITEAM/nav/install/isaac_ros_common:/opt/ros/humble CONDA_PROMPT_MODIFIER=(base) LD_LIBRARY_PATH=/home/edgard/Desktop/AITEAM/nav/install/isaac_ros_tensor_list_interfaces/lib:/home/edgard/Desktop/AITEAM/nav/install/isaac_ros_common/lib:/opt/ros/humble/opt/rviz_ogre_vendor/lib:/opt/ros/humble/lib/x86_64-linux-gnu:/opt/ros/humble/lib:/home/edgard/Downloads/TensorRT-10.13.2.6/lib PATH=/home/edgard/Desktop/AITEAM/nav/install/isaac_ros_common/bin:${PATH} PYTHONPATH=/home/edgard/Desktop/AITEAM/nav/install/isaac_ros_tensor_list_interfaces/local/lib/python3.10/dist-packages:/home/edgard/Desktop/AITEAM/nav/install/isaac_ros_common/local/lib/python3.10/dist-packages:${PYTHONPATH} /usr/bin/cmake --install /home/edgard/Desktop/AITEAM/nav/build/isaac_ros_nitros_bridge_interfaces
[0.789s] -- Install configuration: "Release"
[0.790s] -- Execute custom install script
[0.790s] -- Up-to-date symlink: /home/edgard/Desktop/AITEAM/nav/install/isaac_ros_nitros_bridge_interfaces/share/ament_index/resource_index/rosidl_interfaces/isaac_ros_nitros_bridge_interfaces
[0.790s] -- Up-to-date symlink: /home/edgard/Desktop/AITEAM/nav/install/isaac_ros_nitros_bridge_interfaces/include/isaac_ros_nitros_bridge_interfaces/isaac_ros_nitros_bridge_interfaces/msg/detail/nitros_bridge_image__functions.h
[0.791s] -- Up-to-date symlink: /home/edgard/Desktop/AITEAM/nav/install/isaac_ros_nitros_bridge_interfaces/include/isaac_ros_nitros_bridge_interfaces/isaac_ros_nitros_bridge_interfaces/msg/detail/nitros_bridge_image__struct.h
[0.791s] -- Up-to-date symlink: /home/edgard/Desktop/AITEAM/nav/install/isaac_ros_nitros_bridge_interfaces/include/isaac_ros_nitros_bridge_interfaces/isaac_ros_nitros_bridge_interfaces/msg/detail/nitros_bridge_image__type_support.h
[0.791s] -- Up-to-date symlink: /home/edgard/Desktop/AITEAM/nav/install/isaac_ros_nitros_bridge_interfaces/include/isaac_ros_nitros_bridge_interfaces/isaac_ros_nitros_bridge_interfaces/msg/detail/nitros_bridge_tensor_list__functions.h
[0.791s] -- Up-to-date symlink: /home/edgard/Desktop/AITEAM/nav/install/isaac_ros_nitros_bridge_interfaces/include/isaac_ros_nitros_bridge_interfaces/isaac_ros_nitros_bridge_interfaces/msg/detail/nitros_bridge_tensor_list__struct.h
[0.791s] -- Up-to-date symlink: /home/edgard/Desktop/AITEAM/nav/install/isaac_ros_nitros_bridge_interfaces/include/isaac_ros_nitros_bridge_interfaces/isaac_ros_nitros_bridge_interfaces/msg/detail/nitros_bridge_tensor_list__type_support.h
[0.791s] -- Up-to-date symlink: /home/edgard/Desktop/AITEAM/nav/install/isaac_ros_nitros_bridge_interfaces/include/isaac_ros_nitros_bridge_interfaces/isaac_ros_nitros_bridge_interfaces/msg/nitros_bridge_image.h
[0.791s] -- Up-to-date symlink: /home/edgard/Desktop/AITEAM/nav/install/isaac_ros_nitros_bridge_interfaces/include/isaac_ros_nitros_bridge_interfaces/isaac_ros_nitros_bridge_interfaces/msg/nitros_bridge_tensor_list.h
[0.791s] -- Up-to-date symlink: /home/edgard/Desktop/AITEAM/nav/install/isaac_ros_nitros_bridge_interfaces/include/isaac_ros_nitros_bridge_interfaces/isaac_ros_nitros_bridge_interfaces/msg/rosidl_generator_c__visibility_control.h
[0.791s] -- Up-to-date symlink: /home/edgard/Desktop/AITEAM/nav/install/isaac_ros_nitros_bridge_interfaces/share/isaac_ros_nitros_bridge_interfaces/environment/library_path.sh
[0.791s] -- Up-to-date symlink: /home/edgard/Desktop/AITEAM/nav/install/isaac_ros_nitros_bridge_interfaces/share/isaac_ros_nitros_bridge_interfaces/environment/library_path.dsv
[0.795s] -- Up-to-date symlink: /home/edgard/Desktop/AITEAM/nav/install/isaac_ros_nitros_bridge_interfaces/include/isaac_ros_nitros_bridge_interfaces/isaac_ros_nitros_bridge_interfaces/msg/detail/nitros_bridge_image__rosidl_typesupport_fastrtps_c.h
[0.795s] -- Up-to-date symlink: /home/edgard/Desktop/AITEAM/nav/install/isaac_ros_nitros_bridge_interfaces/include/isaac_ros_nitros_bridge_interfaces/isaac_ros_nitros_bridge_interfaces/msg/detail/nitros_bridge_tensor_list__rosidl_typesupport_fastrtps_c.h
[0.795s] -- Up-to-date symlink: /home/edgard/Desktop/AITEAM/nav/install/isaac_ros_nitros_bridge_interfaces/include/isaac_ros_nitros_bridge_interfaces/isaac_ros_nitros_bridge_interfaces/msg/rosidl_typesupport_fastrtps_c__visibility_control.h
[0.795s] -- Up-to-date symlink: /home/edgard/Desktop/AITEAM/nav/install/isaac_ros_nitros_bridge_interfaces/include/isaac_ros_nitros_bridge_interfaces/isaac_ros_nitros_bridge_interfaces/msg/detail/nitros_bridge_image__rosidl_typesupport_introspection_c.h
[0.795s] -- Up-to-date symlink: /home/edgard/Desktop/AITEAM/nav/install/isaac_ros_nitros_bridge_interfaces/include/isaac_ros_nitros_bridge_interfaces/isaac_ros_nitros_bridge_interfaces/msg/detail/nitros_bridge_tensor_list__rosidl_typesupport_introspection_c.h
[0.795s] -- Up-to-date symlink: /home/edgard/Desktop/AITEAM/nav/install/isaac_ros_nitros_bridge_interfaces/include/isaac_ros_nitros_bridge_interfaces/isaac_ros_nitros_bridge_interfaces/msg/rosidl_typesupport_introspection_c__visibility_control.h
[0.795s] -- Up-to-date symlink: /home/edgard/Desktop/AITEAM/nav/install/isaac_ros_nitros_bridge_interfaces/include/isaac_ros_nitros_bridge_interfaces/isaac_ros_nitros_bridge_interfaces/msg/detail/nitros_bridge_image__builder.hpp
[0.795s] -- Up-to-date symlink: /home/edgard/Desktop/AITEAM/nav/install/isaac_ros_nitros_bridge_interfaces/include/isaac_ros_nitros_bridge_interfaces/isaac_ros_nitros_bridge_interfaces/msg/detail/nitros_bridge_image__struct.hpp
[0.796s] -- Up-to-date symlink: /home/edgard/Desktop/AITEAM/nav/install/isaac_ros_nitros_bridge_interfaces/include/isaac_ros_nitros_bridge_interfaces/isaac_ros_nitros_bridge_interfaces/msg/detail/nitros_bridge_image__traits.hpp
[0.796s] -- Up-to-date symlink: /home/edgard/Desktop/AITEAM/nav/install/isaac_ros_nitros_bridge_interfaces/include/isaac_ros_nitros_bridge_interfaces/isaac_ros_nitros_bridge_interfaces/msg/detail/nitros_bridge_image__type_support.hpp
[0.796s] -- Up-to-date symlink: /home/edgard/Desktop/AITEAM/nav/install/isaac_ros_nitros_bridge_interfaces/include/isaac_ros_nitros_bridge_interfaces/isaac_ros_nitros_bridge_interfaces/msg/detail/nitros_bridge_tensor_list__builder.hpp
[0.796s] -- Up-to-date symlink: /home/edgard/Desktop/AITEAM/nav/install/isaac_ros_nitros_bridge_interfaces/include/isaac_ros_nitros_bridge_interfaces/isaac_ros_nitros_bridge_interfaces/msg/detail/nitros_bridge_tensor_list__struct.hpp
[0.796s] -- Up-to-date symlink: /home/edgard/Desktop/AITEAM/nav/install/isaac_ros_nitros_bridge_interfaces/include/isaac_ros_nitros_bridge_interfaces/isaac_ros_nitros_bridge_interfaces/msg/detail/nitros_bridge_tensor_list__traits.hpp
[0.796s] -- Up-to-date symlink: /home/edgard/Desktop/AITEAM/nav/install/isaac_ros_nitros_bridge_interfaces/include/isaac_ros_nitros_bridge_interfaces/isaac_ros_nitros_bridge_interfaces/msg/detail/nitros_bridge_tensor_list__type_support.hpp
[0.796s] -- Up-to-date symlink: /home/edgard/Desktop/AITEAM/nav/install/isaac_ros_nitros_bridge_interfaces/include/isaac_ros_nitros_bridge_interfaces/isaac_ros_nitros_bridge_interfaces/msg/nitros_bridge_image.hpp
[0.796s] -- Up-to-date symlink: /home/edgard/Desktop/AITEAM/nav/install/isaac_ros_nitros_bridge_interfaces/include/isaac_ros_nitros_bridge_interfaces/isaac_ros_nitros_bridge_interfaces/msg/nitros_bridge_tensor_list.hpp
[0.796s] -- Up-to-date symlink: /home/edgard/Desktop/AITEAM/nav/install/isaac_ros_nitros_bridge_interfaces/include/isaac_ros_nitros_bridge_interfaces/isaac_ros_nitros_bridge_interfaces/msg/rosidl_generator_cpp__visibility_control.hpp
[0.796s] -- Up-to-date symlink: /home/edgard/Desktop/AITEAM/nav/install/isaac_ros_nitros_bridge_interfaces/include/isaac_ros_nitros_bridge_interfaces/isaac_ros_nitros_bridge_interfaces/msg/detail/nitros_bridge_image__rosidl_typesupport_fastrtps_cpp.hpp
[0.796s] -- Up-to-date symlink: /home/edgard/Desktop/AITEAM/nav/install/isaac_ros_nitros_bridge_interfaces/include/isaac_ros_nitros_bridge_interfaces/isaac_ros_nitros_bridge_interfaces/msg/detail/nitros_bridge_tensor_list__rosidl_typesupport_fastrtps_cpp.hpp
[0.796s] -- Up-to-date symlink: /home/edgard/Desktop/AITEAM/nav/install/isaac_ros_nitros_bridge_interfaces/include/isaac_ros_nitros_bridge_interfaces/isaac_ros_nitros_bridge_interfaces/msg/rosidl_typesupport_fastrtps_cpp__visibility_control.h
[0.796s] -- Up-to-date symlink: /home/edgard/Desktop/AITEAM/nav/install/isaac_ros_nitros_bridge_interfaces/include/isaac_ros_nitros_bridge_interfaces/isaac_ros_nitros_bridge_interfaces/msg/detail/nitros_bridge_image__rosidl_typesupport_introspection_cpp.hpp
[0.796s] -- Up-to-date symlink: /home/edgard/Desktop/AITEAM/nav/install/isaac_ros_nitros_bridge_interfaces/include/isaac_ros_nitros_bridge_interfaces/isaac_ros_nitros_bridge_interfaces/msg/detail/nitros_bridge_tensor_list__rosidl_typesupport_introspection_cpp.hpp
[0.796s] -- Up-to-date symlink: /home/edgard/Desktop/AITEAM/nav/install/isaac_ros_nitros_bridge_interfaces/share/isaac_ros_nitros_bridge_interfaces/environment/pythonpath.sh
[0.797s] -- Up-to-date symlink: /home/edgard/Desktop/AITEAM/nav/install/isaac_ros_nitros_bridge_interfaces/share/isaac_ros_nitros_bridge_interfaces/environment/pythonpath.dsv
[0.797s] -- Up-to-date symlink: /home/edgard/Desktop/AITEAM/nav/install/isaac_ros_nitros_bridge_interfaces/local/lib/python3.10/dist-packages/isaac_ros_nitros_bridge_interfaces-3.2.5-py3.10.egg-info/PKG-INFO
[0.797s] -- Up-to-date symlink: /home/edgard/Desktop/AITEAM/nav/install/isaac_ros_nitros_bridge_interfaces/local/lib/python3.10/dist-packages/isaac_ros_nitros_bridge_interfaces-3.2.5-py3.10.egg-info/SOURCES.txt
[0.797s] -- Up-to-date symlink: /home/edgard/Desktop/AITEAM/nav/install/isaac_ros_nitros_bridge_interfaces/local/lib/python3.10/dist-packages/isaac_ros_nitros_bridge_interfaces-3.2.5-py3.10.egg-info/dependency_links.txt
[0.797s] -- Up-to-date symlink: /home/edgard/Desktop/AITEAM/nav/install/isaac_ros_nitros_bridge_interfaces/local/lib/python3.10/dist-packages/isaac_ros_nitros_bridge_interfaces-3.2.5-py3.10.egg-info/top_level.txt
[0.797s] -- Up-to-date symlink: /home/edgard/Desktop/AITEAM/nav/install/isaac_ros_nitros_bridge_interfaces/local/lib/python3.10/dist-packages/isaac_ros_nitros_bridge_interfaces/__init__.py
[0.797s] -- Up-to-date symlink: /home/edgard/Desktop/AITEAM/nav/install/isaac_ros_nitros_bridge_interfaces/local/lib/python3.10/dist-packages/isaac_ros_nitros_bridge_interfaces/_isaac_ros_nitros_bridge_interfaces_s.ep.rosidl_typesupport_c.c
[0.797s] -- Up-to-date symlink: /home/edgard/Desktop/AITEAM/nav/install/isaac_ros_nitros_bridge_interfaces/local/lib/python3.10/dist-packages/isaac_ros_nitros_bridge_interfaces/_isaac_ros_nitros_bridge_interfaces_s.ep.rosidl_typesupport_fastrtps_c.c
[0.797s] -- Up-to-date symlink: /home/edgard/Desktop/AITEAM/nav/install/isaac_ros_nitros_bridge_interfaces/local/lib/python3.10/dist-packages/isaac_ros_nitros_bridge_interfaces/_isaac_ros_nitros_bridge_interfaces_s.ep.rosidl_typesupport_introspection_c.c
[0.797s] -- Up-to-date symlink: /home/edgard/Desktop/AITEAM/nav/install/isaac_ros_nitros_bridge_interfaces/local/lib/python3.10/dist-packages/isaac_ros_nitros_bridge_interfaces/isaac_ros_nitros_bridge_interfaces_s__rosidl_typesupport_c.cpython-310-x86_64-linux-gnu.so
[0.797s] -- Up-to-date symlink: /home/edgard/Desktop/AITEAM/nav/install/isaac_ros_nitros_bridge_interfaces/local/lib/python3.10/dist-packages/isaac_ros_nitros_bridge_interfaces/isaac_ros_nitros_bridge_interfaces_s__rosidl_typesupport_fastrtps_c.cpython-310-x86_64-linux-gnu.so
[0.797s] -- Up-to-date symlink: /home/edgard/Desktop/AITEAM/nav/install/isaac_ros_nitros_bridge_interfaces/local/lib/python3.10/dist-packages/isaac_ros_nitros_bridge_interfaces/isaac_ros_nitros_bridge_interfaces_s__rosidl_typesupport_introspection_c.cpython-310-x86_64-linux-gnu.so
[0.797s] -- Up-to-date symlink: /home/edgard/Desktop/AITEAM/nav/install/isaac_ros_nitros_bridge_interfaces/local/lib/python3.10/dist-packages/isaac_ros_nitros_bridge_interfaces/libisaac_ros_nitros_bridge_interfaces__rosidl_generator_py.so
[0.797s] -- Up-to-date symlink: /home/edgard/Desktop/AITEAM/nav/install/isaac_ros_nitros_bridge_interfaces/local/lib/python3.10/dist-packages/isaac_ros_nitros_bridge_interfaces/msg/__init__.py
[0.797s] -- Up-to-date symlink: /home/edgard/Desktop/AITEAM/nav/install/isaac_ros_nitros_bridge_interfaces/local/lib/python3.10/dist-packages/isaac_ros_nitros_bridge_interfaces/msg/_nitros_bridge_image.py
[0.798s] -- Up-to-date symlink: /home/edgard/Desktop/AITEAM/nav/install/isaac_ros_nitros_bridge_interfaces/local/lib/python3.10/dist-packages/isaac_ros_nitros_bridge_interfaces/msg/_nitros_bridge_image_s.c
[0.798s] -- Up-to-date symlink: /home/edgard/Desktop/AITEAM/nav/install/isaac_ros_nitros_bridge_interfaces/local/lib/python3.10/dist-packages/isaac_ros_nitros_bridge_interfaces/msg/_nitros_bridge_tensor_list.py
[0.798s] -- Up-to-date symlink: /home/edgard/Desktop/AITEAM/nav/install/isaac_ros_nitros_bridge_interfaces/local/lib/python3.10/dist-packages/isaac_ros_nitros_bridge_interfaces/msg/_nitros_bridge_tensor_list_s.c
[0.798s] -- Up-to-date symlink: /home/edgard/Desktop/AITEAM/nav/install/isaac_ros_nitros_bridge_interfaces/local/lib/python3.10/dist-packages/isaac_ros_nitros_bridge_interfaces/isaac_ros_nitros_bridge_interfaces_s__rosidl_typesupport_fastrtps_c.cpython-310-x86_64-linux-gnu.so
[0.798s] -- Up-to-date symlink: /home/edgard/Desktop/AITEAM/nav/install/isaac_ros_nitros_bridge_interfaces/local/lib/python3.10/dist-packages/isaac_ros_nitros_bridge_interfaces/isaac_ros_nitros_bridge_interfaces_s__rosidl_typesupport_introspection_c.cpython-310-x86_64-linux-gnu.so
[0.798s] -- Up-to-date symlink: /home/edgard/Desktop/AITEAM/nav/install/isaac_ros_nitros_bridge_interfaces/local/lib/python3.10/dist-packages/isaac_ros_nitros_bridge_interfaces/isaac_ros_nitros_bridge_interfaces_s__rosidl_typesupport_c.cpython-310-x86_64-linux-gnu.so
[0.798s] -- Up-to-date symlink: /home/edgard/Desktop/AITEAM/nav/install/isaac_ros_nitros_bridge_interfaces/share/ament_index/resource_index/rust_packages/isaac_ros_nitros_bridge_interfaces
[0.798s] -- Up-to-date symlink: /home/edgard/Desktop/AITEAM/nav/install/isaac_ros_nitros_bridge_interfaces/share/isaac_ros_nitros_bridge_interfaces/rust/Cargo.toml
[0.798s] -- Up-to-date symlink: /home/edgard/Desktop/AITEAM/nav/install/isaac_ros_nitros_bridge_interfaces/share/isaac_ros_nitros_bridge_interfaces/rust/build.rs
[0.798s] -- Up-to-date symlink: /home/edgard/Desktop/AITEAM/nav/install/isaac_ros_nitros_bridge_interfaces/share/isaac_ros_nitros_bridge_interfaces/rust/src/lib.rs
[0.798s] -- Up-to-date symlink: /home/edgard/Desktop/AITEAM/nav/install/isaac_ros_nitros_bridge_interfaces/share/isaac_ros_nitros_bridge_interfaces/rust/src/msg.rs
[0.798s] -- Up-to-date symlink: /home/edgard/Desktop/AITEAM/nav/install/isaac_ros_nitros_bridge_interfaces/share/isaac_ros_nitros_bridge_interfaces/rust/src/msg/rmw.rs
[0.798s] -- Up-to-date symlink: /home/edgard/Desktop/AITEAM/nav/install/isaac_ros_nitros_bridge_interfaces/share/isaac_ros_nitros_bridge_interfaces/msg/NitrosBridgeImage.idl
[0.799s] -- Up-to-date symlink: /home/edgard/Desktop/AITEAM/nav/install/isaac_ros_nitros_bridge_interfaces/share/isaac_ros_nitros_bridge_interfaces/msg/NitrosBridgeTensorList.idl
[0.799s] -- Up-to-date symlink: /home/edgard/Desktop/AITEAM/nav/install/isaac_ros_nitros_bridge_interfaces/share/isaac_ros_nitros_bridge_interfaces/msg/NitrosBridgeImage.msg
[0.799s] -- Up-to-date symlink: /home/edgard/Desktop/AITEAM/nav/install/isaac_ros_nitros_bridge_interfaces/share/isaac_ros_nitros_bridge_interfaces/msg/NitrosBridgeTensorList.msg
[0.799s] -- Up-to-date symlink: /home/edgard/Desktop/AITEAM/nav/install/isaac_ros_nitros_bridge_interfaces/share/isaac_ros_nitros_bridge_interfaces/version_info.yaml
[0.799s] -- Up-to-date symlink: /home/edgard/Desktop/AITEAM/nav/install/isaac_ros_nitros_bridge_interfaces/share/ament_index/resource_index/package_run_dependencies/isaac_ros_nitros_bridge_interfaces
[0.799s] -- Up-to-date symlink: /home/edgard/Desktop/AITEAM/nav/install/isaac_ros_nitros_bridge_interfaces/share/ament_index/resource_index/parent_prefix_path/isaac_ros_nitros_bridge_interfaces
[0.799s] -- Up-to-date symlink: /home/edgard/Desktop/AITEAM/nav/install/isaac_ros_nitros_bridge_interfaces/share/isaac_ros_nitros_bridge_interfaces/environment/ament_prefix_path.sh
[0.800s] -- Up-to-date symlink: /home/edgard/Desktop/AITEAM/nav/install/isaac_ros_nitros_bridge_interfaces/share/isaac_ros_nitros_bridge_interfaces/environment/ament_prefix_path.dsv
[0.800s] -- Up-to-date symlink: /home/edgard/Desktop/AITEAM/nav/install/isaac_ros_nitros_bridge_interfaces/share/isaac_ros_nitros_bridge_interfaces/environment/path.sh
[0.800s] -- Up-to-date symlink: /home/edgard/Desktop/AITEAM/nav/install/isaac_ros_nitros_bridge_interfaces/share/isaac_ros_nitros_bridge_interfaces/environment/path.dsv
[0.800s] -- Up-to-date symlink: /home/edgard/Desktop/AITEAM/nav/install/isaac_ros_nitros_bridge_interfaces/share/isaac_ros_nitros_bridge_interfaces/local_setup.bash
[0.800s] -- Up-to-date symlink: /home/edgard/Desktop/AITEAM/nav/install/isaac_ros_nitros_bridge_interfaces/share/isaac_ros_nitros_bridge_interfaces/local_setup.sh
[0.800s] -- Up-to-date symlink: /home/edgard/Desktop/AITEAM/nav/install/isaac_ros_nitros_bridge_interfaces/share/isaac_ros_nitros_bridge_interfaces/local_setup.zsh
[0.800s] -- Up-to-date symlink: /home/edgard/Desktop/AITEAM/nav/install/isaac_ros_nitros_bridge_interfaces/share/isaac_ros_nitros_bridge_interfaces/local_setup.dsv
[0.800s] -- Symlinking: /home/edgard/Desktop/AITEAM/nav/install/isaac_ros_nitros_bridge_interfaces/share/isaac_ros_nitros_bridge_interfaces/package.dsv
[0.809s] -- Up-to-date symlink: /home/edgard/Desktop/AITEAM/nav/install/isaac_ros_nitros_bridge_interfaces/share/ament_index/resource_index/packages/isaac_ros_nitros_bridge_interfaces
[0.809s] -- Up-to-date symlink: /home/edgard/Desktop/AITEAM/nav/install/isaac_ros_nitros_bridge_interfaces/share/isaac_ros_nitros_bridge_interfaces/cmake/rosidl_cmake-extras.cmake
[0.809s] -- Up-to-date symlink: /home/edgard/Desktop/AITEAM/nav/install/isaac_ros_nitros_bridge_interfaces/share/isaac_ros_nitros_bridge_interfaces/cmake/ament_cmake_export_dependencies-extras.cmake
[0.810s] -- Up-to-date symlink: /home/edgard/Desktop/AITEAM/nav/install/isaac_ros_nitros_bridge_interfaces/share/isaac_ros_nitros_bridge_interfaces/cmake/ament_cmake_export_include_directories-extras.cmake
[0.810s] -- Up-to-date symlink: /home/edgard/Desktop/AITEAM/nav/install/isaac_ros_nitros_bridge_interfaces/share/isaac_ros_nitros_bridge_interfaces/cmake/ament_cmake_export_libraries-extras.cmake
[0.810s] -- Up-to-date symlink: /home/edgard/Desktop/AITEAM/nav/install/isaac_ros_nitros_bridge_interfaces/share/isaac_ros_nitros_bridge_interfaces/cmake/ament_cmake_export_targets-extras.cmake
[0.810s] -- Up-to-date symlink: /home/edgard/Desktop/AITEAM/nav/install/isaac_ros_nitros_bridge_interfaces/share/isaac_ros_nitros_bridge_interfaces/cmake/rosidl_cmake_export_typesupport_targets-extras.cmake
[0.810s] -- Up-to-date symlink: /home/edgard/Desktop/AITEAM/nav/install/isaac_ros_nitros_bridge_interfaces/share/isaac_ros_nitros_bridge_interfaces/cmake/rosidl_cmake_export_typesupport_libraries-extras.cmake
[0.810s] -- Up-to-date symlink: /home/edgard/Desktop/AITEAM/nav/install/isaac_ros_nitros_bridge_interfaces/share/isaac_ros_nitros_bridge_interfaces/cmake/isaac_ros_nitros_bridge_interfacesConfig.cmake
[0.810s] -- Up-to-date symlink: /home/edgard/Desktop/AITEAM/nav/install/isaac_ros_nitros_bridge_interfaces/share/isaac_ros_nitros_bridge_interfaces/cmake/isaac_ros_nitros_bridge_interfacesConfig-version.cmake
[0.810s] -- Up-to-date symlink: /home/edgard/Desktop/AITEAM/nav/install/isaac_ros_nitros_bridge_interfaces/share/isaac_ros_nitros_bridge_interfaces/package.xml
[0.811s] -- Up-to-date: /home/edgard/Desktop/AITEAM/nav/install/isaac_ros_nitros_bridge_interfaces/lib/libisaac_ros_nitros_bridge_interfaces__rosidl_generator_c.so
[0.811s] -- Up-to-date: /home/edgard/Desktop/AITEAM/nav/install/isaac_ros_nitros_bridge_interfaces/lib/libisaac_ros_nitros_bridge_interfaces__rosidl_typesupport_fastrtps_c.so
[0.811s] -- Up-to-date: /home/edgard/Desktop/AITEAM/nav/install/isaac_ros_nitros_bridge_interfaces/lib/libisaac_ros_nitros_bridge_interfaces__rosidl_typesupport_introspection_c.so
[0.811s] -- Up-to-date: /home/edgard/Desktop/AITEAM/nav/install/isaac_ros_nitros_bridge_interfaces/lib/libisaac_ros_nitros_bridge_interfaces__rosidl_typesupport_c.so
[0.811s] -- Up-to-date: /home/edgard/Desktop/AITEAM/nav/install/isaac_ros_nitros_bridge_interfaces/lib/libisaac_ros_nitros_bridge_interfaces__rosidl_typesupport_fastrtps_cpp.so
[0.811s] -- Up-to-date: /home/edgard/Desktop/AITEAM/nav/install/isaac_ros_nitros_bridge_interfaces/lib/libisaac_ros_nitros_bridge_interfaces__rosidl_typesupport_introspection_cpp.so
[0.812s] -- Up-to-date: /home/edgard/Desktop/AITEAM/nav/install/isaac_ros_nitros_bridge_interfaces/lib/libisaac_ros_nitros_bridge_interfaces__rosidl_typesupport_cpp.so
[0.843s] Listing '/home/edgard/Desktop/AITEAM/nav/install/isaac_ros_nitros_bridge_interfaces/local/lib/python3.10/dist-packages/isaac_ros_nitros_bridge_interfaces'...
[0.843s] Listing '/home/edgard/Desktop/AITEAM/nav/install/isaac_ros_nitros_bridge_interfaces/local/lib/python3.10/dist-packages/isaac_ros_nitros_bridge_interfaces/msg'...
[0.848s] -- Up-to-date: /home/edgard/Desktop/AITEAM/nav/install/isaac_ros_nitros_bridge_interfaces/lib/libisaac_ros_nitros_bridge_interfaces__rosidl_generator_py.so
[0.848s] -- Up-to-date: /home/edgard/Desktop/AITEAM/nav/install/isaac_ros_nitros_bridge_interfaces/share/isaac_ros_nitros_bridge_interfaces/cmake/export_isaac_ros_nitros_bridge_interfaces__rosidl_generator_cExport.cmake
[0.848s] -- Up-to-date: /home/edgard/Desktop/AITEAM/nav/install/isaac_ros_nitros_bridge_interfaces/share/isaac_ros_nitros_bridge_interfaces/cmake/export_isaac_ros_nitros_bridge_interfaces__rosidl_generator_cExport-release.cmake
[0.848s] -- Up-to-date: /home/edgard/Desktop/AITEAM/nav/install/isaac_ros_nitros_bridge_interfaces/share/isaac_ros_nitros_bridge_interfaces/cmake/export_isaac_ros_nitros_bridge_interfaces__rosidl_typesupport_fastrtps_cExport.cmake
[0.849s] -- Up-to-date: /home/edgard/Desktop/AITEAM/nav/install/isaac_ros_nitros_bridge_interfaces/share/isaac_ros_nitros_bridge_interfaces/cmake/export_isaac_ros_nitros_bridge_interfaces__rosidl_typesupport_fastrtps_cExport-release.cmake
[0.849s] -- Up-to-date: /home/edgard/Desktop/AITEAM/nav/install/isaac_ros_nitros_bridge_interfaces/share/isaac_ros_nitros_bridge_interfaces/cmake/isaac_ros_nitros_bridge_interfaces__rosidl_typesupport_introspection_cExport.cmake
[0.849s] -- Up-to-date: /home/edgard/Desktop/AITEAM/nav/install/isaac_ros_nitros_bridge_interfaces/share/isaac_ros_nitros_bridge_interfaces/cmake/isaac_ros_nitros_bridge_interfaces__rosidl_typesupport_introspection_cExport-release.cmake
[0.849s] -- Up-to-date: /home/edgard/Desktop/AITEAM/nav/install/isaac_ros_nitros_bridge_interfaces/share/isaac_ros_nitros_bridge_interfaces/cmake/isaac_ros_nitros_bridge_interfaces__rosidl_typesupport_cExport.cmake
[0.849s] -- Up-to-date: /home/edgard/Desktop/AITEAM/nav/install/isaac_ros_nitros_bridge_interfaces/share/isaac_ros_nitros_bridge_interfaces/cmake/isaac_ros_nitros_bridge_interfaces__rosidl_typesupport_cExport-release.cmake
[0.849s] -- Up-to-date: /home/edgard/Desktop/AITEAM/nav/install/isaac_ros_nitros_bridge_interfaces/share/isaac_ros_nitros_bridge_interfaces/cmake/export_isaac_ros_nitros_bridge_interfaces__rosidl_generator_cppExport.cmake
[0.849s] -- Up-to-date: /home/edgard/Desktop/AITEAM/nav/install/isaac_ros_nitros_bridge_interfaces/share/isaac_ros_nitros_bridge_interfaces/cmake/export_isaac_ros_nitros_bridge_interfaces__rosidl_typesupport_fastrtps_cppExport.cmake
[0.849s] -- Up-to-date: /home/edgard/Desktop/AITEAM/nav/install/isaac_ros_nitros_bridge_interfaces/share/isaac_ros_nitros_bridge_interfaces/cmake/export_isaac_ros_nitros_bridge_interfaces__rosidl_typesupport_fastrtps_cppExport-release.cmake
[0.849s] -- Up-to-date: /home/edgard/Desktop/AITEAM/nav/install/isaac_ros_nitros_bridge_interfaces/share/isaac_ros_nitros_bridge_interfaces/cmake/isaac_ros_nitros_bridge_interfaces__rosidl_typesupport_introspection_cppExport.cmake
[0.849s] -- Up-to-date: /home/edgard/Desktop/AITEAM/nav/install/isaac_ros_nitros_bridge_interfaces/share/isaac_ros_nitros_bridge_interfaces/cmake/isaac_ros_nitros_bridge_interfaces__rosidl_typesupport_introspection_cppExport-release.cmake
[0.849s] -- Up-to-date: /home/edgard/Desktop/AITEAM/nav/install/isaac_ros_nitros_bridge_interfaces/share/isaac_ros_nitros_bridge_interfaces/cmake/isaac_ros_nitros_bridge_interfaces__rosidl_typesupport_cppExport.cmake
[0.849s] -- Up-to-date: /home/edgard/Desktop/AITEAM/nav/install/isaac_ros_nitros_bridge_interfaces/share/isaac_ros_nitros_bridge_interfaces/cmake/isaac_ros_nitros_bridge_interfaces__rosidl_typesupport_cppExport-release.cmake
[0.849s] -- Up-to-date: /home/edgard/Desktop/AITEAM/nav/install/isaac_ros_nitros_bridge_interfaces/share/isaac_ros_nitros_bridge_interfaces/cmake/export_isaac_ros_nitros_bridge_interfaces__rosidl_generator_pyExport.cmake
[0.849s] -- Up-to-date: /home/edgard/Desktop/AITEAM/nav/install/isaac_ros_nitros_bridge_interfaces/share/isaac_ros_nitros_bridge_interfaces/cmake/export_isaac_ros_nitros_bridge_interfaces__rosidl_generator_pyExport-release.cmake
[0.852s] Invoked command in '/home/edgard/Desktop/AITEAM/nav/build/isaac_ros_nitros_bridge_interfaces' returned '0': AMENT_PREFIX_PATH=/home/edgard/Desktop/AITEAM/nav/install/isaac_ros_tensor_list_interfaces:/home/edgard/Desktop/AITEAM/nav/install/isaac_ros_common:${AMENT_PREFIX_PATH} CMAKE_PREFIX_PATH=/home/edgard/Desktop/AITEAM/nav/install/isaac_ros_tensor_list_interfaces:/home/edgard/Desktop/AITEAM/nav/install/isaac_ros_common:/opt/ros/humble CONDA_PROMPT_MODIFIER=(base) LD_LIBRARY_PATH=/home/edgard/Desktop/AITEAM/nav/install/isaac_ros_tensor_list_interfaces/lib:/home/edgard/Desktop/AITEAM/nav/install/isaac_ros_common/lib:/opt/ros/humble/opt/rviz_ogre_vendor/lib:/opt/ros/humble/lib/x86_64-linux-gnu:/opt/ros/humble/lib:/home/edgard/Downloads/TensorRT-10.13.2.6/lib PATH=/home/edgard/Desktop/AITEAM/nav/install/isaac_ros_common/bin:${PATH} PYTHONPATH=/home/edgard/Desktop/AITEAM/nav/install/isaac_ros_tensor_list_interfaces/local/lib/python3.10/dist-packages:/home/edgard/Desktop/AITEAM/nav/install/isaac_ros_common/local/lib/python3.10/dist-packages:${PYTHONPATH} /usr/bin/cmake --install /home/edgard/Desktop/AITEAM/nav/build/isaac_ros_nitros_bridge_interfaces
