[0.525s] Invoking command in '/home/edgard/Desktop/AITEAM/nav/build/isaac_ros_pointcloud_interfaces': AMENT_PREFIX_PATH=/home/edgard/Desktop/AITEAM/nav/install/isaac_ros_common:${AMENT_PREFIX_PATH} CMAKE_PREFIX_PATH=/home/edgard/Desktop/AITEAM/nav/install/isaac_ros_common:/opt/ros/humble CONDA_PROMPT_MODIFIER=(base) LD_LIBRARY_PATH=/home/edgard/Desktop/AITEAM/nav/install/isaac_ros_common/lib:/opt/ros/humble/opt/rviz_ogre_vendor/lib:/opt/ros/humble/lib/x86_64-linux-gnu:/opt/ros/humble/lib:/home/edgard/Downloads/TensorRT-10.13.2.6/lib PATH=/home/edgard/Desktop/AITEAM/nav/install/isaac_ros_common/bin:${PATH} PYTHONPATH=/home/edgard/Desktop/AITEAM/nav/install/isaac_ros_common/local/lib/python3.10/dist-packages:${PYTHONPATH} /usr/bin/cmake --build /home/edgard/Desktop/AITEAM/nav/build/isaac_ros_pointcloud_interfaces -- -j24 -l24
[0.760s] [  3%] Built target isaac_ros_pointcloud_interfaces__rs
[0.760s] [  6%] Built target isaac_ros_pointcloud_interfaces__cpp
[0.760s] [ 15%] Built target isaac_ros_pointcloud_interfaces__rosidl_generator_c
[0.760s] [ 18%] Built target generate_version_info_target_isaac_ros_pointcloud_interfaces
[0.760s] [ 18%] Built target ament_cmake_python_symlink_isaac_ros_pointcloud_interfaces
[0.760s] [ 27%] Built target isaac_ros_pointcloud_interfaces__rosidl_typesupport_introspection_cpp
[0.760s] [ 36%] Built target isaac_ros_pointcloud_interfaces__rosidl_typesupport_c
[0.760s] [ 45%] Built target isaac_ros_pointcloud_interfaces__rosidl_typesupport_introspection_c
[0.760s] [ 60%] Built target isaac_ros_pointcloud_interfaces__rosidl_typesupport_cpp
[0.760s] [ 63%] Built target isaac_ros_pointcloud_interfaces__rosidl_typesupport_fastrtps_c
[0.760s] [ 72%] Built target isaac_ros_pointcloud_interfaces__rosidl_typesupport_fastrtps_cpp
[0.760s] [ 72%] Built target isaac_ros_pointcloud_interfaces
[0.760s] [ 75%] Built target isaac_ros_pointcloud_interfaces__py
[0.760s] [ 81%] Built target isaac_ros_pointcloud_interfaces__rosidl_generator_py
[0.760s] [ 87%] Built target isaac_ros_pointcloud_interfaces__rosidl_typesupport_introspection_c__pyext
[0.760s] [ 93%] Built target isaac_ros_pointcloud_interfaces__rosidl_typesupport_c__pyext
[0.760s] [100%] Built target isaac_ros_pointcloud_interfaces__rosidl_typesupport_fastrtps_c__pyext
[0.776s] running egg_info
[0.776s] writing isaac_ros_pointcloud_interfaces.egg-info/PKG-INFO
[0.777s] writing dependency_links to isaac_ros_pointcloud_interfaces.egg-info/dependency_links.txt
[0.777s] writing top-level names to isaac_ros_pointcloud_interfaces.egg-info/top_level.txt
[0.778s] reading manifest file 'isaac_ros_pointcloud_interfaces.egg-info/SOURCES.txt'
[0.778s] writing manifest file 'isaac_ros_pointcloud_interfaces.egg-info/SOURCES.txt'
[0.804s] [100%] Built target ament_cmake_python_build_isaac_ros_pointcloud_interfaces_egg
[0.994s] Invoked command in '/home/edgard/Desktop/AITEAM/nav/build/isaac_ros_pointcloud_interfaces' returned '0': AMENT_PREFIX_PATH=/home/edgard/Desktop/AITEAM/nav/install/isaac_ros_common:${AMENT_PREFIX_PATH} CMAKE_PREFIX_PATH=/home/edgard/Desktop/AITEAM/nav/install/isaac_ros_common:/opt/ros/humble CONDA_PROMPT_MODIFIER=(base) LD_LIBRARY_PATH=/home/edgard/Desktop/AITEAM/nav/install/isaac_ros_common/lib:/opt/ros/humble/opt/rviz_ogre_vendor/lib:/opt/ros/humble/lib/x86_64-linux-gnu:/opt/ros/humble/lib:/home/edgard/Downloads/TensorRT-10.13.2.6/lib PATH=/home/edgard/Desktop/AITEAM/nav/install/isaac_ros_common/bin:${PATH} PYTHONPATH=/home/edgard/Desktop/AITEAM/nav/install/isaac_ros_common/local/lib/python3.10/dist-packages:${PYTHONPATH} /usr/bin/cmake --build /home/edgard/Desktop/AITEAM/nav/build/isaac_ros_pointcloud_interfaces -- -j24 -l24
[0.995s] Invoking command in '/home/edgard/Desktop/AITEAM/nav/build/isaac_ros_pointcloud_interfaces': AMENT_PREFIX_PATH=/home/edgard/Desktop/AITEAM/nav/install/isaac_ros_common:${AMENT_PREFIX_PATH} CMAKE_PREFIX_PATH=/home/edgard/Desktop/AITEAM/nav/install/isaac_ros_common:/opt/ros/humble CONDA_PROMPT_MODIFIER=(base) LD_LIBRARY_PATH=/home/edgard/Desktop/AITEAM/nav/install/isaac_ros_common/lib:/opt/ros/humble/opt/rviz_ogre_vendor/lib:/opt/ros/humble/lib/x86_64-linux-gnu:/opt/ros/humble/lib:/home/edgard/Downloads/TensorRT-10.13.2.6/lib PATH=/home/edgard/Desktop/AITEAM/nav/install/isaac_ros_common/bin:${PATH} PYTHONPATH=/home/edgard/Desktop/AITEAM/nav/install/isaac_ros_common/local/lib/python3.10/dist-packages:${PYTHONPATH} /usr/bin/cmake --install /home/edgard/Desktop/AITEAM/nav/build/isaac_ros_pointcloud_interfaces
[1.044s] -- Install configuration: "Release"
[1.047s] -- Execute custom install script
[1.047s] -- Up-to-date symlink: /home/edgard/Desktop/AITEAM/nav/install/isaac_ros_pointcloud_interfaces/share/ament_index/resource_index/rosidl_interfaces/isaac_ros_pointcloud_interfaces
[1.047s] -- Up-to-date symlink: /home/edgard/Desktop/AITEAM/nav/install/isaac_ros_pointcloud_interfaces/include/isaac_ros_pointcloud_interfaces/isaac_ros_pointcloud_interfaces/msg/detail/flat_scan__functions.h
[1.048s] -- Up-to-date symlink: /home/edgard/Desktop/AITEAM/nav/install/isaac_ros_pointcloud_interfaces/include/isaac_ros_pointcloud_interfaces/isaac_ros_pointcloud_interfaces/msg/detail/flat_scan__struct.h
[1.048s] -- Up-to-date symlink: /home/edgard/Desktop/AITEAM/nav/install/isaac_ros_pointcloud_interfaces/include/isaac_ros_pointcloud_interfaces/isaac_ros_pointcloud_interfaces/msg/detail/flat_scan__type_support.h
[1.048s] -- Up-to-date symlink: /home/edgard/Desktop/AITEAM/nav/install/isaac_ros_pointcloud_interfaces/include/isaac_ros_pointcloud_interfaces/isaac_ros_pointcloud_interfaces/msg/flat_scan.h
[1.048s] -- Up-to-date symlink: /home/edgard/Desktop/AITEAM/nav/install/isaac_ros_pointcloud_interfaces/include/isaac_ros_pointcloud_interfaces/isaac_ros_pointcloud_interfaces/msg/rosidl_generator_c__visibility_control.h
[1.048s] -- Up-to-date symlink: /home/edgard/Desktop/AITEAM/nav/install/isaac_ros_pointcloud_interfaces/share/isaac_ros_pointcloud_interfaces/environment/library_path.sh
[1.048s] -- Up-to-date symlink: /home/edgard/Desktop/AITEAM/nav/install/isaac_ros_pointcloud_interfaces/share/isaac_ros_pointcloud_interfaces/environment/library_path.dsv
[1.049s] -- Up-to-date symlink: /home/edgard/Desktop/AITEAM/nav/install/isaac_ros_pointcloud_interfaces/include/isaac_ros_pointcloud_interfaces/isaac_ros_pointcloud_interfaces/msg/detail/flat_scan__rosidl_typesupport_fastrtps_c.h
[1.049s] -- Up-to-date symlink: /home/edgard/Desktop/AITEAM/nav/install/isaac_ros_pointcloud_interfaces/include/isaac_ros_pointcloud_interfaces/isaac_ros_pointcloud_interfaces/msg/rosidl_typesupport_fastrtps_c__visibility_control.h
[1.049s] -- Up-to-date symlink: /home/edgard/Desktop/AITEAM/nav/install/isaac_ros_pointcloud_interfaces/include/isaac_ros_pointcloud_interfaces/isaac_ros_pointcloud_interfaces/msg/detail/flat_scan__rosidl_typesupport_introspection_c.h
[1.049s] -- Up-to-date symlink: /home/edgard/Desktop/AITEAM/nav/install/isaac_ros_pointcloud_interfaces/include/isaac_ros_pointcloud_interfaces/isaac_ros_pointcloud_interfaces/msg/rosidl_typesupport_introspection_c__visibility_control.h
[1.049s] -- Up-to-date symlink: /home/edgard/Desktop/AITEAM/nav/install/isaac_ros_pointcloud_interfaces/include/isaac_ros_pointcloud_interfaces/isaac_ros_pointcloud_interfaces/msg/detail/flat_scan__builder.hpp
[1.049s] -- Up-to-date symlink: /home/edgard/Desktop/AITEAM/nav/install/isaac_ros_pointcloud_interfaces/include/isaac_ros_pointcloud_interfaces/isaac_ros_pointcloud_interfaces/msg/detail/flat_scan__struct.hpp
[1.049s] -- Up-to-date symlink: /home/edgard/Desktop/AITEAM/nav/install/isaac_ros_pointcloud_interfaces/include/isaac_ros_pointcloud_interfaces/isaac_ros_pointcloud_interfaces/msg/detail/flat_scan__traits.hpp
[1.049s] -- Up-to-date symlink: /home/edgard/Desktop/AITEAM/nav/install/isaac_ros_pointcloud_interfaces/include/isaac_ros_pointcloud_interfaces/isaac_ros_pointcloud_interfaces/msg/detail/flat_scan__type_support.hpp
[1.050s] -- Up-to-date symlink: /home/edgard/Desktop/AITEAM/nav/install/isaac_ros_pointcloud_interfaces/include/isaac_ros_pointcloud_interfaces/isaac_ros_pointcloud_interfaces/msg/flat_scan.hpp
[1.050s] -- Up-to-date symlink: /home/edgard/Desktop/AITEAM/nav/install/isaac_ros_pointcloud_interfaces/include/isaac_ros_pointcloud_interfaces/isaac_ros_pointcloud_interfaces/msg/rosidl_generator_cpp__visibility_control.hpp
[1.050s] -- Up-to-date symlink: /home/edgard/Desktop/AITEAM/nav/install/isaac_ros_pointcloud_interfaces/include/isaac_ros_pointcloud_interfaces/isaac_ros_pointcloud_interfaces/msg/detail/flat_scan__rosidl_typesupport_fastrtps_cpp.hpp
[1.052s] -- Up-to-date symlink: /home/edgard/Desktop/AITEAM/nav/install/isaac_ros_pointcloud_interfaces/include/isaac_ros_pointcloud_interfaces/isaac_ros_pointcloud_interfaces/msg/rosidl_typesupport_fastrtps_cpp__visibility_control.h
[1.052s] -- Up-to-date symlink: /home/edgard/Desktop/AITEAM/nav/install/isaac_ros_pointcloud_interfaces/include/isaac_ros_pointcloud_interfaces/isaac_ros_pointcloud_interfaces/msg/detail/flat_scan__rosidl_typesupport_introspection_cpp.hpp
[1.052s] -- Up-to-date symlink: /home/edgard/Desktop/AITEAM/nav/install/isaac_ros_pointcloud_interfaces/share/isaac_ros_pointcloud_interfaces/environment/pythonpath.sh
[1.052s] -- Up-to-date symlink: /home/edgard/Desktop/AITEAM/nav/install/isaac_ros_pointcloud_interfaces/share/isaac_ros_pointcloud_interfaces/environment/pythonpath.dsv
[1.052s] -- Up-to-date symlink: /home/edgard/Desktop/AITEAM/nav/install/isaac_ros_pointcloud_interfaces/local/lib/python3.10/dist-packages/isaac_ros_pointcloud_interfaces-3.2.5-py3.10.egg-info/PKG-INFO
[1.052s] -- Up-to-date symlink: /home/edgard/Desktop/AITEAM/nav/install/isaac_ros_pointcloud_interfaces/local/lib/python3.10/dist-packages/isaac_ros_pointcloud_interfaces-3.2.5-py3.10.egg-info/SOURCES.txt
[1.053s] -- Up-to-date symlink: /home/edgard/Desktop/AITEAM/nav/install/isaac_ros_pointcloud_interfaces/local/lib/python3.10/dist-packages/isaac_ros_pointcloud_interfaces-3.2.5-py3.10.egg-info/dependency_links.txt
[1.053s] -- Up-to-date symlink: /home/edgard/Desktop/AITEAM/nav/install/isaac_ros_pointcloud_interfaces/local/lib/python3.10/dist-packages/isaac_ros_pointcloud_interfaces-3.2.5-py3.10.egg-info/top_level.txt
[1.053s] -- Up-to-date symlink: /home/edgard/Desktop/AITEAM/nav/install/isaac_ros_pointcloud_interfaces/local/lib/python3.10/dist-packages/isaac_ros_pointcloud_interfaces/__init__.py
[1.053s] -- Up-to-date symlink: /home/edgard/Desktop/AITEAM/nav/install/isaac_ros_pointcloud_interfaces/local/lib/python3.10/dist-packages/isaac_ros_pointcloud_interfaces/_isaac_ros_pointcloud_interfaces_s.ep.rosidl_typesupport_c.c
[1.053s] -- Up-to-date symlink: /home/edgard/Desktop/AITEAM/nav/install/isaac_ros_pointcloud_interfaces/local/lib/python3.10/dist-packages/isaac_ros_pointcloud_interfaces/_isaac_ros_pointcloud_interfaces_s.ep.rosidl_typesupport_fastrtps_c.c
[1.053s] -- Up-to-date symlink: /home/edgard/Desktop/AITEAM/nav/install/isaac_ros_pointcloud_interfaces/local/lib/python3.10/dist-packages/isaac_ros_pointcloud_interfaces/_isaac_ros_pointcloud_interfaces_s.ep.rosidl_typesupport_introspection_c.c
[1.053s] -- Up-to-date symlink: /home/edgard/Desktop/AITEAM/nav/install/isaac_ros_pointcloud_interfaces/local/lib/python3.10/dist-packages/isaac_ros_pointcloud_interfaces/isaac_ros_pointcloud_interfaces_s__rosidl_typesupport_c.cpython-310-x86_64-linux-gnu.so
[1.053s] -- Up-to-date symlink: /home/edgard/Desktop/AITEAM/nav/install/isaac_ros_pointcloud_interfaces/local/lib/python3.10/dist-packages/isaac_ros_pointcloud_interfaces/isaac_ros_pointcloud_interfaces_s__rosidl_typesupport_fastrtps_c.cpython-310-x86_64-linux-gnu.so
[1.053s] -- Up-to-date symlink: /home/edgard/Desktop/AITEAM/nav/install/isaac_ros_pointcloud_interfaces/local/lib/python3.10/dist-packages/isaac_ros_pointcloud_interfaces/isaac_ros_pointcloud_interfaces_s__rosidl_typesupport_introspection_c.cpython-310-x86_64-linux-gnu.so
[1.053s] -- Up-to-date symlink: /home/edgard/Desktop/AITEAM/nav/install/isaac_ros_pointcloud_interfaces/local/lib/python3.10/dist-packages/isaac_ros_pointcloud_interfaces/libisaac_ros_pointcloud_interfaces__rosidl_generator_py.so
[1.053s] -- Up-to-date symlink: /home/edgard/Desktop/AITEAM/nav/install/isaac_ros_pointcloud_interfaces/local/lib/python3.10/dist-packages/isaac_ros_pointcloud_interfaces/msg/__init__.py
[1.053s] -- Up-to-date symlink: /home/edgard/Desktop/AITEAM/nav/install/isaac_ros_pointcloud_interfaces/local/lib/python3.10/dist-packages/isaac_ros_pointcloud_interfaces/msg/_flat_scan.py
[1.054s] -- Up-to-date symlink: /home/edgard/Desktop/AITEAM/nav/install/isaac_ros_pointcloud_interfaces/local/lib/python3.10/dist-packages/isaac_ros_pointcloud_interfaces/msg/_flat_scan_s.c
[1.054s] -- Up-to-date symlink: /home/edgard/Desktop/AITEAM/nav/install/isaac_ros_pointcloud_interfaces/local/lib/python3.10/dist-packages/isaac_ros_pointcloud_interfaces/isaac_ros_pointcloud_interfaces_s__rosidl_typesupport_fastrtps_c.cpython-310-x86_64-linux-gnu.so
[1.054s] -- Up-to-date symlink: /home/edgard/Desktop/AITEAM/nav/install/isaac_ros_pointcloud_interfaces/local/lib/python3.10/dist-packages/isaac_ros_pointcloud_interfaces/isaac_ros_pointcloud_interfaces_s__rosidl_typesupport_introspection_c.cpython-310-x86_64-linux-gnu.so
[1.054s] -- Up-to-date symlink: /home/edgard/Desktop/AITEAM/nav/install/isaac_ros_pointcloud_interfaces/local/lib/python3.10/dist-packages/isaac_ros_pointcloud_interfaces/isaac_ros_pointcloud_interfaces_s__rosidl_typesupport_c.cpython-310-x86_64-linux-gnu.so
[1.054s] -- Up-to-date symlink: /home/edgard/Desktop/AITEAM/nav/install/isaac_ros_pointcloud_interfaces/share/ament_index/resource_index/rust_packages/isaac_ros_pointcloud_interfaces
[1.054s] -- Up-to-date symlink: /home/edgard/Desktop/AITEAM/nav/install/isaac_ros_pointcloud_interfaces/share/isaac_ros_pointcloud_interfaces/rust/Cargo.toml
[1.054s] -- Up-to-date symlink: /home/edgard/Desktop/AITEAM/nav/install/isaac_ros_pointcloud_interfaces/share/isaac_ros_pointcloud_interfaces/rust/build.rs
[1.054s] -- Up-to-date symlink: /home/edgard/Desktop/AITEAM/nav/install/isaac_ros_pointcloud_interfaces/share/isaac_ros_pointcloud_interfaces/rust/src/lib.rs
[1.054s] -- Up-to-date symlink: /home/edgard/Desktop/AITEAM/nav/install/isaac_ros_pointcloud_interfaces/share/isaac_ros_pointcloud_interfaces/rust/src/msg.rs
[1.054s] -- Up-to-date symlink: /home/edgard/Desktop/AITEAM/nav/install/isaac_ros_pointcloud_interfaces/share/isaac_ros_pointcloud_interfaces/rust/src/msg/rmw.rs
[1.054s] -- Up-to-date symlink: /home/edgard/Desktop/AITEAM/nav/install/isaac_ros_pointcloud_interfaces/share/isaac_ros_pointcloud_interfaces/msg/FlatScan.idl
[1.054s] -- Up-to-date symlink: /home/edgard/Desktop/AITEAM/nav/install/isaac_ros_pointcloud_interfaces/share/isaac_ros_pointcloud_interfaces/msg/FlatScan.msg
[1.054s] -- Up-to-date symlink: /home/edgard/Desktop/AITEAM/nav/install/isaac_ros_pointcloud_interfaces/share/isaac_ros_pointcloud_interfaces/version_info.yaml
[1.054s] -- Up-to-date symlink: /home/edgard/Desktop/AITEAM/nav/install/isaac_ros_pointcloud_interfaces/share/ament_index/resource_index/package_run_dependencies/isaac_ros_pointcloud_interfaces
[1.054s] -- Up-to-date symlink: /home/edgard/Desktop/AITEAM/nav/install/isaac_ros_pointcloud_interfaces/share/ament_index/resource_index/parent_prefix_path/isaac_ros_pointcloud_interfaces
[1.055s] -- Up-to-date symlink: /home/edgard/Desktop/AITEAM/nav/install/isaac_ros_pointcloud_interfaces/share/isaac_ros_pointcloud_interfaces/environment/ament_prefix_path.sh
[1.055s] -- Up-to-date symlink: /home/edgard/Desktop/AITEAM/nav/install/isaac_ros_pointcloud_interfaces/share/isaac_ros_pointcloud_interfaces/environment/ament_prefix_path.dsv
[1.055s] -- Up-to-date symlink: /home/edgard/Desktop/AITEAM/nav/install/isaac_ros_pointcloud_interfaces/share/isaac_ros_pointcloud_interfaces/environment/path.sh
[1.055s] -- Up-to-date symlink: /home/edgard/Desktop/AITEAM/nav/install/isaac_ros_pointcloud_interfaces/share/isaac_ros_pointcloud_interfaces/environment/path.dsv
[1.055s] -- Up-to-date symlink: /home/edgard/Desktop/AITEAM/nav/install/isaac_ros_pointcloud_interfaces/share/isaac_ros_pointcloud_interfaces/local_setup.bash
[1.055s] -- Up-to-date symlink: /home/edgard/Desktop/AITEAM/nav/install/isaac_ros_pointcloud_interfaces/share/isaac_ros_pointcloud_interfaces/local_setup.sh
[1.055s] -- Up-to-date symlink: /home/edgard/Desktop/AITEAM/nav/install/isaac_ros_pointcloud_interfaces/share/isaac_ros_pointcloud_interfaces/local_setup.zsh
[1.055s] -- Up-to-date symlink: /home/edgard/Desktop/AITEAM/nav/install/isaac_ros_pointcloud_interfaces/share/isaac_ros_pointcloud_interfaces/local_setup.dsv
[1.055s] -- Symlinking: /home/edgard/Desktop/AITEAM/nav/install/isaac_ros_pointcloud_interfaces/share/isaac_ros_pointcloud_interfaces/package.dsv
[1.055s] -- Up-to-date symlink: /home/edgard/Desktop/AITEAM/nav/install/isaac_ros_pointcloud_interfaces/share/ament_index/resource_index/packages/isaac_ros_pointcloud_interfaces
[1.055s] -- Up-to-date symlink: /home/edgard/Desktop/AITEAM/nav/install/isaac_ros_pointcloud_interfaces/share/isaac_ros_pointcloud_interfaces/cmake/rosidl_cmake-extras.cmake
[1.055s] -- Up-to-date symlink: /home/edgard/Desktop/AITEAM/nav/install/isaac_ros_pointcloud_interfaces/share/isaac_ros_pointcloud_interfaces/cmake/ament_cmake_export_dependencies-extras.cmake
[1.055s] -- Up-to-date symlink: /home/edgard/Desktop/AITEAM/nav/install/isaac_ros_pointcloud_interfaces/share/isaac_ros_pointcloud_interfaces/cmake/ament_cmake_export_include_directories-extras.cmake
[1.055s] -- Up-to-date symlink: /home/edgard/Desktop/AITEAM/nav/install/isaac_ros_pointcloud_interfaces/share/isaac_ros_pointcloud_interfaces/cmake/ament_cmake_export_libraries-extras.cmake
[1.055s] -- Up-to-date symlink: /home/edgard/Desktop/AITEAM/nav/install/isaac_ros_pointcloud_interfaces/share/isaac_ros_pointcloud_interfaces/cmake/ament_cmake_export_targets-extras.cmake
[1.056s] -- Up-to-date symlink: /home/edgard/Desktop/AITEAM/nav/install/isaac_ros_pointcloud_interfaces/share/isaac_ros_pointcloud_interfaces/cmake/rosidl_cmake_export_typesupport_targets-extras.cmake
[1.056s] -- Up-to-date symlink: /home/edgard/Desktop/AITEAM/nav/install/isaac_ros_pointcloud_interfaces/share/isaac_ros_pointcloud_interfaces/cmake/rosidl_cmake_export_typesupport_libraries-extras.cmake
[1.056s] -- Up-to-date symlink: /home/edgard/Desktop/AITEAM/nav/install/isaac_ros_pointcloud_interfaces/share/isaac_ros_pointcloud_interfaces/cmake/isaac_ros_pointcloud_interfacesConfig.cmake
[1.056s] -- Up-to-date symlink: /home/edgard/Desktop/AITEAM/nav/install/isaac_ros_pointcloud_interfaces/share/isaac_ros_pointcloud_interfaces/cmake/isaac_ros_pointcloud_interfacesConfig-version.cmake
[1.056s] -- Up-to-date symlink: /home/edgard/Desktop/AITEAM/nav/install/isaac_ros_pointcloud_interfaces/share/isaac_ros_pointcloud_interfaces/package.xml
[1.056s] -- Up-to-date: /home/edgard/Desktop/AITEAM/nav/install/isaac_ros_pointcloud_interfaces/lib/libisaac_ros_pointcloud_interfaces__rosidl_generator_c.so
[1.056s] -- Up-to-date: /home/edgard/Desktop/AITEAM/nav/install/isaac_ros_pointcloud_interfaces/lib/libisaac_ros_pointcloud_interfaces__rosidl_typesupport_fastrtps_c.so
[1.056s] -- Up-to-date: /home/edgard/Desktop/AITEAM/nav/install/isaac_ros_pointcloud_interfaces/lib/libisaac_ros_pointcloud_interfaces__rosidl_typesupport_introspection_c.so
[1.056s] -- Up-to-date: /home/edgard/Desktop/AITEAM/nav/install/isaac_ros_pointcloud_interfaces/lib/libisaac_ros_pointcloud_interfaces__rosidl_typesupport_c.so
[1.056s] -- Up-to-date: /home/edgard/Desktop/AITEAM/nav/install/isaac_ros_pointcloud_interfaces/lib/libisaac_ros_pointcloud_interfaces__rosidl_typesupport_fastrtps_cpp.so
[1.056s] -- Up-to-date: /home/edgard/Desktop/AITEAM/nav/install/isaac_ros_pointcloud_interfaces/lib/libisaac_ros_pointcloud_interfaces__rosidl_typesupport_introspection_cpp.so
[1.056s] -- Up-to-date: /home/edgard/Desktop/AITEAM/nav/install/isaac_ros_pointcloud_interfaces/lib/libisaac_ros_pointcloud_interfaces__rosidl_typesupport_cpp.so
[1.096s] Listing '/home/edgard/Desktop/AITEAM/nav/install/isaac_ros_pointcloud_interfaces/local/lib/python3.10/dist-packages/isaac_ros_pointcloud_interfaces'...
[1.097s] Listing '/home/edgard/Desktop/AITEAM/nav/install/isaac_ros_pointcloud_interfaces/local/lib/python3.10/dist-packages/isaac_ros_pointcloud_interfaces/msg'...
[1.097s] -- Up-to-date: /home/edgard/Desktop/AITEAM/nav/install/isaac_ros_pointcloud_interfaces/lib/libisaac_ros_pointcloud_interfaces__rosidl_generator_py.so
[1.097s] -- Up-to-date: /home/edgard/Desktop/AITEAM/nav/install/isaac_ros_pointcloud_interfaces/share/isaac_ros_pointcloud_interfaces/cmake/export_isaac_ros_pointcloud_interfaces__rosidl_generator_cExport.cmake
[1.097s] -- Up-to-date: /home/edgard/Desktop/AITEAM/nav/install/isaac_ros_pointcloud_interfaces/share/isaac_ros_pointcloud_interfaces/cmake/export_isaac_ros_pointcloud_interfaces__rosidl_generator_cExport-release.cmake
[1.097s] -- Up-to-date: /home/edgard/Desktop/AITEAM/nav/install/isaac_ros_pointcloud_interfaces/share/isaac_ros_pointcloud_interfaces/cmake/export_isaac_ros_pointcloud_interfaces__rosidl_typesupport_fastrtps_cExport.cmake
[1.097s] -- Up-to-date: /home/edgard/Desktop/AITEAM/nav/install/isaac_ros_pointcloud_interfaces/share/isaac_ros_pointcloud_interfaces/cmake/export_isaac_ros_pointcloud_interfaces__rosidl_typesupport_fastrtps_cExport-release.cmake
[1.097s] -- Up-to-date: /home/edgard/Desktop/AITEAM/nav/install/isaac_ros_pointcloud_interfaces/share/isaac_ros_pointcloud_interfaces/cmake/isaac_ros_pointcloud_interfaces__rosidl_typesupport_introspection_cExport.cmake
[1.097s] -- Up-to-date: /home/edgard/Desktop/AITEAM/nav/install/isaac_ros_pointcloud_interfaces/share/isaac_ros_pointcloud_interfaces/cmake/isaac_ros_pointcloud_interfaces__rosidl_typesupport_introspection_cExport-release.cmake
[1.098s] -- Up-to-date: /home/edgard/Desktop/AITEAM/nav/install/isaac_ros_pointcloud_interfaces/share/isaac_ros_pointcloud_interfaces/cmake/isaac_ros_pointcloud_interfaces__rosidl_typesupport_cExport.cmake
[1.098s] -- Up-to-date: /home/edgard/Desktop/AITEAM/nav/install/isaac_ros_pointcloud_interfaces/share/isaac_ros_pointcloud_interfaces/cmake/isaac_ros_pointcloud_interfaces__rosidl_typesupport_cExport-release.cmake
[1.098s] -- Up-to-date: /home/edgard/Desktop/AITEAM/nav/install/isaac_ros_pointcloud_interfaces/share/isaac_ros_pointcloud_interfaces/cmake/export_isaac_ros_pointcloud_interfaces__rosidl_generator_cppExport.cmake
[1.098s] -- Up-to-date: /home/edgard/Desktop/AITEAM/nav/install/isaac_ros_pointcloud_interfaces/share/isaac_ros_pointcloud_interfaces/cmake/export_isaac_ros_pointcloud_interfaces__rosidl_typesupport_fastrtps_cppExport.cmake
[1.098s] -- Up-to-date: /home/edgard/Desktop/AITEAM/nav/install/isaac_ros_pointcloud_interfaces/share/isaac_ros_pointcloud_interfaces/cmake/export_isaac_ros_pointcloud_interfaces__rosidl_typesupport_fastrtps_cppExport-release.cmake
[1.098s] -- Up-to-date: /home/edgard/Desktop/AITEAM/nav/install/isaac_ros_pointcloud_interfaces/share/isaac_ros_pointcloud_interfaces/cmake/isaac_ros_pointcloud_interfaces__rosidl_typesupport_introspection_cppExport.cmake
[1.098s] -- Up-to-date: /home/edgard/Desktop/AITEAM/nav/install/isaac_ros_pointcloud_interfaces/share/isaac_ros_pointcloud_interfaces/cmake/isaac_ros_pointcloud_interfaces__rosidl_typesupport_introspection_cppExport-release.cmake
[1.098s] -- Up-to-date: /home/edgard/Desktop/AITEAM/nav/install/isaac_ros_pointcloud_interfaces/share/isaac_ros_pointcloud_interfaces/cmake/isaac_ros_pointcloud_interfaces__rosidl_typesupport_cppExport.cmake
[1.098s] -- Up-to-date: /home/edgard/Desktop/AITEAM/nav/install/isaac_ros_pointcloud_interfaces/share/isaac_ros_pointcloud_interfaces/cmake/isaac_ros_pointcloud_interfaces__rosidl_typesupport_cppExport-release.cmake
[1.099s] -- Up-to-date: /home/edgard/Desktop/AITEAM/nav/install/isaac_ros_pointcloud_interfaces/share/isaac_ros_pointcloud_interfaces/cmake/export_isaac_ros_pointcloud_interfaces__rosidl_generator_pyExport.cmake
[1.100s] -- Up-to-date: /home/edgard/Desktop/AITEAM/nav/install/isaac_ros_pointcloud_interfaces/share/isaac_ros_pointcloud_interfaces/cmake/export_isaac_ros_pointcloud_interfaces__rosidl_generator_pyExport-release.cmake
[1.144s] Invoked command in '/home/edgard/Desktop/AITEAM/nav/build/isaac_ros_pointcloud_interfaces' returned '0': AMENT_PREFIX_PATH=/home/edgard/Desktop/AITEAM/nav/install/isaac_ros_common:${AMENT_PREFIX_PATH} CMAKE_PREFIX_PATH=/home/edgard/Desktop/AITEAM/nav/install/isaac_ros_common:/opt/ros/humble CONDA_PROMPT_MODIFIER=(base) LD_LIBRARY_PATH=/home/edgard/Desktop/AITEAM/nav/install/isaac_ros_common/lib:/opt/ros/humble/opt/rviz_ogre_vendor/lib:/opt/ros/humble/lib/x86_64-linux-gnu:/opt/ros/humble/lib:/home/edgard/Downloads/TensorRT-10.13.2.6/lib PATH=/home/edgard/Desktop/AITEAM/nav/install/isaac_ros_common/bin:${PATH} PYTHONPATH=/home/edgard/Desktop/AITEAM/nav/install/isaac_ros_common/local/lib/python3.10/dist-packages:${PYTHONPATH} /usr/bin/cmake --install /home/edgard/Desktop/AITEAM/nav/build/isaac_ros_pointcloud_interfaces
