[0.019s] Invoking command in '/home/edgard/Desktop/AITEAM/nav/build/isaac_ros_common': CMAKE_PREFIX_PATH=/opt/ros/humble CONDA_PROMPT_MODIFIER=(base) /usr/bin/cmake /home/edgard/Desktop/AITEAM/nav/src/isaac/src/isaac_ros_common/isaac_ros_common -DAMENT_CMAKE_SYMLINK_INSTALL=1 -DCMAKE_INSTALL_PREFIX=/home/edgard/Desktop/AITEAM/nav/install/isaac_ros_common
[0.241s] -- The C compiler identification is GNU 11.4.0
[0.241s] -- The CXX compiler identification is GNU 11.4.0
[0.242s] -- Detecting C compiler ABI info
[0.242s] -- Detecting C compiler ABI info - done
[0.242s] -- Check for working C compiler: /usr/bin/cc - skipped
[0.242s] -- Detecting C compile features
[0.242s] -- Detecting C compile features - done
[0.242s] -- Detecting CXX compiler ABI info
[0.294s] -- Detecting CXX compiler ABI info - done
[0.301s] -- Check for working CXX compiler: /usr/bin/c++ - skipped
[0.301s] -- Detecting CXX compile features
[0.301s] -- Detecting CXX compile features - done
[0.302s] -- Found ament_cmake_auto: 1.3.14 (/opt/ros/humble/share/ament_cmake_auto/cmake)
[0.439s] -- Found Python3: /usr/bin/python3 (found version "3.10.12") found components: Interpreter 
[0.492s] -- Override CMake install command with custom implementation using symlinks instead of copying resources
[0.624s] -- Found rosidl_generator_c: 3.1.8 (/opt/ros/humble/share/rosidl_generator_c/cmake)
[0.625s] -- Found rosidl_adapter: 3.1.8 (/opt/ros/humble/share/rosidl_adapter/cmake)
[0.631s] -- Found rosidl_generator_cpp: 3.1.8 (/opt/ros/humble/share/rosidl_generator_cpp/cmake)
[0.640s] -- Using all available rosidl_typesupport_c: rosidl_typesupport_fastrtps_c;rosidl_typesupport_introspection_c
[0.653s] -- Using all available rosidl_typesupport_cpp: rosidl_typesupport_fastrtps_cpp;rosidl_typesupport_introspection_cpp
[0.687s] -- Found rmw_implementation_cmake: 6.1.2 (/opt/ros/humble/share/rmw_implementation_cmake/cmake)
[0.689s] -- Found rmw_fastrtps_cpp: 6.2.10 (/opt/ros/humble/share/rmw_fastrtps_cpp/cmake)
[0.773s] -- Found OpenSSL: /usr/lib/x86_64-linux-gnu/libcrypto.so (found version "3.0.2")  
[0.797s] -- Found FastRTPS: /opt/ros/humble/include  
[0.833s] -- Using RMW implementation 'rmw_fastrtps_cpp' as default
[0.843s] -- Looking for pthread.h
[0.910s] -- Looking for pthread.h - found
[0.910s] -- Performing Test CMAKE_HAVE_LIBC_PTHREAD
[0.992s] -- Performing Test CMAKE_HAVE_LIBC_PTHREAD - Success
[0.992s] -- Found Threads: TRUE  
[1.036s] -- Loading isaac_ros_common extras
[1.036s] -- CMAKE_BUILD_TYPE: Release
[1.057s] -- Found CUDA: /usr/local/cuda (found version "13.0") 
[1.057s] -- CUDA architectures: 89;86;80;75;70
[1.066s] -- Configuring incomplete, errors occurred!
[1.066s] See also "/home/edgard/Desktop/AITEAM/nav/build/isaac_ros_common/CMakeFiles/CMakeOutput.log".
[1.067s] [31mCMake Error at CMakeLists.txt:31 (find_package):
[1.067s]   By not providing "Findvpi.cmake" in CMAKE_MODULE_PATH this project has
[1.067s]   asked CMake to find a package configuration file provided by "vpi", but
[1.067s]   CMake did not find one.
[1.067s] 
[1.067s]   Could not find a package configuration file provided by "vpi" with any of
[1.067s]   the following names:
[1.067s] 
[1.067s]     vpiConfig.cmake
[1.067s]     vpi-config.cmake
[1.067s] 
[1.067s]   Add the installation prefix of "vpi" to CMAKE_PREFIX_PATH or set "vpi_DIR"
[1.067s]   to a directory containing one of the above files.  If "vpi" provides a
[1.067s]   separate development package or SDK, be sure it has been installed.
[1.067s] 
[1.067s] [0m
[1.075s] Invoked command in '/home/edgard/Desktop/AITEAM/nav/build/isaac_ros_common' returned '1': CMAKE_PREFIX_PATH=/opt/ros/humble CONDA_PROMPT_MODIFIER=(base) /usr/bin/cmake /home/edgard/Desktop/AITEAM/nav/src/isaac/src/isaac_ros_common/isaac_ros_common -DAMENT_CMAKE_SYMLINK_INSTALL=1 -DCMAKE_INSTALL_PREFIX=/home/edgard/Desktop/AITEAM/nav/install/isaac_ros_common
