running develop
running egg_info
creating mina_hardware.egg-info
writing mina_hardware.egg-info/PKG-INFO
writing dependency_links to mina_hardware.egg-info/dependency_links.txt
writing entry points to mina_hardware.egg-info/entry_points.txt
writing requirements to mina_hardware.egg-info/requires.txt
writing top-level names to mina_hardware.egg-info/top_level.txt
writing manifest file 'mina_hardware.egg-info/SOURCES.txt'
reading manifest file 'mina_hardware.egg-info/SOURCES.txt'
writing manifest file 'mina_hardware.egg-info/SOURCES.txt'
running build_ext
Creating /home/edgard/Desktop/AITEAM/nav/install/mina_hardware/lib/python3.10/site-packages/mina-hardware.egg-link (link to .)
Installing can_driver script to /home/edgard/Desktop/AITEAM/nav/install/mina_hardware/lib/mina_hardware
Installing imu_driver script to /home/edgard/Desktop/AITEAM/nav/install/mina_hardware/lib/mina_hardware

Installed /home/edgard/Desktop/AITEAM/nav/build/mina_hardware
running symlink_data
creating /home/edgard/Desktop/AITEAM/nav/install/mina_hardware/share/ament_index
creating /home/edgard/Desktop/AITEAM/nav/install/mina_hardware/share/ament_index/resource_index
creating /home/edgard/Desktop/AITEAM/nav/install/mina_hardware/share/ament_index/resource_index/packages
symbolically linking /home/edgard/Desktop/AITEAM/nav/build/mina_hardware/resource/mina_hardware -> /home/edgard/Desktop/AITEAM/nav/install/mina_hardware/share/ament_index/resource_index/packages
symbolically linking /home/edgard/Desktop/AITEAM/nav/build/mina_hardware/package.xml -> /home/edgard/Desktop/AITEAM/nav/install/mina_hardware/share/mina_hardware
