[0.758s] Invoking command in '/home/edgard/Desktop/AITEAM/nav/build/mina_hardware': CONDA_PROMPT_MODIFIER=(base) PYTHONPATH=/home/edgard/Desktop/AITEAM/nav/build/mina_hardware/prefix_override:/usr/lib/python3/dist-packages/colcon_core/task/python/colcon_distutils_commands:/home/edgard/Desktop/AITEAM/nav/install/mina_hardware/lib/python3.10/site-packages:${PYTHONPATH} /usr/bin/python3 -W ignore:setup.py install is deprecated -W ignore:easy_install command is deprecated setup.py develop --editable --build-directory /home/edgard/Desktop/AITEAM/nav/build/mina_hardware/build --no-deps symlink_data
[0.964s] running develop
[1.078s] running egg_info
[1.078s] creating mina_hardware.egg-info
[1.079s] writing mina_hardware.egg-info/PKG-INFO
[1.079s] writing dependency_links to mina_hardware.egg-info/dependency_links.txt
[1.079s] writing entry points to mina_hardware.egg-info/entry_points.txt
[1.079s] writing requirements to mina_hardware.egg-info/requires.txt
[1.079s] writing top-level names to mina_hardware.egg-info/top_level.txt
[1.079s] writing manifest file 'mina_hardware.egg-info/SOURCES.txt'
[1.085s] reading manifest file 'mina_hardware.egg-info/SOURCES.txt'
[1.085s] writing manifest file 'mina_hardware.egg-info/SOURCES.txt'
[1.122s] running build_ext
[1.122s] Creating /home/edgard/Desktop/AITEAM/nav/install/mina_hardware/lib/python3.10/site-packages/mina-hardware.egg-link (link to .)
[1.123s] Installing can_driver script to /home/edgard/Desktop/AITEAM/nav/install/mina_hardware/lib/mina_hardware
[1.123s] Installing imu_driver script to /home/edgard/Desktop/AITEAM/nav/install/mina_hardware/lib/mina_hardware
[1.123s] 
[1.123s] Installed /home/edgard/Desktop/AITEAM/nav/build/mina_hardware
[1.123s] running symlink_data
[1.126s] creating /home/edgard/Desktop/AITEAM/nav/install/mina_hardware/share/ament_index
[1.126s] creating /home/edgard/Desktop/AITEAM/nav/install/mina_hardware/share/ament_index/resource_index
[1.126s] creating /home/edgard/Desktop/AITEAM/nav/install/mina_hardware/share/ament_index/resource_index/packages
[1.126s] symbolically linking /home/edgard/Desktop/AITEAM/nav/build/mina_hardware/resource/mina_hardware -> /home/edgard/Desktop/AITEAM/nav/install/mina_hardware/share/ament_index/resource_index/packages
[1.126s] symbolically linking /home/edgard/Desktop/AITEAM/nav/build/mina_hardware/package.xml -> /home/edgard/Desktop/AITEAM/nav/install/mina_hardware/share/mina_hardware
