[0.020s] Invoking command in '/home/edgard/Desktop/AITEAM/nav/build/mina_bringup': AMENT_PREFIX_PATH=/home/edgard/Desktop/AITEAM/nav/install/mina_navigation:/home/edgard/Desktop/AITEAM/nav/install/mina_interfaces:/home/edgard/Desktop/AITEAM/nav/install/mina_hardware:/home/edgard/Desktop/AITEAM/nav/install/mina_description:${AMENT_PREFIX_PATH} CMAKE_PREFIX_PATH=/home/edgard/Desktop/AITEAM/nav/install/mina_navigation:/home/edgard/Desktop/AITEAM/nav/install/mina_interfaces:/home/edgard/Desktop/AITEAM/nav/install/mina_description:/opt/ros/humble CONDA_PROMPT_MODIFIER=(base) LD_LIBRARY_PATH=/home/edgard/Desktop/AITEAM/nav/install/mina_interfaces/lib:/opt/ros/humble/opt/rviz_ogre_vendor/lib:/opt/ros/humble/lib/x86_64-linux-gnu:/opt/ros/humble/lib:/home/edgard/Downloads/TensorRT-10.13.2.6/lib PYTHONPATH=/home/edgard/Desktop/AITEAM/nav/install/mina_interfaces/local/lib/python3.10/dist-packages:/home/edgard/Desktop/AITEAM/nav/build/mina_hardware:/home/edgard/Desktop/AITEAM/nav/install/mina_hardware/lib/python3.10/site-packages:/opt/ros/humble/lib/python3.10/site-packages:/opt/ros/humble/local/lib/python3.10/dist-packages /usr/bin/cmake /home/edgard/Desktop/AITEAM/nav/src/mina_bringup -DAMENT_CMAKE_SYMLINK_INSTALL=1 -DCMAKE_INSTALL_PREFIX=/home/edgard/Desktop/AITEAM/nav/install/mina_bringup
[0.127s] -- The C compiler identification is GNU 11.4.0
[0.280s] -- The CXX compiler identification is GNU 11.4.0
[0.296s] -- Detecting C compiler ABI info
[0.427s] -- Detecting C compiler ABI info - done
[0.434s] -- Check for working C compiler: /usr/bin/cc - skipped
[0.434s] -- Detecting C compile features
[0.435s] -- Detecting C compile features - done
[0.438s] -- Detecting CXX compiler ABI info
[0.580s] -- Detecting CXX compiler ABI info - done
[0.596s] -- Check for working CXX compiler: /usr/bin/c++ - skipped
[0.596s] -- Detecting CXX compile features
[0.597s] -- Detecting CXX compile features - done
[0.610s] -- Found ament_cmake: 1.3.14 (/opt/ros/humble/share/ament_cmake/cmake)
[0.849s] -- Found Python3: /usr/bin/python3 (found version "3.10.12") found components: Interpreter 
[0.912s] -- Override CMake install command with custom implementation using symlinks instead of copying resources
[1.019s] -- Configuring done
[1.020s] -- Generating done
[1.021s] -- Build files have been written to: /home/edgard/Desktop/AITEAM/nav/build/mina_bringup
[1.026s] Invoked command in '/home/edgard/Desktop/AITEAM/nav/build/mina_bringup' returned '0': AMENT_PREFIX_PATH=/home/edgard/Desktop/AITEAM/nav/install/mina_navigation:/home/edgard/Desktop/AITEAM/nav/install/mina_interfaces:/home/edgard/Desktop/AITEAM/nav/install/mina_hardware:/home/edgard/Desktop/AITEAM/nav/install/mina_description:${AMENT_PREFIX_PATH} CMAKE_PREFIX_PATH=/home/edgard/Desktop/AITEAM/nav/install/mina_navigation:/home/edgard/Desktop/AITEAM/nav/install/mina_interfaces:/home/edgard/Desktop/AITEAM/nav/install/mina_description:/opt/ros/humble CONDA_PROMPT_MODIFIER=(base) LD_LIBRARY_PATH=/home/edgard/Desktop/AITEAM/nav/install/mina_interfaces/lib:/opt/ros/humble/opt/rviz_ogre_vendor/lib:/opt/ros/humble/lib/x86_64-linux-gnu:/opt/ros/humble/lib:/home/edgard/Downloads/TensorRT-10.13.2.6/lib PYTHONPATH=/home/edgard/Desktop/AITEAM/nav/install/mina_interfaces/local/lib/python3.10/dist-packages:/home/edgard/Desktop/AITEAM/nav/build/mina_hardware:/home/edgard/Desktop/AITEAM/nav/install/mina_hardware/lib/python3.10/site-packages:/opt/ros/humble/lib/python3.10/site-packages:/opt/ros/humble/local/lib/python3.10/dist-packages /usr/bin/cmake /home/edgard/Desktop/AITEAM/nav/src/mina_bringup -DAMENT_CMAKE_SYMLINK_INSTALL=1 -DCMAKE_INSTALL_PREFIX=/home/edgard/Desktop/AITEAM/nav/install/mina_bringup
[1.028s] Invoking command in '/home/edgard/Desktop/AITEAM/nav/build/mina_bringup': AMENT_PREFIX_PATH=/home/edgard/Desktop/AITEAM/nav/install/mina_navigation:/home/edgard/Desktop/AITEAM/nav/install/mina_interfaces:/home/edgard/Desktop/AITEAM/nav/install/mina_hardware:/home/edgard/Desktop/AITEAM/nav/install/mina_description:${AMENT_PREFIX_PATH} CMAKE_PREFIX_PATH=/home/edgard/Desktop/AITEAM/nav/install/mina_navigation:/home/edgard/Desktop/AITEAM/nav/install/mina_interfaces:/home/edgard/Desktop/AITEAM/nav/install/mina_description:/opt/ros/humble CONDA_PROMPT_MODIFIER=(base) LD_LIBRARY_PATH=/home/edgard/Desktop/AITEAM/nav/install/mina_interfaces/lib:/opt/ros/humble/opt/rviz_ogre_vendor/lib:/opt/ros/humble/lib/x86_64-linux-gnu:/opt/ros/humble/lib:/home/edgard/Downloads/TensorRT-10.13.2.6/lib PYTHONPATH=/home/edgard/Desktop/AITEAM/nav/install/mina_interfaces/local/lib/python3.10/dist-packages:/home/edgard/Desktop/AITEAM/nav/build/mina_hardware:/home/edgard/Desktop/AITEAM/nav/install/mina_hardware/lib/python3.10/site-packages:/opt/ros/humble/lib/python3.10/site-packages:/opt/ros/humble/local/lib/python3.10/dist-packages /usr/bin/cmake --build /home/edgard/Desktop/AITEAM/nav/build/mina_bringup -- -j24 -l24
[1.075s] Invoked command in '/home/edgard/Desktop/AITEAM/nav/build/mina_bringup' returned '0': AMENT_PREFIX_PATH=/home/edgard/Desktop/AITEAM/nav/install/mina_navigation:/home/edgard/Desktop/AITEAM/nav/install/mina_interfaces:/home/edgard/Desktop/AITEAM/nav/install/mina_hardware:/home/edgard/Desktop/AITEAM/nav/install/mina_description:${AMENT_PREFIX_PATH} CMAKE_PREFIX_PATH=/home/edgard/Desktop/AITEAM/nav/install/mina_navigation:/home/edgard/Desktop/AITEAM/nav/install/mina_interfaces:/home/edgard/Desktop/AITEAM/nav/install/mina_description:/opt/ros/humble CONDA_PROMPT_MODIFIER=(base) LD_LIBRARY_PATH=/home/edgard/Desktop/AITEAM/nav/install/mina_interfaces/lib:/opt/ros/humble/opt/rviz_ogre_vendor/lib:/opt/ros/humble/lib/x86_64-linux-gnu:/opt/ros/humble/lib:/home/edgard/Downloads/TensorRT-10.13.2.6/lib PYTHONPATH=/home/edgard/Desktop/AITEAM/nav/install/mina_interfaces/local/lib/python3.10/dist-packages:/home/edgard/Desktop/AITEAM/nav/build/mina_hardware:/home/edgard/Desktop/AITEAM/nav/install/mina_hardware/lib/python3.10/site-packages:/opt/ros/humble/lib/python3.10/site-packages:/opt/ros/humble/local/lib/python3.10/dist-packages /usr/bin/cmake --build /home/edgard/Desktop/AITEAM/nav/build/mina_bringup -- -j24 -l24
[1.078s] Invoking command in '/home/edgard/Desktop/AITEAM/nav/build/mina_bringup': AMENT_PREFIX_PATH=/home/edgard/Desktop/AITEAM/nav/install/mina_navigation:/home/edgard/Desktop/AITEAM/nav/install/mina_interfaces:/home/edgard/Desktop/AITEAM/nav/install/mina_hardware:/home/edgard/Desktop/AITEAM/nav/install/mina_description:${AMENT_PREFIX_PATH} CMAKE_PREFIX_PATH=/home/edgard/Desktop/AITEAM/nav/install/mina_navigation:/home/edgard/Desktop/AITEAM/nav/install/mina_interfaces:/home/edgard/Desktop/AITEAM/nav/install/mina_description:/opt/ros/humble CONDA_PROMPT_MODIFIER=(base) LD_LIBRARY_PATH=/home/edgard/Desktop/AITEAM/nav/install/mina_interfaces/lib:/opt/ros/humble/opt/rviz_ogre_vendor/lib:/opt/ros/humble/lib/x86_64-linux-gnu:/opt/ros/humble/lib:/home/edgard/Downloads/TensorRT-10.13.2.6/lib PYTHONPATH=/home/edgard/Desktop/AITEAM/nav/install/mina_interfaces/local/lib/python3.10/dist-packages:/home/edgard/Desktop/AITEAM/nav/build/mina_hardware:/home/edgard/Desktop/AITEAM/nav/install/mina_hardware/lib/python3.10/site-packages:/opt/ros/humble/lib/python3.10/site-packages:/opt/ros/humble/local/lib/python3.10/dist-packages /usr/bin/cmake --install /home/edgard/Desktop/AITEAM/nav/build/mina_bringup
[1.091s] -- Install configuration: ""
[1.092s] -- Execute custom install script
[1.093s] -- Symlinking: /home/edgard/Desktop/AITEAM/nav/install/mina_bringup/share/mina_bringup/launch/policy_tester_sim.launch.py
[1.106s] [31mCMake Error at ament_cmake_symlink_install/ament_cmake_symlink_install.cmake:105 (message):
[1.107s]   ament_cmake_symlink_install_directory() can't find
[1.107s]   '/home/edgard/Desktop/AITEAM/nav/src/mina_bringup/config'
[1.107s] Call Stack (most recent call first):
[1.107s]   ament_cmake_symlink_install/ament_cmake_symlink_install.cmake:319 (ament_cmake_symlink_install_directory)
[1.107s]   cmake_install.cmake:46 (include)
[1.107s] 
[1.107s] [0m
[1.109s] Invoked command in '/home/edgard/Desktop/AITEAM/nav/build/mina_bringup' returned '1': AMENT_PREFIX_PATH=/home/edgard/Desktop/AITEAM/nav/install/mina_navigation:/home/edgard/Desktop/AITEAM/nav/install/mina_interfaces:/home/edgard/Desktop/AITEAM/nav/install/mina_hardware:/home/edgard/Desktop/AITEAM/nav/install/mina_description:${AMENT_PREFIX_PATH} CMAKE_PREFIX_PATH=/home/edgard/Desktop/AITEAM/nav/install/mina_navigation:/home/edgard/Desktop/AITEAM/nav/install/mina_interfaces:/home/edgard/Desktop/AITEAM/nav/install/mina_description:/opt/ros/humble CONDA_PROMPT_MODIFIER=(base) LD_LIBRARY_PATH=/home/edgard/Desktop/AITEAM/nav/install/mina_interfaces/lib:/opt/ros/humble/opt/rviz_ogre_vendor/lib:/opt/ros/humble/lib/x86_64-linux-gnu:/opt/ros/humble/lib:/home/edgard/Downloads/TensorRT-10.13.2.6/lib PYTHONPATH=/home/edgard/Desktop/AITEAM/nav/install/mina_interfaces/local/lib/python3.10/dist-packages:/home/edgard/Desktop/AITEAM/nav/build/mina_hardware:/home/edgard/Desktop/AITEAM/nav/install/mina_hardware/lib/python3.10/site-packages:/opt/ros/humble/lib/python3.10/site-packages:/opt/ros/humble/local/lib/python3.10/dist-packages /usr/bin/cmake --install /home/edgard/Desktop/AITEAM/nav/build/mina_bringup
