[35m[1mConsolidate compiler generated dependencies of target isaac_ros_nova_interfaces__rosidl_generator_c[0m
[  9%] Built target isaac_ros_nova_interfaces__rosidl_generator_c
[ 12%] Built target isaac_ros_nova_interfaces__cpp
[ 17%] Built target isaac_ros_nova_interfaces__rs
[ 17%] Built target generate_version_info_target_isaac_ros_nova_interfaces
[35m[1mConsolidate compiler generated dependencies of target isaac_ros_nova_interfaces__rosidl_typesupport_introspection_c[0m
[ 17%] Built target ament_cmake_python_symlink_isaac_ros_nova_interfaces
[35m[1mConsolidate compiler generated dependencies of target isaac_ros_nova_interfaces__rosidl_typesupport_c[0m
[35m[1mConsolidate compiler generated dependencies of target isaac_ros_nova_interfaces__rosidl_typesupport_fastrtps_c[0m
[35m[1mConsolidate compiler generated dependencies of target isaac_ros_nova_interfaces__rosidl_typesupport_cpp[0m
[35m[1mConsolidate compiler generated dependencies of target isaac_ros_nova_interfaces__rosidl_typesupport_introspection_cpp[0m
[35m[1mConsolidate compiler generated dependencies of target isaac_ros_nova_interfaces__rosidl_typesupport_fastrtps_cpp[0m
[ 26%] Built target isaac_ros_nova_interfaces__rosidl_typesupport_introspection_c
[ 36%] Built target isaac_ros_nova_interfaces__rosidl_typesupport_fastrtps_c
[ 46%] Built target isaac_ros_nova_interfaces__rosidl_typesupport_cpp
[ 56%] Built target isaac_ros_nova_interfaces__rosidl_typesupport_c
[ 65%] Built target isaac_ros_nova_interfaces__rosidl_typesupport_introspection_cpp
[ 75%] Built target isaac_ros_nova_interfaces__rosidl_typesupport_fastrtps_cpp
[ 75%] Built target isaac_ros_nova_interfaces
[ 78%] Built target isaac_ros_nova_interfaces__py
[35m[1mConsolidate compiler generated dependencies of target isaac_ros_nova_interfaces__rosidl_generator_py[0m
[ 85%] Built target isaac_ros_nova_interfaces__rosidl_generator_py
[35m[1mConsolidate compiler generated dependencies of target isaac_ros_nova_interfaces__rosidl_typesupport_fastrtps_c__pyext[0m
[35m[1mConsolidate compiler generated dependencies of target isaac_ros_nova_interfaces__rosidl_typesupport_introspection_c__pyext[0m
[35m[1mConsolidate compiler generated dependencies of target isaac_ros_nova_interfaces__rosidl_typesupport_c__pyext[0m
[ 90%] Built target isaac_ros_nova_interfaces__rosidl_typesupport_fastrtps_c__pyext
[100%] Built target isaac_ros_nova_interfaces__rosidl_typesupport_introspection_c__pyext
[100%] Built target isaac_ros_nova_interfaces__rosidl_typesupport_c__pyext
running egg_info
writing isaac_ros_nova_interfaces.egg-info/PKG-INFO
writing dependency_links to isaac_ros_nova_interfaces.egg-info/dependency_links.txt
writing top-level names to isaac_ros_nova_interfaces.egg-info/top_level.txt
reading manifest file 'isaac_ros_nova_interfaces.egg-info/SOURCES.txt'
writing manifest file 'isaac_ros_nova_interfaces.egg-info/SOURCES.txt'
[100%] Built target ament_cmake_python_build_isaac_ros_nova_interfaces_egg
-- Install configuration: "Release"
-- Execute custom install script
-- Symlinking: /home/edgard/Desktop/AITEAM/nav/install/isaac_ros_nova_interfaces/share/ament_index/resource_index/rosidl_interfaces/isaac_ros_nova_interfaces
-- Symlinking: /home/edgard/Desktop/AITEAM/nav/install/isaac_ros_nova_interfaces/include/isaac_ros_nova_interfaces/isaac_ros_nova_interfaces/msg/correlated_timestamp.h
-- Symlinking: /home/edgard/Desktop/AITEAM/nav/install/isaac_ros_nova_interfaces/include/isaac_ros_nova_interfaces/isaac_ros_nova_interfaces/msg/detail/correlated_timestamp__functions.h
-- Symlinking: /home/edgard/Desktop/AITEAM/nav/install/isaac_ros_nova_interfaces/include/isaac_ros_nova_interfaces/isaac_ros_nova_interfaces/msg/detail/correlated_timestamp__struct.h
-- Symlinking: /home/edgard/Desktop/AITEAM/nav/install/isaac_ros_nova_interfaces/include/isaac_ros_nova_interfaces/isaac_ros_nova_interfaces/msg/detail/correlated_timestamp__type_support.h
-- Symlinking: /home/edgard/Desktop/AITEAM/nav/install/isaac_ros_nova_interfaces/include/isaac_ros_nova_interfaces/isaac_ros_nova_interfaces/msg/detail/encoder_ticks__functions.h
-- Symlinking: /home/edgard/Desktop/AITEAM/nav/install/isaac_ros_nova_interfaces/include/isaac_ros_nova_interfaces/isaac_ros_nova_interfaces/msg/detail/encoder_ticks__struct.h
-- Symlinking: /home/edgard/Desktop/AITEAM/nav/install/isaac_ros_nova_interfaces/include/isaac_ros_nova_interfaces/isaac_ros_nova_interfaces/msg/detail/encoder_ticks__type_support.h
-- Symlinking: /home/edgard/Desktop/AITEAM/nav/install/isaac_ros_nova_interfaces/include/isaac_ros_nova_interfaces/isaac_ros_nova_interfaces/msg/encoder_ticks.h
-- Symlinking: /home/edgard/Desktop/AITEAM/nav/install/isaac_ros_nova_interfaces/include/isaac_ros_nova_interfaces/isaac_ros_nova_interfaces/msg/rosidl_generator_c__visibility_control.h
-- Symlinking: /home/edgard/Desktop/AITEAM/nav/install/isaac_ros_nova_interfaces/share/isaac_ros_nova_interfaces/environment/library_path.sh
-- Symlinking: /home/edgard/Desktop/AITEAM/nav/install/isaac_ros_nova_interfaces/share/isaac_ros_nova_interfaces/environment/library_path.dsv
-- Symlinking: /home/edgard/Desktop/AITEAM/nav/install/isaac_ros_nova_interfaces/include/isaac_ros_nova_interfaces/isaac_ros_nova_interfaces/msg/detail/correlated_timestamp__rosidl_typesupport_fastrtps_c.h
-- Symlinking: /home/edgard/Desktop/AITEAM/nav/install/isaac_ros_nova_interfaces/include/isaac_ros_nova_interfaces/isaac_ros_nova_interfaces/msg/detail/encoder_ticks__rosidl_typesupport_fastrtps_c.h
-- Symlinking: /home/edgard/Desktop/AITEAM/nav/install/isaac_ros_nova_interfaces/include/isaac_ros_nova_interfaces/isaac_ros_nova_interfaces/msg/rosidl_typesupport_fastrtps_c__visibility_control.h
-- Symlinking: /home/edgard/Desktop/AITEAM/nav/install/isaac_ros_nova_interfaces/include/isaac_ros_nova_interfaces/isaac_ros_nova_interfaces/msg/detail/correlated_timestamp__rosidl_typesupport_introspection_c.h
-- Symlinking: /home/edgard/Desktop/AITEAM/nav/install/isaac_ros_nova_interfaces/include/isaac_ros_nova_interfaces/isaac_ros_nova_interfaces/msg/detail/encoder_ticks__rosidl_typesupport_introspection_c.h
-- Symlinking: /home/edgard/Desktop/AITEAM/nav/install/isaac_ros_nova_interfaces/include/isaac_ros_nova_interfaces/isaac_ros_nova_interfaces/msg/rosidl_typesupport_introspection_c__visibility_control.h
-- Symlinking: /home/edgard/Desktop/AITEAM/nav/install/isaac_ros_nova_interfaces/include/isaac_ros_nova_interfaces/isaac_ros_nova_interfaces/msg/correlated_timestamp.hpp
-- Symlinking: /home/edgard/Desktop/AITEAM/nav/install/isaac_ros_nova_interfaces/include/isaac_ros_nova_interfaces/isaac_ros_nova_interfaces/msg/detail/correlated_timestamp__builder.hpp
-- Symlinking: /home/edgard/Desktop/AITEAM/nav/install/isaac_ros_nova_interfaces/include/isaac_ros_nova_interfaces/isaac_ros_nova_interfaces/msg/detail/correlated_timestamp__struct.hpp
-- Symlinking: /home/edgard/Desktop/AITEAM/nav/install/isaac_ros_nova_interfaces/include/isaac_ros_nova_interfaces/isaac_ros_nova_interfaces/msg/detail/correlated_timestamp__traits.hpp
-- Symlinking: /home/edgard/Desktop/AITEAM/nav/install/isaac_ros_nova_interfaces/include/isaac_ros_nova_interfaces/isaac_ros_nova_interfaces/msg/detail/correlated_timestamp__type_support.hpp
-- Symlinking: /home/edgard/Desktop/AITEAM/nav/install/isaac_ros_nova_interfaces/include/isaac_ros_nova_interfaces/isaac_ros_nova_interfaces/msg/detail/encoder_ticks__builder.hpp
-- Symlinking: /home/edgard/Desktop/AITEAM/nav/install/isaac_ros_nova_interfaces/include/isaac_ros_nova_interfaces/isaac_ros_nova_interfaces/msg/detail/encoder_ticks__struct.hpp
-- Symlinking: /home/edgard/Desktop/AITEAM/nav/install/isaac_ros_nova_interfaces/include/isaac_ros_nova_interfaces/isaac_ros_nova_interfaces/msg/detail/encoder_ticks__traits.hpp
-- Symlinking: /home/edgard/Desktop/AITEAM/nav/install/isaac_ros_nova_interfaces/include/isaac_ros_nova_interfaces/isaac_ros_nova_interfaces/msg/detail/encoder_ticks__type_support.hpp
-- Symlinking: /home/edgard/Desktop/AITEAM/nav/install/isaac_ros_nova_interfaces/include/isaac_ros_nova_interfaces/isaac_ros_nova_interfaces/msg/encoder_ticks.hpp
-- Symlinking: /home/edgard/Desktop/AITEAM/nav/install/isaac_ros_nova_interfaces/include/isaac_ros_nova_interfaces/isaac_ros_nova_interfaces/msg/rosidl_generator_cpp__visibility_control.hpp
-- Symlinking: /home/edgard/Desktop/AITEAM/nav/install/isaac_ros_nova_interfaces/include/isaac_ros_nova_interfaces/isaac_ros_nova_interfaces/msg/detail/correlated_timestamp__rosidl_typesupport_fastrtps_cpp.hpp
-- Symlinking: /home/edgard/Desktop/AITEAM/nav/install/isaac_ros_nova_interfaces/include/isaac_ros_nova_interfaces/isaac_ros_nova_interfaces/msg/detail/encoder_ticks__rosidl_typesupport_fastrtps_cpp.hpp
-- Symlinking: /home/edgard/Desktop/AITEAM/nav/install/isaac_ros_nova_interfaces/include/isaac_ros_nova_interfaces/isaac_ros_nova_interfaces/msg/rosidl_typesupport_fastrtps_cpp__visibility_control.h
-- Symlinking: /home/edgard/Desktop/AITEAM/nav/install/isaac_ros_nova_interfaces/include/isaac_ros_nova_interfaces/isaac_ros_nova_interfaces/msg/detail/correlated_timestamp__rosidl_typesupport_introspection_cpp.hpp
-- Symlinking: /home/edgard/Desktop/AITEAM/nav/install/isaac_ros_nova_interfaces/include/isaac_ros_nova_interfaces/isaac_ros_nova_interfaces/msg/detail/encoder_ticks__rosidl_typesupport_introspection_cpp.hpp
-- Symlinking: /home/edgard/Desktop/AITEAM/nav/install/isaac_ros_nova_interfaces/share/isaac_ros_nova_interfaces/environment/pythonpath.sh
-- Symlinking: /home/edgard/Desktop/AITEAM/nav/install/isaac_ros_nova_interfaces/share/isaac_ros_nova_interfaces/environment/pythonpath.dsv
-- Symlinking: /home/edgard/Desktop/AITEAM/nav/install/isaac_ros_nova_interfaces/local/lib/python3.10/dist-packages/isaac_ros_nova_interfaces-3.2.5-py3.10.egg-info/PKG-INFO
-- Symlinking: /home/edgard/Desktop/AITEAM/nav/install/isaac_ros_nova_interfaces/local/lib/python3.10/dist-packages/isaac_ros_nova_interfaces-3.2.5-py3.10.egg-info/SOURCES.txt
-- Symlinking: /home/edgard/Desktop/AITEAM/nav/install/isaac_ros_nova_interfaces/local/lib/python3.10/dist-packages/isaac_ros_nova_interfaces-3.2.5-py3.10.egg-info/dependency_links.txt
-- Symlinking: /home/edgard/Desktop/AITEAM/nav/install/isaac_ros_nova_interfaces/local/lib/python3.10/dist-packages/isaac_ros_nova_interfaces-3.2.5-py3.10.egg-info/top_level.txt
-- Symlinking: /home/edgard/Desktop/AITEAM/nav/install/isaac_ros_nova_interfaces/local/lib/python3.10/dist-packages/isaac_ros_nova_interfaces/__init__.py
-- Symlinking: /home/edgard/Desktop/AITEAM/nav/install/isaac_ros_nova_interfaces/local/lib/python3.10/dist-packages/isaac_ros_nova_interfaces/_isaac_ros_nova_interfaces_s.ep.rosidl_typesupport_c.c
-- Symlinking: /home/edgard/Desktop/AITEAM/nav/install/isaac_ros_nova_interfaces/local/lib/python3.10/dist-packages/isaac_ros_nova_interfaces/_isaac_ros_nova_interfaces_s.ep.rosidl_typesupport_fastrtps_c.c
-- Symlinking: /home/edgard/Desktop/AITEAM/nav/install/isaac_ros_nova_interfaces/local/lib/python3.10/dist-packages/isaac_ros_nova_interfaces/_isaac_ros_nova_interfaces_s.ep.rosidl_typesupport_introspection_c.c
-- Symlinking: /home/edgard/Desktop/AITEAM/nav/install/isaac_ros_nova_interfaces/local/lib/python3.10/dist-packages/isaac_ros_nova_interfaces/isaac_ros_nova_interfaces_s__rosidl_typesupport_c.cpython-310-x86_64-linux-gnu.so
-- Symlinking: /home/edgard/Desktop/AITEAM/nav/install/isaac_ros_nova_interfaces/local/lib/python3.10/dist-packages/isaac_ros_nova_interfaces/isaac_ros_nova_interfaces_s__rosidl_typesupport_fastrtps_c.cpython-310-x86_64-linux-gnu.so
-- Symlinking: /home/edgard/Desktop/AITEAM/nav/install/isaac_ros_nova_interfaces/local/lib/python3.10/dist-packages/isaac_ros_nova_interfaces/isaac_ros_nova_interfaces_s__rosidl_typesupport_introspection_c.cpython-310-x86_64-linux-gnu.so
-- Symlinking: /home/edgard/Desktop/AITEAM/nav/install/isaac_ros_nova_interfaces/local/lib/python3.10/dist-packages/isaac_ros_nova_interfaces/libisaac_ros_nova_interfaces__rosidl_generator_py.so
-- Symlinking: /home/edgard/Desktop/AITEAM/nav/install/isaac_ros_nova_interfaces/local/lib/python3.10/dist-packages/isaac_ros_nova_interfaces/msg/__init__.py
-- Symlinking: /home/edgard/Desktop/AITEAM/nav/install/isaac_ros_nova_interfaces/local/lib/python3.10/dist-packages/isaac_ros_nova_interfaces/msg/_correlated_timestamp.py
-- Symlinking: /home/edgard/Desktop/AITEAM/nav/install/isaac_ros_nova_interfaces/local/lib/python3.10/dist-packages/isaac_ros_nova_interfaces/msg/_correlated_timestamp_s.c
-- Symlinking: /home/edgard/Desktop/AITEAM/nav/install/isaac_ros_nova_interfaces/local/lib/python3.10/dist-packages/isaac_ros_nova_interfaces/msg/_encoder_ticks.py
-- Symlinking: /home/edgard/Desktop/AITEAM/nav/install/isaac_ros_nova_interfaces/local/lib/python3.10/dist-packages/isaac_ros_nova_interfaces/msg/_encoder_ticks_s.c
-- Up-to-date symlink: /home/edgard/Desktop/AITEAM/nav/install/isaac_ros_nova_interfaces/local/lib/python3.10/dist-packages/isaac_ros_nova_interfaces/isaac_ros_nova_interfaces_s__rosidl_typesupport_fastrtps_c.cpython-310-x86_64-linux-gnu.so
-- Up-to-date symlink: /home/edgard/Desktop/AITEAM/nav/install/isaac_ros_nova_interfaces/local/lib/python3.10/dist-packages/isaac_ros_nova_interfaces/isaac_ros_nova_interfaces_s__rosidl_typesupport_introspection_c.cpython-310-x86_64-linux-gnu.so
-- Up-to-date symlink: /home/edgard/Desktop/AITEAM/nav/install/isaac_ros_nova_interfaces/local/lib/python3.10/dist-packages/isaac_ros_nova_interfaces/isaac_ros_nova_interfaces_s__rosidl_typesupport_c.cpython-310-x86_64-linux-gnu.so
-- Symlinking: /home/edgard/Desktop/AITEAM/nav/install/isaac_ros_nova_interfaces/share/ament_index/resource_index/rust_packages/isaac_ros_nova_interfaces
-- Symlinking: /home/edgard/Desktop/AITEAM/nav/install/isaac_ros_nova_interfaces/share/isaac_ros_nova_interfaces/rust/Cargo.toml
-- Symlinking: /home/edgard/Desktop/AITEAM/nav/install/isaac_ros_nova_interfaces/share/isaac_ros_nova_interfaces/rust/build.rs
-- Symlinking: /home/edgard/Desktop/AITEAM/nav/install/isaac_ros_nova_interfaces/share/isaac_ros_nova_interfaces/rust/src/lib.rs
-- Symlinking: /home/edgard/Desktop/AITEAM/nav/install/isaac_ros_nova_interfaces/share/isaac_ros_nova_interfaces/rust/src/msg.rs
-- Symlinking: /home/edgard/Desktop/AITEAM/nav/install/isaac_ros_nova_interfaces/share/isaac_ros_nova_interfaces/rust/src/msg/rmw.rs
-- Symlinking: /home/edgard/Desktop/AITEAM/nav/install/isaac_ros_nova_interfaces/share/isaac_ros_nova_interfaces/msg/CorrelatedTimestamp.idl
-- Symlinking: /home/edgard/Desktop/AITEAM/nav/install/isaac_ros_nova_interfaces/share/isaac_ros_nova_interfaces/msg/EncoderTicks.idl
-- Symlinking: /home/edgard/Desktop/AITEAM/nav/install/isaac_ros_nova_interfaces/share/isaac_ros_nova_interfaces/msg/CorrelatedTimestamp.msg
-- Symlinking: /home/edgard/Desktop/AITEAM/nav/install/isaac_ros_nova_interfaces/share/isaac_ros_nova_interfaces/msg/EncoderTicks.msg
-- Symlinking: /home/edgard/Desktop/AITEAM/nav/install/isaac_ros_nova_interfaces/share/isaac_ros_nova_interfaces/version_info.yaml
-- Symlinking: /home/edgard/Desktop/AITEAM/nav/install/isaac_ros_nova_interfaces/share/ament_index/resource_index/package_run_dependencies/isaac_ros_nova_interfaces
-- Symlinking: /home/edgard/Desktop/AITEAM/nav/install/isaac_ros_nova_interfaces/share/ament_index/resource_index/parent_prefix_path/isaac_ros_nova_interfaces
-- Symlinking: /home/edgard/Desktop/AITEAM/nav/install/isaac_ros_nova_interfaces/share/isaac_ros_nova_interfaces/environment/ament_prefix_path.sh
-- Symlinking: /home/edgard/Desktop/AITEAM/nav/install/isaac_ros_nova_interfaces/share/isaac_ros_nova_interfaces/environment/ament_prefix_path.dsv
-- Symlinking: /home/edgard/Desktop/AITEAM/nav/install/isaac_ros_nova_interfaces/share/isaac_ros_nova_interfaces/environment/path.sh
-- Symlinking: /home/edgard/Desktop/AITEAM/nav/install/isaac_ros_nova_interfaces/share/isaac_ros_nova_interfaces/environment/path.dsv
-- Symlinking: /home/edgard/Desktop/AITEAM/nav/install/isaac_ros_nova_interfaces/share/isaac_ros_nova_interfaces/local_setup.bash
-- Symlinking: /home/edgard/Desktop/AITEAM/nav/install/isaac_ros_nova_interfaces/share/isaac_ros_nova_interfaces/local_setup.sh
-- Symlinking: /home/edgard/Desktop/AITEAM/nav/install/isaac_ros_nova_interfaces/share/isaac_ros_nova_interfaces/local_setup.zsh
-- Symlinking: /home/edgard/Desktop/AITEAM/nav/install/isaac_ros_nova_interfaces/share/isaac_ros_nova_interfaces/local_setup.dsv
-- Symlinking: /home/edgard/Desktop/AITEAM/nav/install/isaac_ros_nova_interfaces/share/isaac_ros_nova_interfaces/package.dsv
-- Symlinking: /home/edgard/Desktop/AITEAM/nav/install/isaac_ros_nova_interfaces/share/ament_index/resource_index/packages/isaac_ros_nova_interfaces
-- Symlinking: /home/edgard/Desktop/AITEAM/nav/install/isaac_ros_nova_interfaces/share/isaac_ros_nova_interfaces/cmake/rosidl_cmake-extras.cmake
-- Symlinking: /home/edgard/Desktop/AITEAM/nav/install/isaac_ros_nova_interfaces/share/isaac_ros_nova_interfaces/cmake/ament_cmake_export_dependencies-extras.cmake
-- Symlinking: /home/edgard/Desktop/AITEAM/nav/install/isaac_ros_nova_interfaces/share/isaac_ros_nova_interfaces/cmake/ament_cmake_export_include_directories-extras.cmake
-- Symlinking: /home/edgard/Desktop/AITEAM/nav/install/isaac_ros_nova_interfaces/share/isaac_ros_nova_interfaces/cmake/ament_cmake_export_libraries-extras.cmake
-- Symlinking: /home/edgard/Desktop/AITEAM/nav/install/isaac_ros_nova_interfaces/share/isaac_ros_nova_interfaces/cmake/ament_cmake_export_targets-extras.cmake
-- Symlinking: /home/edgard/Desktop/AITEAM/nav/install/isaac_ros_nova_interfaces/share/isaac_ros_nova_interfaces/cmake/rosidl_cmake_export_typesupport_targets-extras.cmake
-- Symlinking: /home/edgard/Desktop/AITEAM/nav/install/isaac_ros_nova_interfaces/share/isaac_ros_nova_interfaces/cmake/rosidl_cmake_export_typesupport_libraries-extras.cmake
-- Symlinking: /home/edgard/Desktop/AITEAM/nav/install/isaac_ros_nova_interfaces/share/isaac_ros_nova_interfaces/cmake/isaac_ros_nova_interfacesConfig.cmake
-- Symlinking: /home/edgard/Desktop/AITEAM/nav/install/isaac_ros_nova_interfaces/share/isaac_ros_nova_interfaces/cmake/isaac_ros_nova_interfacesConfig-version.cmake
-- Symlinking: /home/edgard/Desktop/AITEAM/nav/install/isaac_ros_nova_interfaces/share/isaac_ros_nova_interfaces/package.xml
-- Installing: /home/edgard/Desktop/AITEAM/nav/install/isaac_ros_nova_interfaces/lib/libisaac_ros_nova_interfaces__rosidl_generator_c.so
-- Set runtime path of "/home/edgard/Desktop/AITEAM/nav/install/isaac_ros_nova_interfaces/lib/libisaac_ros_nova_interfaces__rosidl_generator_c.so" to ""
-- Installing: /home/edgard/Desktop/AITEAM/nav/install/isaac_ros_nova_interfaces/lib/libisaac_ros_nova_interfaces__rosidl_typesupport_fastrtps_c.so
-- Set runtime path of "/home/edgard/Desktop/AITEAM/nav/install/isaac_ros_nova_interfaces/lib/libisaac_ros_nova_interfaces__rosidl_typesupport_fastrtps_c.so" to ""
-- Installing: /home/edgard/Desktop/AITEAM/nav/install/isaac_ros_nova_interfaces/lib/libisaac_ros_nova_interfaces__rosidl_typesupport_introspection_c.so
-- Set runtime path of "/home/edgard/Desktop/AITEAM/nav/install/isaac_ros_nova_interfaces/lib/libisaac_ros_nova_interfaces__rosidl_typesupport_introspection_c.so" to ""
-- Installing: /home/edgard/Desktop/AITEAM/nav/install/isaac_ros_nova_interfaces/lib/libisaac_ros_nova_interfaces__rosidl_typesupport_c.so
-- Set runtime path of "/home/edgard/Desktop/AITEAM/nav/install/isaac_ros_nova_interfaces/lib/libisaac_ros_nova_interfaces__rosidl_typesupport_c.so" to ""
-- Installing: /home/edgard/Desktop/AITEAM/nav/install/isaac_ros_nova_interfaces/lib/libisaac_ros_nova_interfaces__rosidl_typesupport_fastrtps_cpp.so
-- Set runtime path of "/home/edgard/Desktop/AITEAM/nav/install/isaac_ros_nova_interfaces/lib/libisaac_ros_nova_interfaces__rosidl_typesupport_fastrtps_cpp.so" to ""
-- Installing: /home/edgard/Desktop/AITEAM/nav/install/isaac_ros_nova_interfaces/lib/libisaac_ros_nova_interfaces__rosidl_typesupport_introspection_cpp.so
-- Set runtime path of "/home/edgard/Desktop/AITEAM/nav/install/isaac_ros_nova_interfaces/lib/libisaac_ros_nova_interfaces__rosidl_typesupport_introspection_cpp.so" to ""
-- Installing: /home/edgard/Desktop/AITEAM/nav/install/isaac_ros_nova_interfaces/lib/libisaac_ros_nova_interfaces__rosidl_typesupport_cpp.so
-- Set runtime path of "/home/edgard/Desktop/AITEAM/nav/install/isaac_ros_nova_interfaces/lib/libisaac_ros_nova_interfaces__rosidl_typesupport_cpp.so" to ""
Listing '/home/edgard/Desktop/AITEAM/nav/install/isaac_ros_nova_interfaces/local/lib/python3.10/dist-packages/isaac_ros_nova_interfaces'...
Compiling '/home/edgard/Desktop/AITEAM/nav/install/isaac_ros_nova_interfaces/local/lib/python3.10/dist-packages/isaac_ros_nova_interfaces/__init__.py'...
Listing '/home/edgard/Desktop/AITEAM/nav/install/isaac_ros_nova_interfaces/local/lib/python3.10/dist-packages/isaac_ros_nova_interfaces/msg'...
Compiling '/home/edgard/Desktop/AITEAM/nav/install/isaac_ros_nova_interfaces/local/lib/python3.10/dist-packages/isaac_ros_nova_interfaces/msg/__init__.py'...
Compiling '/home/edgard/Desktop/AITEAM/nav/install/isaac_ros_nova_interfaces/local/lib/python3.10/dist-packages/isaac_ros_nova_interfaces/msg/_correlated_timestamp.py'...
Compiling '/home/edgard/Desktop/AITEAM/nav/install/isaac_ros_nova_interfaces/local/lib/python3.10/dist-packages/isaac_ros_nova_interfaces/msg/_encoder_ticks.py'...
-- Installing: /home/edgard/Desktop/AITEAM/nav/install/isaac_ros_nova_interfaces/lib/libisaac_ros_nova_interfaces__rosidl_generator_py.so
-- Set runtime path of "/home/edgard/Desktop/AITEAM/nav/install/isaac_ros_nova_interfaces/lib/libisaac_ros_nova_interfaces__rosidl_generator_py.so" to ""
-- Installing: /home/edgard/Desktop/AITEAM/nav/install/isaac_ros_nova_interfaces/share/isaac_ros_nova_interfaces/cmake/export_isaac_ros_nova_interfaces__rosidl_generator_cExport.cmake
-- Installing: /home/edgard/Desktop/AITEAM/nav/install/isaac_ros_nova_interfaces/share/isaac_ros_nova_interfaces/cmake/export_isaac_ros_nova_interfaces__rosidl_generator_cExport-release.cmake
-- Installing: /home/edgard/Desktop/AITEAM/nav/install/isaac_ros_nova_interfaces/share/isaac_ros_nova_interfaces/cmake/export_isaac_ros_nova_interfaces__rosidl_typesupport_fastrtps_cExport.cmake
-- Installing: /home/edgard/Desktop/AITEAM/nav/install/isaac_ros_nova_interfaces/share/isaac_ros_nova_interfaces/cmake/export_isaac_ros_nova_interfaces__rosidl_typesupport_fastrtps_cExport-release.cmake
-- Installing: /home/edgard/Desktop/AITEAM/nav/install/isaac_ros_nova_interfaces/share/isaac_ros_nova_interfaces/cmake/isaac_ros_nova_interfaces__rosidl_typesupport_introspection_cExport.cmake
-- Installing: /home/edgard/Desktop/AITEAM/nav/install/isaac_ros_nova_interfaces/share/isaac_ros_nova_interfaces/cmake/isaac_ros_nova_interfaces__rosidl_typesupport_introspection_cExport-release.cmake
-- Installing: /home/edgard/Desktop/AITEAM/nav/install/isaac_ros_nova_interfaces/share/isaac_ros_nova_interfaces/cmake/isaac_ros_nova_interfaces__rosidl_typesupport_cExport.cmake
-- Installing: /home/edgard/Desktop/AITEAM/nav/install/isaac_ros_nova_interfaces/share/isaac_ros_nova_interfaces/cmake/isaac_ros_nova_interfaces__rosidl_typesupport_cExport-release.cmake
-- Installing: /home/edgard/Desktop/AITEAM/nav/install/isaac_ros_nova_interfaces/share/isaac_ros_nova_interfaces/cmake/export_isaac_ros_nova_interfaces__rosidl_generator_cppExport.cmake
-- Installing: /home/edgard/Desktop/AITEAM/nav/install/isaac_ros_nova_interfaces/share/isaac_ros_nova_interfaces/cmake/export_isaac_ros_nova_interfaces__rosidl_typesupport_fastrtps_cppExport.cmake
-- Installing: /home/edgard/Desktop/AITEAM/nav/install/isaac_ros_nova_interfaces/share/isaac_ros_nova_interfaces/cmake/export_isaac_ros_nova_interfaces__rosidl_typesupport_fastrtps_cppExport-release.cmake
-- Installing: /home/edgard/Desktop/AITEAM/nav/install/isaac_ros_nova_interfaces/share/isaac_ros_nova_interfaces/cmake/isaac_ros_nova_interfaces__rosidl_typesupport_introspection_cppExport.cmake
-- Installing: /home/edgard/Desktop/AITEAM/nav/install/isaac_ros_nova_interfaces/share/isaac_ros_nova_interfaces/cmake/isaac_ros_nova_interfaces__rosidl_typesupport_introspection_cppExport-release.cmake
-- Installing: /home/edgard/Desktop/AITEAM/nav/install/isaac_ros_nova_interfaces/share/isaac_ros_nova_interfaces/cmake/isaac_ros_nova_interfaces__rosidl_typesupport_cppExport.cmake
-- Installing: /home/edgard/Desktop/AITEAM/nav/install/isaac_ros_nova_interfaces/share/isaac_ros_nova_interfaces/cmake/isaac_ros_nova_interfaces__rosidl_typesupport_cppExport-release.cmake
-- Installing: /home/edgard/Desktop/AITEAM/nav/install/isaac_ros_nova_interfaces/share/isaac_ros_nova_interfaces/cmake/export_isaac_ros_nova_interfaces__rosidl_generator_pyExport.cmake
-- Installing: /home/edgard/Desktop/AITEAM/nav/install/isaac_ros_nova_interfaces/share/isaac_ros_nova_interfaces/cmake/export_isaac_ros_nova_interfaces__rosidl_generator_pyExport-release.cmake
