[0.498s] Invoking command in '/home/edgard/Desktop/AITEAM/nav/build/isaac_ros_nova_interfaces': AMENT_PREFIX_PATH=/home/edgard/Desktop/AITEAM/nav/install/isaac_ros_common:${AMENT_PREFIX_PATH} CMAKE_PREFIX_PATH=/home/edgard/Desktop/AITEAM/nav/install/isaac_ros_common:/opt/ros/humble CONDA_PROMPT_MODIFIER=(base) LD_LIBRARY_PATH=/home/edgard/Desktop/AITEAM/nav/install/isaac_ros_common/lib:/opt/ros/humble/opt/rviz_ogre_vendor/lib:/opt/ros/humble/lib/x86_64-linux-gnu:/opt/ros/humble/lib:/home/edgard/Downloads/TensorRT-10.13.2.6/lib PATH=/home/edgard/Desktop/AITEAM/nav/install/isaac_ros_common/bin:${PATH} PYTHONPATH=/home/edgard/Desktop/AITEAM/nav/install/isaac_ros_common/local/lib/python3.10/dist-packages:${PYTHONPATH} /usr/bin/cmake --build /home/edgard/Desktop/AITEAM/nav/build/isaac_ros_nova_interfaces -- -j24 -l24
[0.738s] [35m[1mConsolidate compiler generated dependencies of target isaac_ros_nova_interfaces__rosidl_generator_c[0m
[0.738s] [  9%] Built target isaac_ros_nova_interfaces__rosidl_generator_c
[0.738s] [ 12%] Built target isaac_ros_nova_interfaces__cpp
[0.738s] [ 17%] Built target isaac_ros_nova_interfaces__rs
[0.738s] [ 17%] Built target generate_version_info_target_isaac_ros_nova_interfaces
[0.738s] [35m[1mConsolidate compiler generated dependencies of target isaac_ros_nova_interfaces__rosidl_typesupport_introspection_c[0m
[0.738s] [ 17%] Built target ament_cmake_python_symlink_isaac_ros_nova_interfaces
[0.738s] [35m[1mConsolidate compiler generated dependencies of target isaac_ros_nova_interfaces__rosidl_typesupport_c[0m
[0.738s] [35m[1mConsolidate compiler generated dependencies of target isaac_ros_nova_interfaces__rosidl_typesupport_fastrtps_c[0m
[0.739s] [35m[1mConsolidate compiler generated dependencies of target isaac_ros_nova_interfaces__rosidl_typesupport_cpp[0m
[0.739s] [35m[1mConsolidate compiler generated dependencies of target isaac_ros_nova_interfaces__rosidl_typesupport_introspection_cpp[0m
[0.739s] [35m[1mConsolidate compiler generated dependencies of target isaac_ros_nova_interfaces__rosidl_typesupport_fastrtps_cpp[0m
[0.739s] [ 26%] Built target isaac_ros_nova_interfaces__rosidl_typesupport_introspection_c
[0.739s] [ 36%] Built target isaac_ros_nova_interfaces__rosidl_typesupport_fastrtps_c
[0.739s] [ 46%] Built target isaac_ros_nova_interfaces__rosidl_typesupport_cpp
[0.739s] [ 56%] Built target isaac_ros_nova_interfaces__rosidl_typesupport_c
[0.739s] [ 65%] Built target isaac_ros_nova_interfaces__rosidl_typesupport_introspection_cpp
[0.739s] [ 75%] Built target isaac_ros_nova_interfaces__rosidl_typesupport_fastrtps_cpp
[0.739s] [ 75%] Built target isaac_ros_nova_interfaces
[0.739s] [ 78%] Built target isaac_ros_nova_interfaces__py
[0.739s] [35m[1mConsolidate compiler generated dependencies of target isaac_ros_nova_interfaces__rosidl_generator_py[0m
[0.739s] [ 85%] Built target isaac_ros_nova_interfaces__rosidl_generator_py
[0.739s] [35m[1mConsolidate compiler generated dependencies of target isaac_ros_nova_interfaces__rosidl_typesupport_fastrtps_c__pyext[0m
[0.739s] [35m[1mConsolidate compiler generated dependencies of target isaac_ros_nova_interfaces__rosidl_typesupport_introspection_c__pyext[0m
[0.739s] [35m[1mConsolidate compiler generated dependencies of target isaac_ros_nova_interfaces__rosidl_typesupport_c__pyext[0m
[0.739s] [ 90%] Built target isaac_ros_nova_interfaces__rosidl_typesupport_fastrtps_c__pyext
[0.739s] [100%] Built target isaac_ros_nova_interfaces__rosidl_typesupport_introspection_c__pyext
[0.739s] [100%] Built target isaac_ros_nova_interfaces__rosidl_typesupport_c__pyext
[0.748s] running egg_info
[0.749s] writing isaac_ros_nova_interfaces.egg-info/PKG-INFO
[0.749s] writing dependency_links to isaac_ros_nova_interfaces.egg-info/dependency_links.txt
[0.749s] writing top-level names to isaac_ros_nova_interfaces.egg-info/top_level.txt
[0.750s] reading manifest file 'isaac_ros_nova_interfaces.egg-info/SOURCES.txt'
[0.751s] writing manifest file 'isaac_ros_nova_interfaces.egg-info/SOURCES.txt'
[0.776s] [100%] Built target ament_cmake_python_build_isaac_ros_nova_interfaces_egg
[1.012s] Invoked command in '/home/edgard/Desktop/AITEAM/nav/build/isaac_ros_nova_interfaces' returned '0': AMENT_PREFIX_PATH=/home/edgard/Desktop/AITEAM/nav/install/isaac_ros_common:${AMENT_PREFIX_PATH} CMAKE_PREFIX_PATH=/home/edgard/Desktop/AITEAM/nav/install/isaac_ros_common:/opt/ros/humble CONDA_PROMPT_MODIFIER=(base) LD_LIBRARY_PATH=/home/edgard/Desktop/AITEAM/nav/install/isaac_ros_common/lib:/opt/ros/humble/opt/rviz_ogre_vendor/lib:/opt/ros/humble/lib/x86_64-linux-gnu:/opt/ros/humble/lib:/home/edgard/Downloads/TensorRT-10.13.2.6/lib PATH=/home/edgard/Desktop/AITEAM/nav/install/isaac_ros_common/bin:${PATH} PYTHONPATH=/home/edgard/Desktop/AITEAM/nav/install/isaac_ros_common/local/lib/python3.10/dist-packages:${PYTHONPATH} /usr/bin/cmake --build /home/edgard/Desktop/AITEAM/nav/build/isaac_ros_nova_interfaces -- -j24 -l24
[1.013s] Invoking command in '/home/edgard/Desktop/AITEAM/nav/build/isaac_ros_nova_interfaces': AMENT_PREFIX_PATH=/home/edgard/Desktop/AITEAM/nav/install/isaac_ros_common:${AMENT_PREFIX_PATH} CMAKE_PREFIX_PATH=/home/edgard/Desktop/AITEAM/nav/install/isaac_ros_common:/opt/ros/humble CONDA_PROMPT_MODIFIER=(base) LD_LIBRARY_PATH=/home/edgard/Desktop/AITEAM/nav/install/isaac_ros_common/lib:/opt/ros/humble/opt/rviz_ogre_vendor/lib:/opt/ros/humble/lib/x86_64-linux-gnu:/opt/ros/humble/lib:/home/edgard/Downloads/TensorRT-10.13.2.6/lib PATH=/home/edgard/Desktop/AITEAM/nav/install/isaac_ros_common/bin:${PATH} PYTHONPATH=/home/edgard/Desktop/AITEAM/nav/install/isaac_ros_common/local/lib/python3.10/dist-packages:${PYTHONPATH} /usr/bin/cmake --install /home/edgard/Desktop/AITEAM/nav/build/isaac_ros_nova_interfaces
[1.042s] -- Install configuration: "Release"
[1.042s] -- Execute custom install script
[1.043s] -- Symlinking: /home/edgard/Desktop/AITEAM/nav/install/isaac_ros_nova_interfaces/share/ament_index/resource_index/rosidl_interfaces/isaac_ros_nova_interfaces
[1.044s] -- Symlinking: /home/edgard/Desktop/AITEAM/nav/install/isaac_ros_nova_interfaces/include/isaac_ros_nova_interfaces/isaac_ros_nova_interfaces/msg/correlated_timestamp.h
[1.046s] -- Symlinking: /home/edgard/Desktop/AITEAM/nav/install/isaac_ros_nova_interfaces/include/isaac_ros_nova_interfaces/isaac_ros_nova_interfaces/msg/detail/correlated_timestamp__functions.h
[1.060s] -- Symlinking: /home/edgard/Desktop/AITEAM/nav/install/isaac_ros_nova_interfaces/include/isaac_ros_nova_interfaces/isaac_ros_nova_interfaces/msg/detail/correlated_timestamp__struct.h
[1.064s] -- Symlinking: /home/edgard/Desktop/AITEAM/nav/install/isaac_ros_nova_interfaces/include/isaac_ros_nova_interfaces/isaac_ros_nova_interfaces/msg/detail/correlated_timestamp__type_support.h
[1.075s] -- Symlinking: /home/edgard/Desktop/AITEAM/nav/install/isaac_ros_nova_interfaces/include/isaac_ros_nova_interfaces/isaac_ros_nova_interfaces/msg/detail/encoder_ticks__functions.h
[1.101s] -- Symlinking: /home/edgard/Desktop/AITEAM/nav/install/isaac_ros_nova_interfaces/include/isaac_ros_nova_interfaces/isaac_ros_nova_interfaces/msg/detail/encoder_ticks__struct.h
[1.121s] -- Symlinking: /home/edgard/Desktop/AITEAM/nav/install/isaac_ros_nova_interfaces/include/isaac_ros_nova_interfaces/isaac_ros_nova_interfaces/msg/detail/encoder_ticks__type_support.h
[1.141s] -- Symlinking: /home/edgard/Desktop/AITEAM/nav/install/isaac_ros_nova_interfaces/include/isaac_ros_nova_interfaces/isaac_ros_nova_interfaces/msg/encoder_ticks.h
[1.159s] -- Symlinking: /home/edgard/Desktop/AITEAM/nav/install/isaac_ros_nova_interfaces/include/isaac_ros_nova_interfaces/isaac_ros_nova_interfaces/msg/rosidl_generator_c__visibility_control.h
[1.191s] -- Symlinking: /home/edgard/Desktop/AITEAM/nav/install/isaac_ros_nova_interfaces/share/isaac_ros_nova_interfaces/environment/library_path.sh
[1.216s] -- Symlinking: /home/edgard/Desktop/AITEAM/nav/install/isaac_ros_nova_interfaces/share/isaac_ros_nova_interfaces/environment/library_path.dsv
[1.232s] -- Symlinking: /home/edgard/Desktop/AITEAM/nav/install/isaac_ros_nova_interfaces/include/isaac_ros_nova_interfaces/isaac_ros_nova_interfaces/msg/detail/correlated_timestamp__rosidl_typesupport_fastrtps_c.h
[1.249s] -- Symlinking: /home/edgard/Desktop/AITEAM/nav/install/isaac_ros_nova_interfaces/include/isaac_ros_nova_interfaces/isaac_ros_nova_interfaces/msg/detail/encoder_ticks__rosidl_typesupport_fastrtps_c.h
[1.264s] -- Symlinking: /home/edgard/Desktop/AITEAM/nav/install/isaac_ros_nova_interfaces/include/isaac_ros_nova_interfaces/isaac_ros_nova_interfaces/msg/rosidl_typesupport_fastrtps_c__visibility_control.h
[1.282s] -- Symlinking: /home/edgard/Desktop/AITEAM/nav/install/isaac_ros_nova_interfaces/include/isaac_ros_nova_interfaces/isaac_ros_nova_interfaces/msg/detail/correlated_timestamp__rosidl_typesupport_introspection_c.h
[1.297s] -- Symlinking: /home/edgard/Desktop/AITEAM/nav/install/isaac_ros_nova_interfaces/include/isaac_ros_nova_interfaces/isaac_ros_nova_interfaces/msg/detail/encoder_ticks__rosidl_typesupport_introspection_c.h
[1.308s] -- Symlinking: /home/edgard/Desktop/AITEAM/nav/install/isaac_ros_nova_interfaces/include/isaac_ros_nova_interfaces/isaac_ros_nova_interfaces/msg/rosidl_typesupport_introspection_c__visibility_control.h
[1.321s] -- Symlinking: /home/edgard/Desktop/AITEAM/nav/install/isaac_ros_nova_interfaces/include/isaac_ros_nova_interfaces/isaac_ros_nova_interfaces/msg/correlated_timestamp.hpp
[1.332s] -- Symlinking: /home/edgard/Desktop/AITEAM/nav/install/isaac_ros_nova_interfaces/include/isaac_ros_nova_interfaces/isaac_ros_nova_interfaces/msg/detail/correlated_timestamp__builder.hpp
[1.346s] -- Symlinking: /home/edgard/Desktop/AITEAM/nav/install/isaac_ros_nova_interfaces/include/isaac_ros_nova_interfaces/isaac_ros_nova_interfaces/msg/detail/correlated_timestamp__struct.hpp
[1.357s] -- Symlinking: /home/edgard/Desktop/AITEAM/nav/install/isaac_ros_nova_interfaces/include/isaac_ros_nova_interfaces/isaac_ros_nova_interfaces/msg/detail/correlated_timestamp__traits.hpp
[1.369s] -- Symlinking: /home/edgard/Desktop/AITEAM/nav/install/isaac_ros_nova_interfaces/include/isaac_ros_nova_interfaces/isaac_ros_nova_interfaces/msg/detail/correlated_timestamp__type_support.hpp
[1.383s] -- Symlinking: /home/edgard/Desktop/AITEAM/nav/install/isaac_ros_nova_interfaces/include/isaac_ros_nova_interfaces/isaac_ros_nova_interfaces/msg/detail/encoder_ticks__builder.hpp
[1.391s] -- Symlinking: /home/edgard/Desktop/AITEAM/nav/install/isaac_ros_nova_interfaces/include/isaac_ros_nova_interfaces/isaac_ros_nova_interfaces/msg/detail/encoder_ticks__struct.hpp
[1.406s] -- Symlinking: /home/edgard/Desktop/AITEAM/nav/install/isaac_ros_nova_interfaces/include/isaac_ros_nova_interfaces/isaac_ros_nova_interfaces/msg/detail/encoder_ticks__traits.hpp
[1.418s] -- Symlinking: /home/edgard/Desktop/AITEAM/nav/install/isaac_ros_nova_interfaces/include/isaac_ros_nova_interfaces/isaac_ros_nova_interfaces/msg/detail/encoder_ticks__type_support.hpp
[1.427s] -- Symlinking: /home/edgard/Desktop/AITEAM/nav/install/isaac_ros_nova_interfaces/include/isaac_ros_nova_interfaces/isaac_ros_nova_interfaces/msg/encoder_ticks.hpp
[1.447s] -- Symlinking: /home/edgard/Desktop/AITEAM/nav/install/isaac_ros_nova_interfaces/include/isaac_ros_nova_interfaces/isaac_ros_nova_interfaces/msg/rosidl_generator_cpp__visibility_control.hpp
[1.453s] -- Symlinking: /home/edgard/Desktop/AITEAM/nav/install/isaac_ros_nova_interfaces/include/isaac_ros_nova_interfaces/isaac_ros_nova_interfaces/msg/detail/correlated_timestamp__rosidl_typesupport_fastrtps_cpp.hpp
[1.463s] -- Symlinking: /home/edgard/Desktop/AITEAM/nav/install/isaac_ros_nova_interfaces/include/isaac_ros_nova_interfaces/isaac_ros_nova_interfaces/msg/detail/encoder_ticks__rosidl_typesupport_fastrtps_cpp.hpp
[1.475s] -- Symlinking: /home/edgard/Desktop/AITEAM/nav/install/isaac_ros_nova_interfaces/include/isaac_ros_nova_interfaces/isaac_ros_nova_interfaces/msg/rosidl_typesupport_fastrtps_cpp__visibility_control.h
[1.484s] -- Symlinking: /home/edgard/Desktop/AITEAM/nav/install/isaac_ros_nova_interfaces/include/isaac_ros_nova_interfaces/isaac_ros_nova_interfaces/msg/detail/correlated_timestamp__rosidl_typesupport_introspection_cpp.hpp
[1.493s] -- Symlinking: /home/edgard/Desktop/AITEAM/nav/install/isaac_ros_nova_interfaces/include/isaac_ros_nova_interfaces/isaac_ros_nova_interfaces/msg/detail/encoder_ticks__rosidl_typesupport_introspection_cpp.hpp
[1.523s] -- Symlinking: /home/edgard/Desktop/AITEAM/nav/install/isaac_ros_nova_interfaces/share/isaac_ros_nova_interfaces/environment/pythonpath.sh
[1.554s] -- Symlinking: /home/edgard/Desktop/AITEAM/nav/install/isaac_ros_nova_interfaces/share/isaac_ros_nova_interfaces/environment/pythonpath.dsv
[1.574s] -- Symlinking: /home/edgard/Desktop/AITEAM/nav/install/isaac_ros_nova_interfaces/local/lib/python3.10/dist-packages/isaac_ros_nova_interfaces-3.2.5-py3.10.egg-info/PKG-INFO
[1.588s] -- Symlinking: /home/edgard/Desktop/AITEAM/nav/install/isaac_ros_nova_interfaces/local/lib/python3.10/dist-packages/isaac_ros_nova_interfaces-3.2.5-py3.10.egg-info/SOURCES.txt
[1.603s] -- Symlinking: /home/edgard/Desktop/AITEAM/nav/install/isaac_ros_nova_interfaces/local/lib/python3.10/dist-packages/isaac_ros_nova_interfaces-3.2.5-py3.10.egg-info/dependency_links.txt
[1.617s] -- Symlinking: /home/edgard/Desktop/AITEAM/nav/install/isaac_ros_nova_interfaces/local/lib/python3.10/dist-packages/isaac_ros_nova_interfaces-3.2.5-py3.10.egg-info/top_level.txt
[1.632s] -- Symlinking: /home/edgard/Desktop/AITEAM/nav/install/isaac_ros_nova_interfaces/local/lib/python3.10/dist-packages/isaac_ros_nova_interfaces/__init__.py
[1.641s] -- Symlinking: /home/edgard/Desktop/AITEAM/nav/install/isaac_ros_nova_interfaces/local/lib/python3.10/dist-packages/isaac_ros_nova_interfaces/_isaac_ros_nova_interfaces_s.ep.rosidl_typesupport_c.c
[1.653s] -- Symlinking: /home/edgard/Desktop/AITEAM/nav/install/isaac_ros_nova_interfaces/local/lib/python3.10/dist-packages/isaac_ros_nova_interfaces/_isaac_ros_nova_interfaces_s.ep.rosidl_typesupport_fastrtps_c.c
[1.661s] -- Symlinking: /home/edgard/Desktop/AITEAM/nav/install/isaac_ros_nova_interfaces/local/lib/python3.10/dist-packages/isaac_ros_nova_interfaces/_isaac_ros_nova_interfaces_s.ep.rosidl_typesupport_introspection_c.c
[1.671s] -- Symlinking: /home/edgard/Desktop/AITEAM/nav/install/isaac_ros_nova_interfaces/local/lib/python3.10/dist-packages/isaac_ros_nova_interfaces/isaac_ros_nova_interfaces_s__rosidl_typesupport_c.cpython-310-x86_64-linux-gnu.so
[1.684s] -- Symlinking: /home/edgard/Desktop/AITEAM/nav/install/isaac_ros_nova_interfaces/local/lib/python3.10/dist-packages/isaac_ros_nova_interfaces/isaac_ros_nova_interfaces_s__rosidl_typesupport_fastrtps_c.cpython-310-x86_64-linux-gnu.so
[1.697s] -- Symlinking: /home/edgard/Desktop/AITEAM/nav/install/isaac_ros_nova_interfaces/local/lib/python3.10/dist-packages/isaac_ros_nova_interfaces/isaac_ros_nova_interfaces_s__rosidl_typesupport_introspection_c.cpython-310-x86_64-linux-gnu.so
[1.710s] -- Symlinking: /home/edgard/Desktop/AITEAM/nav/install/isaac_ros_nova_interfaces/local/lib/python3.10/dist-packages/isaac_ros_nova_interfaces/libisaac_ros_nova_interfaces__rosidl_generator_py.so
[1.722s] -- Symlinking: /home/edgard/Desktop/AITEAM/nav/install/isaac_ros_nova_interfaces/local/lib/python3.10/dist-packages/isaac_ros_nova_interfaces/msg/__init__.py
[1.734s] -- Symlinking: /home/edgard/Desktop/AITEAM/nav/install/isaac_ros_nova_interfaces/local/lib/python3.10/dist-packages/isaac_ros_nova_interfaces/msg/_correlated_timestamp.py
[1.743s] -- Symlinking: /home/edgard/Desktop/AITEAM/nav/install/isaac_ros_nova_interfaces/local/lib/python3.10/dist-packages/isaac_ros_nova_interfaces/msg/_correlated_timestamp_s.c
[1.753s] -- Symlinking: /home/edgard/Desktop/AITEAM/nav/install/isaac_ros_nova_interfaces/local/lib/python3.10/dist-packages/isaac_ros_nova_interfaces/msg/_encoder_ticks.py
[1.766s] -- Symlinking: /home/edgard/Desktop/AITEAM/nav/install/isaac_ros_nova_interfaces/local/lib/python3.10/dist-packages/isaac_ros_nova_interfaces/msg/_encoder_ticks_s.c
[1.774s] -- Up-to-date symlink: /home/edgard/Desktop/AITEAM/nav/install/isaac_ros_nova_interfaces/local/lib/python3.10/dist-packages/isaac_ros_nova_interfaces/isaac_ros_nova_interfaces_s__rosidl_typesupport_fastrtps_c.cpython-310-x86_64-linux-gnu.so
[1.778s] -- Up-to-date symlink: /home/edgard/Desktop/AITEAM/nav/install/isaac_ros_nova_interfaces/local/lib/python3.10/dist-packages/isaac_ros_nova_interfaces/isaac_ros_nova_interfaces_s__rosidl_typesupport_introspection_c.cpython-310-x86_64-linux-gnu.so
[1.778s] -- Up-to-date symlink: /home/edgard/Desktop/AITEAM/nav/install/isaac_ros_nova_interfaces/local/lib/python3.10/dist-packages/isaac_ros_nova_interfaces/isaac_ros_nova_interfaces_s__rosidl_typesupport_c.cpython-310-x86_64-linux-gnu.so
[1.779s] -- Symlinking: /home/edgard/Desktop/AITEAM/nav/install/isaac_ros_nova_interfaces/share/ament_index/resource_index/rust_packages/isaac_ros_nova_interfaces
[1.793s] -- Symlinking: /home/edgard/Desktop/AITEAM/nav/install/isaac_ros_nova_interfaces/share/isaac_ros_nova_interfaces/rust/Cargo.toml
[1.806s] -- Symlinking: /home/edgard/Desktop/AITEAM/nav/install/isaac_ros_nova_interfaces/share/isaac_ros_nova_interfaces/rust/build.rs
[1.819s] -- Symlinking: /home/edgard/Desktop/AITEAM/nav/install/isaac_ros_nova_interfaces/share/isaac_ros_nova_interfaces/rust/src/lib.rs
[1.835s] -- Symlinking: /home/edgard/Desktop/AITEAM/nav/install/isaac_ros_nova_interfaces/share/isaac_ros_nova_interfaces/rust/src/msg.rs
[1.849s] -- Symlinking: /home/edgard/Desktop/AITEAM/nav/install/isaac_ros_nova_interfaces/share/isaac_ros_nova_interfaces/rust/src/msg/rmw.rs
[1.866s] -- Symlinking: /home/edgard/Desktop/AITEAM/nav/install/isaac_ros_nova_interfaces/share/isaac_ros_nova_interfaces/msg/CorrelatedTimestamp.idl
[1.883s] -- Symlinking: /home/edgard/Desktop/AITEAM/nav/install/isaac_ros_nova_interfaces/share/isaac_ros_nova_interfaces/msg/EncoderTicks.idl
[1.899s] -- Symlinking: /home/edgard/Desktop/AITEAM/nav/install/isaac_ros_nova_interfaces/share/isaac_ros_nova_interfaces/msg/CorrelatedTimestamp.msg
[1.916s] -- Symlinking: /home/edgard/Desktop/AITEAM/nav/install/isaac_ros_nova_interfaces/share/isaac_ros_nova_interfaces/msg/EncoderTicks.msg
[1.935s] -- Symlinking: /home/edgard/Desktop/AITEAM/nav/install/isaac_ros_nova_interfaces/share/isaac_ros_nova_interfaces/version_info.yaml
[1.960s] -- Symlinking: /home/edgard/Desktop/AITEAM/nav/install/isaac_ros_nova_interfaces/share/ament_index/resource_index/package_run_dependencies/isaac_ros_nova_interfaces
[1.996s] -- Symlinking: /home/edgard/Desktop/AITEAM/nav/install/isaac_ros_nova_interfaces/share/ament_index/resource_index/parent_prefix_path/isaac_ros_nova_interfaces
[2.021s] -- Symlinking: /home/edgard/Desktop/AITEAM/nav/install/isaac_ros_nova_interfaces/share/isaac_ros_nova_interfaces/environment/ament_prefix_path.sh
[2.036s] -- Symlinking: /home/edgard/Desktop/AITEAM/nav/install/isaac_ros_nova_interfaces/share/isaac_ros_nova_interfaces/environment/ament_prefix_path.dsv
[2.050s] -- Symlinking: /home/edgard/Desktop/AITEAM/nav/install/isaac_ros_nova_interfaces/share/isaac_ros_nova_interfaces/environment/path.sh
[2.064s] -- Symlinking: /home/edgard/Desktop/AITEAM/nav/install/isaac_ros_nova_interfaces/share/isaac_ros_nova_interfaces/environment/path.dsv
[2.079s] -- Symlinking: /home/edgard/Desktop/AITEAM/nav/install/isaac_ros_nova_interfaces/share/isaac_ros_nova_interfaces/local_setup.bash
[2.100s] -- Symlinking: /home/edgard/Desktop/AITEAM/nav/install/isaac_ros_nova_interfaces/share/isaac_ros_nova_interfaces/local_setup.sh
[2.115s] -- Symlinking: /home/edgard/Desktop/AITEAM/nav/install/isaac_ros_nova_interfaces/share/isaac_ros_nova_interfaces/local_setup.zsh
[2.130s] -- Symlinking: /home/edgard/Desktop/AITEAM/nav/install/isaac_ros_nova_interfaces/share/isaac_ros_nova_interfaces/local_setup.dsv
[2.144s] -- Symlinking: /home/edgard/Desktop/AITEAM/nav/install/isaac_ros_nova_interfaces/share/isaac_ros_nova_interfaces/package.dsv
[2.158s] -- Symlinking: /home/edgard/Desktop/AITEAM/nav/install/isaac_ros_nova_interfaces/share/ament_index/resource_index/packages/isaac_ros_nova_interfaces
[2.170s] -- Symlinking: /home/edgard/Desktop/AITEAM/nav/install/isaac_ros_nova_interfaces/share/isaac_ros_nova_interfaces/cmake/rosidl_cmake-extras.cmake
[2.188s] -- Symlinking: /home/edgard/Desktop/AITEAM/nav/install/isaac_ros_nova_interfaces/share/isaac_ros_nova_interfaces/cmake/ament_cmake_export_dependencies-extras.cmake
[2.214s] -- Symlinking: /home/edgard/Desktop/AITEAM/nav/install/isaac_ros_nova_interfaces/share/isaac_ros_nova_interfaces/cmake/ament_cmake_export_include_directories-extras.cmake
[2.228s] -- Symlinking: /home/edgard/Desktop/AITEAM/nav/install/isaac_ros_nova_interfaces/share/isaac_ros_nova_interfaces/cmake/ament_cmake_export_libraries-extras.cmake
[2.243s] -- Symlinking: /home/edgard/Desktop/AITEAM/nav/install/isaac_ros_nova_interfaces/share/isaac_ros_nova_interfaces/cmake/ament_cmake_export_targets-extras.cmake
[2.254s] -- Symlinking: /home/edgard/Desktop/AITEAM/nav/install/isaac_ros_nova_interfaces/share/isaac_ros_nova_interfaces/cmake/rosidl_cmake_export_typesupport_targets-extras.cmake
[2.264s] -- Symlinking: /home/edgard/Desktop/AITEAM/nav/install/isaac_ros_nova_interfaces/share/isaac_ros_nova_interfaces/cmake/rosidl_cmake_export_typesupport_libraries-extras.cmake
[2.277s] -- Symlinking: /home/edgard/Desktop/AITEAM/nav/install/isaac_ros_nova_interfaces/share/isaac_ros_nova_interfaces/cmake/isaac_ros_nova_interfacesConfig.cmake
[2.286s] -- Symlinking: /home/edgard/Desktop/AITEAM/nav/install/isaac_ros_nova_interfaces/share/isaac_ros_nova_interfaces/cmake/isaac_ros_nova_interfacesConfig-version.cmake
[2.297s] -- Symlinking: /home/edgard/Desktop/AITEAM/nav/install/isaac_ros_nova_interfaces/share/isaac_ros_nova_interfaces/package.xml
[2.311s] -- Installing: /home/edgard/Desktop/AITEAM/nav/install/isaac_ros_nova_interfaces/lib/libisaac_ros_nova_interfaces__rosidl_generator_c.so
[2.312s] -- Set runtime path of "/home/edgard/Desktop/AITEAM/nav/install/isaac_ros_nova_interfaces/lib/libisaac_ros_nova_interfaces__rosidl_generator_c.so" to ""
[2.313s] -- Installing: /home/edgard/Desktop/AITEAM/nav/install/isaac_ros_nova_interfaces/lib/libisaac_ros_nova_interfaces__rosidl_typesupport_fastrtps_c.so
[2.314s] -- Set runtime path of "/home/edgard/Desktop/AITEAM/nav/install/isaac_ros_nova_interfaces/lib/libisaac_ros_nova_interfaces__rosidl_typesupport_fastrtps_c.so" to ""
[2.314s] -- Installing: /home/edgard/Desktop/AITEAM/nav/install/isaac_ros_nova_interfaces/lib/libisaac_ros_nova_interfaces__rosidl_typesupport_introspection_c.so
[2.315s] -- Set runtime path of "/home/edgard/Desktop/AITEAM/nav/install/isaac_ros_nova_interfaces/lib/libisaac_ros_nova_interfaces__rosidl_typesupport_introspection_c.so" to ""
[2.315s] -- Installing: /home/edgard/Desktop/AITEAM/nav/install/isaac_ros_nova_interfaces/lib/libisaac_ros_nova_interfaces__rosidl_typesupport_c.so
[2.317s] -- Set runtime path of "/home/edgard/Desktop/AITEAM/nav/install/isaac_ros_nova_interfaces/lib/libisaac_ros_nova_interfaces__rosidl_typesupport_c.so" to ""
[2.318s] -- Installing: /home/edgard/Desktop/AITEAM/nav/install/isaac_ros_nova_interfaces/lib/libisaac_ros_nova_interfaces__rosidl_typesupport_fastrtps_cpp.so
[2.318s] -- Set runtime path of "/home/edgard/Desktop/AITEAM/nav/install/isaac_ros_nova_interfaces/lib/libisaac_ros_nova_interfaces__rosidl_typesupport_fastrtps_cpp.so" to ""
[2.318s] -- Installing: /home/edgard/Desktop/AITEAM/nav/install/isaac_ros_nova_interfaces/lib/libisaac_ros_nova_interfaces__rosidl_typesupport_introspection_cpp.so
[2.319s] -- Set runtime path of "/home/edgard/Desktop/AITEAM/nav/install/isaac_ros_nova_interfaces/lib/libisaac_ros_nova_interfaces__rosidl_typesupport_introspection_cpp.so" to ""
[2.319s] -- Installing: /home/edgard/Desktop/AITEAM/nav/install/isaac_ros_nova_interfaces/lib/libisaac_ros_nova_interfaces__rosidl_typesupport_cpp.so
[2.320s] -- Set runtime path of "/home/edgard/Desktop/AITEAM/nav/install/isaac_ros_nova_interfaces/lib/libisaac_ros_nova_interfaces__rosidl_typesupport_cpp.so" to ""
[2.400s] Listing '/home/edgard/Desktop/AITEAM/nav/install/isaac_ros_nova_interfaces/local/lib/python3.10/dist-packages/isaac_ros_nova_interfaces'...
[2.401s] Compiling '/home/edgard/Desktop/AITEAM/nav/install/isaac_ros_nova_interfaces/local/lib/python3.10/dist-packages/isaac_ros_nova_interfaces/__init__.py'...
[2.401s] Listing '/home/edgard/Desktop/AITEAM/nav/install/isaac_ros_nova_interfaces/local/lib/python3.10/dist-packages/isaac_ros_nova_interfaces/msg'...
[2.401s] Compiling '/home/edgard/Desktop/AITEAM/nav/install/isaac_ros_nova_interfaces/local/lib/python3.10/dist-packages/isaac_ros_nova_interfaces/msg/__init__.py'...
[2.401s] Compiling '/home/edgard/Desktop/AITEAM/nav/install/isaac_ros_nova_interfaces/local/lib/python3.10/dist-packages/isaac_ros_nova_interfaces/msg/_correlated_timestamp.py'...
[2.402s] Compiling '/home/edgard/Desktop/AITEAM/nav/install/isaac_ros_nova_interfaces/local/lib/python3.10/dist-packages/isaac_ros_nova_interfaces/msg/_encoder_ticks.py'...
[2.425s] -- Installing: /home/edgard/Desktop/AITEAM/nav/install/isaac_ros_nova_interfaces/lib/libisaac_ros_nova_interfaces__rosidl_generator_py.so
[2.426s] -- Set runtime path of "/home/edgard/Desktop/AITEAM/nav/install/isaac_ros_nova_interfaces/lib/libisaac_ros_nova_interfaces__rosidl_generator_py.so" to ""
[2.426s] -- Installing: /home/edgard/Desktop/AITEAM/nav/install/isaac_ros_nova_interfaces/share/isaac_ros_nova_interfaces/cmake/export_isaac_ros_nova_interfaces__rosidl_generator_cExport.cmake
[2.426s] -- Installing: /home/edgard/Desktop/AITEAM/nav/install/isaac_ros_nova_interfaces/share/isaac_ros_nova_interfaces/cmake/export_isaac_ros_nova_interfaces__rosidl_generator_cExport-release.cmake
[2.426s] -- Installing: /home/edgard/Desktop/AITEAM/nav/install/isaac_ros_nova_interfaces/share/isaac_ros_nova_interfaces/cmake/export_isaac_ros_nova_interfaces__rosidl_typesupport_fastrtps_cExport.cmake
[2.426s] -- Installing: /home/edgard/Desktop/AITEAM/nav/install/isaac_ros_nova_interfaces/share/isaac_ros_nova_interfaces/cmake/export_isaac_ros_nova_interfaces__rosidl_typesupport_fastrtps_cExport-release.cmake
[2.427s] -- Installing: /home/edgard/Desktop/AITEAM/nav/install/isaac_ros_nova_interfaces/share/isaac_ros_nova_interfaces/cmake/isaac_ros_nova_interfaces__rosidl_typesupport_introspection_cExport.cmake
[2.432s] -- Installing: /home/edgard/Desktop/AITEAM/nav/install/isaac_ros_nova_interfaces/share/isaac_ros_nova_interfaces/cmake/isaac_ros_nova_interfaces__rosidl_typesupport_introspection_cExport-release.cmake
[2.432s] -- Installing: /home/edgard/Desktop/AITEAM/nav/install/isaac_ros_nova_interfaces/share/isaac_ros_nova_interfaces/cmake/isaac_ros_nova_interfaces__rosidl_typesupport_cExport.cmake
[2.432s] -- Installing: /home/edgard/Desktop/AITEAM/nav/install/isaac_ros_nova_interfaces/share/isaac_ros_nova_interfaces/cmake/isaac_ros_nova_interfaces__rosidl_typesupport_cExport-release.cmake
[2.433s] -- Installing: /home/edgard/Desktop/AITEAM/nav/install/isaac_ros_nova_interfaces/share/isaac_ros_nova_interfaces/cmake/export_isaac_ros_nova_interfaces__rosidl_generator_cppExport.cmake
[2.433s] -- Installing: /home/edgard/Desktop/AITEAM/nav/install/isaac_ros_nova_interfaces/share/isaac_ros_nova_interfaces/cmake/export_isaac_ros_nova_interfaces__rosidl_typesupport_fastrtps_cppExport.cmake
[2.433s] -- Installing: /home/edgard/Desktop/AITEAM/nav/install/isaac_ros_nova_interfaces/share/isaac_ros_nova_interfaces/cmake/export_isaac_ros_nova_interfaces__rosidl_typesupport_fastrtps_cppExport-release.cmake
[2.433s] -- Installing: /home/edgard/Desktop/AITEAM/nav/install/isaac_ros_nova_interfaces/share/isaac_ros_nova_interfaces/cmake/isaac_ros_nova_interfaces__rosidl_typesupport_introspection_cppExport.cmake
[2.433s] -- Installing: /home/edgard/Desktop/AITEAM/nav/install/isaac_ros_nova_interfaces/share/isaac_ros_nova_interfaces/cmake/isaac_ros_nova_interfaces__rosidl_typesupport_introspection_cppExport-release.cmake
[2.433s] -- Installing: /home/edgard/Desktop/AITEAM/nav/install/isaac_ros_nova_interfaces/share/isaac_ros_nova_interfaces/cmake/isaac_ros_nova_interfaces__rosidl_typesupport_cppExport.cmake
[2.434s] -- Installing: /home/edgard/Desktop/AITEAM/nav/install/isaac_ros_nova_interfaces/share/isaac_ros_nova_interfaces/cmake/isaac_ros_nova_interfaces__rosidl_typesupport_cppExport-release.cmake
[2.434s] -- Installing: /home/edgard/Desktop/AITEAM/nav/install/isaac_ros_nova_interfaces/share/isaac_ros_nova_interfaces/cmake/export_isaac_ros_nova_interfaces__rosidl_generator_pyExport.cmake
[2.435s] -- Installing: /home/edgard/Desktop/AITEAM/nav/install/isaac_ros_nova_interfaces/share/isaac_ros_nova_interfaces/cmake/export_isaac_ros_nova_interfaces__rosidl_generator_pyExport-release.cmake
[2.474s] Invoked command in '/home/edgard/Desktop/AITEAM/nav/build/isaac_ros_nova_interfaces' returned '0': AMENT_PREFIX_PATH=/home/edgard/Desktop/AITEAM/nav/install/isaac_ros_common:${AMENT_PREFIX_PATH} CMAKE_PREFIX_PATH=/home/edgard/Desktop/AITEAM/nav/install/isaac_ros_common:/opt/ros/humble CONDA_PROMPT_MODIFIER=(base) LD_LIBRARY_PATH=/home/edgard/Desktop/AITEAM/nav/install/isaac_ros_common/lib:/opt/ros/humble/opt/rviz_ogre_vendor/lib:/opt/ros/humble/lib/x86_64-linux-gnu:/opt/ros/humble/lib:/home/edgard/Downloads/TensorRT-10.13.2.6/lib PATH=/home/edgard/Desktop/AITEAM/nav/install/isaac_ros_common/bin:${PATH} PYTHONPATH=/home/edgard/Desktop/AITEAM/nav/install/isaac_ros_common/local/lib/python3.10/dist-packages:${PYTHONPATH} /usr/bin/cmake --install /home/edgard/Desktop/AITEAM/nav/build/isaac_ros_nova_interfaces
