[35m[1mConsolidate compiler generated dependencies of target isaac_ros_common[0m
[ 33%] Built target generate_version_info_target_isaac_ros_common
[100%] Built target isaac_ros_common
[100%] Built target ament_cmake_python_symlink_isaac_ros_common
running egg_info
writing isaac_ros_common.egg-info/PKG-INFO
writing dependency_links to isaac_ros_common.egg-info/dependency_links.txt
writing top-level names to isaac_ros_common.egg-info/top_level.txt
reading manifest file 'isaac_ros_common.egg-info/SOURCES.txt'
writing manifest file 'isaac_ros_common.egg-info/SOURCES.txt'
[100%] Built target ament_cmake_python_build_isaac_ros_common_egg
-- Install configuration: "Release"
-- Execute custom install script
-- Symlinking: /home/edgard/Desktop/AITEAM/nav/install/isaac_ros_common/share/ament_index/resource_index/isaac_ros_common_cmake_path/isaac_ros_common
-- Symlinking: /home/edgard/Desktop/AITEAM/nav/install/isaac_ros_common/share/isaac_ros_common/environment/pythonpath.sh
-- Symlinking: /home/edgard/Desktop/AITEAM/nav/install/isaac_ros_common/share/isaac_ros_common/environment/pythonpath.dsv
-- Symlinking: /home/edgard/Desktop/AITEAM/nav/install/isaac_ros_common/local/lib/python3.10/dist-packages/isaac_ros_common-3.2.5-py3.10.egg-info/PKG-INFO
-- Symlinking: /home/edgard/Desktop/AITEAM/nav/install/isaac_ros_common/local/lib/python3.10/dist-packages/isaac_ros_common-3.2.5-py3.10.egg-info/SOURCES.txt
-- Symlinking: /home/edgard/Desktop/AITEAM/nav/install/isaac_ros_common/local/lib/python3.10/dist-packages/isaac_ros_common-3.2.5-py3.10.egg-info/dependency_links.txt
-- Symlinking: /home/edgard/Desktop/AITEAM/nav/install/isaac_ros_common/local/lib/python3.10/dist-packages/isaac_ros_common-3.2.5-py3.10.egg-info/top_level.txt
-- Symlinking: /home/edgard/Desktop/AITEAM/nav/install/isaac_ros_common/local/lib/python3.10/dist-packages/isaac_ros_common/__init__.py
-- Symlinking: /home/edgard/Desktop/AITEAM/nav/install/isaac_ros_common/local/lib/python3.10/dist-packages/isaac_ros_common/qos.py
-- Symlinking: /home/edgard/Desktop/AITEAM/nav/install/isaac_ros_common/share/ament_index/resource_index/isaac_ros_common_scripts_path/isaac_ros_common
-- Symlinking: /home/edgard/Desktop/AITEAM/nav/install/isaac_ros_common/share/isaac_ros_common/version_info.yaml
-- Symlinking: /home/edgard/Desktop/AITEAM/nav/install/isaac_ros_common/include/isaac_ros_common/qos.hpp
-- Symlinking: /home/edgard/Desktop/AITEAM/nav/install/isaac_ros_common/include/isaac_ros_common/vpi_utilities.hpp
-- Symlinking: /home/edgard/Desktop/AITEAM/nav/install/isaac_ros_common/share/isaac_ros_common/environment/library_path.sh
-- Symlinking: /home/edgard/Desktop/AITEAM/nav/install/isaac_ros_common/share/isaac_ros_common/environment/library_path.dsv
-- Symlinking: /home/edgard/Desktop/AITEAM/nav/install/isaac_ros_common/lib/libisaac_ros_common.so
-- Symlinking: /home/edgard/Desktop/AITEAM/nav/install/isaac_ros_common/share/isaac_ros_common/cmake/isaac_ros_common-extras-assets.cmake
-- Symlinking: /home/edgard/Desktop/AITEAM/nav/install/isaac_ros_common/share/isaac_ros_common/cmake/isaac_ros_common-extras-modules.cmake
-- Symlinking: /home/edgard/Desktop/AITEAM/nav/install/isaac_ros_common/share/isaac_ros_common/cmake/isaac_ros_common-extras.cmake
-- Symlinking: /home/edgard/Desktop/AITEAM/nav/install/isaac_ros_common/share/isaac_ros_common/cmake/isaac_ros_common-version-info.cmake
-- Symlinking: /home/edgard/Desktop/AITEAM/nav/install/isaac_ros_common/share/isaac_ros_common/cmake/modules/FindTENSORRT.cmake
-- Symlinking: /home/edgard/Desktop/AITEAM/nav/install/isaac_ros_common/share/ament_index/resource_index/package_run_dependencies/isaac_ros_common
-- Symlinking: /home/edgard/Desktop/AITEAM/nav/install/isaac_ros_common/share/ament_index/resource_index/parent_prefix_path/isaac_ros_common
-- Symlinking: /home/edgard/Desktop/AITEAM/nav/install/isaac_ros_common/share/isaac_ros_common/environment/ament_prefix_path.sh
-- Symlinking: /home/edgard/Desktop/AITEAM/nav/install/isaac_ros_common/share/isaac_ros_common/environment/ament_prefix_path.dsv
-- Symlinking: /home/edgard/Desktop/AITEAM/nav/install/isaac_ros_common/share/isaac_ros_common/environment/path.sh
-- Symlinking: /home/edgard/Desktop/AITEAM/nav/install/isaac_ros_common/share/isaac_ros_common/environment/path.dsv
-- Symlinking: /home/edgard/Desktop/AITEAM/nav/install/isaac_ros_common/share/isaac_ros_common/local_setup.bash
-- Symlinking: /home/edgard/Desktop/AITEAM/nav/install/isaac_ros_common/share/isaac_ros_common/local_setup.sh
-- Symlinking: /home/edgard/Desktop/AITEAM/nav/install/isaac_ros_common/share/isaac_ros_common/local_setup.zsh
-- Symlinking: /home/edgard/Desktop/AITEAM/nav/install/isaac_ros_common/share/isaac_ros_common/local_setup.dsv
-- Symlinking: /home/edgard/Desktop/AITEAM/nav/install/isaac_ros_common/share/isaac_ros_common/package.dsv
-- Symlinking: /home/edgard/Desktop/AITEAM/nav/install/isaac_ros_common/share/ament_index/resource_index/packages/isaac_ros_common
-- Up-to-date symlink: /home/edgard/Desktop/AITEAM/nav/install/isaac_ros_common/share/isaac_ros_common/cmake/isaac_ros_common-version-info.cmake
-- Up-to-date symlink: /home/edgard/Desktop/AITEAM/nav/install/isaac_ros_common/share/isaac_ros_common/cmake/isaac_ros_common-extras.cmake
-- Up-to-date symlink: /home/edgard/Desktop/AITEAM/nav/install/isaac_ros_common/share/isaac_ros_common/cmake/isaac_ros_common-extras-modules.cmake
-- Up-to-date symlink: /home/edgard/Desktop/AITEAM/nav/install/isaac_ros_common/share/isaac_ros_common/cmake/isaac_ros_common-extras-assets.cmake
-- Symlinking: /home/edgard/Desktop/AITEAM/nav/install/isaac_ros_common/share/isaac_ros_common/cmake/ament_cmake_export_dependencies-extras.cmake
-- Symlinking: /home/edgard/Desktop/AITEAM/nav/install/isaac_ros_common/share/isaac_ros_common/cmake/ament_cmake_export_include_directories-extras.cmake
-- Symlinking: /home/edgard/Desktop/AITEAM/nav/install/isaac_ros_common/share/isaac_ros_common/cmake/ament_cmake_export_libraries-extras.cmake
-- Symlinking: /home/edgard/Desktop/AITEAM/nav/install/isaac_ros_common/share/isaac_ros_common/cmake/isaac_ros_commonConfig.cmake
-- Symlinking: /home/edgard/Desktop/AITEAM/nav/install/isaac_ros_common/share/isaac_ros_common/cmake/isaac_ros_commonConfig-version.cmake
-- Symlinking: /home/edgard/Desktop/AITEAM/nav/install/isaac_ros_common/share/isaac_ros_common/package.xml
Listing '/home/edgard/Desktop/AITEAM/nav/install/isaac_ros_common/local/lib/python3.10/dist-packages/isaac_ros_common'...
Compiling '/home/edgard/Desktop/AITEAM/nav/install/isaac_ros_common/local/lib/python3.10/dist-packages/isaac_ros_common/__init__.py'...
Compiling '/home/edgard/Desktop/AITEAM/nav/install/isaac_ros_common/local/lib/python3.10/dist-packages/isaac_ros_common/qos.py'...
-- Installing: /home/edgard/Desktop/AITEAM/nav/install/isaac_ros_common/bin
-- Installing: /home/edgard/Desktop/AITEAM/nav/install/isaac_ros_common/bin/isaac_ros_asset_eula.sh
-- Installing: /home/edgard/Desktop/AITEAM/nav/install/isaac_ros_common/bin/isaac_ros_version_embed.py
-- Installing: /home/edgard/Desktop/AITEAM/nav/install/isaac_ros_common/bin/isaac_ros_generate_bug_report.py
-- Installing: /home/edgard/Desktop/AITEAM/nav/install/isaac_ros_common/bin/isaac_ros_common-version-info.py
