[0.283s] Invoking command in '/home/edgard/Desktop/AITEAM/nav/build/isaac_ros_tensor_list_interfaces': AMENT_PREFIX_PATH=/home/edgard/Desktop/AITEAM/nav/install/isaac_ros_common:${AMENT_PREFIX_PATH} CMAKE_PREFIX_PATH=/home/edgard/Desktop/AITEAM/nav/install/isaac_ros_common:/opt/ros/humble CONDA_PROMPT_MODIFIER=(base) LD_LIBRARY_PATH=/home/edgard/Desktop/AITEAM/nav/install/isaac_ros_common/lib:/opt/ros/humble/opt/rviz_ogre_vendor/lib:/opt/ros/humble/lib/x86_64-linux-gnu:/opt/ros/humble/lib:/home/edgard/Downloads/TensorRT-10.13.2.6/lib PATH=/home/edgard/Desktop/AITEAM/nav/install/isaac_ros_common/bin:${PATH} PYTHONPATH=/home/edgard/Desktop/AITEAM/nav/install/isaac_ros_common/local/lib/python3.10/dist-packages:${PYTHONPATH} /usr/bin/cmake --build /home/edgard/Desktop/AITEAM/nav/build/isaac_ros_tensor_list_interfaces -- -j24 -l24
[0.743s] [35m[1mConsolidate compiler generated dependencies of target isaac_ros_tensor_list_interfaces__rosidl_generator_c[0m
[0.744s] [  2%] Built target isaac_ros_tensor_list_interfaces__rs
[0.744s] [  4%] Built target isaac_ros_tensor_list_interfaces__cpp
[0.744s] [  6%] Built target generate_version_info_target_isaac_ros_tensor_list_interfaces
[0.744s] [ 16%] Built target isaac_ros_tensor_list_interfaces__rosidl_generator_c
[0.744s] [ 16%] Built target ament_cmake_python_symlink_isaac_ros_tensor_list_interfaces
[0.744s] [35m[1mConsolidate compiler generated dependencies of target isaac_ros_tensor_list_interfaces__rosidl_typesupport_fastrtps_cpp[0m
[0.744s] [35m[1mConsolidate compiler generated dependencies of target isaac_ros_tensor_list_interfaces__rosidl_typesupport_introspection_cpp[0m
[0.745s] [35m[1mConsolidate compiler generated dependencies of target isaac_ros_tensor_list_interfaces__rosidl_typesupport_cpp[0m
[0.745s] [35m[1mConsolidate compiler generated dependencies of target isaac_ros_tensor_list_interfaces__rosidl_typesupport_c[0m
[0.745s] [35m[1mConsolidate compiler generated dependencies of target isaac_ros_tensor_list_interfaces__rosidl_typesupport_fastrtps_c[0m
[0.745s] [35m[1mConsolidate compiler generated dependencies of target isaac_ros_tensor_list_interfaces__rosidl_typesupport_introspection_c[0m
[0.745s] [ 26%] Built target isaac_ros_tensor_list_interfaces__rosidl_typesupport_fastrtps_cpp
[0.745s] [ 36%] Built target isaac_ros_tensor_list_interfaces__rosidl_typesupport_c
[0.745s] [ 46%] Built target isaac_ros_tensor_list_interfaces__rosidl_typesupport_cpp
[0.745s] [ 57%] Built target isaac_ros_tensor_list_interfaces__rosidl_typesupport_introspection_c
[0.745s] [ 67%] Built target isaac_ros_tensor_list_interfaces__rosidl_typesupport_introspection_cpp
[0.745s] [ 77%] Built target isaac_ros_tensor_list_interfaces__rosidl_typesupport_fastrtps_c
[0.745s] [ 77%] Built target isaac_ros_tensor_list_interfaces
[0.745s] [ 79%] Built target isaac_ros_tensor_list_interfaces__py
[0.745s] [35m[1mConsolidate compiler generated dependencies of target isaac_ros_tensor_list_interfaces__rosidl_generator_py[0m
[0.745s] [ 87%] Built target isaac_ros_tensor_list_interfaces__rosidl_generator_py
[0.745s] [35m[1mConsolidate compiler generated dependencies of target isaac_ros_tensor_list_interfaces__rosidl_typesupport_fastrtps_c__pyext[0m
[0.746s] [35m[1mConsolidate compiler generated dependencies of target isaac_ros_tensor_list_interfaces__rosidl_typesupport_introspection_c__pyext[0m
[0.746s] [35m[1mConsolidate compiler generated dependencies of target isaac_ros_tensor_list_interfaces__rosidl_typesupport_c__pyext[0m
[0.746s] [ 91%] Built target isaac_ros_tensor_list_interfaces__rosidl_typesupport_fastrtps_c__pyext
[0.746s] [ 95%] Built target isaac_ros_tensor_list_interfaces__rosidl_typesupport_introspection_c__pyext
[0.746s] [100%] Built target isaac_ros_tensor_list_interfaces__rosidl_typesupport_c__pyext
[0.746s] running egg_info
[0.746s] writing isaac_ros_tensor_list_interfaces.egg-info/PKG-INFO
[0.746s] writing dependency_links to isaac_ros_tensor_list_interfaces.egg-info/dependency_links.txt
[0.746s] writing top-level names to isaac_ros_tensor_list_interfaces.egg-info/top_level.txt
[0.746s] reading manifest file 'isaac_ros_tensor_list_interfaces.egg-info/SOURCES.txt'
[0.746s] writing manifest file 'isaac_ros_tensor_list_interfaces.egg-info/SOURCES.txt'
[0.746s] [100%] Built target ament_cmake_python_build_isaac_ros_tensor_list_interfaces_egg
[0.773s] Invoked command in '/home/edgard/Desktop/AITEAM/nav/build/isaac_ros_tensor_list_interfaces' returned '0': AMENT_PREFIX_PATH=/home/edgard/Desktop/AITEAM/nav/install/isaac_ros_common:${AMENT_PREFIX_PATH} CMAKE_PREFIX_PATH=/home/edgard/Desktop/AITEAM/nav/install/isaac_ros_common:/opt/ros/humble CONDA_PROMPT_MODIFIER=(base) LD_LIBRARY_PATH=/home/edgard/Desktop/AITEAM/nav/install/isaac_ros_common/lib:/opt/ros/humble/opt/rviz_ogre_vendor/lib:/opt/ros/humble/lib/x86_64-linux-gnu:/opt/ros/humble/lib:/home/edgard/Downloads/TensorRT-10.13.2.6/lib PATH=/home/edgard/Desktop/AITEAM/nav/install/isaac_ros_common/bin:${PATH} PYTHONPATH=/home/edgard/Desktop/AITEAM/nav/install/isaac_ros_common/local/lib/python3.10/dist-packages:${PYTHONPATH} /usr/bin/cmake --build /home/edgard/Desktop/AITEAM/nav/build/isaac_ros_tensor_list_interfaces -- -j24 -l24
[0.779s] Invoking command in '/home/edgard/Desktop/AITEAM/nav/build/isaac_ros_tensor_list_interfaces': AMENT_PREFIX_PATH=/home/edgard/Desktop/AITEAM/nav/install/isaac_ros_common:${AMENT_PREFIX_PATH} CMAKE_PREFIX_PATH=/home/edgard/Desktop/AITEAM/nav/install/isaac_ros_common:/opt/ros/humble CONDA_PROMPT_MODIFIER=(base) LD_LIBRARY_PATH=/home/edgard/Desktop/AITEAM/nav/install/isaac_ros_common/lib:/opt/ros/humble/opt/rviz_ogre_vendor/lib:/opt/ros/humble/lib/x86_64-linux-gnu:/opt/ros/humble/lib:/home/edgard/Downloads/TensorRT-10.13.2.6/lib PATH=/home/edgard/Desktop/AITEAM/nav/install/isaac_ros_common/bin:${PATH} PYTHONPATH=/home/edgard/Desktop/AITEAM/nav/install/isaac_ros_common/local/lib/python3.10/dist-packages:${PYTHONPATH} /usr/bin/cmake --install /home/edgard/Desktop/AITEAM/nav/build/isaac_ros_tensor_list_interfaces
[0.998s] -- Install configuration: "Release"
[0.998s] -- Execute custom install script
[0.998s] -- Symlinking: /home/edgard/Desktop/AITEAM/nav/install/isaac_ros_tensor_list_interfaces/share/ament_index/resource_index/rosidl_interfaces/isaac_ros_tensor_list_interfaces
[0.999s] -- Symlinking: /home/edgard/Desktop/AITEAM/nav/install/isaac_ros_tensor_list_interfaces/include/isaac_ros_tensor_list_interfaces/isaac_ros_tensor_list_interfaces/msg/detail/tensor__functions.h
[0.999s] -- Symlinking: /home/edgard/Desktop/AITEAM/nav/install/isaac_ros_tensor_list_interfaces/include/isaac_ros_tensor_list_interfaces/isaac_ros_tensor_list_interfaces/msg/detail/tensor__struct.h
[0.999s] -- Symlinking: /home/edgard/Desktop/AITEAM/nav/install/isaac_ros_tensor_list_interfaces/include/isaac_ros_tensor_list_interfaces/isaac_ros_tensor_list_interfaces/msg/detail/tensor__type_support.h
[0.999s] -- Symlinking: /home/edgard/Desktop/AITEAM/nav/install/isaac_ros_tensor_list_interfaces/include/isaac_ros_tensor_list_interfaces/isaac_ros_tensor_list_interfaces/msg/detail/tensor_list__functions.h
[0.999s] -- Symlinking: /home/edgard/Desktop/AITEAM/nav/install/isaac_ros_tensor_list_interfaces/include/isaac_ros_tensor_list_interfaces/isaac_ros_tensor_list_interfaces/msg/detail/tensor_list__struct.h
[0.999s] -- Symlinking: /home/edgard/Desktop/AITEAM/nav/install/isaac_ros_tensor_list_interfaces/include/isaac_ros_tensor_list_interfaces/isaac_ros_tensor_list_interfaces/msg/detail/tensor_list__type_support.h
[0.999s] -- Symlinking: /home/edgard/Desktop/AITEAM/nav/install/isaac_ros_tensor_list_interfaces/include/isaac_ros_tensor_list_interfaces/isaac_ros_tensor_list_interfaces/msg/detail/tensor_shape__functions.h
[0.999s] -- Symlinking: /home/edgard/Desktop/AITEAM/nav/install/isaac_ros_tensor_list_interfaces/include/isaac_ros_tensor_list_interfaces/isaac_ros_tensor_list_interfaces/msg/detail/tensor_shape__struct.h
[1.000s] -- Symlinking: /home/edgard/Desktop/AITEAM/nav/install/isaac_ros_tensor_list_interfaces/include/isaac_ros_tensor_list_interfaces/isaac_ros_tensor_list_interfaces/msg/detail/tensor_shape__type_support.h
[1.000s] -- Symlinking: /home/edgard/Desktop/AITEAM/nav/install/isaac_ros_tensor_list_interfaces/include/isaac_ros_tensor_list_interfaces/isaac_ros_tensor_list_interfaces/msg/rosidl_generator_c__visibility_control.h
[1.000s] -- Symlinking: /home/edgard/Desktop/AITEAM/nav/install/isaac_ros_tensor_list_interfaces/include/isaac_ros_tensor_list_interfaces/isaac_ros_tensor_list_interfaces/msg/tensor.h
[1.000s] -- Symlinking: /home/edgard/Desktop/AITEAM/nav/install/isaac_ros_tensor_list_interfaces/include/isaac_ros_tensor_list_interfaces/isaac_ros_tensor_list_interfaces/msg/tensor_list.h
[1.000s] -- Symlinking: /home/edgard/Desktop/AITEAM/nav/install/isaac_ros_tensor_list_interfaces/include/isaac_ros_tensor_list_interfaces/isaac_ros_tensor_list_interfaces/msg/tensor_shape.h
[1.000s] -- Symlinking: /home/edgard/Desktop/AITEAM/nav/install/isaac_ros_tensor_list_interfaces/share/isaac_ros_tensor_list_interfaces/environment/library_path.sh
[1.000s] -- Symlinking: /home/edgard/Desktop/AITEAM/nav/install/isaac_ros_tensor_list_interfaces/share/isaac_ros_tensor_list_interfaces/environment/library_path.dsv
[1.000s] -- Symlinking: /home/edgard/Desktop/AITEAM/nav/install/isaac_ros_tensor_list_interfaces/include/isaac_ros_tensor_list_interfaces/isaac_ros_tensor_list_interfaces/msg/detail/tensor__rosidl_typesupport_fastrtps_c.h
[1.000s] -- Symlinking: /home/edgard/Desktop/AITEAM/nav/install/isaac_ros_tensor_list_interfaces/include/isaac_ros_tensor_list_interfaces/isaac_ros_tensor_list_interfaces/msg/detail/tensor_list__rosidl_typesupport_fastrtps_c.h
[1.001s] -- Symlinking: /home/edgard/Desktop/AITEAM/nav/install/isaac_ros_tensor_list_interfaces/include/isaac_ros_tensor_list_interfaces/isaac_ros_tensor_list_interfaces/msg/detail/tensor_shape__rosidl_typesupport_fastrtps_c.h
[1.001s] -- Symlinking: /home/edgard/Desktop/AITEAM/nav/install/isaac_ros_tensor_list_interfaces/include/isaac_ros_tensor_list_interfaces/isaac_ros_tensor_list_interfaces/msg/rosidl_typesupport_fastrtps_c__visibility_control.h
[1.001s] -- Symlinking: /home/edgard/Desktop/AITEAM/nav/install/isaac_ros_tensor_list_interfaces/include/isaac_ros_tensor_list_interfaces/isaac_ros_tensor_list_interfaces/msg/detail/tensor__rosidl_typesupport_introspection_c.h
[1.001s] -- Symlinking: /home/edgard/Desktop/AITEAM/nav/install/isaac_ros_tensor_list_interfaces/include/isaac_ros_tensor_list_interfaces/isaac_ros_tensor_list_interfaces/msg/detail/tensor_list__rosidl_typesupport_introspection_c.h
[1.001s] -- Symlinking: /home/edgard/Desktop/AITEAM/nav/install/isaac_ros_tensor_list_interfaces/include/isaac_ros_tensor_list_interfaces/isaac_ros_tensor_list_interfaces/msg/detail/tensor_shape__rosidl_typesupport_introspection_c.h
[1.002s] -- Symlinking: /home/edgard/Desktop/AITEAM/nav/install/isaac_ros_tensor_list_interfaces/include/isaac_ros_tensor_list_interfaces/isaac_ros_tensor_list_interfaces/msg/rosidl_typesupport_introspection_c__visibility_control.h
[1.002s] -- Symlinking: /home/edgard/Desktop/AITEAM/nav/install/isaac_ros_tensor_list_interfaces/include/isaac_ros_tensor_list_interfaces/isaac_ros_tensor_list_interfaces/msg/detail/tensor__builder.hpp
[1.002s] -- Symlinking: /home/edgard/Desktop/AITEAM/nav/install/isaac_ros_tensor_list_interfaces/include/isaac_ros_tensor_list_interfaces/isaac_ros_tensor_list_interfaces/msg/detail/tensor__struct.hpp
[1.002s] -- Symlinking: /home/edgard/Desktop/AITEAM/nav/install/isaac_ros_tensor_list_interfaces/include/isaac_ros_tensor_list_interfaces/isaac_ros_tensor_list_interfaces/msg/detail/tensor__traits.hpp
[1.002s] -- Symlinking: /home/edgard/Desktop/AITEAM/nav/install/isaac_ros_tensor_list_interfaces/include/isaac_ros_tensor_list_interfaces/isaac_ros_tensor_list_interfaces/msg/detail/tensor__type_support.hpp
[1.002s] -- Symlinking: /home/edgard/Desktop/AITEAM/nav/install/isaac_ros_tensor_list_interfaces/include/isaac_ros_tensor_list_interfaces/isaac_ros_tensor_list_interfaces/msg/detail/tensor_list__builder.hpp
[1.012s] -- Symlinking: /home/edgard/Desktop/AITEAM/nav/install/isaac_ros_tensor_list_interfaces/include/isaac_ros_tensor_list_interfaces/isaac_ros_tensor_list_interfaces/msg/detail/tensor_list__struct.hpp
[1.025s] -- Symlinking: /home/edgard/Desktop/AITEAM/nav/install/isaac_ros_tensor_list_interfaces/include/isaac_ros_tensor_list_interfaces/isaac_ros_tensor_list_interfaces/msg/detail/tensor_list__traits.hpp
[1.038s] -- Symlinking: /home/edgard/Desktop/AITEAM/nav/install/isaac_ros_tensor_list_interfaces/include/isaac_ros_tensor_list_interfaces/isaac_ros_tensor_list_interfaces/msg/detail/tensor_list__type_support.hpp
[1.048s] -- Symlinking: /home/edgard/Desktop/AITEAM/nav/install/isaac_ros_tensor_list_interfaces/include/isaac_ros_tensor_list_interfaces/isaac_ros_tensor_list_interfaces/msg/detail/tensor_shape__builder.hpp
[1.073s] -- Symlinking: /home/edgard/Desktop/AITEAM/nav/install/isaac_ros_tensor_list_interfaces/include/isaac_ros_tensor_list_interfaces/isaac_ros_tensor_list_interfaces/msg/detail/tensor_shape__struct.hpp
[1.074s] -- Symlinking: /home/edgard/Desktop/AITEAM/nav/install/isaac_ros_tensor_list_interfaces/include/isaac_ros_tensor_list_interfaces/isaac_ros_tensor_list_interfaces/msg/detail/tensor_shape__traits.hpp
[1.085s] -- Symlinking: /home/edgard/Desktop/AITEAM/nav/install/isaac_ros_tensor_list_interfaces/include/isaac_ros_tensor_list_interfaces/isaac_ros_tensor_list_interfaces/msg/detail/tensor_shape__type_support.hpp
[1.105s] -- Symlinking: /home/edgard/Desktop/AITEAM/nav/install/isaac_ros_tensor_list_interfaces/include/isaac_ros_tensor_list_interfaces/isaac_ros_tensor_list_interfaces/msg/rosidl_generator_cpp__visibility_control.hpp
[1.123s] -- Symlinking: /home/edgard/Desktop/AITEAM/nav/install/isaac_ros_tensor_list_interfaces/include/isaac_ros_tensor_list_interfaces/isaac_ros_tensor_list_interfaces/msg/tensor.hpp
[1.146s] -- Symlinking: /home/edgard/Desktop/AITEAM/nav/install/isaac_ros_tensor_list_interfaces/include/isaac_ros_tensor_list_interfaces/isaac_ros_tensor_list_interfaces/msg/tensor_list.hpp
[1.161s] -- Symlinking: /home/edgard/Desktop/AITEAM/nav/install/isaac_ros_tensor_list_interfaces/include/isaac_ros_tensor_list_interfaces/isaac_ros_tensor_list_interfaces/msg/tensor_shape.hpp
[1.187s] -- Symlinking: /home/edgard/Desktop/AITEAM/nav/install/isaac_ros_tensor_list_interfaces/include/isaac_ros_tensor_list_interfaces/isaac_ros_tensor_list_interfaces/msg/detail/tensor__rosidl_typesupport_fastrtps_cpp.hpp
[1.219s] -- Symlinking: /home/edgard/Desktop/AITEAM/nav/install/isaac_ros_tensor_list_interfaces/include/isaac_ros_tensor_list_interfaces/isaac_ros_tensor_list_interfaces/msg/detail/tensor_list__rosidl_typesupport_fastrtps_cpp.hpp
[1.238s] -- Symlinking: /home/edgard/Desktop/AITEAM/nav/install/isaac_ros_tensor_list_interfaces/include/isaac_ros_tensor_list_interfaces/isaac_ros_tensor_list_interfaces/msg/detail/tensor_shape__rosidl_typesupport_fastrtps_cpp.hpp
[1.251s] -- Symlinking: /home/edgard/Desktop/AITEAM/nav/install/isaac_ros_tensor_list_interfaces/include/isaac_ros_tensor_list_interfaces/isaac_ros_tensor_list_interfaces/msg/rosidl_typesupport_fastrtps_cpp__visibility_control.h
[1.266s] -- Symlinking: /home/edgard/Desktop/AITEAM/nav/install/isaac_ros_tensor_list_interfaces/include/isaac_ros_tensor_list_interfaces/isaac_ros_tensor_list_interfaces/msg/detail/tensor__rosidl_typesupport_introspection_cpp.hpp
[1.281s] -- Symlinking: /home/edgard/Desktop/AITEAM/nav/install/isaac_ros_tensor_list_interfaces/include/isaac_ros_tensor_list_interfaces/isaac_ros_tensor_list_interfaces/msg/detail/tensor_list__rosidl_typesupport_introspection_cpp.hpp
[1.296s] -- Symlinking: /home/edgard/Desktop/AITEAM/nav/install/isaac_ros_tensor_list_interfaces/include/isaac_ros_tensor_list_interfaces/isaac_ros_tensor_list_interfaces/msg/detail/tensor_shape__rosidl_typesupport_introspection_cpp.hpp
[1.312s] -- Symlinking: /home/edgard/Desktop/AITEAM/nav/install/isaac_ros_tensor_list_interfaces/share/isaac_ros_tensor_list_interfaces/environment/pythonpath.sh
[1.326s] -- Symlinking: /home/edgard/Desktop/AITEAM/nav/install/isaac_ros_tensor_list_interfaces/share/isaac_ros_tensor_list_interfaces/environment/pythonpath.dsv
[1.343s] -- Symlinking: /home/edgard/Desktop/AITEAM/nav/install/isaac_ros_tensor_list_interfaces/local/lib/python3.10/dist-packages/isaac_ros_tensor_list_interfaces-3.2.5-py3.10.egg-info/PKG-INFO
[1.352s] -- Symlinking: /home/edgard/Desktop/AITEAM/nav/install/isaac_ros_tensor_list_interfaces/local/lib/python3.10/dist-packages/isaac_ros_tensor_list_interfaces-3.2.5-py3.10.egg-info/SOURCES.txt
[1.359s] -- Symlinking: /home/edgard/Desktop/AITEAM/nav/install/isaac_ros_tensor_list_interfaces/local/lib/python3.10/dist-packages/isaac_ros_tensor_list_interfaces-3.2.5-py3.10.egg-info/dependency_links.txt
[1.370s] -- Symlinking: /home/edgard/Desktop/AITEAM/nav/install/isaac_ros_tensor_list_interfaces/local/lib/python3.10/dist-packages/isaac_ros_tensor_list_interfaces-3.2.5-py3.10.egg-info/top_level.txt
[1.384s] -- Symlinking: /home/edgard/Desktop/AITEAM/nav/install/isaac_ros_tensor_list_interfaces/local/lib/python3.10/dist-packages/isaac_ros_tensor_list_interfaces/__init__.py
[1.393s] -- Symlinking: /home/edgard/Desktop/AITEAM/nav/install/isaac_ros_tensor_list_interfaces/local/lib/python3.10/dist-packages/isaac_ros_tensor_list_interfaces/_isaac_ros_tensor_list_interfaces_s.ep.rosidl_typesupport_c.c
[1.407s] -- Symlinking: /home/edgard/Desktop/AITEAM/nav/install/isaac_ros_tensor_list_interfaces/local/lib/python3.10/dist-packages/isaac_ros_tensor_list_interfaces/_isaac_ros_tensor_list_interfaces_s.ep.rosidl_typesupport_fastrtps_c.c
[1.417s] -- Symlinking: /home/edgard/Desktop/AITEAM/nav/install/isaac_ros_tensor_list_interfaces/local/lib/python3.10/dist-packages/isaac_ros_tensor_list_interfaces/_isaac_ros_tensor_list_interfaces_s.ep.rosidl_typesupport_introspection_c.c
[1.426s] -- Symlinking: /home/edgard/Desktop/AITEAM/nav/install/isaac_ros_tensor_list_interfaces/local/lib/python3.10/dist-packages/isaac_ros_tensor_list_interfaces/isaac_ros_tensor_list_interfaces_s__rosidl_typesupport_c.cpython-310-x86_64-linux-gnu.so
[1.440s] -- Symlinking: /home/edgard/Desktop/AITEAM/nav/install/isaac_ros_tensor_list_interfaces/local/lib/python3.10/dist-packages/isaac_ros_tensor_list_interfaces/isaac_ros_tensor_list_interfaces_s__rosidl_typesupport_fastrtps_c.cpython-310-x86_64-linux-gnu.so
[1.455s] -- Symlinking: /home/edgard/Desktop/AITEAM/nav/install/isaac_ros_tensor_list_interfaces/local/lib/python3.10/dist-packages/isaac_ros_tensor_list_interfaces/isaac_ros_tensor_list_interfaces_s__rosidl_typesupport_introspection_c.cpython-310-x86_64-linux-gnu.so
[1.465s] -- Symlinking: /home/edgard/Desktop/AITEAM/nav/install/isaac_ros_tensor_list_interfaces/local/lib/python3.10/dist-packages/isaac_ros_tensor_list_interfaces/libisaac_ros_tensor_list_interfaces__rosidl_generator_py.so
[1.472s] -- Symlinking: /home/edgard/Desktop/AITEAM/nav/install/isaac_ros_tensor_list_interfaces/local/lib/python3.10/dist-packages/isaac_ros_tensor_list_interfaces/msg/__init__.py
[1.491s] -- Symlinking: /home/edgard/Desktop/AITEAM/nav/install/isaac_ros_tensor_list_interfaces/local/lib/python3.10/dist-packages/isaac_ros_tensor_list_interfaces/msg/_tensor.py
[1.499s] -- Symlinking: /home/edgard/Desktop/AITEAM/nav/install/isaac_ros_tensor_list_interfaces/local/lib/python3.10/dist-packages/isaac_ros_tensor_list_interfaces/msg/_tensor_list.py
[1.519s] -- Symlinking: /home/edgard/Desktop/AITEAM/nav/install/isaac_ros_tensor_list_interfaces/local/lib/python3.10/dist-packages/isaac_ros_tensor_list_interfaces/msg/_tensor_list_s.c
[1.547s] -- Symlinking: /home/edgard/Desktop/AITEAM/nav/install/isaac_ros_tensor_list_interfaces/local/lib/python3.10/dist-packages/isaac_ros_tensor_list_interfaces/msg/_tensor_s.c
[1.578s] -- Symlinking: /home/edgard/Desktop/AITEAM/nav/install/isaac_ros_tensor_list_interfaces/local/lib/python3.10/dist-packages/isaac_ros_tensor_list_interfaces/msg/_tensor_shape.py
[1.594s] -- Symlinking: /home/edgard/Desktop/AITEAM/nav/install/isaac_ros_tensor_list_interfaces/local/lib/python3.10/dist-packages/isaac_ros_tensor_list_interfaces/msg/_tensor_shape_s.c
[1.609s] -- Up-to-date symlink: /home/edgard/Desktop/AITEAM/nav/install/isaac_ros_tensor_list_interfaces/local/lib/python3.10/dist-packages/isaac_ros_tensor_list_interfaces/isaac_ros_tensor_list_interfaces_s__rosidl_typesupport_fastrtps_c.cpython-310-x86_64-linux-gnu.so
[1.613s] -- Up-to-date symlink: /home/edgard/Desktop/AITEAM/nav/install/isaac_ros_tensor_list_interfaces/local/lib/python3.10/dist-packages/isaac_ros_tensor_list_interfaces/isaac_ros_tensor_list_interfaces_s__rosidl_typesupport_introspection_c.cpython-310-x86_64-linux-gnu.so
[1.613s] -- Up-to-date symlink: /home/edgard/Desktop/AITEAM/nav/install/isaac_ros_tensor_list_interfaces/local/lib/python3.10/dist-packages/isaac_ros_tensor_list_interfaces/isaac_ros_tensor_list_interfaces_s__rosidl_typesupport_c.cpython-310-x86_64-linux-gnu.so
[1.613s] -- Symlinking: /home/edgard/Desktop/AITEAM/nav/install/isaac_ros_tensor_list_interfaces/share/ament_index/resource_index/rust_packages/isaac_ros_tensor_list_interfaces
[1.628s] -- Symlinking: /home/edgard/Desktop/AITEAM/nav/install/isaac_ros_tensor_list_interfaces/share/isaac_ros_tensor_list_interfaces/rust/Cargo.toml
[1.639s] -- Symlinking: /home/edgard/Desktop/AITEAM/nav/install/isaac_ros_tensor_list_interfaces/share/isaac_ros_tensor_list_interfaces/rust/build.rs
[1.650s] -- Symlinking: /home/edgard/Desktop/AITEAM/nav/install/isaac_ros_tensor_list_interfaces/share/isaac_ros_tensor_list_interfaces/rust/src/lib.rs
[1.665s] -- Symlinking: /home/edgard/Desktop/AITEAM/nav/install/isaac_ros_tensor_list_interfaces/share/isaac_ros_tensor_list_interfaces/rust/src/msg.rs
[1.669s] -- Symlinking: /home/edgard/Desktop/AITEAM/nav/install/isaac_ros_tensor_list_interfaces/share/isaac_ros_tensor_list_interfaces/rust/src/msg/rmw.rs
[1.681s] -- Symlinking: /home/edgard/Desktop/AITEAM/nav/install/isaac_ros_tensor_list_interfaces/share/isaac_ros_tensor_list_interfaces/msg/TensorShape.idl
[1.691s] -- Symlinking: /home/edgard/Desktop/AITEAM/nav/install/isaac_ros_tensor_list_interfaces/share/isaac_ros_tensor_list_interfaces/msg/Tensor.idl
[1.702s] -- Symlinking: /home/edgard/Desktop/AITEAM/nav/install/isaac_ros_tensor_list_interfaces/share/isaac_ros_tensor_list_interfaces/msg/TensorList.idl
[1.714s] -- Symlinking: /home/edgard/Desktop/AITEAM/nav/install/isaac_ros_tensor_list_interfaces/share/isaac_ros_tensor_list_interfaces/msg/TensorShape.msg
[1.730s] -- Symlinking: /home/edgard/Desktop/AITEAM/nav/install/isaac_ros_tensor_list_interfaces/share/isaac_ros_tensor_list_interfaces/msg/Tensor.msg
[1.739s] -- Symlinking: /home/edgard/Desktop/AITEAM/nav/install/isaac_ros_tensor_list_interfaces/share/isaac_ros_tensor_list_interfaces/msg/TensorList.msg
[1.749s] -- Symlinking: /home/edgard/Desktop/AITEAM/nav/install/isaac_ros_tensor_list_interfaces/share/isaac_ros_tensor_list_interfaces/version_info.yaml
[1.760s] -- Symlinking: /home/edgard/Desktop/AITEAM/nav/install/isaac_ros_tensor_list_interfaces/share/ament_index/resource_index/package_run_dependencies/isaac_ros_tensor_list_interfaces
[1.773s] -- Symlinking: /home/edgard/Desktop/AITEAM/nav/install/isaac_ros_tensor_list_interfaces/share/ament_index/resource_index/parent_prefix_path/isaac_ros_tensor_list_interfaces
[1.785s] -- Symlinking: /home/edgard/Desktop/AITEAM/nav/install/isaac_ros_tensor_list_interfaces/share/isaac_ros_tensor_list_interfaces/environment/ament_prefix_path.sh
[1.799s] -- Symlinking: /home/edgard/Desktop/AITEAM/nav/install/isaac_ros_tensor_list_interfaces/share/isaac_ros_tensor_list_interfaces/environment/ament_prefix_path.dsv
[1.816s] -- Symlinking: /home/edgard/Desktop/AITEAM/nav/install/isaac_ros_tensor_list_interfaces/share/isaac_ros_tensor_list_interfaces/environment/path.sh
[1.828s] -- Symlinking: /home/edgard/Desktop/AITEAM/nav/install/isaac_ros_tensor_list_interfaces/share/isaac_ros_tensor_list_interfaces/environment/path.dsv
[1.840s] -- Symlinking: /home/edgard/Desktop/AITEAM/nav/install/isaac_ros_tensor_list_interfaces/share/isaac_ros_tensor_list_interfaces/local_setup.bash
[1.852s] -- Symlinking: /home/edgard/Desktop/AITEAM/nav/install/isaac_ros_tensor_list_interfaces/share/isaac_ros_tensor_list_interfaces/local_setup.sh
[1.867s] -- Symlinking: /home/edgard/Desktop/AITEAM/nav/install/isaac_ros_tensor_list_interfaces/share/isaac_ros_tensor_list_interfaces/local_setup.zsh
[1.888s] -- Symlinking: /home/edgard/Desktop/AITEAM/nav/install/isaac_ros_tensor_list_interfaces/share/isaac_ros_tensor_list_interfaces/local_setup.dsv
[1.903s] -- Symlinking: /home/edgard/Desktop/AITEAM/nav/install/isaac_ros_tensor_list_interfaces/share/isaac_ros_tensor_list_interfaces/package.dsv
[1.918s] -- Symlinking: /home/edgard/Desktop/AITEAM/nav/install/isaac_ros_tensor_list_interfaces/share/ament_index/resource_index/packages/isaac_ros_tensor_list_interfaces
[1.936s] -- Symlinking: /home/edgard/Desktop/AITEAM/nav/install/isaac_ros_tensor_list_interfaces/share/isaac_ros_tensor_list_interfaces/cmake/rosidl_cmake-extras.cmake
[1.958s] -- Symlinking: /home/edgard/Desktop/AITEAM/nav/install/isaac_ros_tensor_list_interfaces/share/isaac_ros_tensor_list_interfaces/cmake/ament_cmake_export_dependencies-extras.cmake
[1.982s] -- Symlinking: /home/edgard/Desktop/AITEAM/nav/install/isaac_ros_tensor_list_interfaces/share/isaac_ros_tensor_list_interfaces/cmake/ament_cmake_export_include_directories-extras.cmake
[2.013s] -- Symlinking: /home/edgard/Desktop/AITEAM/nav/install/isaac_ros_tensor_list_interfaces/share/isaac_ros_tensor_list_interfaces/cmake/ament_cmake_export_libraries-extras.cmake
[2.034s] -- Symlinking: /home/edgard/Desktop/AITEAM/nav/install/isaac_ros_tensor_list_interfaces/share/isaac_ros_tensor_list_interfaces/cmake/ament_cmake_export_targets-extras.cmake
[2.053s] -- Symlinking: /home/edgard/Desktop/AITEAM/nav/install/isaac_ros_tensor_list_interfaces/share/isaac_ros_tensor_list_interfaces/cmake/rosidl_cmake_export_typesupport_targets-extras.cmake
[2.070s] -- Symlinking: /home/edgard/Desktop/AITEAM/nav/install/isaac_ros_tensor_list_interfaces/share/isaac_ros_tensor_list_interfaces/cmake/rosidl_cmake_export_typesupport_libraries-extras.cmake
[2.087s] -- Symlinking: /home/edgard/Desktop/AITEAM/nav/install/isaac_ros_tensor_list_interfaces/share/isaac_ros_tensor_list_interfaces/cmake/isaac_ros_tensor_list_interfacesConfig.cmake
[2.103s] -- Symlinking: /home/edgard/Desktop/AITEAM/nav/install/isaac_ros_tensor_list_interfaces/share/isaac_ros_tensor_list_interfaces/cmake/isaac_ros_tensor_list_interfacesConfig-version.cmake
[2.120s] -- Symlinking: /home/edgard/Desktop/AITEAM/nav/install/isaac_ros_tensor_list_interfaces/share/isaac_ros_tensor_list_interfaces/package.xml
[2.135s] -- Installing: /home/edgard/Desktop/AITEAM/nav/install/isaac_ros_tensor_list_interfaces/lib/libisaac_ros_tensor_list_interfaces__rosidl_generator_c.so
[2.136s] -- Set runtime path of "/home/edgard/Desktop/AITEAM/nav/install/isaac_ros_tensor_list_interfaces/lib/libisaac_ros_tensor_list_interfaces__rosidl_generator_c.so" to ""
[2.136s] -- Installing: /home/edgard/Desktop/AITEAM/nav/install/isaac_ros_tensor_list_interfaces/lib/libisaac_ros_tensor_list_interfaces__rosidl_typesupport_fastrtps_c.so
[2.137s] -- Set runtime path of "/home/edgard/Desktop/AITEAM/nav/install/isaac_ros_tensor_list_interfaces/lib/libisaac_ros_tensor_list_interfaces__rosidl_typesupport_fastrtps_c.so" to ""
[2.137s] -- Installing: /home/edgard/Desktop/AITEAM/nav/install/isaac_ros_tensor_list_interfaces/lib/libisaac_ros_tensor_list_interfaces__rosidl_typesupport_introspection_c.so
[2.137s] -- Set runtime path of "/home/edgard/Desktop/AITEAM/nav/install/isaac_ros_tensor_list_interfaces/lib/libisaac_ros_tensor_list_interfaces__rosidl_typesupport_introspection_c.so" to ""
[2.137s] -- Installing: /home/edgard/Desktop/AITEAM/nav/install/isaac_ros_tensor_list_interfaces/lib/libisaac_ros_tensor_list_interfaces__rosidl_typesupport_c.so
[2.138s] -- Set runtime path of "/home/edgard/Desktop/AITEAM/nav/install/isaac_ros_tensor_list_interfaces/lib/libisaac_ros_tensor_list_interfaces__rosidl_typesupport_c.so" to ""
[2.138s] -- Installing: /home/edgard/Desktop/AITEAM/nav/install/isaac_ros_tensor_list_interfaces/lib/libisaac_ros_tensor_list_interfaces__rosidl_typesupport_fastrtps_cpp.so
[2.139s] -- Set runtime path of "/home/edgard/Desktop/AITEAM/nav/install/isaac_ros_tensor_list_interfaces/lib/libisaac_ros_tensor_list_interfaces__rosidl_typesupport_fastrtps_cpp.so" to ""
[2.139s] -- Installing: /home/edgard/Desktop/AITEAM/nav/install/isaac_ros_tensor_list_interfaces/lib/libisaac_ros_tensor_list_interfaces__rosidl_typesupport_introspection_cpp.so
[2.140s] -- Set runtime path of "/home/edgard/Desktop/AITEAM/nav/install/isaac_ros_tensor_list_interfaces/lib/libisaac_ros_tensor_list_interfaces__rosidl_typesupport_introspection_cpp.so" to ""
[2.140s] -- Installing: /home/edgard/Desktop/AITEAM/nav/install/isaac_ros_tensor_list_interfaces/lib/libisaac_ros_tensor_list_interfaces__rosidl_typesupport_cpp.so
[2.142s] -- Set runtime path of "/home/edgard/Desktop/AITEAM/nav/install/isaac_ros_tensor_list_interfaces/lib/libisaac_ros_tensor_list_interfaces__rosidl_typesupport_cpp.so" to ""
[2.208s] Listing '/home/edgard/Desktop/AITEAM/nav/install/isaac_ros_tensor_list_interfaces/local/lib/python3.10/dist-packages/isaac_ros_tensor_list_interfaces'...
[2.208s] Compiling '/home/edgard/Desktop/AITEAM/nav/install/isaac_ros_tensor_list_interfaces/local/lib/python3.10/dist-packages/isaac_ros_tensor_list_interfaces/__init__.py'...
[2.208s] Listing '/home/edgard/Desktop/AITEAM/nav/install/isaac_ros_tensor_list_interfaces/local/lib/python3.10/dist-packages/isaac_ros_tensor_list_interfaces/msg'...
[2.208s] Compiling '/home/edgard/Desktop/AITEAM/nav/install/isaac_ros_tensor_list_interfaces/local/lib/python3.10/dist-packages/isaac_ros_tensor_list_interfaces/msg/__init__.py'...
[2.209s] Compiling '/home/edgard/Desktop/AITEAM/nav/install/isaac_ros_tensor_list_interfaces/local/lib/python3.10/dist-packages/isaac_ros_tensor_list_interfaces/msg/_tensor.py'...
[2.209s] Compiling '/home/edgard/Desktop/AITEAM/nav/install/isaac_ros_tensor_list_interfaces/local/lib/python3.10/dist-packages/isaac_ros_tensor_list_interfaces/msg/_tensor_list.py'...
[2.209s] Compiling '/home/edgard/Desktop/AITEAM/nav/install/isaac_ros_tensor_list_interfaces/local/lib/python3.10/dist-packages/isaac_ros_tensor_list_interfaces/msg/_tensor_shape.py'...
[2.222s] -- Installing: /home/edgard/Desktop/AITEAM/nav/install/isaac_ros_tensor_list_interfaces/lib/libisaac_ros_tensor_list_interfaces__rosidl_generator_py.so
[2.222s] -- Set runtime path of "/home/edgard/Desktop/AITEAM/nav/install/isaac_ros_tensor_list_interfaces/lib/libisaac_ros_tensor_list_interfaces__rosidl_generator_py.so" to ""
[2.223s] -- Installing: /home/edgard/Desktop/AITEAM/nav/install/isaac_ros_tensor_list_interfaces/share/isaac_ros_tensor_list_interfaces/cmake/export_isaac_ros_tensor_list_interfaces__rosidl_generator_cExport.cmake
[2.223s] -- Installing: /home/edgard/Desktop/AITEAM/nav/install/isaac_ros_tensor_list_interfaces/share/isaac_ros_tensor_list_interfaces/cmake/export_isaac_ros_tensor_list_interfaces__rosidl_generator_cExport-release.cmake
[2.227s] -- Installing: /home/edgard/Desktop/AITEAM/nav/install/isaac_ros_tensor_list_interfaces/share/isaac_ros_tensor_list_interfaces/cmake/export_isaac_ros_tensor_list_interfaces__rosidl_typesupport_fastrtps_cExport.cmake
[2.228s] -- Installing: /home/edgard/Desktop/AITEAM/nav/install/isaac_ros_tensor_list_interfaces/share/isaac_ros_tensor_list_interfaces/cmake/export_isaac_ros_tensor_list_interfaces__rosidl_typesupport_fastrtps_cExport-release.cmake
[2.228s] -- Installing: /home/edgard/Desktop/AITEAM/nav/install/isaac_ros_tensor_list_interfaces/share/isaac_ros_tensor_list_interfaces/cmake/isaac_ros_tensor_list_interfaces__rosidl_typesupport_introspection_cExport.cmake
[2.228s] -- Installing: /home/edgard/Desktop/AITEAM/nav/install/isaac_ros_tensor_list_interfaces/share/isaac_ros_tensor_list_interfaces/cmake/isaac_ros_tensor_list_interfaces__rosidl_typesupport_introspection_cExport-release.cmake
[2.228s] -- Installing: /home/edgard/Desktop/AITEAM/nav/install/isaac_ros_tensor_list_interfaces/share/isaac_ros_tensor_list_interfaces/cmake/isaac_ros_tensor_list_interfaces__rosidl_typesupport_cExport.cmake
[2.228s] -- Installing: /home/edgard/Desktop/AITEAM/nav/install/isaac_ros_tensor_list_interfaces/share/isaac_ros_tensor_list_interfaces/cmake/isaac_ros_tensor_list_interfaces__rosidl_typesupport_cExport-release.cmake
[2.228s] -- Installing: /home/edgard/Desktop/AITEAM/nav/install/isaac_ros_tensor_list_interfaces/share/isaac_ros_tensor_list_interfaces/cmake/export_isaac_ros_tensor_list_interfaces__rosidl_generator_cppExport.cmake
[2.229s] -- Installing: /home/edgard/Desktop/AITEAM/nav/install/isaac_ros_tensor_list_interfaces/share/isaac_ros_tensor_list_interfaces/cmake/export_isaac_ros_tensor_list_interfaces__rosidl_typesupport_fastrtps_cppExport.cmake
[2.229s] -- Installing: /home/edgard/Desktop/AITEAM/nav/install/isaac_ros_tensor_list_interfaces/share/isaac_ros_tensor_list_interfaces/cmake/export_isaac_ros_tensor_list_interfaces__rosidl_typesupport_fastrtps_cppExport-release.cmake
[2.229s] -- Installing: /home/edgard/Desktop/AITEAM/nav/install/isaac_ros_tensor_list_interfaces/share/isaac_ros_tensor_list_interfaces/cmake/isaac_ros_tensor_list_interfaces__rosidl_typesupport_introspection_cppExport.cmake
[2.229s] -- Installing: /home/edgard/Desktop/AITEAM/nav/install/isaac_ros_tensor_list_interfaces/share/isaac_ros_tensor_list_interfaces/cmake/isaac_ros_tensor_list_interfaces__rosidl_typesupport_introspection_cppExport-release.cmake
[2.237s] -- Installing: /home/edgard/Desktop/AITEAM/nav/install/isaac_ros_tensor_list_interfaces/share/isaac_ros_tensor_list_interfaces/cmake/isaac_ros_tensor_list_interfaces__rosidl_typesupport_cppExport.cmake
[2.237s] -- Installing: /home/edgard/Desktop/AITEAM/nav/install/isaac_ros_tensor_list_interfaces/share/isaac_ros_tensor_list_interfaces/cmake/isaac_ros_tensor_list_interfaces__rosidl_typesupport_cppExport-release.cmake
[2.237s] -- Installing: /home/edgard/Desktop/AITEAM/nav/install/isaac_ros_tensor_list_interfaces/share/isaac_ros_tensor_list_interfaces/cmake/export_isaac_ros_tensor_list_interfaces__rosidl_generator_pyExport.cmake
[2.238s] -- Installing: /home/edgard/Desktop/AITEAM/nav/install/isaac_ros_tensor_list_interfaces/share/isaac_ros_tensor_list_interfaces/cmake/export_isaac_ros_tensor_list_interfaces__rosidl_generator_pyExport-release.cmake
[2.289s] Invoked command in '/home/edgard/Desktop/AITEAM/nav/build/isaac_ros_tensor_list_interfaces' returned '0': AMENT_PREFIX_PATH=/home/edgard/Desktop/AITEAM/nav/install/isaac_ros_common:${AMENT_PREFIX_PATH} CMAKE_PREFIX_PATH=/home/edgard/Desktop/AITEAM/nav/install/isaac_ros_common:/opt/ros/humble CONDA_PROMPT_MODIFIER=(base) LD_LIBRARY_PATH=/home/edgard/Desktop/AITEAM/nav/install/isaac_ros_common/lib:/opt/ros/humble/opt/rviz_ogre_vendor/lib:/opt/ros/humble/lib/x86_64-linux-gnu:/opt/ros/humble/lib:/home/edgard/Downloads/TensorRT-10.13.2.6/lib PATH=/home/edgard/Desktop/AITEAM/nav/install/isaac_ros_common/bin:${PATH} PYTHONPATH=/home/edgard/Desktop/AITEAM/nav/install/isaac_ros_common/local/lib/python3.10/dist-packages:${PYTHONPATH} /usr/bin/cmake --install /home/edgard/Desktop/AITEAM/nav/build/isaac_ros_tensor_list_interfaces
