[0.766s] Invoking command in '/home/edgard/Desktop/AITEAM/nav/build/mina_tasks': CONDA_PROMPT_MODIFIER=(base) PYTHONPATH=/home/edgard/Desktop/AITEAM/nav/build/mina_tasks/prefix_override:/usr/lib/python3/dist-packages/colcon_core/task/python/colcon_distutils_commands:/home/edgard/Desktop/AITEAM/nav/install/mina_tasks/lib/python3.10/site-packages:${PYTHONPATH} /usr/bin/python3 -W ignore:setup.py install is deprecated -W ignore:easy_install command is deprecated setup.py develop --editable --build-directory /home/edgard/Desktop/AITEAM/nav/build/mina_tasks/build --no-deps symlink_data
[0.961s] running develop
[1.074s] running egg_info
[1.074s] creating mina_tasks.egg-info
[1.075s] writing mina_tasks.egg-info/PKG-INFO
[1.075s] writing dependency_links to mina_tasks.egg-info/dependency_links.txt
[1.075s] writing entry points to mina_tasks.egg-info/entry_points.txt
[1.075s] writing requirements to mina_tasks.egg-info/requires.txt
[1.075s] writing top-level names to mina_tasks.egg-info/top_level.txt
[1.075s] writing manifest file 'mina_tasks.egg-info/SOURCES.txt'
[1.080s] reading manifest file 'mina_tasks.egg-info/SOURCES.txt'
[1.081s] writing manifest file 'mina_tasks.egg-info/SOURCES.txt'
[1.122s] running build_ext
[1.122s] Creating /home/edgard/Desktop/AITEAM/nav/install/mina_tasks/lib/python3.10/site-packages/mina-tasks.egg-link (link to .)
[1.122s] Installing chess script to /home/edgard/Desktop/AITEAM/nav/install/mina_tasks/lib/mina_tasks
[1.122s] 
[1.122s] Installed /home/edgard/Desktop/AITEAM/nav/build/mina_tasks
[1.123s] running symlink_data
[1.123s] creating /home/edgard/Desktop/AITEAM/nav/install/mina_tasks/share/ament_index
[1.123s] creating /home/edgard/Desktop/AITEAM/nav/install/mina_tasks/share/ament_index/resource_index
[1.123s] creating /home/edgard/Desktop/AITEAM/nav/install/mina_tasks/share/ament_index/resource_index/packages
[1.123s] symbolically linking /home/edgard/Desktop/AITEAM/nav/build/mina_tasks/resource/mina_tasks -> /home/edgard/Desktop/AITEAM/nav/install/mina_tasks/share/ament_index/resource_index/packages
[1.123s] symbolically linking /home/edgard/Desktop/AITEAM/nav/build/mina_tasks/package.xml -> /home/edgard/Desktop/AITEAM/nav/install/mina_tasks/share/mina_tasks
