[  2%] [34m[1mGenerating C code for ROS interfaces[0m
[  4%] [34m[1mGenerating C++ code for ROS interfaces[0m
[  7%] [34m[1mGenerating version information as YAML[0m
[  9%] [34m[1mGenerating Rust code for ROS interfaces[0m
[  9%] Built target ament_cmake_python_symlink_isaac_ros_nova_interfaces
[  9%] Built target generate_version_info_target_isaac_ros_nova_interfaces
running egg_info
creating isaac_ros_nova_interfaces.egg-info
writing isaac_ros_nova_interfaces.egg-info/PKG-INFO
writing dependency_links to isaac_ros_nova_interfaces.egg-info/dependency_links.txt
writing top-level names to isaac_ros_nova_interfaces.egg-info/top_level.txt
writing manifest file 'isaac_ros_nova_interfaces.egg-info/SOURCES.txt'
reading manifest file 'isaac_ros_nova_interfaces.egg-info/SOURCES.txt'
writing manifest file 'isaac_ros_nova_interfaces.egg-info/SOURCES.txt'
[  9%] Built target isaac_ros_nova_interfaces__rs
[  9%] Built target ament_cmake_python_build_isaac_ros_nova_interfaces_egg
[ 12%] [32mBuilding C object CMakeFiles/isaac_ros_nova_interfaces__rosidl_generator_c.dir/rosidl_generator_c/isaac_ros_nova_interfaces/msg/detail/encoder_ticks__functions.c.o[0m
[ 14%] [32mBuilding C object CMakeFiles/isaac_ros_nova_interfaces__rosidl_generator_c.dir/rosidl_generator_c/isaac_ros_nova_interfaces/msg/detail/correlated_timestamp__functions.c.o[0m
[ 14%] Built target isaac_ros_nova_interfaces__cpp
[ 17%] [34m[1mGenerating C++ introspection for ROS interfaces[0m
[ 21%] [34m[1mGenerating C++ type support dispatch for ROS interfaces[0m
[ 21%] [34m[1mGenerating C++ type support for eProsima Fast-RTPS[0m
[ 24%] [32m[1mLinking C shared library libisaac_ros_nova_interfaces__rosidl_generator_c.so[0m
[ 24%] Built target isaac_ros_nova_interfaces__rosidl_generator_c
[ 26%] [34m[1mGenerating C type support for eProsima Fast-RTPS[0m
[ 29%] [34m[1mGenerating C introspection for ROS interfaces[0m
[ 31%] [34m[1mGenerating C type support dispatch for ROS interfaces[0m
[ 34%] [32mBuilding C object CMakeFiles/isaac_ros_nova_interfaces__rosidl_typesupport_introspection_c.dir/rosidl_typesupport_introspection_c/isaac_ros_nova_interfaces/msg/detail/correlated_timestamp__type_support.c.o[0m
[ 36%] [32mBuilding C object CMakeFiles/isaac_ros_nova_interfaces__rosidl_typesupport_introspection_c.dir/rosidl_typesupport_introspection_c/isaac_ros_nova_interfaces/msg/detail/encoder_ticks__type_support.c.o[0m
[ 39%] [32m[1mLinking C shared library libisaac_ros_nova_interfaces__rosidl_typesupport_introspection_c.so[0m
[ 41%] [32mBuilding CXX object CMakeFiles/isaac_ros_nova_interfaces__rosidl_typesupport_introspection_cpp.dir/rosidl_typesupport_introspection_cpp/isaac_ros_nova_interfaces/msg/detail/encoder_ticks__type_support.cpp.o[0m
[ 43%] [32mBuilding CXX object CMakeFiles/isaac_ros_nova_interfaces__rosidl_typesupport_introspection_cpp.dir/rosidl_typesupport_introspection_cpp/isaac_ros_nova_interfaces/msg/detail/correlated_timestamp__type_support.cpp.o[0m
[ 43%] Built target isaac_ros_nova_interfaces__rosidl_typesupport_introspection_c
[ 46%] [32mBuilding CXX object CMakeFiles/isaac_ros_nova_interfaces__rosidl_typesupport_cpp.dir/rosidl_typesupport_cpp/isaac_ros_nova_interfaces/msg/encoder_ticks__type_support.cpp.o[0m
[ 48%] [32mBuilding CXX object CMakeFiles/isaac_ros_nova_interfaces__rosidl_typesupport_cpp.dir/rosidl_typesupport_cpp/isaac_ros_nova_interfaces/msg/correlated_timestamp__type_support.cpp.o[0m
[ 51%] [32mBuilding CXX object CMakeFiles/isaac_ros_nova_interfaces__rosidl_typesupport_fastrtps_cpp.dir/rosidl_typesupport_fastrtps_cpp/isaac_ros_nova_interfaces/msg/detail/dds_fastrtps/correlated_timestamp__type_support.cpp.o[0m
[ 53%] [32mBuilding CXX object CMakeFiles/isaac_ros_nova_interfaces__rosidl_typesupport_fastrtps_cpp.dir/rosidl_typesupport_fastrtps_cpp/isaac_ros_nova_interfaces/msg/detail/dds_fastrtps/encoder_ticks__type_support.cpp.o[0m
[ 56%] [32mBuilding CXX object CMakeFiles/isaac_ros_nova_interfaces__rosidl_typesupport_fastrtps_c.dir/rosidl_typesupport_fastrtps_c/isaac_ros_nova_interfaces/msg/detail/encoder_ticks__type_support_c.cpp.o[0m
[ 58%] [32mBuilding CXX object CMakeFiles/isaac_ros_nova_interfaces__rosidl_typesupport_fastrtps_c.dir/rosidl_typesupport_fastrtps_c/isaac_ros_nova_interfaces/msg/detail/correlated_timestamp__type_support_c.cpp.o[0m
[ 60%] [32mBuilding CXX object CMakeFiles/isaac_ros_nova_interfaces__rosidl_typesupport_c.dir/rosidl_typesupport_c/isaac_ros_nova_interfaces/msg/correlated_timestamp__type_support.cpp.o[0m
[ 63%] [32mBuilding CXX object CMakeFiles/isaac_ros_nova_interfaces__rosidl_typesupport_c.dir/rosidl_typesupport_c/isaac_ros_nova_interfaces/msg/encoder_ticks__type_support.cpp.o[0m
[ 65%] [32m[1mLinking CXX shared library libisaac_ros_nova_interfaces__rosidl_typesupport_c.so[0m
[ 65%] Built target isaac_ros_nova_interfaces__rosidl_typesupport_c
[ 68%] [32m[1mLinking CXX shared library libisaac_ros_nova_interfaces__rosidl_typesupport_cpp.so[0m
[ 70%] [32m[1mLinking CXX shared library libisaac_ros_nova_interfaces__rosidl_typesupport_fastrtps_cpp.so[0m
[ 70%] Built target isaac_ros_nova_interfaces__rosidl_typesupport_cpp
[ 73%] [32m[1mLinking CXX shared library libisaac_ros_nova_interfaces__rosidl_typesupport_introspection_cpp.so[0m
[ 73%] Built target isaac_ros_nova_interfaces__rosidl_typesupport_fastrtps_cpp
[ 73%] Built target isaac_ros_nova_interfaces__rosidl_typesupport_introspection_cpp
[ 75%] [32m[1mLinking CXX shared library libisaac_ros_nova_interfaces__rosidl_typesupport_fastrtps_c.so[0m
[ 75%] Built target isaac_ros_nova_interfaces__rosidl_typesupport_fastrtps_c
[ 75%] Built target isaac_ros_nova_interfaces
[ 78%] [34m[1mGenerating Python code for ROS interfaces[0m
[ 78%] Built target isaac_ros_nova_interfaces__py
[ 82%] [32mBuilding C object CMakeFiles/isaac_ros_nova_interfaces__rosidl_generator_py.dir/rosidl_generator_py/isaac_ros_nova_interfaces/msg/_correlated_timestamp_s.c.o[0m
[ 82%] [32mBuilding C object CMakeFiles/isaac_ros_nova_interfaces__rosidl_generator_py.dir/rosidl_generator_py/isaac_ros_nova_interfaces/msg/_encoder_ticks_s.c.o[0m
[ 85%] [32m[1mLinking C shared library rosidl_generator_py/isaac_ros_nova_interfaces/libisaac_ros_nova_interfaces__rosidl_generator_py.so[0m
[ 85%] Built target isaac_ros_nova_interfaces__rosidl_generator_py
[ 87%] [32mBuilding C object CMakeFiles/isaac_ros_nova_interfaces__rosidl_typesupport_fastrtps_c__pyext.dir/rosidl_generator_py/isaac_ros_nova_interfaces/_isaac_ros_nova_interfaces_s.ep.rosidl_typesupport_fastrtps_c.c.o[0m
[ 90%] [32mBuilding C object CMakeFiles/isaac_ros_nova_interfaces__rosidl_typesupport_introspection_c__pyext.dir/rosidl_generator_py/isaac_ros_nova_interfaces/_isaac_ros_nova_interfaces_s.ep.rosidl_typesupport_introspection_c.c.o[0m
[ 92%] [32mBuilding C object CMakeFiles/isaac_ros_nova_interfaces__rosidl_typesupport_c__pyext.dir/rosidl_generator_py/isaac_ros_nova_interfaces/_isaac_ros_nova_interfaces_s.ep.rosidl_typesupport_c.c.o[0m
[ 95%] [32m[1mLinking C shared library rosidl_generator_py/isaac_ros_nova_interfaces/isaac_ros_nova_interfaces_s__rosidl_typesupport_fastrtps_c.cpython-310-x86_64-linux-gnu.so[0m
[ 97%] [32m[1mLinking C shared library rosidl_generator_py/isaac_ros_nova_interfaces/isaac_ros_nova_interfaces_s__rosidl_typesupport_introspection_c.cpython-310-x86_64-linux-gnu.so[0m
[100%] [32m[1mLinking C shared library rosidl_generator_py/isaac_ros_nova_interfaces/isaac_ros_nova_interfaces_s__rosidl_typesupport_c.cpython-310-x86_64-linux-gnu.so[0m
[100%] Built target isaac_ros_nova_interfaces__rosidl_typesupport_fastrtps_c__pyext
[100%] Built target isaac_ros_nova_interfaces__rosidl_typesupport_introspection_c__pyext
[100%] Built target isaac_ros_nova_interfaces__rosidl_typesupport_c__pyext
