[0.514s] Invoking command in '/home/edgard/Desktop/AITEAM/nav/build/isaac_ros_nova_interfaces': AMENT_PREFIX_PATH=/home/edgard/Desktop/AITEAM/nav/install/isaac_ros_common:${AMENT_PREFIX_PATH} CMAKE_PREFIX_PATH=/home/edgard/Desktop/AITEAM/nav/install/isaac_ros_common:/opt/ros/humble CONDA_PROMPT_MODIFIER=(base) LD_LIBRARY_PATH=/home/edgard/Desktop/AITEAM/nav/install/isaac_ros_common/lib:/opt/ros/humble/opt/rviz_ogre_vendor/lib:/opt/ros/humble/lib/x86_64-linux-gnu:/opt/ros/humble/lib:/home/edgard/Downloads/TensorRT-10.13.2.6/lib PATH=/home/edgard/Desktop/AITEAM/nav/install/isaac_ros_common/bin:${PATH} PYTHONPATH=/home/edgard/Desktop/AITEAM/nav/install/isaac_ros_common/local/lib/python3.10/dist-packages:${PYTHONPATH} /usr/bin/cmake --build /home/edgard/Desktop/AITEAM/nav/build/isaac_ros_nova_interfaces -- -j24 -l24
[1.115s] [  2%] [34m[1mGenerating C code for ROS interfaces[0m
[1.115s] [  4%] [34m[1mGenerating C++ code for ROS interfaces[0m
[1.115s] [  7%] [34m[1mGenerating version information as YAML[0m
[1.116s] [  9%] [34m[1mGenerating Rust code for ROS interfaces[0m
[1.116s] [  9%] Built target ament_cmake_python_symlink_isaac_ros_nova_interfaces
[1.116s] [  9%] Built target generate_version_info_target_isaac_ros_nova_interfaces
[1.167s] running egg_info
[1.167s] creating isaac_ros_nova_interfaces.egg-info
[1.167s] writing isaac_ros_nova_interfaces.egg-info/PKG-INFO
[1.168s] writing dependency_links to isaac_ros_nova_interfaces.egg-info/dependency_links.txt
[1.174s] writing top-level names to isaac_ros_nova_interfaces.egg-info/top_level.txt
[1.178s] writing manifest file 'isaac_ros_nova_interfaces.egg-info/SOURCES.txt'
[1.180s] reading manifest file 'isaac_ros_nova_interfaces.egg-info/SOURCES.txt'
[1.180s] writing manifest file 'isaac_ros_nova_interfaces.egg-info/SOURCES.txt'
[1.198s] [  9%] Built target isaac_ros_nova_interfaces__rs
[1.226s] [  9%] Built target ament_cmake_python_build_isaac_ros_nova_interfaces_egg
[1.423s] [ 12%] [32mBuilding C object CMakeFiles/isaac_ros_nova_interfaces__rosidl_generator_c.dir/rosidl_generator_c/isaac_ros_nova_interfaces/msg/detail/encoder_ticks__functions.c.o[0m
[1.430s] [ 14%] [32mBuilding C object CMakeFiles/isaac_ros_nova_interfaces__rosidl_generator_c.dir/rosidl_generator_c/isaac_ros_nova_interfaces/msg/detail/correlated_timestamp__functions.c.o[0m
[1.492s] [ 14%] Built target isaac_ros_nova_interfaces__cpp
[1.531s] [ 17%] [34m[1mGenerating C++ introspection for ROS interfaces[0m
[1.531s] [ 21%] [34m[1mGenerating C++ type support dispatch for ROS interfaces[0m
[1.533s] [ 21%] [34m[1mGenerating C++ type support for eProsima Fast-RTPS[0m
[1.715s] [ 24%] [32m[1mLinking C shared library libisaac_ros_nova_interfaces__rosidl_generator_c.so[0m
[1.922s] [ 24%] Built target isaac_ros_nova_interfaces__rosidl_generator_c
[1.982s] [ 26%] [34m[1mGenerating C type support for eProsima Fast-RTPS[0m
[1.992s] [ 29%] [34m[1mGenerating C introspection for ROS interfaces[0m
[1.994s] [ 31%] [34m[1mGenerating C type support dispatch for ROS interfaces[0m
[2.735s] [ 34%] [32mBuilding C object CMakeFiles/isaac_ros_nova_interfaces__rosidl_typesupport_introspection_c.dir/rosidl_typesupport_introspection_c/isaac_ros_nova_interfaces/msg/detail/correlated_timestamp__type_support.c.o[0m
[2.735s] [ 36%] [32mBuilding C object CMakeFiles/isaac_ros_nova_interfaces__rosidl_typesupport_introspection_c.dir/rosidl_typesupport_introspection_c/isaac_ros_nova_interfaces/msg/detail/encoder_ticks__type_support.c.o[0m
[3.014s] [ 39%] [32m[1mLinking C shared library libisaac_ros_nova_interfaces__rosidl_typesupport_introspection_c.so[0m
[3.113s] [ 41%] [32mBuilding CXX object CMakeFiles/isaac_ros_nova_interfaces__rosidl_typesupport_introspection_cpp.dir/rosidl_typesupport_introspection_cpp/isaac_ros_nova_interfaces/msg/detail/encoder_ticks__type_support.cpp.o[0m
[3.114s] [ 43%] [32mBuilding CXX object CMakeFiles/isaac_ros_nova_interfaces__rosidl_typesupport_introspection_cpp.dir/rosidl_typesupport_introspection_cpp/isaac_ros_nova_interfaces/msg/detail/correlated_timestamp__type_support.cpp.o[0m
[3.126s] [ 43%] Built target isaac_ros_nova_interfaces__rosidl_typesupport_introspection_c
[3.172s] [ 46%] [32mBuilding CXX object CMakeFiles/isaac_ros_nova_interfaces__rosidl_typesupport_cpp.dir/rosidl_typesupport_cpp/isaac_ros_nova_interfaces/msg/encoder_ticks__type_support.cpp.o[0m
[3.180s] [ 48%] [32mBuilding CXX object CMakeFiles/isaac_ros_nova_interfaces__rosidl_typesupport_cpp.dir/rosidl_typesupport_cpp/isaac_ros_nova_interfaces/msg/correlated_timestamp__type_support.cpp.o[0m
[3.191s] [ 51%] [32mBuilding CXX object CMakeFiles/isaac_ros_nova_interfaces__rosidl_typesupport_fastrtps_cpp.dir/rosidl_typesupport_fastrtps_cpp/isaac_ros_nova_interfaces/msg/detail/dds_fastrtps/correlated_timestamp__type_support.cpp.o[0m
[3.205s] [ 53%] [32mBuilding CXX object CMakeFiles/isaac_ros_nova_interfaces__rosidl_typesupport_fastrtps_cpp.dir/rosidl_typesupport_fastrtps_cpp/isaac_ros_nova_interfaces/msg/detail/dds_fastrtps/encoder_ticks__type_support.cpp.o[0m
[3.231s] [ 56%] [32mBuilding CXX object CMakeFiles/isaac_ros_nova_interfaces__rosidl_typesupport_fastrtps_c.dir/rosidl_typesupport_fastrtps_c/isaac_ros_nova_interfaces/msg/detail/encoder_ticks__type_support_c.cpp.o[0m
[3.239s] [ 58%] [32mBuilding CXX object CMakeFiles/isaac_ros_nova_interfaces__rosidl_typesupport_fastrtps_c.dir/rosidl_typesupport_fastrtps_c/isaac_ros_nova_interfaces/msg/detail/correlated_timestamp__type_support_c.cpp.o[0m
[3.446s] [ 60%] [32mBuilding CXX object CMakeFiles/isaac_ros_nova_interfaces__rosidl_typesupport_c.dir/rosidl_typesupport_c/isaac_ros_nova_interfaces/msg/correlated_timestamp__type_support.cpp.o[0m
[3.476s] [ 63%] [32mBuilding CXX object CMakeFiles/isaac_ros_nova_interfaces__rosidl_typesupport_c.dir/rosidl_typesupport_c/isaac_ros_nova_interfaces/msg/encoder_ticks__type_support.cpp.o[0m
[3.578s] [ 65%] [32m[1mLinking CXX shared library libisaac_ros_nova_interfaces__rosidl_typesupport_c.so[0m
[3.651s] [ 65%] Built target isaac_ros_nova_interfaces__rosidl_typesupport_c
[3.725s] [ 68%] [32m[1mLinking CXX shared library libisaac_ros_nova_interfaces__rosidl_typesupport_cpp.so[0m
[3.745s] [ 70%] [32m[1mLinking CXX shared library libisaac_ros_nova_interfaces__rosidl_typesupport_fastrtps_cpp.so[0m
[3.778s] [ 70%] Built target isaac_ros_nova_interfaces__rosidl_typesupport_cpp
[3.786s] [ 73%] [32m[1mLinking CXX shared library libisaac_ros_nova_interfaces__rosidl_typesupport_introspection_cpp.so[0m
[3.835s] [ 73%] Built target isaac_ros_nova_interfaces__rosidl_typesupport_fastrtps_cpp
[3.881s] [ 73%] Built target isaac_ros_nova_interfaces__rosidl_typesupport_introspection_cpp
[3.937s] [ 75%] [32m[1mLinking CXX shared library libisaac_ros_nova_interfaces__rosidl_typesupport_fastrtps_c.so[0m
[4.006s] [ 75%] Built target isaac_ros_nova_interfaces__rosidl_typesupport_fastrtps_c
[4.022s] [ 75%] Built target isaac_ros_nova_interfaces
[4.042s] [ 78%] [34m[1mGenerating Python code for ROS interfaces[0m
[4.478s] [ 78%] Built target isaac_ros_nova_interfaces__py
[4.502s] [ 82%] [32mBuilding C object CMakeFiles/isaac_ros_nova_interfaces__rosidl_generator_py.dir/rosidl_generator_py/isaac_ros_nova_interfaces/msg/_correlated_timestamp_s.c.o[0m
[4.502s] [ 82%] [32mBuilding C object CMakeFiles/isaac_ros_nova_interfaces__rosidl_generator_py.dir/rosidl_generator_py/isaac_ros_nova_interfaces/msg/_encoder_ticks_s.c.o[0m
[4.606s] [ 85%] [32m[1mLinking C shared library rosidl_generator_py/isaac_ros_nova_interfaces/libisaac_ros_nova_interfaces__rosidl_generator_py.so[0m
[4.647s] [ 85%] Built target isaac_ros_nova_interfaces__rosidl_generator_py
[4.666s] [ 87%] [32mBuilding C object CMakeFiles/isaac_ros_nova_interfaces__rosidl_typesupport_fastrtps_c__pyext.dir/rosidl_generator_py/isaac_ros_nova_interfaces/_isaac_ros_nova_interfaces_s.ep.rosidl_typesupport_fastrtps_c.c.o[0m
[4.668s] [ 90%] [32mBuilding C object CMakeFiles/isaac_ros_nova_interfaces__rosidl_typesupport_introspection_c__pyext.dir/rosidl_generator_py/isaac_ros_nova_interfaces/_isaac_ros_nova_interfaces_s.ep.rosidl_typesupport_introspection_c.c.o[0m
[4.669s] [ 92%] [32mBuilding C object CMakeFiles/isaac_ros_nova_interfaces__rosidl_typesupport_c__pyext.dir/rosidl_generator_py/isaac_ros_nova_interfaces/_isaac_ros_nova_interfaces_s.ep.rosidl_typesupport_c.c.o[0m
[4.771s] [ 95%] [32m[1mLinking C shared library rosidl_generator_py/isaac_ros_nova_interfaces/isaac_ros_nova_interfaces_s__rosidl_typesupport_fastrtps_c.cpython-310-x86_64-linux-gnu.so[0m
[4.773s] [ 97%] [32m[1mLinking C shared library rosidl_generator_py/isaac_ros_nova_interfaces/isaac_ros_nova_interfaces_s__rosidl_typesupport_introspection_c.cpython-310-x86_64-linux-gnu.so[0m
[4.777s] [100%] [32m[1mLinking C shared library rosidl_generator_py/isaac_ros_nova_interfaces/isaac_ros_nova_interfaces_s__rosidl_typesupport_c.cpython-310-x86_64-linux-gnu.so[0m
[4.805s] [100%] Built target isaac_ros_nova_interfaces__rosidl_typesupport_fastrtps_c__pyext
[4.807s] [100%] Built target isaac_ros_nova_interfaces__rosidl_typesupport_introspection_c__pyext
[4.810s] [100%] Built target isaac_ros_nova_interfaces__rosidl_typesupport_c__pyext
