[  2%] [34m[1mGenerating C code for ROS interfaces[0m
[  5%] [34m[1mGenerating C++ code for ROS interfaces[0m
[  7%] [34m[1mGenerating Rust code for ROS interfaces[0m
[  7%] Built target ament_cmake_python_symlink_mina_interfaces
running egg_info
creating mina_interfaces.egg-info
writing mina_interfaces.egg-info/PKG-INFO
writing dependency_links to mina_interfaces.egg-info/dependency_links.txt
writing top-level names to mina_interfaces.egg-info/top_level.txt
writing manifest file 'mina_interfaces.egg-info/SOURCES.txt'
reading manifest file 'mina_interfaces.egg-info/SOURCES.txt'
writing manifest file 'mina_interfaces.egg-info/SOURCES.txt'
[  7%] Built target mina_interfaces__rs
[  7%] Built target ament_cmake_python_build_mina_interfaces_egg
[  7%] Built target mina_interfaces__cpp
[ 10%] [32mBuilding C object CMakeFiles/mina_interfaces__rosidl_generator_c.dir/rosidl_generator_c/mina_interfaces/msg/detail/example__functions.c.o[0m
[ 12%] [34m[1mGenerating C++ type support dispatch for ROS interfaces[0m
[ 15%] [34m[1mGenerating C++ type support for eProsima Fast-RTPS[0m
[ 17%] [32mBuilding C object CMakeFiles/mina_interfaces__rosidl_generator_c.dir/rosidl_generator_c/mina_interfaces/srv/detail/switch_control__functions.c.o[0m
[ 20%] [34m[1mGenerating C++ introspection for ROS interfaces[0m
[ 22%] [32m[1mLinking C shared library libmina_interfaces__rosidl_generator_c.so[0m
[ 22%] Built target mina_interfaces__rosidl_generator_c
[ 25%] [34m[1mGenerating C introspection for ROS interfaces[0m
[ 30%] [34m[1mGenerating C type support dispatch for ROS interfaces[0m
[ 30%] [34m[1mGenerating C type support for eProsima Fast-RTPS[0m
[ 32%] [32mBuilding CXX object CMakeFiles/mina_interfaces__rosidl_typesupport_cpp.dir/rosidl_typesupport_cpp/mina_interfaces/msg/example__type_support.cpp.o[0m
[ 35%] [32mBuilding CXX object CMakeFiles/mina_interfaces__rosidl_typesupport_cpp.dir/rosidl_typesupport_cpp/mina_interfaces/srv/switch_control__type_support.cpp.o[0m
[ 37%] [32mBuilding CXX object CMakeFiles/mina_interfaces__rosidl_typesupport_fastrtps_cpp.dir/rosidl_typesupport_fastrtps_cpp/mina_interfaces/srv/detail/dds_fastrtps/switch_control__type_support.cpp.o[0m
[ 40%] [32mBuilding CXX object CMakeFiles/mina_interfaces__rosidl_typesupport_fastrtps_cpp.dir/rosidl_typesupport_fastrtps_cpp/mina_interfaces/msg/detail/dds_fastrtps/example__type_support.cpp.o[0m
[ 42%] [32mBuilding CXX object CMakeFiles/mina_interfaces__rosidl_typesupport_introspection_cpp.dir/rosidl_typesupport_introspection_cpp/mina_interfaces/msg/detail/example__type_support.cpp.o[0m
[ 45%] [32mBuilding CXX object CMakeFiles/mina_interfaces__rosidl_typesupport_introspection_cpp.dir/rosidl_typesupport_introspection_cpp/mina_interfaces/srv/detail/switch_control__type_support.cpp.o[0m
[ 47%] [32mBuilding CXX object CMakeFiles/mina_interfaces__rosidl_typesupport_fastrtps_c.dir/rosidl_typesupport_fastrtps_c/mina_interfaces/msg/detail/example__type_support_c.cpp.o[0m
[ 50%] [32mBuilding CXX object CMakeFiles/mina_interfaces__rosidl_typesupport_fastrtps_c.dir/rosidl_typesupport_fastrtps_c/mina_interfaces/srv/detail/switch_control__type_support_c.cpp.o[0m
[ 52%] [32mBuilding C object CMakeFiles/mina_interfaces__rosidl_typesupport_introspection_c.dir/rosidl_typesupport_introspection_c/mina_interfaces/msg/detail/example__type_support.c.o[0m
[ 55%] [32mBuilding C object CMakeFiles/mina_interfaces__rosidl_typesupport_introspection_c.dir/rosidl_typesupport_introspection_c/mina_interfaces/srv/detail/switch_control__type_support.c.o[0m
[ 60%] [32mBuilding CXX object CMakeFiles/mina_interfaces__rosidl_typesupport_c.dir/rosidl_typesupport_c/mina_interfaces/msg/example__type_support.cpp.o[0m
[ 60%] [32mBuilding CXX object CMakeFiles/mina_interfaces__rosidl_typesupport_c.dir/rosidl_typesupport_c/mina_interfaces/srv/switch_control__type_support.cpp.o[0m
[ 62%] [32m[1mLinking C shared library libmina_interfaces__rosidl_typesupport_introspection_c.so[0m
[ 65%] [32m[1mLinking CXX shared library libmina_interfaces__rosidl_typesupport_c.so[0m
[ 65%] Built target mina_interfaces__rosidl_typesupport_introspection_c
[ 65%] Built target mina_interfaces__rosidl_typesupport_c
[ 67%] [32m[1mLinking CXX shared library libmina_interfaces__rosidl_typesupport_cpp.so[0m
[ 70%] [32m[1mLinking CXX shared library libmina_interfaces__rosidl_typesupport_introspection_cpp.so[0m
[ 72%] [32m[1mLinking CXX shared library libmina_interfaces__rosidl_typesupport_fastrtps_cpp.so[0m
[ 72%] Built target mina_interfaces__rosidl_typesupport_cpp
[ 72%] Built target mina_interfaces__rosidl_typesupport_introspection_cpp
[ 72%] Built target mina_interfaces__rosidl_typesupport_fastrtps_cpp
[ 75%] [32m[1mLinking CXX shared library libmina_interfaces__rosidl_typesupport_fastrtps_c.so[0m
[ 75%] Built target mina_interfaces__rosidl_typesupport_fastrtps_c
[ 75%] Built target mina_interfaces
[ 77%] [34m[1mGenerating Python code for ROS interfaces[0m
[ 77%] Built target mina_interfaces__py
[ 80%] [32mBuilding C object CMakeFiles/mina_interfaces__rosidl_generator_py.dir/rosidl_generator_py/mina_interfaces/msg/_example_s.c.o[0m
[ 82%] [32mBuilding C object CMakeFiles/mina_interfaces__rosidl_generator_py.dir/rosidl_generator_py/mina_interfaces/srv/_switch_control_s.c.o[0m
[ 85%] [32m[1mLinking C shared library rosidl_generator_py/mina_interfaces/libmina_interfaces__rosidl_generator_py.so[0m
[ 85%] Built target mina_interfaces__rosidl_generator_py
[ 87%] [32mBuilding C object CMakeFiles/mina_interfaces__rosidl_typesupport_c__pyext.dir/rosidl_generator_py/mina_interfaces/_mina_interfaces_s.ep.rosidl_typesupport_c.c.o[0m
[ 92%] [32mBuilding C object CMakeFiles/mina_interfaces__rosidl_typesupport_introspection_c__pyext.dir/rosidl_generator_py/mina_interfaces/_mina_interfaces_s.ep.rosidl_typesupport_introspection_c.c.o[0m
[ 92%] [32mBuilding C object CMakeFiles/mina_interfaces__rosidl_typesupport_fastrtps_c__pyext.dir/rosidl_generator_py/mina_interfaces/_mina_interfaces_s.ep.rosidl_typesupport_fastrtps_c.c.o[0m
[ 95%] [32m[1mLinking C shared library rosidl_generator_py/mina_interfaces/mina_interfaces_s__rosidl_typesupport_fastrtps_c.cpython-310-x86_64-linux-gnu.so[0m
[ 97%] [32m[1mLinking C shared library rosidl_generator_py/mina_interfaces/mina_interfaces_s__rosidl_typesupport_introspection_c.cpython-310-x86_64-linux-gnu.so[0m
[100%] [32m[1mLinking C shared library rosidl_generator_py/mina_interfaces/mina_interfaces_s__rosidl_typesupport_c.cpython-310-x86_64-linux-gnu.so[0m
[100%] Built target mina_interfaces__rosidl_typesupport_c__pyext
[100%] Built target mina_interfaces__rosidl_typesupport_fastrtps_c__pyext
[100%] Built target mina_interfaces__rosidl_typesupport_introspection_c__pyext
