[0.514s] Invoking command in '/home/edgard/Desktop/AITEAM/nav/build/isaac_ros_bi3d_interfaces': AMENT_PREFIX_PATH=/home/edgard/Desktop/AITEAM/nav/install/isaac_ros_common:${AMENT_PREFIX_PATH} CMAKE_PREFIX_PATH=/home/edgard/Desktop/AITEAM/nav/install/isaac_ros_common:/opt/ros/humble CONDA_PROMPT_MODIFIER=(base) LD_LIBRARY_PATH=/home/edgard/Desktop/AITEAM/nav/install/isaac_ros_common/lib:/opt/ros/humble/opt/rviz_ogre_vendor/lib:/opt/ros/humble/lib/x86_64-linux-gnu:/opt/ros/humble/lib:/home/edgard/Downloads/TensorRT-10.13.2.6/lib PATH=/home/edgard/Desktop/AITEAM/nav/install/isaac_ros_common/bin:${PATH} PYTHONPATH=/home/edgard/Desktop/AITEAM/nav/install/isaac_ros_common/local/lib/python3.10/dist-packages:${PYTHONPATH} /usr/bin/cmake --build /home/edgard/Desktop/AITEAM/nav/build/isaac_ros_bi3d_interfaces -- -j24 -l24
[1.116s] [  3%] [34m[1mGenerating C code for ROS interfaces[0m
[1.116s] [  6%] [34m[1mGenerating Rust code for ROS interfaces[0m
[1.116s] [ 12%] [34m[1mGenerating version information as YAML[0m
[1.116s] [ 12%] [34m[1mGenerating C++ code for ROS interfaces[0m
[1.117s] [ 12%] Built target ament_cmake_python_symlink_isaac_ros_bi3d_interfaces
[1.117s] [ 12%] Built target generate_version_info_target_isaac_ros_bi3d_interfaces
[1.118s] [ 12%] Built target isaac_ros_bi3d_interfaces__rs
[1.181s] [ 12%] Built target isaac_ros_bi3d_interfaces__cpp
[1.181s] running egg_info
[1.181s] creating isaac_ros_bi3d_interfaces.egg-info
[1.181s] writing isaac_ros_bi3d_interfaces.egg-info/PKG-INFO
[1.181s] writing dependency_links to isaac_ros_bi3d_interfaces.egg-info/dependency_links.txt
[1.181s] writing top-level names to isaac_ros_bi3d_interfaces.egg-info/top_level.txt
[1.182s] writing manifest file 'isaac_ros_bi3d_interfaces.egg-info/SOURCES.txt'
[1.182s] reading manifest file 'isaac_ros_bi3d_interfaces.egg-info/SOURCES.txt'
[1.182s] writing manifest file 'isaac_ros_bi3d_interfaces.egg-info/SOURCES.txt'
[1.182s] [ 15%] [32mBuilding C object CMakeFiles/isaac_ros_bi3d_interfaces__rosidl_generator_c.dir/rosidl_generator_c/isaac_ros_bi3d_interfaces/msg/detail/bi3_d_inference_parameters_array__functions.c.o[0m
[1.185s] [ 18%] [34m[1mGenerating C++ type support dispatch for ROS interfaces[0m
[1.185s] [ 21%] [34m[1mGenerating C++ type support for eProsima Fast-RTPS[0m
[1.190s] [ 24%] [34m[1mGenerating C++ introspection for ROS interfaces[0m
[1.218s] [ 24%] Built target ament_cmake_python_build_isaac_ros_bi3d_interfaces_egg
[1.504s] [ 27%] [32m[1mLinking C shared library libisaac_ros_bi3d_interfaces__rosidl_generator_c.so[0m
[1.627s] [ 27%] Built target isaac_ros_bi3d_interfaces__rosidl_generator_c
[1.644s] [ 30%] [32mBuilding CXX object CMakeFiles/isaac_ros_bi3d_interfaces__rosidl_typesupport_introspection_cpp.dir/rosidl_typesupport_introspection_cpp/isaac_ros_bi3d_interfaces/msg/detail/bi3_d_inference_parameters_array__type_support.cpp.o[0m
[1.649s] [ 33%] [34m[1mGenerating C type support for eProsima Fast-RTPS[0m
[1.655s] [ 36%] [34m[1mGenerating C type support dispatch for ROS interfaces[0m
[1.658s] [ 39%] [34m[1mGenerating C introspection for ROS interfaces[0m
[1.792s] [ 42%] [32mBuilding CXX object CMakeFiles/isaac_ros_bi3d_interfaces__rosidl_typesupport_fastrtps_cpp.dir/rosidl_typesupport_fastrtps_cpp/isaac_ros_bi3d_interfaces/msg/detail/dds_fastrtps/bi3_d_inference_parameters_array__type_support.cpp.o[0m
[2.247s] [ 45%] [32mBuilding CXX object CMakeFiles/isaac_ros_bi3d_interfaces__rosidl_typesupport_cpp.dir/rosidl_typesupport_cpp/isaac_ros_bi3d_interfaces/msg/bi3_d_inference_parameters_array__type_support.cpp.o[0m
[2.412s] [ 48%] [32mBuilding CXX object CMakeFiles/isaac_ros_bi3d_interfaces__rosidl_typesupport_c.dir/rosidl_typesupport_c/isaac_ros_bi3d_interfaces/msg/bi3_d_inference_parameters_array__type_support.cpp.o[0m
[2.462s] [ 51%] [32mBuilding CXX object CMakeFiles/isaac_ros_bi3d_interfaces__rosidl_typesupport_fastrtps_c.dir/rosidl_typesupport_fastrtps_c/isaac_ros_bi3d_interfaces/msg/detail/bi3_d_inference_parameters_array__type_support_c.cpp.o[0m
[2.532s] [ 54%] [32m[1mLinking CXX shared library libisaac_ros_bi3d_interfaces__rosidl_typesupport_c.so[0m
[2.594s] [ 57%] [32m[1mLinking CXX shared library libisaac_ros_bi3d_interfaces__rosidl_typesupport_fastrtps_cpp.so[0m
[2.668s] [ 57%] Built target isaac_ros_bi3d_interfaces__rosidl_typesupport_c
[2.857s] [ 60%] [32mBuilding C object CMakeFiles/isaac_ros_bi3d_interfaces__rosidl_typesupport_introspection_c.dir/rosidl_typesupport_introspection_c/isaac_ros_bi3d_interfaces/msg/detail/bi3_d_inference_parameters_array__type_support.c.o[0m
[3.018s] [ 63%] [32m[1mLinking CXX shared library libisaac_ros_bi3d_interfaces__rosidl_typesupport_cpp.so[0m
[3.071s] [ 63%] Built target isaac_ros_bi3d_interfaces__rosidl_typesupport_fastrtps_cpp
[3.138s] [ 66%] [32m[1mLinking C shared library libisaac_ros_bi3d_interfaces__rosidl_typesupport_introspection_c.so[0m
[3.197s] [ 66%] Built target isaac_ros_bi3d_interfaces__rosidl_typesupport_cpp
[3.271s] [ 66%] Built target isaac_ros_bi3d_interfaces__rosidl_typesupport_introspection_c
[3.304s] [ 69%] [32m[1mLinking CXX shared library libisaac_ros_bi3d_interfaces__rosidl_typesupport_fastrtps_c.so[0m
[3.380s] [ 72%] [32m[1mLinking CXX shared library libisaac_ros_bi3d_interfaces__rosidl_typesupport_introspection_cpp.so[0m
[3.559s] [ 72%] Built target isaac_ros_bi3d_interfaces__rosidl_typesupport_fastrtps_c
[3.604s] [ 72%] Built target isaac_ros_bi3d_interfaces__rosidl_typesupport_introspection_cpp
[3.636s] [ 72%] Built target isaac_ros_bi3d_interfaces
[3.666s] [ 75%] [34m[1mGenerating Python code for ROS interfaces[0m
[3.995s] [ 75%] Built target isaac_ros_bi3d_interfaces__py
[4.017s] [ 78%] [32mBuilding C object CMakeFiles/isaac_ros_bi3d_interfaces__rosidl_generator_py.dir/rosidl_generator_py/isaac_ros_bi3d_interfaces/msg/_bi3_d_inference_parameters_array_s.c.o[0m
[4.130s] [ 81%] [32m[1mLinking C shared library rosidl_generator_py/isaac_ros_bi3d_interfaces/libisaac_ros_bi3d_interfaces__rosidl_generator_py.so[0m
[4.168s] [ 81%] Built target isaac_ros_bi3d_interfaces__rosidl_generator_py
[4.189s] [ 84%] [32mBuilding C object CMakeFiles/isaac_ros_bi3d_interfaces__rosidl_typesupport_fastrtps_c__pyext.dir/rosidl_generator_py/isaac_ros_bi3d_interfaces/_isaac_ros_bi3d_interfaces_s.ep.rosidl_typesupport_fastrtps_c.c.o[0m
[4.192s] [ 87%] [32mBuilding C object CMakeFiles/isaac_ros_bi3d_interfaces__rosidl_typesupport_introspection_c__pyext.dir/rosidl_generator_py/isaac_ros_bi3d_interfaces/_isaac_ros_bi3d_interfaces_s.ep.rosidl_typesupport_introspection_c.c.o[0m
[4.192s] [ 90%] [32mBuilding C object CMakeFiles/isaac_ros_bi3d_interfaces__rosidl_typesupport_c__pyext.dir/rosidl_generator_py/isaac_ros_bi3d_interfaces/_isaac_ros_bi3d_interfaces_s.ep.rosidl_typesupport_c.c.o[0m
[4.285s] [ 93%] [32m[1mLinking C shared library rosidl_generator_py/isaac_ros_bi3d_interfaces/isaac_ros_bi3d_interfaces_s__rosidl_typesupport_fastrtps_c.cpython-310-x86_64-linux-gnu.so[0m
[4.292s] [ 96%] [32m[1mLinking C shared library rosidl_generator_py/isaac_ros_bi3d_interfaces/isaac_ros_bi3d_interfaces_s__rosidl_typesupport_introspection_c.cpython-310-x86_64-linux-gnu.so[0m
[4.295s] [100%] [32m[1mLinking C shared library rosidl_generator_py/isaac_ros_bi3d_interfaces/isaac_ros_bi3d_interfaces_s__rosidl_typesupport_c.cpython-310-x86_64-linux-gnu.so[0m
[4.319s] [100%] Built target isaac_ros_bi3d_interfaces__rosidl_typesupport_fastrtps_c__pyext
[4.332s] [100%] Built target isaac_ros_bi3d_interfaces__rosidl_typesupport_introspection_c__pyext
[4.337s] [100%] Built target isaac_ros_bi3d_interfaces__rosidl_typesupport_c__pyext
