[1.597s] Invoking command in '/home/edgard/Desktop/AITEAM/nav/build/mina_control': AMENT_PREFIX_PATH=/home/edgard/Desktop/AITEAM/nav/install/mina_interfaces:${AMENT_PREFIX_PATH} CMAKE_PREFIX_PATH=/home/edgard/Desktop/AITEAM/nav/install/mina_interfaces CONDA_PROMPT_MODIFIER=(base) LD_LIBRARY_PATH=/home/edgard/Desktop/AITEAM/nav/install/mina_interfaces/lib:/opt/ros/humble/opt/rviz_ogre_vendor/lib:/opt/ros/humble/lib/x86_64-linux-gnu:/opt/ros/humble/lib:/home/edgard/Downloads/TensorRT-10.13.2.6/lib PYTHONPATH=/home/edgard/Desktop/AITEAM/nav/build/mina_control/prefix_override:/usr/lib/python3/dist-packages/colcon_core/task/python/colcon_distutils_commands:/home/edgard/Desktop/AITEAM/nav/install/mina_control/lib/python3.10/site-packages:/home/edgard/Desktop/AITEAM/nav/install/mina_interfaces/local/lib/python3.10/dist-packages:${PYTHONPATH} /usr/bin/python3 -W ignore:setup.py install is deprecated -W ignore:easy_install command is deprecated setup.py develop --editable --build-directory /home/edgard/Desktop/AITEAM/nav/build/mina_control/build --no-deps symlink_data
[1.912s] running develop
[2.047s] running egg_info
[2.047s] writing mina_control.egg-info/PKG-INFO
[2.047s] writing dependency_links to mina_control.egg-info/dependency_links.txt
[2.048s] writing entry points to mina_control.egg-info/entry_points.txt
[2.048s] writing requirements to mina_control.egg-info/requires.txt
[2.048s] writing top-level names to mina_control.egg-info/top_level.txt
[2.050s] reading manifest file 'mina_control.egg-info/SOURCES.txt'
[2.050s] writing manifest file 'mina_control.egg-info/SOURCES.txt'
[2.098s] running build_ext
[2.098s] Creating /home/edgard/Desktop/AITEAM/nav/install/mina_control/lib/python3.10/site-packages/mina-control.egg-link (link to .)
[2.098s] Installing dynamic_switch script to /home/edgard/Desktop/AITEAM/nav/install/mina_control/lib/mina_control
[2.098s] Installing mina_fsm script to /home/edgard/Desktop/AITEAM/nav/install/mina_control/lib/mina_control
[2.098s] Installing mina_vmc script to /home/edgard/Desktop/AITEAM/nav/install/mina_control/lib/mina_control
[2.099s] Installing rl_controller script to /home/edgard/Desktop/AITEAM/nav/install/mina_control/lib/mina_control
[2.099s] Installing switch_test_adapter script to /home/edgard/Desktop/AITEAM/nav/install/mina_control/lib/mina_control
[2.099s] 
[2.099s] Installed /home/edgard/Desktop/AITEAM/nav/build/mina_control
[2.099s] running symlink_data
[2.142s] Invoked command in '/home/edgard/Desktop/AITEAM/nav/build/mina_control' returned '0': AMENT_PREFIX_PATH=/home/edgard/Desktop/AITEAM/nav/install/mina_interfaces:${AMENT_PREFIX_PATH} CMAKE_PREFIX_PATH=/home/edgard/Desktop/AITEAM/nav/install/mina_interfaces CONDA_PROMPT_MODIFIER=(base) LD_LIBRARY_PATH=/home/edgard/Desktop/AITEAM/nav/install/mina_interfaces/lib:/opt/ros/humble/opt/rviz_ogre_vendor/lib:/opt/ros/humble/lib/x86_64-linux-gnu:/opt/ros/humble/lib:/home/edgard/Downloads/TensorRT-10.13.2.6/lib PYTHONPATH=/home/edgard/Desktop/AITEAM/nav/build/mina_control/prefix_override:/usr/lib/python3/dist-packages/colcon_core/task/python/colcon_distutils_commands:/home/edgard/Desktop/AITEAM/nav/install/mina_control/lib/python3.10/site-packages:/home/edgard/Desktop/AITEAM/nav/install/mina_interfaces/local/lib/python3.10/dist-packages:${PYTHONPATH} /usr/bin/python3 -W ignore:setup.py install is deprecated -W ignore:easy_install command is deprecated setup.py develop --editable --build-directory /home/edgard/Desktop/AITEAM/nav/build/mina_control/build --no-deps symlink_data
