[0.009s] Invoking command in '/home/xplore/dev_ws/src/src/build/zed_components': CMAKE_PREFIX_PATH=${CMAKE_PREFIX_PATH}:/opt/ros/humble /usr/bin/cmake /home/xplore/dev_ws/src/src/zed-ros2-wrapper/zed_components -DCMAKE_BUILD_TYPE=Release -DAMENT_CMAKE_SYMLINK_INSTALL=1 -DCMAKE_INSTALL_PREFIX=/home/xplore/dev_ws/src/src/install/zed_components
[0.085s] -- The C compiler identification is GNU 11.4.0
[0.136s] -- The CXX compiler identification is GNU 11.4.0
[0.143s] -- Detecting C compiler ABI info
[0.215s] -- Detecting C compiler ABI info - done
[0.221s] -- Check for working C compiler: /usr/bin/cc - skipped
[0.221s] -- Detecting C compile features
[0.222s] -- Detecting C compile features - done
[0.225s] -- Detecting CXX compiler ABI info
[0.305s] -- Detecting CXX compiler ABI info - done
[0.311s] -- Check for working CXX compiler: /usr/bin/c++ - skipped
[0.311s] -- Detecting CXX compile features
[0.311s] -- Detecting CXX compile features - done
[0.314s] -- Looking for sgemm_
[0.379s] -- Looking for sgemm_ - not found
[0.381s] -- Looking for pthread.h
[0.451s] -- Looking for pthread.h - found
[0.451s] -- Performing Test CMAKE_HAVE_LIBC_PTHREAD
[0.523s] -- Performing Test CMAKE_HAVE_LIBC_PTHREAD - Success
[0.524s] -- Found Threads: TRUE  
[0.549s] -- Looking for sgemm_
[0.649s] -- Looking for sgemm_ - found
[0.649s] -- Found BLAS: /usr/lib/x86_64-linux-gnu/libopenblas.so  
[0.674s] -- Found CUDA: /usr/local/cuda-11.8 (found suitable version "11.8", minimum required is "11") 
[0.731s] -- Found CUDA: /usr/local/cuda-11.8 (found version "11.8") 
[0.735s] -- Found ament_cmake_auto: 1.3.14 (/opt/ros/humble/share/ament_cmake_auto/cmake)
[0.890s] -- Found Python3: /usr/bin/python3 (found version "3.10.12") found components: Interpreter 
[0.945s] -- Override CMake install command with custom implementation using symlinks instead of copying resources
[1.099s] -- Found rosidl_generator_c: 3.1.8 (/opt/ros/humble/share/rosidl_generator_c/cmake)
[1.106s] -- Found rosidl_adapter: 3.1.8 (/opt/ros/humble/share/rosidl_adapter/cmake)
[1.117s] -- Found rosidl_generator_cpp: 3.1.8 (/opt/ros/humble/share/rosidl_generator_cpp/cmake)
[1.135s] -- Using all available rosidl_typesupport_c: rosidl_typesupport_fastrtps_c;rosidl_typesupport_introspection_c
[1.158s] -- Using all available rosidl_typesupport_cpp: rosidl_typesupport_fastrtps_cpp;rosidl_typesupport_introspection_cpp
[1.281s] -- Found rmw_implementation_cmake: 6.1.2 (/opt/ros/humble/share/rmw_implementation_cmake/cmake)
[1.285s] -- Found rmw_cyclonedds_cpp: 1.3.4 (/opt/ros/humble/share/rmw_cyclonedds_cpp/cmake)
[1.307s] -- Using RMW implementation 'rmw_cyclonedds_cpp' as default
[1.579s] -- Found eigen3_cmake_module: 0.1.1 (/opt/ros/humble/share/eigen3_cmake_module/cmake)
[1.580s] -- Found Eigen3: TRUE (found version "3.4.0") 
[1.580s] -- Ensuring Eigen3 include directory is part of orocos-kdl CMake target
[1.717s] -- Found ament_lint_auto: 0.12.15 (/opt/ros/humble/share/ament_lint_auto/cmake)
[1.757s] -- Added test 'copyright' to check source files copyright and LICENSE
[1.758s] -- Added test 'cppcheck' to perform static code analysis on C / C++ code
[1.759s] -- Configured cppcheck include dirs: /home/xplore/dev_ws/src/src/zed-ros2-wrapper/zed_components/src/include;/home/xplore/dev_ws/src/src/zed-ros2-wrapper/zed_components/src/zed_camera/include;/home/xplore/dev_ws/src/src/zed-ros2-wrapper/zed_components/src/tools/include
[1.759s] -- Configured cppcheck exclude dirs and/or files: 
[1.759s] -- Added test 'lint_cmake' to check CMake code style
[1.760s] -- Added test 'uncrustify' to check C / C++ code style
[1.761s] -- Configured uncrustify additional arguments: 
[1.761s] -- Added test 'xmllint' to check XML markup files
[1.763s] -- Configuring done
[1.787s] -- Generating done
[1.794s] -- Build files have been written to: /home/xplore/dev_ws/src/src/build/zed_components
[1.803s] Invoked command in '/home/xplore/dev_ws/src/src/build/zed_components' returned '0': CMAKE_PREFIX_PATH=${CMAKE_PREFIX_PATH}:/opt/ros/humble /usr/bin/cmake /home/xplore/dev_ws/src/src/zed-ros2-wrapper/zed_components -DCMAKE_BUILD_TYPE=Release -DAMENT_CMAKE_SYMLINK_INSTALL=1 -DCMAKE_INSTALL_PREFIX=/home/xplore/dev_ws/src/src/install/zed_components
[1.805s] Invoking command in '/home/xplore/dev_ws/src/src/build/zed_components': CMAKE_PREFIX_PATH=${CMAKE_PREFIX_PATH}:/opt/ros/humble /usr/bin/cmake --build /home/xplore/dev_ws/src/src/build/zed_components -- -j24 -l24
[1.858s] [ 10%] [32mBuilding CXX object CMakeFiles/zed_camera_component.dir/src/tools/src/sl_tools.cpp.o[0m
[1.859s] [ 20%] [32mBuilding CXX object CMakeFiles/zed_camera_component.dir/src/tools/src/sl_win_avg.cpp.o[0m
[1.859s] [ 30%] [32mBuilding CXX object CMakeFiles/zed_camera_one_component.dir/src/zed_camera/src/zed_camera_one_component.cpp.o[0m
[1.859s] [ 40%] [32mBuilding CXX object CMakeFiles/zed_camera_component.dir/src/tools/src/gnss_replay.cpp.o[0m
[1.859s] [ 50%] [32mBuilding CXX object CMakeFiles/zed_camera_one_component.dir/src/tools/src/sl_win_avg.cpp.o[0m
[1.859s] [ 60%] [32mBuilding CXX object CMakeFiles/zed_camera_component.dir/src/zed_camera/src/zed_camera_component.cpp.o[0m
[1.859s] [ 70%] [32mBuilding CXX object CMakeFiles/zed_camera_one_component.dir/src/tools/src/sl_tools.cpp.o[0m
[1.861s] [ 80%] [32mBuilding CXX object CMakeFiles/zed_camera_one_component.dir/src/tools/src/gnss_replay.cpp.o[0m
[6.076s] In file included from [01m[K/opt/ros/humble/include/rclcpp/rclcpp/logging.hpp:24[m[K,
[6.076s]                  from [01m[K/opt/ros/humble/include/rclcpp/rclcpp/client.hpp:40[m[K,
[6.076s]                  from [01m[K/opt/ros/humble/include/rclcpp/rclcpp/callback_group.hpp:24[m[K,
[6.076s]                  from [01m[K/opt/ros/humble/include/rclcpp/rclcpp/any_executable.hpp:20[m[K,
[6.076s]                  from [01m[K/opt/ros/humble/include/rclcpp/rclcpp/memory_strategy.hpp:25[m[K,
[6.076s]                  from [01m[K/opt/ros/humble/include/rclcpp/rclcpp/memory_strategies.hpp:18[m[K,
[6.076s]                  from [01m[K/opt/ros/humble/include/rclcpp/rclcpp/executor_options.hpp:20[m[K,
[6.076s]                  from [01m[K/opt/ros/humble/include/rclcpp/rclcpp/executor.hpp:37[m[K,
[6.076s]                  from [01m[K/opt/ros/humble/include/rclcpp/rclcpp/executors/multi_threaded_executor.hpp:25[m[K,
[6.076s]                  from [01m[K/opt/ros/humble/include/rclcpp/rclcpp/executors.hpp:21[m[K,
[6.076s]                  from [01m[K/opt/ros/humble/include/rclcpp/rclcpp/rclcpp.hpp:155[m[K,
[6.076s]                  from [01m[K/opt/ros/humble/include/tf2_ros/tf2_ros/buffer_interface.hpp:50[m[K,
[6.076s]                  from [01m[K/opt/ros/humble/include/tf2_ros/tf2_ros/buffer.hpp:44[m[K,
[6.076s]                  from [01m[K/opt/ros/humble/include/tf2_ros/tf2_ros/buffer.h:35[m[K,
[6.076s]                  from [01m[K/home/xplore/dev_ws/src/src/zed-ros2-wrapper/zed_components/src/zed_camera/include/sl_types.hpp:18[m[K,
[6.076s]                  from [01m[K/home/xplore/dev_ws/src/src/zed-ros2-wrapper/zed_components/src/zed_camera/include/zed_camera_component.hpp:24[m[K,
[6.077s]                  from [01m[K/home/xplore/dev_ws/src/src/zed-ros2-wrapper/zed_components/src/zed_camera/src/zed_camera_component.cpp:15[m[K:
[6.077s] [01m[K/home/xplore/dev_ws/src/src/zed-ros2-wrapper/zed_components/src/zed_camera/src/zed_camera_component.cpp:[m[K In member function ‘[01m[Kbool stereolabs::ZedCamera::startCamera()[m[K’:
[6.077s] [01m[K/home/xplore/dev_ws/src/src/zed-ros2-wrapper/zed_components/src/zed_camera/src/zed_camera_component.cpp:4249:21:[m[K [01;35m[Kwarning: [m[Kformat ‘[01m[K%d[m[K’ expects argument of type ‘[01m[Kint[m[K’, but argument 5 has type ‘[01m[Ksize_t[m[K’ {aka ‘[01m[Klong unsigned int[m[K’} [[01;35m[K-Wformat=[m[K]
[6.077s]  4249 |       get_logger(), [01;35m[K" * SVO resolution -> %dx%d"[m[K,
[6.077s]       |                     [01;35m[K^~~~~~~~~~~~~~~~~~~~~~~~~~~~[m[K
[6.077s]  4250 |       [32m[KmZed->getCameraInformation().camera_configuration.resolution.width[m[K,
[6.077s]       |       [32m[K~~~~~~~~~~~~~~~~~~~~~~~~~~~~~~~~~~~~~~~~~~~~~~~~~~~~~~~~~~~~~~~~~~[m[K
[6.077s]       |                                                                    [32m[K|[m[K
[6.077s]       |                                                                    [32m[Ksize_t {aka long unsigned int}[m[K
[6.077s] [01m[K/home/xplore/dev_ws/src/src/zed-ros2-wrapper/zed_components/src/zed_camera/src/zed_camera_component.cpp:4249:44:[m[K [01;36m[Knote: [m[Kformat string is defined here
[6.077s]  4249 |       get_logger(), " * SVO resolution -> [01;36m[K%d[m[Kx%d",
[6.077s]       |                                           [01;36m[K~^[m[K
[6.077s]       |                                            [01;36m[K|[m[K
[6.077s]       |                                            [01;36m[Kint[m[K
[6.077s]       |                                           [32m[K%ld[m[K
[6.077s] In file included from [01m[K/opt/ros/humble/include/rclcpp/rclcpp/logging.hpp:24[m[K,
[6.077s]                  from [01m[K/opt/ros/humble/include/rclcpp/rclcpp/client.hpp:40[m[K,
[6.077s]                  from [01m[K/opt/ros/humble/include/rclcpp/rclcpp/callback_group.hpp:24[m[K,
[6.077s]                  from [01m[K/opt/ros/humble/include/rclcpp/rclcpp/any_executable.hpp:20[m[K,
[6.077s]                  from [01m[K/opt/ros/humble/include/rclcpp/rclcpp/memory_strategy.hpp:25[m[K,
[6.077s]                  from [01m[K/opt/ros/humble/include/rclcpp/rclcpp/memory_strategies.hpp:18[m[K,
[6.077s]                  from [01m[K/opt/ros/humble/include/rclcpp/rclcpp/executor_options.hpp:20[m[K,
[6.077s]                  from [01m[K/opt/ros/humble/include/rclcpp/rclcpp/executor.hpp:37[m[K,
[6.077s]                  from [01m[K/opt/ros/humble/include/rclcpp/rclcpp/executors/multi_threaded_executor.hpp:25[m[K,
[6.077s]                  from [01m[K/opt/ros/humble/include/rclcpp/rclcpp/executors.hpp:21[m[K,
[6.077s]                  from [01m[K/opt/ros/humble/include/rclcpp/rclcpp/rclcpp.hpp:155[m[K,
[6.077s]                  from [01m[K/opt/ros/humble/include/tf2_ros/tf2_ros/buffer_interface.hpp:50[m[K,
[6.077s]                  from [01m[K/opt/ros/humble/include/tf2_ros/tf2_ros/buffer.hpp:44[m[K,
[6.078s]                  from [01m[K/opt/ros/humble/include/tf2_ros/tf2_ros/buffer.h:35[m[K,
[6.078s]                  from [01m[K/home/xplore/dev_ws/src/src/zed-ros2-wrapper/zed_components/src/zed_camera/include/sl_types.hpp:18[m[K,
[6.078s]                  from [01m[K/home/xplore/dev_ws/src/src/zed-ros2-wrapper/zed_components/src/zed_camera/include/zed_camera_component.hpp:24[m[K,
[6.078s]                  from [01m[K/home/xplore/dev_ws/src/src/zed-ros2-wrapper/zed_components/src/zed_camera/src/zed_camera_component.cpp:15[m[K:
[6.078s] [01m[K/home/xplore/dev_ws/src/src/zed-ros2-wrapper/zed_components/src/zed_camera/src/zed_camera_component.cpp:4249:21:[m[K [01;35m[Kwarning: [m[Kformat ‘[01m[K%d[m[K’ expects argument of type ‘[01m[Kint[m[K’, but argument 6 has type ‘[01m[Ksize_t[m[K’ {aka ‘[01m[Klong unsigned int[m[K’} [[01;35m[K-Wformat=[m[K]
[6.078s]  4249 |       get_logger(), [01;35m[K" * SVO resolution -> %dx%d"[m[K,
[6.078s]       |                     [01;35m[K^~~~~~~~~~~~~~~~~~~~~~~~~~~~[m[K
[6.078s]  4250 |       mZed->getCameraInformation().camera_configuration.resolution.width,
[6.078s]  4251 |       [32m[KmZed->getCameraInformation().camera_configuration.resolution.height[m[K);
[6.078s]       |       [32m[K~~~~~~~~~~~~~~~~~~~~~~~~~~~~~~~~~~~~~~~~~~~~~~~~~~~~~~~~~~~~~~~~~~~[m[K
[6.078s]       |                                                                    [32m[K|[m[K
[6.078s]       |                                                                    [32m[Ksize_t {aka long unsigned int}[m[K
[6.078s] [01m[K/home/xplore/dev_ws/src/src/zed-ros2-wrapper/zed_components/src/zed_camera/src/zed_camera_component.cpp:4249:47:[m[K [01;36m[Knote: [m[Kformat string is defined here
[6.078s]  4249 |       get_logger(), " * SVO resolution -> %dx[01;36m[K%d[m[K",
[6.078s]       |                                              [01;36m[K~^[m[K
[6.078s]       |                                               [01;36m[K|[m[K
[6.078s]       |                                               [01;36m[Kint[m[K
[6.078s]       |                                              [32m[K%ld[m[K
[17.670s] [ 90%] [32m[1mLinking CXX shared library libzed_camera_one_component.so[0m
[17.984s] [ 90%] Built target zed_camera_one_component
[56.392s] [100%] [32m[1mLinking CXX shared library libzed_camera_component.so[0m
[56.905s] [100%] Built target zed_camera_component
[56.919s] Invoked command in '/home/xplore/dev_ws/src/src/build/zed_components' returned '0': CMAKE_PREFIX_PATH=${CMAKE_PREFIX_PATH}:/opt/ros/humble /usr/bin/cmake --build /home/xplore/dev_ws/src/src/build/zed_components -- -j24 -l24
[56.926s] Invoking command in '/home/xplore/dev_ws/src/src/build/zed_components': CMAKE_PREFIX_PATH=${CMAKE_PREFIX_PATH}:/opt/ros/humble /usr/bin/cmake --install /home/xplore/dev_ws/src/src/build/zed_components
[56.932s] -- Install configuration: "Release"
[56.933s] -- Execute custom install script
[56.933s] -- Symlinking: /home/xplore/dev_ws/src/src/install/zed_components/lib/libzed_camera_component.so
[56.942s] -- Symlinking: /home/xplore/dev_ws/src/src/install/zed_components/lib/libzed_camera_one_component.so
[56.948s] -- Symlinking: /home/xplore/dev_ws/src/src/install/zed_components/include/zed_components//cost_traversability.hpp
[56.955s] -- Symlinking: /home/xplore/dev_ws/src/src/install/zed_components/include/zed_components//sl_types.hpp
[56.963s] -- Symlinking: /home/xplore/dev_ws/src/src/install/zed_components/include/zed_components//zed_camera_component.hpp
[56.970s] -- Symlinking: /home/xplore/dev_ws/src/src/install/zed_components/include/zed_components//zed_camera_one_component.hpp
[56.976s] -- Symlinking: /home/xplore/dev_ws/src/src/install/zed_components/include/zed_components//gnss_replay.hpp
[56.983s] -- Symlinking: /home/xplore/dev_ws/src/src/install/zed_components/include/zed_components//json.hpp
[56.990s] -- Symlinking: /home/xplore/dev_ws/src/src/install/zed_components/include/zed_components//sl_logging.hpp
[56.998s] -- Symlinking: /home/xplore/dev_ws/src/src/install/zed_components/include/zed_components//sl_tools.hpp
[57.005s] -- Symlinking: /home/xplore/dev_ws/src/src/install/zed_components/include/zed_components//sl_win_avg.hpp
[57.013s] -- Symlinking: /home/xplore/dev_ws/src/src/install/zed_components/include/zed_components//visibility_control.hpp
[57.023s] -- Symlinking: /home/xplore/dev_ws/src/src/install/zed_components/share/zed_components/environment/library_path.sh
[57.030s] -- Symlinking: /home/xplore/dev_ws/src/src/install/zed_components/share/zed_components/environment/library_path.dsv
[57.037s] -- Symlinking: /home/xplore/dev_ws/src/src/install/zed_components/share/ament_index/resource_index/package_run_dependencies/zed_components
[57.045s] -- Symlinking: /home/xplore/dev_ws/src/src/install/zed_components/share/ament_index/resource_index/parent_prefix_path/zed_components
[57.052s] -- Symlinking: /home/xplore/dev_ws/src/src/install/zed_components/share/zed_components/environment/ament_prefix_path.sh
[57.060s] -- Symlinking: /home/xplore/dev_ws/src/src/install/zed_components/share/zed_components/environment/ament_prefix_path.dsv
[57.068s] -- Symlinking: /home/xplore/dev_ws/src/src/install/zed_components/share/zed_components/environment/path.sh
[57.076s] -- Symlinking: /home/xplore/dev_ws/src/src/install/zed_components/share/zed_components/environment/path.dsv
[57.083s] -- Symlinking: /home/xplore/dev_ws/src/src/install/zed_components/share/zed_components/local_setup.bash
[57.091s] -- Symlinking: /home/xplore/dev_ws/src/src/install/zed_components/share/zed_components/local_setup.sh
[57.099s] -- Symlinking: /home/xplore/dev_ws/src/src/install/zed_components/share/zed_components/local_setup.zsh
[57.107s] -- Symlinking: /home/xplore/dev_ws/src/src/install/zed_components/share/zed_components/local_setup.dsv
[57.116s] -- Symlinking: /home/xplore/dev_ws/src/src/install/zed_components/share/zed_components/package.dsv
[57.124s] -- Symlinking: /home/xplore/dev_ws/src/src/install/zed_components/share/ament_index/resource_index/packages/zed_components
[57.132s] -- Symlinking: /home/xplore/dev_ws/src/src/install/zed_components/share/ament_index/resource_index/rclcpp_components/zed_components
[57.140s] -- Symlinking: /home/xplore/dev_ws/src/src/install/zed_components/share/zed_components/cmake/ament_cmake_export_include_directories-extras.cmake
[57.147s] -- Symlinking: /home/xplore/dev_ws/src/src/install/zed_components/share/zed_components/cmake/ament_cmake_export_libraries-extras.cmake
[57.156s] -- Symlinking: /home/xplore/dev_ws/src/src/install/zed_components/share/zed_components/cmake/ament_cmake_export_dependencies-extras.cmake
[57.164s] -- Symlinking: /home/xplore/dev_ws/src/src/install/zed_components/share/zed_components/cmake/zed_componentsConfig.cmake
[57.172s] -- Symlinking: /home/xplore/dev_ws/src/src/install/zed_components/share/zed_components/cmake/zed_componentsConfig-version.cmake
[57.180s] -- Symlinking: /home/xplore/dev_ws/src/src/install/zed_components/share/zed_components/package.xml
[57.189s] Invoked command in '/home/xplore/dev_ws/src/src/build/zed_components' returned '0': CMAKE_PREFIX_PATH=${CMAKE_PREFIX_PATH}:/opt/ros/humble /usr/bin/cmake --install /home/xplore/dev_ws/src/src/build/zed_components
