[0.020s] Invoking command in '/home/edgard/Desktop/AITEAM/nav/build/zed_components': CMAKE_PREFIX_PATH=/opt/ros/humble CONDA_PROMPT_MODIFIER=(base) /usr/bin/cmake /home/edgard/Desktop/AITEAM/nav/src/isaac/src/zed-ros2-wrapper/zed_components -DAMENT_CMAKE_SYMLINK_INSTALL=1 -DCMAKE_INSTALL_PREFIX=/home/edgard/Desktop/AITEAM/nav/install/zed_components
[0.231s] -- Found CUDA: /usr/local/cuda (found suitable version "13.0", minimum required is "13") 
[0.231s] -- Found CUDA: /usr/local/cuda (found version "13.0") 
[0.231s] -- Found ament_cmake_auto: 1.3.14 (/opt/ros/humble/share/ament_cmake_auto/cmake)
[0.231s] -- Override CMake install command with custom implementation using symlinks instead of copying resources
[0.316s] -- Found rosidl_generator_c: 3.1.8 (/opt/ros/humble/share/rosidl_generator_c/cmake)
[0.318s] -- Found rosidl_adapter: 3.1.8 (/opt/ros/humble/share/rosidl_adapter/cmake)
[0.322s] -- Found rosidl_generator_cpp: 3.1.8 (/opt/ros/humble/share/rosidl_generator_cpp/cmake)
[0.329s] -- Using all available rosidl_typesupport_c: rosidl_typesupport_fastrtps_c;rosidl_typesupport_introspection_c
[0.343s] -- Using all available rosidl_typesupport_cpp: rosidl_typesupport_fastrtps_cpp;rosidl_typesupport_introspection_cpp
[0.416s] -- Found rmw_implementation_cmake: 6.1.2 (/opt/ros/humble/share/rmw_implementation_cmake/cmake)
[0.417s] -- Found rmw_fastrtps_cpp: 6.2.10 (/opt/ros/humble/share/rmw_fastrtps_cpp/cmake)
[0.503s] -- Using RMW implementation 'rmw_fastrtps_cpp' as default
[0.663s] -- Found eigen3_cmake_module: 0.1.1 (/opt/ros/humble/share/eigen3_cmake_module/cmake)
[0.664s] -- Ensuring Eigen3 include directory is part of orocos-kdl CMake target
[0.758s] [31mCMake Error at CMakeLists.txt:133 (find_package):
[0.758s]   By not providing "Findgeographic_msgs.cmake" in CMAKE_MODULE_PATH this
[0.758s]   project has asked CMake to find a package configuration file provided by
[0.758s]   "geographic_msgs", but CMake did not find one.
[0.758s] 
[0.758s]   Could not find a package configuration file provided by "geographic_msgs"
[0.758s]   with any of the following names:
[0.758s] 
[0.758s]     geographic_msgsConfig.cmake
[0.758s]     geographic_msgs-config.cmake
[0.758s] 
[0.758s]   Add the installation prefix of "geographic_msgs" to CMAKE_PREFIX_PATH or
[0.758s]   set "geographic_msgs_DIR" to a directory containing one of the above files.
[0.758s]   If "geographic_msgs" provides a separate development package or SDK, be
[0.758s]   sure it has been installed.
[0.758s] 
[0.759s] [0m
[0.759s] -- Configuring incomplete, errors occurred!
[0.759s] See also "/home/edgard/Desktop/AITEAM/nav/build/zed_components/CMakeFiles/CMakeOutput.log".
[0.759s] See also "/home/edgard/Desktop/AITEAM/nav/build/zed_components/CMakeFiles/CMakeError.log".
[0.764s] Invoked command in '/home/edgard/Desktop/AITEAM/nav/build/zed_components' returned '1': CMAKE_PREFIX_PATH=/opt/ros/humble CONDA_PROMPT_MODIFIER=(base) /usr/bin/cmake /home/edgard/Desktop/AITEAM/nav/src/isaac/src/zed-ros2-wrapper/zed_components -DAMENT_CMAKE_SYMLINK_INSTALL=1 -DCMAKE_INSTALL_PREFIX=/home/edgard/Desktop/AITEAM/nav/install/zed_components
