[0.020s] Invoking command in '/home/edgard/Desktop/AITEAM/nav/build/zed_components': CMAKE_PREFIX_PATH=/opt/ros/humble CONDA_PROMPT_MODIFIER=(base) /usr/bin/cmake /home/edgard/Desktop/AITEAM/nav/src/isaac/src/zed-ros2-wrapper/zed_components -DAMENT_CMAKE_SYMLINK_INSTALL=1 -DCMAKE_INSTALL_PREFIX=/home/edgard/Desktop/AITEAM/nav/install/zed_components
[0.238s] -- Found CUDA: /usr/local/cuda (found suitable version "13.0", minimum required is "13") 
[0.238s] -- Found CUDA: /usr/local/cuda (found version "13.0") 
[0.238s] -- Found ament_cmake_auto: 1.3.14 (/opt/ros/humble/share/ament_cmake_auto/cmake)
[0.238s] -- Override CMake install command with custom implementation using symlinks instead of copying resources
[0.350s] -- Found rosidl_generator_c: 3.1.8 (/opt/ros/humble/share/rosidl_generator_c/cmake)
[0.352s] -- Found rosidl_adapter: 3.1.8 (/opt/ros/humble/share/rosidl_adapter/cmake)
[0.357s] -- Found rosidl_generator_cpp: 3.1.8 (/opt/ros/humble/share/rosidl_generator_cpp/cmake)
[0.364s] -- Using all available rosidl_typesupport_c: rosidl_typesupport_fastrtps_c;rosidl_typesupport_introspection_c
[0.373s] -- Using all available rosidl_typesupport_cpp: rosidl_typesupport_fastrtps_cpp;rosidl_typesupport_introspection_cpp
[0.398s] -- Found rmw_implementation_cmake: 6.1.2 (/opt/ros/humble/share/rmw_implementation_cmake/cmake)
[0.399s] -- Found rmw_fastrtps_cpp: 6.2.10 (/opt/ros/humble/share/rmw_fastrtps_cpp/cmake)
[0.492s] -- Using RMW implementation 'rmw_fastrtps_cpp' as default
[0.676s] -- Found eigen3_cmake_module: 0.1.1 (/opt/ros/humble/share/eigen3_cmake_module/cmake)
[0.677s] -- Ensuring Eigen3 include directory is part of orocos-kdl CMake target
[0.778s] [33mCMake Warning at CMakeLists.txt:122 (find_package):
[0.779s]   By not providing "Findzed_msgs.cmake" in CMAKE_MODULE_PATH this project has
[0.779s]   asked CMake to find a package configuration file provided by "zed_msgs",
[0.779s]   but CMake did not find one.
[0.779s] 
[0.779s]   Could not find a package configuration file provided by "zed_msgs" with any
[0.779s]   of the following names:
[0.779s] 
[0.779s]     zed_msgsConfig.cmake
[0.779s]     zed_msgs-config.cmake
[0.779s] 
[0.779s]   Add the installation prefix of "zed_msgs" to CMAKE_PREFIX_PATH or set
[0.780s]   "zed_msgs_DIR" to a directory containing one of the above files.  If
[0.780s]   "zed_msgs" provides a separate development package or SDK, be sure it has
[0.780s]   been installed.
[0.780s] 
[0.780s] [0m
[0.789s] [31mCMake Error at CMakeLists.txt:132 (find_package):
[0.790s]   By not providing "Findnmea_msgs.cmake" in CMAKE_MODULE_PATH this project
[0.790s]   has asked CMake to find a package configuration file provided by
[0.790s]   "nmea_msgs", but CMake did not find one.
[0.790s] 
[0.790s]   Could not find a package configuration file provided by "nmea_msgs" with
[0.790s]   any of the following names:
[0.790s] 
[0.790s]     nmea_msgsConfig.cmake
[0.790s]     nmea_msgs-config.cmake
[0.790s] 
[0.790s]   Add the installation prefix of "nmea_msgs" to CMAKE_PREFIX_PATH or set
[0.791s]   "nmea_msgs_DIR" to a directory containing one of the above files.  If
[0.791s]   "nmea_msgs" provides a separate development package or SDK, be sure it has
[0.791s]   been installed.
[0.791s] 
[0.791s] [0m
[0.791s] -- Configuring incomplete, errors occurred!
[0.791s] See also "/home/edgard/Desktop/AITEAM/nav/build/zed_components/CMakeFiles/CMakeOutput.log".
[0.791s] See also "/home/edgard/Desktop/AITEAM/nav/build/zed_components/CMakeFiles/CMakeError.log".
[0.803s] Invoked command in '/home/edgard/Desktop/AITEAM/nav/build/zed_components' returned '1': CMAKE_PREFIX_PATH=/opt/ros/humble CONDA_PROMPT_MODIFIER=(base) /usr/bin/cmake /home/edgard/Desktop/AITEAM/nav/src/isaac/src/zed-ros2-wrapper/zed_components -DAMENT_CMAKE_SYMLINK_INSTALL=1 -DCMAKE_INSTALL_PREFIX=/home/edgard/Desktop/AITEAM/nav/install/zed_components
