[0.498s] Invoking command in '/home/edgard/Desktop/AITEAM/nav/build/isaac_ros_pointcloud_interfaces': AMENT_PREFIX_PATH=/home/edgard/Desktop/AITEAM/nav/install/isaac_ros_common:${AMENT_PREFIX_PATH} CMAKE_PREFIX_PATH=/home/edgard/Desktop/AITEAM/nav/install/isaac_ros_common:/opt/ros/humble CONDA_PROMPT_MODIFIER=(base) LD_LIBRARY_PATH=/home/edgard/Desktop/AITEAM/nav/install/isaac_ros_common/lib:/opt/ros/humble/opt/rviz_ogre_vendor/lib:/opt/ros/humble/lib/x86_64-linux-gnu:/opt/ros/humble/lib:/home/edgard/Downloads/TensorRT-10.13.2.6/lib PATH=/home/edgard/Desktop/AITEAM/nav/install/isaac_ros_common/bin:${PATH} PYTHONPATH=/home/edgard/Desktop/AITEAM/nav/install/isaac_ros_common/local/lib/python3.10/dist-packages:${PYTHONPATH} /usr/bin/cmake --build /home/edgard/Desktop/AITEAM/nav/build/isaac_ros_pointcloud_interfaces -- -j24 -l24
[0.737s] [35m[1mConsolidate compiler generated dependencies of target isaac_ros_pointcloud_interfaces__rosidl_generator_c[0m
[0.737s] [  3%] Built target isaac_ros_pointcloud_interfaces__rs
[0.737s] [  9%] Built target generate_version_info_target_isaac_ros_pointcloud_interfaces
[0.737s] [  9%] Built target isaac_ros_pointcloud_interfaces__cpp
[0.737s] [ 18%] Built target isaac_ros_pointcloud_interfaces__rosidl_generator_c
[0.737s] [ 18%] Built target ament_cmake_python_symlink_isaac_ros_pointcloud_interfaces
[0.737s] [35m[1mConsolidate compiler generated dependencies of target isaac_ros_pointcloud_interfaces__rosidl_typesupport_fastrtps_cpp[0m
[0.738s] [35m[1mConsolidate compiler generated dependencies of target isaac_ros_pointcloud_interfaces__rosidl_typesupport_introspection_cpp[0m
[0.738s] [35m[1mConsolidate compiler generated dependencies of target isaac_ros_pointcloud_interfaces__rosidl_typesupport_cpp[0m
[0.738s] [35m[1mConsolidate compiler generated dependencies of target isaac_ros_pointcloud_interfaces__rosidl_typesupport_c[0m
[0.738s] [35m[1mConsolidate compiler generated dependencies of target isaac_ros_pointcloud_interfaces__rosidl_typesupport_introspection_c[0m
[0.738s] [35m[1mConsolidate compiler generated dependencies of target isaac_ros_pointcloud_interfaces__rosidl_typesupport_fastrtps_c[0m
[0.738s] [ 27%] Built target isaac_ros_pointcloud_interfaces__rosidl_typesupport_fastrtps_cpp
[0.738s] [ 36%] Built target isaac_ros_pointcloud_interfaces__rosidl_typesupport_introspection_cpp
[0.738s] [ 45%] Built target isaac_ros_pointcloud_interfaces__rosidl_typesupport_cpp
[0.738s] [ 54%] Built target isaac_ros_pointcloud_interfaces__rosidl_typesupport_introspection_c
[0.738s] [ 63%] Built target isaac_ros_pointcloud_interfaces__rosidl_typesupport_c
[0.738s] [ 72%] Built target isaac_ros_pointcloud_interfaces__rosidl_typesupport_fastrtps_c
[0.738s] [ 72%] Built target isaac_ros_pointcloud_interfaces
[0.738s] [ 75%] Built target isaac_ros_pointcloud_interfaces__py
[0.738s] [35m[1mConsolidate compiler generated dependencies of target isaac_ros_pointcloud_interfaces__rosidl_generator_py[0m
[0.738s] [ 81%] Built target isaac_ros_pointcloud_interfaces__rosidl_generator_py
[0.738s] [35m[1mConsolidate compiler generated dependencies of target isaac_ros_pointcloud_interfaces__rosidl_typesupport_fastrtps_c__pyext[0m
[0.738s] [35m[1mConsolidate compiler generated dependencies of target isaac_ros_pointcloud_interfaces__rosidl_typesupport_introspection_c__pyext[0m
[0.738s] [35m[1mConsolidate compiler generated dependencies of target isaac_ros_pointcloud_interfaces__rosidl_typesupport_c__pyext[0m
[0.738s] [ 87%] Built target isaac_ros_pointcloud_interfaces__rosidl_typesupport_fastrtps_c__pyext
[0.738s] [ 93%] Built target isaac_ros_pointcloud_interfaces__rosidl_typesupport_introspection_c__pyext
[0.738s] [100%] Built target isaac_ros_pointcloud_interfaces__rosidl_typesupport_c__pyext
[0.747s] running egg_info
[0.747s] writing isaac_ros_pointcloud_interfaces.egg-info/PKG-INFO
[0.747s] writing dependency_links to isaac_ros_pointcloud_interfaces.egg-info/dependency_links.txt
[0.747s] writing top-level names to isaac_ros_pointcloud_interfaces.egg-info/top_level.txt
[0.748s] reading manifest file 'isaac_ros_pointcloud_interfaces.egg-info/SOURCES.txt'
[0.749s] writing manifest file 'isaac_ros_pointcloud_interfaces.egg-info/SOURCES.txt'
[0.774s] [100%] Built target ament_cmake_python_build_isaac_ros_pointcloud_interfaces_egg
[1.014s] Invoked command in '/home/edgard/Desktop/AITEAM/nav/build/isaac_ros_pointcloud_interfaces' returned '0': AMENT_PREFIX_PATH=/home/edgard/Desktop/AITEAM/nav/install/isaac_ros_common:${AMENT_PREFIX_PATH} CMAKE_PREFIX_PATH=/home/edgard/Desktop/AITEAM/nav/install/isaac_ros_common:/opt/ros/humble CONDA_PROMPT_MODIFIER=(base) LD_LIBRARY_PATH=/home/edgard/Desktop/AITEAM/nav/install/isaac_ros_common/lib:/opt/ros/humble/opt/rviz_ogre_vendor/lib:/opt/ros/humble/lib/x86_64-linux-gnu:/opt/ros/humble/lib:/home/edgard/Downloads/TensorRT-10.13.2.6/lib PATH=/home/edgard/Desktop/AITEAM/nav/install/isaac_ros_common/bin:${PATH} PYTHONPATH=/home/edgard/Desktop/AITEAM/nav/install/isaac_ros_common/local/lib/python3.10/dist-packages:${PYTHONPATH} /usr/bin/cmake --build /home/edgard/Desktop/AITEAM/nav/build/isaac_ros_pointcloud_interfaces -- -j24 -l24
[1.015s] Invoking command in '/home/edgard/Desktop/AITEAM/nav/build/isaac_ros_pointcloud_interfaces': AMENT_PREFIX_PATH=/home/edgard/Desktop/AITEAM/nav/install/isaac_ros_common:${AMENT_PREFIX_PATH} CMAKE_PREFIX_PATH=/home/edgard/Desktop/AITEAM/nav/install/isaac_ros_common:/opt/ros/humble CONDA_PROMPT_MODIFIER=(base) LD_LIBRARY_PATH=/home/edgard/Desktop/AITEAM/nav/install/isaac_ros_common/lib:/opt/ros/humble/opt/rviz_ogre_vendor/lib:/opt/ros/humble/lib/x86_64-linux-gnu:/opt/ros/humble/lib:/home/edgard/Downloads/TensorRT-10.13.2.6/lib PATH=/home/edgard/Desktop/AITEAM/nav/install/isaac_ros_common/bin:${PATH} PYTHONPATH=/home/edgard/Desktop/AITEAM/nav/install/isaac_ros_common/local/lib/python3.10/dist-packages:${PYTHONPATH} /usr/bin/cmake --install /home/edgard/Desktop/AITEAM/nav/build/isaac_ros_pointcloud_interfaces
[1.055s] -- Install configuration: "Release"
[1.057s] -- Execute custom install script
[1.058s] -- Symlinking: /home/edgard/Desktop/AITEAM/nav/install/isaac_ros_pointcloud_interfaces/share/ament_index/resource_index/rosidl_interfaces/isaac_ros_pointcloud_interfaces
[1.058s] -- Symlinking: /home/edgard/Desktop/AITEAM/nav/install/isaac_ros_pointcloud_interfaces/include/isaac_ros_pointcloud_interfaces/isaac_ros_pointcloud_interfaces/msg/detail/flat_scan__functions.h
[1.058s] -- Symlinking: /home/edgard/Desktop/AITEAM/nav/install/isaac_ros_pointcloud_interfaces/include/isaac_ros_pointcloud_interfaces/isaac_ros_pointcloud_interfaces/msg/detail/flat_scan__struct.h
[1.060s] -- Symlinking: /home/edgard/Desktop/AITEAM/nav/install/isaac_ros_pointcloud_interfaces/include/isaac_ros_pointcloud_interfaces/isaac_ros_pointcloud_interfaces/msg/detail/flat_scan__type_support.h
[1.070s] -- Symlinking: /home/edgard/Desktop/AITEAM/nav/install/isaac_ros_pointcloud_interfaces/include/isaac_ros_pointcloud_interfaces/isaac_ros_pointcloud_interfaces/msg/flat_scan.h
[1.091s] -- Symlinking: /home/edgard/Desktop/AITEAM/nav/install/isaac_ros_pointcloud_interfaces/include/isaac_ros_pointcloud_interfaces/isaac_ros_pointcloud_interfaces/msg/rosidl_generator_c__visibility_control.h
[1.116s] -- Symlinking: /home/edgard/Desktop/AITEAM/nav/install/isaac_ros_pointcloud_interfaces/share/isaac_ros_pointcloud_interfaces/environment/library_path.sh
[1.137s] -- Symlinking: /home/edgard/Desktop/AITEAM/nav/install/isaac_ros_pointcloud_interfaces/share/isaac_ros_pointcloud_interfaces/environment/library_path.dsv
[1.171s] -- Symlinking: /home/edgard/Desktop/AITEAM/nav/install/isaac_ros_pointcloud_interfaces/include/isaac_ros_pointcloud_interfaces/isaac_ros_pointcloud_interfaces/msg/detail/flat_scan__rosidl_typesupport_fastrtps_c.h
[1.204s] -- Symlinking: /home/edgard/Desktop/AITEAM/nav/install/isaac_ros_pointcloud_interfaces/include/isaac_ros_pointcloud_interfaces/isaac_ros_pointcloud_interfaces/msg/rosidl_typesupport_fastrtps_c__visibility_control.h
[1.225s] -- Symlinking: /home/edgard/Desktop/AITEAM/nav/install/isaac_ros_pointcloud_interfaces/include/isaac_ros_pointcloud_interfaces/isaac_ros_pointcloud_interfaces/msg/detail/flat_scan__rosidl_typesupport_introspection_c.h
[1.242s] -- Symlinking: /home/edgard/Desktop/AITEAM/nav/install/isaac_ros_pointcloud_interfaces/include/isaac_ros_pointcloud_interfaces/isaac_ros_pointcloud_interfaces/msg/rosidl_typesupport_introspection_c__visibility_control.h
[1.258s] -- Symlinking: /home/edgard/Desktop/AITEAM/nav/install/isaac_ros_pointcloud_interfaces/include/isaac_ros_pointcloud_interfaces/isaac_ros_pointcloud_interfaces/msg/detail/flat_scan__builder.hpp
[1.272s] -- Symlinking: /home/edgard/Desktop/AITEAM/nav/install/isaac_ros_pointcloud_interfaces/include/isaac_ros_pointcloud_interfaces/isaac_ros_pointcloud_interfaces/msg/detail/flat_scan__struct.hpp
[1.286s] -- Symlinking: /home/edgard/Desktop/AITEAM/nav/install/isaac_ros_pointcloud_interfaces/include/isaac_ros_pointcloud_interfaces/isaac_ros_pointcloud_interfaces/msg/detail/flat_scan__traits.hpp
[1.301s] -- Symlinking: /home/edgard/Desktop/AITEAM/nav/install/isaac_ros_pointcloud_interfaces/include/isaac_ros_pointcloud_interfaces/isaac_ros_pointcloud_interfaces/msg/detail/flat_scan__type_support.hpp
[1.315s] -- Symlinking: /home/edgard/Desktop/AITEAM/nav/install/isaac_ros_pointcloud_interfaces/include/isaac_ros_pointcloud_interfaces/isaac_ros_pointcloud_interfaces/msg/flat_scan.hpp
[1.329s] -- Symlinking: /home/edgard/Desktop/AITEAM/nav/install/isaac_ros_pointcloud_interfaces/include/isaac_ros_pointcloud_interfaces/isaac_ros_pointcloud_interfaces/msg/rosidl_generator_cpp__visibility_control.hpp
[1.341s] -- Symlinking: /home/edgard/Desktop/AITEAM/nav/install/isaac_ros_pointcloud_interfaces/include/isaac_ros_pointcloud_interfaces/isaac_ros_pointcloud_interfaces/msg/detail/flat_scan__rosidl_typesupport_fastrtps_cpp.hpp
[1.359s] -- Symlinking: /home/edgard/Desktop/AITEAM/nav/install/isaac_ros_pointcloud_interfaces/include/isaac_ros_pointcloud_interfaces/isaac_ros_pointcloud_interfaces/msg/rosidl_typesupport_fastrtps_cpp__visibility_control.h
[1.374s] -- Symlinking: /home/edgard/Desktop/AITEAM/nav/install/isaac_ros_pointcloud_interfaces/include/isaac_ros_pointcloud_interfaces/isaac_ros_pointcloud_interfaces/msg/detail/flat_scan__rosidl_typesupport_introspection_cpp.hpp
[1.381s] -- Symlinking: /home/edgard/Desktop/AITEAM/nav/install/isaac_ros_pointcloud_interfaces/share/isaac_ros_pointcloud_interfaces/environment/pythonpath.sh
[1.394s] -- Symlinking: /home/edgard/Desktop/AITEAM/nav/install/isaac_ros_pointcloud_interfaces/share/isaac_ros_pointcloud_interfaces/environment/pythonpath.dsv
[1.409s] -- Symlinking: /home/edgard/Desktop/AITEAM/nav/install/isaac_ros_pointcloud_interfaces/local/lib/python3.10/dist-packages/isaac_ros_pointcloud_interfaces-3.2.5-py3.10.egg-info/PKG-INFO
[1.430s] -- Symlinking: /home/edgard/Desktop/AITEAM/nav/install/isaac_ros_pointcloud_interfaces/local/lib/python3.10/dist-packages/isaac_ros_pointcloud_interfaces-3.2.5-py3.10.egg-info/SOURCES.txt
[1.445s] -- Symlinking: /home/edgard/Desktop/AITEAM/nav/install/isaac_ros_pointcloud_interfaces/local/lib/python3.10/dist-packages/isaac_ros_pointcloud_interfaces-3.2.5-py3.10.egg-info/dependency_links.txt
[1.450s] -- Symlinking: /home/edgard/Desktop/AITEAM/nav/install/isaac_ros_pointcloud_interfaces/local/lib/python3.10/dist-packages/isaac_ros_pointcloud_interfaces-3.2.5-py3.10.egg-info/top_level.txt
[1.461s] -- Symlinking: /home/edgard/Desktop/AITEAM/nav/install/isaac_ros_pointcloud_interfaces/local/lib/python3.10/dist-packages/isaac_ros_pointcloud_interfaces/__init__.py
[1.476s] -- Symlinking: /home/edgard/Desktop/AITEAM/nav/install/isaac_ros_pointcloud_interfaces/local/lib/python3.10/dist-packages/isaac_ros_pointcloud_interfaces/_isaac_ros_pointcloud_interfaces_s.ep.rosidl_typesupport_c.c
[1.485s] -- Symlinking: /home/edgard/Desktop/AITEAM/nav/install/isaac_ros_pointcloud_interfaces/local/lib/python3.10/dist-packages/isaac_ros_pointcloud_interfaces/_isaac_ros_pointcloud_interfaces_s.ep.rosidl_typesupport_fastrtps_c.c
[1.507s] -- Symlinking: /home/edgard/Desktop/AITEAM/nav/install/isaac_ros_pointcloud_interfaces/local/lib/python3.10/dist-packages/isaac_ros_pointcloud_interfaces/_isaac_ros_pointcloud_interfaces_s.ep.rosidl_typesupport_introspection_c.c
[1.540s] -- Symlinking: /home/edgard/Desktop/AITEAM/nav/install/isaac_ros_pointcloud_interfaces/local/lib/python3.10/dist-packages/isaac_ros_pointcloud_interfaces/isaac_ros_pointcloud_interfaces_s__rosidl_typesupport_c.cpython-310-x86_64-linux-gnu.so
[1.562s] -- Symlinking: /home/edgard/Desktop/AITEAM/nav/install/isaac_ros_pointcloud_interfaces/local/lib/python3.10/dist-packages/isaac_ros_pointcloud_interfaces/isaac_ros_pointcloud_interfaces_s__rosidl_typesupport_fastrtps_c.cpython-310-x86_64-linux-gnu.so
[1.578s] -- Symlinking: /home/edgard/Desktop/AITEAM/nav/install/isaac_ros_pointcloud_interfaces/local/lib/python3.10/dist-packages/isaac_ros_pointcloud_interfaces/isaac_ros_pointcloud_interfaces_s__rosidl_typesupport_introspection_c.cpython-310-x86_64-linux-gnu.so
[1.593s] -- Symlinking: /home/edgard/Desktop/AITEAM/nav/install/isaac_ros_pointcloud_interfaces/local/lib/python3.10/dist-packages/isaac_ros_pointcloud_interfaces/libisaac_ros_pointcloud_interfaces__rosidl_generator_py.so
[1.608s] -- Symlinking: /home/edgard/Desktop/AITEAM/nav/install/isaac_ros_pointcloud_interfaces/local/lib/python3.10/dist-packages/isaac_ros_pointcloud_interfaces/msg/__init__.py
[1.621s] -- Symlinking: /home/edgard/Desktop/AITEAM/nav/install/isaac_ros_pointcloud_interfaces/local/lib/python3.10/dist-packages/isaac_ros_pointcloud_interfaces/msg/_flat_scan.py
[1.635s] -- Symlinking: /home/edgard/Desktop/AITEAM/nav/install/isaac_ros_pointcloud_interfaces/local/lib/python3.10/dist-packages/isaac_ros_pointcloud_interfaces/msg/_flat_scan_s.c
[1.650s] -- Up-to-date symlink: /home/edgard/Desktop/AITEAM/nav/install/isaac_ros_pointcloud_interfaces/local/lib/python3.10/dist-packages/isaac_ros_pointcloud_interfaces/isaac_ros_pointcloud_interfaces_s__rosidl_typesupport_fastrtps_c.cpython-310-x86_64-linux-gnu.so
[1.650s] -- Up-to-date symlink: /home/edgard/Desktop/AITEAM/nav/install/isaac_ros_pointcloud_interfaces/local/lib/python3.10/dist-packages/isaac_ros_pointcloud_interfaces/isaac_ros_pointcloud_interfaces_s__rosidl_typesupport_introspection_c.cpython-310-x86_64-linux-gnu.so
[1.650s] -- Up-to-date symlink: /home/edgard/Desktop/AITEAM/nav/install/isaac_ros_pointcloud_interfaces/local/lib/python3.10/dist-packages/isaac_ros_pointcloud_interfaces/isaac_ros_pointcloud_interfaces_s__rosidl_typesupport_c.cpython-310-x86_64-linux-gnu.so
[1.650s] -- Symlinking: /home/edgard/Desktop/AITEAM/nav/install/isaac_ros_pointcloud_interfaces/share/ament_index/resource_index/rust_packages/isaac_ros_pointcloud_interfaces
[1.654s] -- Symlinking: /home/edgard/Desktop/AITEAM/nav/install/isaac_ros_pointcloud_interfaces/share/isaac_ros_pointcloud_interfaces/rust/Cargo.toml
[1.663s] -- Symlinking: /home/edgard/Desktop/AITEAM/nav/install/isaac_ros_pointcloud_interfaces/share/isaac_ros_pointcloud_interfaces/rust/build.rs
[1.673s] -- Symlinking: /home/edgard/Desktop/AITEAM/nav/install/isaac_ros_pointcloud_interfaces/share/isaac_ros_pointcloud_interfaces/rust/src/lib.rs
[1.687s] -- Symlinking: /home/edgard/Desktop/AITEAM/nav/install/isaac_ros_pointcloud_interfaces/share/isaac_ros_pointcloud_interfaces/rust/src/msg.rs
[1.696s] -- Symlinking: /home/edgard/Desktop/AITEAM/nav/install/isaac_ros_pointcloud_interfaces/share/isaac_ros_pointcloud_interfaces/rust/src/msg/rmw.rs
[1.711s] -- Symlinking: /home/edgard/Desktop/AITEAM/nav/install/isaac_ros_pointcloud_interfaces/share/isaac_ros_pointcloud_interfaces/msg/FlatScan.idl
[1.728s] -- Symlinking: /home/edgard/Desktop/AITEAM/nav/install/isaac_ros_pointcloud_interfaces/share/isaac_ros_pointcloud_interfaces/msg/FlatScan.msg
[1.738s] -- Symlinking: /home/edgard/Desktop/AITEAM/nav/install/isaac_ros_pointcloud_interfaces/share/isaac_ros_pointcloud_interfaces/version_info.yaml
[1.749s] -- Symlinking: /home/edgard/Desktop/AITEAM/nav/install/isaac_ros_pointcloud_interfaces/share/ament_index/resource_index/package_run_dependencies/isaac_ros_pointcloud_interfaces
[1.760s] -- Symlinking: /home/edgard/Desktop/AITEAM/nav/install/isaac_ros_pointcloud_interfaces/share/ament_index/resource_index/parent_prefix_path/isaac_ros_pointcloud_interfaces
[1.774s] -- Symlinking: /home/edgard/Desktop/AITEAM/nav/install/isaac_ros_pointcloud_interfaces/share/isaac_ros_pointcloud_interfaces/environment/ament_prefix_path.sh
[1.785s] -- Symlinking: /home/edgard/Desktop/AITEAM/nav/install/isaac_ros_pointcloud_interfaces/share/isaac_ros_pointcloud_interfaces/environment/ament_prefix_path.dsv
[1.799s] -- Symlinking: /home/edgard/Desktop/AITEAM/nav/install/isaac_ros_pointcloud_interfaces/share/isaac_ros_pointcloud_interfaces/environment/path.sh
[1.813s] -- Symlinking: /home/edgard/Desktop/AITEAM/nav/install/isaac_ros_pointcloud_interfaces/share/isaac_ros_pointcloud_interfaces/environment/path.dsv
[1.829s] -- Symlinking: /home/edgard/Desktop/AITEAM/nav/install/isaac_ros_pointcloud_interfaces/share/isaac_ros_pointcloud_interfaces/local_setup.bash
[1.841s] -- Symlinking: /home/edgard/Desktop/AITEAM/nav/install/isaac_ros_pointcloud_interfaces/share/isaac_ros_pointcloud_interfaces/local_setup.sh
[1.853s] -- Symlinking: /home/edgard/Desktop/AITEAM/nav/install/isaac_ros_pointcloud_interfaces/share/isaac_ros_pointcloud_interfaces/local_setup.zsh
[1.872s] -- Symlinking: /home/edgard/Desktop/AITEAM/nav/install/isaac_ros_pointcloud_interfaces/share/isaac_ros_pointcloud_interfaces/local_setup.dsv
[1.888s] -- Symlinking: /home/edgard/Desktop/AITEAM/nav/install/isaac_ros_pointcloud_interfaces/share/isaac_ros_pointcloud_interfaces/package.dsv
[1.903s] -- Symlinking: /home/edgard/Desktop/AITEAM/nav/install/isaac_ros_pointcloud_interfaces/share/ament_index/resource_index/packages/isaac_ros_pointcloud_interfaces
[1.918s] -- Symlinking: /home/edgard/Desktop/AITEAM/nav/install/isaac_ros_pointcloud_interfaces/share/isaac_ros_pointcloud_interfaces/cmake/rosidl_cmake-extras.cmake
[1.936s] -- Symlinking: /home/edgard/Desktop/AITEAM/nav/install/isaac_ros_pointcloud_interfaces/share/isaac_ros_pointcloud_interfaces/cmake/ament_cmake_export_dependencies-extras.cmake
[1.961s] -- Symlinking: /home/edgard/Desktop/AITEAM/nav/install/isaac_ros_pointcloud_interfaces/share/isaac_ros_pointcloud_interfaces/cmake/ament_cmake_export_include_directories-extras.cmake
[1.993s] -- Symlinking: /home/edgard/Desktop/AITEAM/nav/install/isaac_ros_pointcloud_interfaces/share/isaac_ros_pointcloud_interfaces/cmake/ament_cmake_export_libraries-extras.cmake
[2.018s] -- Symlinking: /home/edgard/Desktop/AITEAM/nav/install/isaac_ros_pointcloud_interfaces/share/isaac_ros_pointcloud_interfaces/cmake/ament_cmake_export_targets-extras.cmake
[2.032s] -- Symlinking: /home/edgard/Desktop/AITEAM/nav/install/isaac_ros_pointcloud_interfaces/share/isaac_ros_pointcloud_interfaces/cmake/rosidl_cmake_export_typesupport_targets-extras.cmake
[2.051s] -- Symlinking: /home/edgard/Desktop/AITEAM/nav/install/isaac_ros_pointcloud_interfaces/share/isaac_ros_pointcloud_interfaces/cmake/rosidl_cmake_export_typesupport_libraries-extras.cmake
[2.065s] -- Symlinking: /home/edgard/Desktop/AITEAM/nav/install/isaac_ros_pointcloud_interfaces/share/isaac_ros_pointcloud_interfaces/cmake/isaac_ros_pointcloud_interfacesConfig.cmake
[2.080s] -- Symlinking: /home/edgard/Desktop/AITEAM/nav/install/isaac_ros_pointcloud_interfaces/share/isaac_ros_pointcloud_interfaces/cmake/isaac_ros_pointcloud_interfacesConfig-version.cmake
[2.098s] -- Symlinking: /home/edgard/Desktop/AITEAM/nav/install/isaac_ros_pointcloud_interfaces/share/isaac_ros_pointcloud_interfaces/package.xml
[2.114s] -- Installing: /home/edgard/Desktop/AITEAM/nav/install/isaac_ros_pointcloud_interfaces/lib/libisaac_ros_pointcloud_interfaces__rosidl_generator_c.so
[2.114s] -- Set runtime path of "/home/edgard/Desktop/AITEAM/nav/install/isaac_ros_pointcloud_interfaces/lib/libisaac_ros_pointcloud_interfaces__rosidl_generator_c.so" to ""
[2.114s] -- Installing: /home/edgard/Desktop/AITEAM/nav/install/isaac_ros_pointcloud_interfaces/lib/libisaac_ros_pointcloud_interfaces__rosidl_typesupport_fastrtps_c.so
[2.115s] -- Set runtime path of "/home/edgard/Desktop/AITEAM/nav/install/isaac_ros_pointcloud_interfaces/lib/libisaac_ros_pointcloud_interfaces__rosidl_typesupport_fastrtps_c.so" to ""
[2.115s] -- Installing: /home/edgard/Desktop/AITEAM/nav/install/isaac_ros_pointcloud_interfaces/lib/libisaac_ros_pointcloud_interfaces__rosidl_typesupport_introspection_c.so
[2.116s] -- Set runtime path of "/home/edgard/Desktop/AITEAM/nav/install/isaac_ros_pointcloud_interfaces/lib/libisaac_ros_pointcloud_interfaces__rosidl_typesupport_introspection_c.so" to ""
[2.116s] -- Installing: /home/edgard/Desktop/AITEAM/nav/install/isaac_ros_pointcloud_interfaces/lib/libisaac_ros_pointcloud_interfaces__rosidl_typesupport_c.so
[2.116s] -- Set runtime path of "/home/edgard/Desktop/AITEAM/nav/install/isaac_ros_pointcloud_interfaces/lib/libisaac_ros_pointcloud_interfaces__rosidl_typesupport_c.so" to ""
[2.116s] -- Installing: /home/edgard/Desktop/AITEAM/nav/install/isaac_ros_pointcloud_interfaces/lib/libisaac_ros_pointcloud_interfaces__rosidl_typesupport_fastrtps_cpp.so
[2.117s] -- Set runtime path of "/home/edgard/Desktop/AITEAM/nav/install/isaac_ros_pointcloud_interfaces/lib/libisaac_ros_pointcloud_interfaces__rosidl_typesupport_fastrtps_cpp.so" to ""
[2.117s] -- Installing: /home/edgard/Desktop/AITEAM/nav/install/isaac_ros_pointcloud_interfaces/lib/libisaac_ros_pointcloud_interfaces__rosidl_typesupport_introspection_cpp.so
[2.117s] -- Set runtime path of "/home/edgard/Desktop/AITEAM/nav/install/isaac_ros_pointcloud_interfaces/lib/libisaac_ros_pointcloud_interfaces__rosidl_typesupport_introspection_cpp.so" to ""
[2.118s] -- Installing: /home/edgard/Desktop/AITEAM/nav/install/isaac_ros_pointcloud_interfaces/lib/libisaac_ros_pointcloud_interfaces__rosidl_typesupport_cpp.so
[2.118s] -- Set runtime path of "/home/edgard/Desktop/AITEAM/nav/install/isaac_ros_pointcloud_interfaces/lib/libisaac_ros_pointcloud_interfaces__rosidl_typesupport_cpp.so" to ""
[2.184s] Listing '/home/edgard/Desktop/AITEAM/nav/install/isaac_ros_pointcloud_interfaces/local/lib/python3.10/dist-packages/isaac_ros_pointcloud_interfaces'...
[2.184s] Compiling '/home/edgard/Desktop/AITEAM/nav/install/isaac_ros_pointcloud_interfaces/local/lib/python3.10/dist-packages/isaac_ros_pointcloud_interfaces/__init__.py'...
[2.184s] Listing '/home/edgard/Desktop/AITEAM/nav/install/isaac_ros_pointcloud_interfaces/local/lib/python3.10/dist-packages/isaac_ros_pointcloud_interfaces/msg'...
[2.185s] Compiling '/home/edgard/Desktop/AITEAM/nav/install/isaac_ros_pointcloud_interfaces/local/lib/python3.10/dist-packages/isaac_ros_pointcloud_interfaces/msg/__init__.py'...
[2.185s] Compiling '/home/edgard/Desktop/AITEAM/nav/install/isaac_ros_pointcloud_interfaces/local/lib/python3.10/dist-packages/isaac_ros_pointcloud_interfaces/msg/_flat_scan.py'...
[2.199s] -- Installing: /home/edgard/Desktop/AITEAM/nav/install/isaac_ros_pointcloud_interfaces/lib/libisaac_ros_pointcloud_interfaces__rosidl_generator_py.so
[2.199s] -- Set runtime path of "/home/edgard/Desktop/AITEAM/nav/install/isaac_ros_pointcloud_interfaces/lib/libisaac_ros_pointcloud_interfaces__rosidl_generator_py.so" to ""
[2.199s] -- Installing: /home/edgard/Desktop/AITEAM/nav/install/isaac_ros_pointcloud_interfaces/share/isaac_ros_pointcloud_interfaces/cmake/export_isaac_ros_pointcloud_interfaces__rosidl_generator_cExport.cmake
[2.199s] -- Installing: /home/edgard/Desktop/AITEAM/nav/install/isaac_ros_pointcloud_interfaces/share/isaac_ros_pointcloud_interfaces/cmake/export_isaac_ros_pointcloud_interfaces__rosidl_generator_cExport-release.cmake
[2.199s] -- Installing: /home/edgard/Desktop/AITEAM/nav/install/isaac_ros_pointcloud_interfaces/share/isaac_ros_pointcloud_interfaces/cmake/export_isaac_ros_pointcloud_interfaces__rosidl_typesupport_fastrtps_cExport.cmake
[2.200s] -- Installing: /home/edgard/Desktop/AITEAM/nav/install/isaac_ros_pointcloud_interfaces/share/isaac_ros_pointcloud_interfaces/cmake/export_isaac_ros_pointcloud_interfaces__rosidl_typesupport_fastrtps_cExport-release.cmake
[2.200s] -- Installing: /home/edgard/Desktop/AITEAM/nav/install/isaac_ros_pointcloud_interfaces/share/isaac_ros_pointcloud_interfaces/cmake/isaac_ros_pointcloud_interfaces__rosidl_typesupport_introspection_cExport.cmake
[2.200s] -- Installing: /home/edgard/Desktop/AITEAM/nav/install/isaac_ros_pointcloud_interfaces/share/isaac_ros_pointcloud_interfaces/cmake/isaac_ros_pointcloud_interfaces__rosidl_typesupport_introspection_cExport-release.cmake
[2.200s] -- Installing: /home/edgard/Desktop/AITEAM/nav/install/isaac_ros_pointcloud_interfaces/share/isaac_ros_pointcloud_interfaces/cmake/isaac_ros_pointcloud_interfaces__rosidl_typesupport_cExport.cmake
[2.200s] -- Installing: /home/edgard/Desktop/AITEAM/nav/install/isaac_ros_pointcloud_interfaces/share/isaac_ros_pointcloud_interfaces/cmake/isaac_ros_pointcloud_interfaces__rosidl_typesupport_cExport-release.cmake
[2.202s] -- Installing: /home/edgard/Desktop/AITEAM/nav/install/isaac_ros_pointcloud_interfaces/share/isaac_ros_pointcloud_interfaces/cmake/export_isaac_ros_pointcloud_interfaces__rosidl_generator_cppExport.cmake
[2.203s] -- Installing: /home/edgard/Desktop/AITEAM/nav/install/isaac_ros_pointcloud_interfaces/share/isaac_ros_pointcloud_interfaces/cmake/export_isaac_ros_pointcloud_interfaces__rosidl_typesupport_fastrtps_cppExport.cmake
[2.203s] -- Installing: /home/edgard/Desktop/AITEAM/nav/install/isaac_ros_pointcloud_interfaces/share/isaac_ros_pointcloud_interfaces/cmake/export_isaac_ros_pointcloud_interfaces__rosidl_typesupport_fastrtps_cppExport-release.cmake
[2.203s] -- Installing: /home/edgard/Desktop/AITEAM/nav/install/isaac_ros_pointcloud_interfaces/share/isaac_ros_pointcloud_interfaces/cmake/isaac_ros_pointcloud_interfaces__rosidl_typesupport_introspection_cppExport.cmake
[2.204s] -- Installing: /home/edgard/Desktop/AITEAM/nav/install/isaac_ros_pointcloud_interfaces/share/isaac_ros_pointcloud_interfaces/cmake/isaac_ros_pointcloud_interfaces__rosidl_typesupport_introspection_cppExport-release.cmake
[2.204s] -- Installing: /home/edgard/Desktop/AITEAM/nav/install/isaac_ros_pointcloud_interfaces/share/isaac_ros_pointcloud_interfaces/cmake/isaac_ros_pointcloud_interfaces__rosidl_typesupport_cppExport.cmake
[2.205s] -- Installing: /home/edgard/Desktop/AITEAM/nav/install/isaac_ros_pointcloud_interfaces/share/isaac_ros_pointcloud_interfaces/cmake/isaac_ros_pointcloud_interfaces__rosidl_typesupport_cppExport-release.cmake
[2.205s] -- Installing: /home/edgard/Desktop/AITEAM/nav/install/isaac_ros_pointcloud_interfaces/share/isaac_ros_pointcloud_interfaces/cmake/export_isaac_ros_pointcloud_interfaces__rosidl_generator_pyExport.cmake
[2.206s] -- Installing: /home/edgard/Desktop/AITEAM/nav/install/isaac_ros_pointcloud_interfaces/share/isaac_ros_pointcloud_interfaces/cmake/export_isaac_ros_pointcloud_interfaces__rosidl_generator_pyExport-release.cmake
[2.212s] Invoked command in '/home/edgard/Desktop/AITEAM/nav/build/isaac_ros_pointcloud_interfaces' returned '0': AMENT_PREFIX_PATH=/home/edgard/Desktop/AITEAM/nav/install/isaac_ros_common:${AMENT_PREFIX_PATH} CMAKE_PREFIX_PATH=/home/edgard/Desktop/AITEAM/nav/install/isaac_ros_common:/opt/ros/humble CONDA_PROMPT_MODIFIER=(base) LD_LIBRARY_PATH=/home/edgard/Desktop/AITEAM/nav/install/isaac_ros_common/lib:/opt/ros/humble/opt/rviz_ogre_vendor/lib:/opt/ros/humble/lib/x86_64-linux-gnu:/opt/ros/humble/lib:/home/edgard/Downloads/TensorRT-10.13.2.6/lib PATH=/home/edgard/Desktop/AITEAM/nav/install/isaac_ros_common/bin:${PATH} PYTHONPATH=/home/edgard/Desktop/AITEAM/nav/install/isaac_ros_common/local/lib/python3.10/dist-packages:${PYTHONPATH} /usr/bin/cmake --install /home/edgard/Desktop/AITEAM/nav/build/isaac_ros_pointcloud_interfaces
