[0.515s] Invoking command in '/home/edgard/Desktop/AITEAM/nav/build/isaac_ros_pointcloud_interfaces': AMENT_PREFIX_PATH=/home/edgard/Desktop/AITEAM/nav/install/isaac_ros_common:${AMENT_PREFIX_PATH} CMAKE_PREFIX_PATH=/home/edgard/Desktop/AITEAM/nav/install/isaac_ros_common:/opt/ros/humble CONDA_PROMPT_MODIFIER=(base) LD_LIBRARY_PATH=/home/edgard/Desktop/AITEAM/nav/install/isaac_ros_common/lib:/opt/ros/humble/opt/rviz_ogre_vendor/lib:/opt/ros/humble/lib/x86_64-linux-gnu:/opt/ros/humble/lib:/home/edgard/Downloads/TensorRT-10.13.2.6/lib PATH=/home/edgard/Desktop/AITEAM/nav/install/isaac_ros_common/bin:${PATH} PYTHONPATH=/home/edgard/Desktop/AITEAM/nav/install/isaac_ros_common/local/lib/python3.10/dist-packages:${PYTHONPATH} /usr/bin/cmake --build /home/edgard/Desktop/AITEAM/nav/build/isaac_ros_pointcloud_interfaces -- -j24 -l24
[1.114s] [  3%] [34m[1mGenerating C code for ROS interfaces[0m
[1.114s] [  6%] [34m[1mGenerating C++ code for ROS interfaces[0m
[1.114s] [  9%] [34m[1mGenerating version information as YAML[0m
[1.114s] [ 12%] [34m[1mGenerating Rust code for ROS interfaces[0m
[1.114s] [ 12%] Built target ament_cmake_python_symlink_isaac_ros_pointcloud_interfaces
[1.115s] [ 12%] Built target generate_version_info_target_isaac_ros_pointcloud_interfaces
[1.115s] running egg_info
[1.115s] creating isaac_ros_pointcloud_interfaces.egg-info
[1.115s] writing isaac_ros_pointcloud_interfaces.egg-info/PKG-INFO
[1.116s] writing dependency_links to isaac_ros_pointcloud_interfaces.egg-info/dependency_links.txt
[1.125s] writing top-level names to isaac_ros_pointcloud_interfaces.egg-info/top_level.txt
[1.125s] writing manifest file 'isaac_ros_pointcloud_interfaces.egg-info/SOURCES.txt'
[1.125s] reading manifest file 'isaac_ros_pointcloud_interfaces.egg-info/SOURCES.txt'
[1.126s] writing manifest file 'isaac_ros_pointcloud_interfaces.egg-info/SOURCES.txt'
[1.126s] [ 12%] Built target ament_cmake_python_build_isaac_ros_pointcloud_interfaces_egg
[1.228s] [ 12%] Built target isaac_ros_pointcloud_interfaces__cpp
[1.285s] [ 15%] [34m[1mGenerating C++ type support dispatch for ROS interfaces[0m
[1.309s] [ 18%] [34m[1mGenerating C++ type support for eProsima Fast-RTPS[0m
[1.309s] [ 21%] [34m[1mGenerating C++ introspection for ROS interfaces[0m
[1.445s] [ 24%] [32mBuilding C object CMakeFiles/isaac_ros_pointcloud_interfaces__rosidl_generator_c.dir/rosidl_generator_c/isaac_ros_pointcloud_interfaces/msg/detail/flat_scan__functions.c.o[0m
[1.461s] [ 24%] Built target isaac_ros_pointcloud_interfaces__rs
[1.661s] [ 27%] [32m[1mLinking C shared library libisaac_ros_pointcloud_interfaces__rosidl_generator_c.so[0m
[1.797s] [ 27%] Built target isaac_ros_pointcloud_interfaces__rosidl_generator_c
[1.853s] [ 30%] [34m[1mGenerating C type support for eProsima Fast-RTPS[0m
[1.863s] [ 33%] [34m[1mGenerating C introspection for ROS interfaces[0m
[1.864s] [ 36%] [32mBuilding CXX object CMakeFiles/isaac_ros_pointcloud_interfaces__rosidl_typesupport_introspection_cpp.dir/rosidl_typesupport_introspection_cpp/isaac_ros_pointcloud_interfaces/msg/detail/flat_scan__type_support.cpp.o[0m
[1.872s] [ 39%] [34m[1mGenerating C type support dispatch for ROS interfaces[0m
[2.838s] [ 42%] [32mBuilding CXX object CMakeFiles/isaac_ros_pointcloud_interfaces__rosidl_typesupport_cpp.dir/rosidl_typesupport_cpp/isaac_ros_pointcloud_interfaces/msg/flat_scan__type_support.cpp.o[0m
[2.860s] [ 45%] [32mBuilding C object CMakeFiles/isaac_ros_pointcloud_interfaces__rosidl_typesupport_introspection_c.dir/rosidl_typesupport_introspection_c/isaac_ros_pointcloud_interfaces/msg/detail/flat_scan__type_support.c.o[0m
[2.931s] [ 48%] [32mBuilding CXX object CMakeFiles/isaac_ros_pointcloud_interfaces__rosidl_typesupport_fastrtps_cpp.dir/rosidl_typesupport_fastrtps_cpp/isaac_ros_pointcloud_interfaces/msg/detail/dds_fastrtps/flat_scan__type_support.cpp.o[0m
[3.039s] [ 51%] [32m[1mLinking CXX shared library libisaac_ros_pointcloud_interfaces__rosidl_typesupport_introspection_cpp.so[0m
[3.220s] [ 54%] [32m[1mLinking C shared library libisaac_ros_pointcloud_interfaces__rosidl_typesupport_introspection_c.so[0m
[3.277s] [ 54%] Built target isaac_ros_pointcloud_interfaces__rosidl_typesupport_introspection_cpp
[3.309s] [ 57%] [32mBuilding CXX object CMakeFiles/isaac_ros_pointcloud_interfaces__rosidl_typesupport_c.dir/rosidl_typesupport_c/isaac_ros_pointcloud_interfaces/msg/flat_scan__type_support.cpp.o[0m
[3.332s] [ 57%] Built target isaac_ros_pointcloud_interfaces__rosidl_typesupport_introspection_c
[3.354s] [ 60%] [32mBuilding CXX object CMakeFiles/isaac_ros_pointcloud_interfaces__rosidl_typesupport_fastrtps_c.dir/rosidl_typesupport_fastrtps_c/isaac_ros_pointcloud_interfaces/msg/detail/flat_scan__type_support_c.cpp.o[0m
[3.383s] [ 63%] [32m[1mLinking CXX shared library libisaac_ros_pointcloud_interfaces__rosidl_typesupport_c.so[0m
[3.519s] [ 63%] Built target isaac_ros_pointcloud_interfaces__rosidl_typesupport_c
[3.612s] [ 66%] [32m[1mLinking CXX shared library libisaac_ros_pointcloud_interfaces__rosidl_typesupport_fastrtps_cpp.so[0m
[3.614s] [ 69%] [32m[1mLinking CXX shared library libisaac_ros_pointcloud_interfaces__rosidl_typesupport_cpp.so[0m
[3.690s] [ 69%] Built target isaac_ros_pointcloud_interfaces__rosidl_typesupport_cpp
[3.713s] [ 69%] Built target isaac_ros_pointcloud_interfaces__rosidl_typesupport_fastrtps_cpp
[3.772s] [ 72%] [32m[1mLinking CXX shared library libisaac_ros_pointcloud_interfaces__rosidl_typesupport_fastrtps_c.so[0m
[3.859s] [ 72%] Built target isaac_ros_pointcloud_interfaces__rosidl_typesupport_fastrtps_c
[3.886s] [ 72%] Built target isaac_ros_pointcloud_interfaces
[3.909s] [ 75%] [34m[1mGenerating Python code for ROS interfaces[0m
[4.299s] [ 75%] Built target isaac_ros_pointcloud_interfaces__py
[4.320s] [ 78%] [32mBuilding C object CMakeFiles/isaac_ros_pointcloud_interfaces__rosidl_generator_py.dir/rosidl_generator_py/isaac_ros_pointcloud_interfaces/msg/_flat_scan_s.c.o[0m
[4.476s] [ 81%] [32m[1mLinking C shared library rosidl_generator_py/isaac_ros_pointcloud_interfaces/libisaac_ros_pointcloud_interfaces__rosidl_generator_py.so[0m
[4.515s] [ 81%] Built target isaac_ros_pointcloud_interfaces__rosidl_generator_py
[4.536s] [ 84%] [32mBuilding C object CMakeFiles/isaac_ros_pointcloud_interfaces__rosidl_typesupport_introspection_c__pyext.dir/rosidl_generator_py/isaac_ros_pointcloud_interfaces/_isaac_ros_pointcloud_interfaces_s.ep.rosidl_typesupport_introspection_c.c.o[0m
[4.539s] [ 87%] [32mBuilding C object CMakeFiles/isaac_ros_pointcloud_interfaces__rosidl_typesupport_fastrtps_c__pyext.dir/rosidl_generator_py/isaac_ros_pointcloud_interfaces/_isaac_ros_pointcloud_interfaces_s.ep.rosidl_typesupport_fastrtps_c.c.o[0m
[4.539s] [ 90%] [32mBuilding C object CMakeFiles/isaac_ros_pointcloud_interfaces__rosidl_typesupport_c__pyext.dir/rosidl_generator_py/isaac_ros_pointcloud_interfaces/_isaac_ros_pointcloud_interfaces_s.ep.rosidl_typesupport_c.c.o[0m
[4.631s] [ 93%] [32m[1mLinking C shared library rosidl_generator_py/isaac_ros_pointcloud_interfaces/isaac_ros_pointcloud_interfaces_s__rosidl_typesupport_introspection_c.cpython-310-x86_64-linux-gnu.so[0m
[4.647s] [ 96%] [32m[1mLinking C shared library rosidl_generator_py/isaac_ros_pointcloud_interfaces/isaac_ros_pointcloud_interfaces_s__rosidl_typesupport_c.cpython-310-x86_64-linux-gnu.so[0m
[4.663s] [100%] [32m[1mLinking C shared library rosidl_generator_py/isaac_ros_pointcloud_interfaces/isaac_ros_pointcloud_interfaces_s__rosidl_typesupport_fastrtps_c.cpython-310-x86_64-linux-gnu.so[0m
[4.666s] [100%] Built target isaac_ros_pointcloud_interfaces__rosidl_typesupport_introspection_c__pyext
[4.683s] [100%] Built target isaac_ros_pointcloud_interfaces__rosidl_typesupport_c__pyext
[4.697s] [100%] Built target isaac_ros_pointcloud_interfaces__rosidl_typesupport_fastrtps_c__pyext
